#
# A fatal error has been detected by the Java Runtime Environment:
#
#  SIGSEGV (0xb) at pc=0x00007f242f099542, pid=10946, tid=0x00007f246f6f3700
#
# JRE version: OpenJDK Runtime Environment (8.0_121-b13) (build 1.8.0_121-b13)
# Java VM: OpenJDK 64-Bit Server VM (25.121-b13 mixed mode linux-amd64 compressed oops)
# Problematic frame:
# C  [libopencv_text.so.3.2+0x23542]  cv::text::ERFilterNM::er_tree_filter(cv::_InputArray const&, cv::text::ERStat*, cv::text::ERStat*, cv::text::ERStat*)+0x5f2
#
# Core dump written. Default location: /home/andrey/IdeaProjects/scala-javacv/core or core.10946
#
# If you would like to submit a bug report, please visit:
#   http://bugreport.java.com/bugreport/crash.jsp
# The crash happened outside the Java Virtual Machine in native code.
# See problematic frame for where to report the bug.
#

---------------  T H R E A D  ---------------

Current thread (0x00007f2458025800):  JavaThread "scala-execution-context-global-13" daemon [_thread_in_native, id=11007, stack(0x00007f246f5f3000,0x00007f246f6f4000)]

siginfo: si_signo: 11 (SIGSEGV), si_code: 1 (SEGV_MAPERR), si_addr: 0x0000000000000008

Registers:
RAX=0x00007f246f6f16c0, RBX=0x00007f24501fbb48, RCX=0x0000000000000000, RDX=0x00007f246f6f0fb0
RSP=0x00007f246f6f11e0, RBP=0x00007f2488104b90, RSI=0x0000000000000003, RDI=0x000000000000000a
R8 =0x00007f2450005860, R9 =0x00007f246f6f1268, R10=0x00007f24500007e8, R11=0x0000000000000000
R12=0x00007f246f6f2110, R13=0x00007f2450001df0, R14=0x00007f246f6f1380, R15=0x00007f246f6f1260
RIP=0x00007f242f099542, EFLAGS=0x0000000000010202, CSGSFS=0x002b000000000033, ERR=0x0000000000000004
  TRAPNO=0x000000000000000e

Top of Stack: (sp=0x00007f246f6f11e0)
0x00007f246f6f11e0:   00007f246f6f14a0 000000000003ff04
0x00007f246f6f11f0:   401921fb54442d18 0000000000000000
0x00007f246f6f1200:   40a6a80000000000 0000000000000000
0x00007f246f6f1210:   4535400000000000 00007f246f6f15a0
0x00007f246f6f1220:   00007f246f6f13e0 00007f2400000bc1
0x00007f246f6f1230:   00007f24500020d0 00007f246f6f16c0
0x00007f246f6f1240:   00007f246f6f16e0 00007f24501fba90
0x00007f246f6f1250:   00007f2450001df0 00007f246f6f1380
0x00007f246f6f1260:   0000000242ff400c 0000000000000000
0x00007f246f6f1270:   0000000000000000 0000000000000000
0x00007f246f6f1280:   0000000000000000 0000000000000000
0x00007f246f6f1290:   0000000000000000 0000000000000000
0x00007f246f6f12a0:   00007f246f6f1268 00007f246f6f12b0
0x00007f246f6f12b0:   0000000000000008 0000000000000008
0x00007f246f6f12c0:   0000000242ff8000 0000000000000000
0x00007f246f6f12d0:   0000000000000000 0000000000000000
0x00007f246f6f12e0:   0000000000000000 0000000000000000
0x00007f246f6f12f0:   0000000000000000 0000000000000000
0x00007f246f6f1300:   00007f246f6f12c8 00007f246f6f1310
0x00007f246f6f1310:   0000000000000db2 0000000000000001
0x00007f246f6f1320:   0000000242ff8000 0000000000000000
0x00007f246f6f1330:   0000000000000000 0000000000000000
0x00007f246f6f1340:   0000000000000000 0000000000000000
0x00007f246f6f1350:   0000000000000000 0000000000000000
0x00007f246f6f1360:   00007f246f6f1328 00007f246f6f1370
0x00007f246f6f1370:   0000000000000db0 0000000000000001
0x00007f246f6f1380:   0000000242ff8000 0000000a00000003
0x00007f246f6f1390:   00007f2458f86e06 00007f2458b68da0
0x00007f246f6f13a0:   00007f245933a144 00007f245933a144
0x00007f246f6f13b0:   0000000000000000 00007f2458008af0
0x00007f246f6f13c0:   00007f246f6f1388 00007f246f6f13d0
0x00007f246f6f13d0:   0000000000000db2 0000000000000001 

Instructions: (pc=0x00007f242f099542)
0x00007f242f099522:   00 8b b4 24 7c 05 00 00 8b bc 24 78 05 00 00 4d
0x00007f242f099532:   8d 4f 08 48 89 44 24 58 48 89 84 24 28 04 00 00
0x00007f242f099542:   4c 8b 41 08 48 8b 11 4c 89 8c 24 c0 00 00 00 4d
0x00007f242f099552:   8d 4f 50 c7 84 24 30 04 00 00 00 00 00 00 c7 84 

Register to memory mapping:

RAX=0x00007f246f6f16c0 is pointing into the stack for thread: 0x00007f2458025800
RBX=0x00007f24501fbb48 is an unknown value
RCX=0x0000000000000000 is an unknown value
RDX=0x00007f246f6f0fb0 is pointing into the stack for thread: 0x00007f2458025800
RSP=0x00007f246f6f11e0 is pointing into the stack for thread: 0x00007f2458025800
RBP=0x00007f2488104b90 is an unknown value
RSI=0x0000000000000003 is an unknown value
RDI=0x000000000000000a is an unknown value
R8 =0x00007f2450005860 is an unknown value
R9 =0x00007f246f6f1268 is pointing into the stack for thread: 0x00007f2458025800
R10=0x00007f24500007e8 is an unknown value
R11=0x0000000000000000 is an unknown value
R12=0x00007f246f6f2110 is pointing into the stack for thread: 0x00007f2458025800
R13=0x00007f2450001df0 is an unknown value
R14=0x00007f246f6f1380 is pointing into the stack for thread: 0x00007f2458025800
R15=0x00007f246f6f1260 is pointing into the stack for thread: 0x00007f2458025800


Stack: [0x00007f246f5f3000,0x00007f246f6f4000],  sp=0x00007f246f6f11e0,  free space=1016k
Native frames: (J=compiled Java code, j=interpreted, Vv=VM code, C=native code)
C  [libopencv_text.so.3.2+0x23542]  cv::text::ERFilterNM::er_tree_filter(cv::_InputArray const&, cv::text::ERStat*, cv::text::ERStat*, cv::text::ERStat*)+0x5f2

Java frames: (J=compiled Java code, j=interpreted, Vv=VM code)
j  org.bytedeco.javacpp.opencv_text$ERFilter.run(Lorg/bytedeco/javacpp/opencv_core$Mat;Lorg/bytedeco/javacpp/opencv_text$ERStatVector;)V+0
j  ImageTextDetectionApp$.$anonfun$new$1(LImageTextDetectionApp$;I)V+47
j  ImageTextDetectionApp$$$Lambda$11.apply$mcVI$sp(I)V+5
j  scala.collection.parallel.immutable.ParRange$ParRangeIterator.foreach(Lscala/Function1;)V+25
j  scala.collection.parallel.ParIterableLike$Foreach.leaf(Lscala/Option;)V+8
j  scala.collection.parallel.Task.$anonfun$tryLeaf$1(Lscala/collection/parallel/Task;Lscala/Option;)V+2
j  scala.collection.parallel.Task$$Lambda$18.apply$mcV$sp()V+8
j  scala.runtime.java8.JFunction0$mcV$sp.apply()Ljava/lang/Object;+1
j  scala.util.control.Breaks$$anon$1.catchBreak(Lscala/Function0;)Ljava/lang/Object;+4
j  scala.collection.parallel.Task.tryLeaf(Lscala/Option;)V+35
j  scala.collection.parallel.Task.tryLeaf$(Lscala/collection/parallel/Task;Lscala/Option;)V+2
j  scala.collection.parallel.ParIterableLike$Foreach.tryLeaf(Lscala/Option;)V+2
j  scala.collection.parallel.AdaptiveWorkStealingTasks$WrappedTask.internal()V+16
j  scala.collection.parallel.AdaptiveWorkStealingTasks$WrappedTask.internal$(Lscala/collection/parallel/AdaptiveWorkStealingTasks$WrappedTask;)V+1
j  scala.collection.parallel.AdaptiveWorkStealingForkJoinTasks$WrappedTask.internal()V+1
j  scala.collection.parallel.AdaptiveWorkStealingTasks$WrappedTask.compute()V+15
j  scala.collection.parallel.AdaptiveWorkStealingTasks$WrappedTask.compute$(Lscala/collection/parallel/AdaptiveWorkStealingTasks$WrappedTask;)V+1
j  scala.collection.parallel.AdaptiveWorkStealingForkJoinTasks$WrappedTask.compute()V+1
j  java.util.concurrent.RecursiveAction.exec()Z+1
j  java.util.concurrent.ForkJoinTask.doExec()I+10
j  java.util.concurrent.ForkJoinPool$WorkQueue.runTask(Ljava/util/concurrent/ForkJoinTask;)V+21
j  java.util.concurrent.ForkJoinPool.runWorker(Ljava/util/concurrent/ForkJoinPool$WorkQueue;)V+35
j  java.util.concurrent.ForkJoinWorkerThread.run()V+24
v  ~StubRoutines::call_stub

---------------  P R O C E S S  ---------------

Java Threads: ( => current thread )
=>0x00007f2458025800 JavaThread "scala-execution-context-global-13" daemon [_thread_in_native, id=11007, stack(0x00007f246f5f3000,0x00007f246f6f4000)]
  0x00007f248aeb6800 JavaThread "scala-execution-context-global-12" daemon [_thread_in_native, id=11006, stack(0x00007f246f7f5000,0x00007f246f8f6000)]
  0x00007f2488f86000 JavaThread "JavaCPP Deallocator" daemon [_thread_blocked, id=10977, stack(0x00007f246d68e000,0x00007f246d78f000)]
  0x00007f24880dc800 JavaThread "Service Thread" daemon [_thread_blocked, id=10967, stack(0x00007f246f2f0000,0x00007f246f3f1000)]
  0x00007f24880cf800 JavaThread "C1 CompilerThread1" daemon [_thread_blocked, id=10966, stack(0x00007f246f3f1000,0x00007f246f4f2000)]
  0x00007f24880cc800 JavaThread "C2 CompilerThread0" daemon [_thread_blocked, id=10965, stack(0x00007f246f4f2000,0x00007f246f5f3000)]
  0x00007f24880ca000 JavaThread "JDWP Event Helper Thread" daemon [_thread_blocked, id=10960, stack(0x00007f246f6f4000,0x00007f246f7f5000)]
  0x00007f24880b8800 JavaThread "Signal Dispatcher" daemon [_thread_blocked, id=10957, stack(0x00007f246fafb000,0x00007f246fbfc000)]
  0x00007f2488086800 JavaThread "Finalizer" daemon [_thread_blocked, id=10955, stack(0x00007f246fbfc000,0x00007f246fcfd000)]
  0x00007f2488082000 JavaThread "Reference Handler" daemon [_thread_blocked, id=10954, stack(0x00007f246fcfd000,0x00007f246fdfe000)]
  0x00007f2488011000 JavaThread "main" [_thread_blocked, id=10947, stack(0x00007f248e2e2000,0x00007f248e3e3000)]

Other Threads:
  0x00007f248807a000 VMThread [stack: 0x00007f246fdfe000,0x00007f246feff000] [id=10952]
  0x00007f24880df000 WatcherThread [stack: 0x00007f246f1ef000,0x00007f246f2f0000] [id=10968]

VM state:not at safepoint (normal execution)

VM Mutex/Monitor currently owned by a thread: None

Heap:
 PSYoungGen      total 18432K, used 7855K [0x00000000ebf80000, 0x00000000ed400000, 0x0000000100000000)
  eden space 15872K, 33% used [0x00000000ebf80000,0x00000000ec4af3d0,0x00000000ecf00000)
  from space 2560K, 99% used [0x00000000ecf00000,0x00000000ed17cb48,0x00000000ed180000)
  to   space 2560K, 0% used [0x00000000ed180000,0x00000000ed180000,0x00000000ed400000)
 ParOldGen       total 42496K, used 2381K [0x00000000c3e00000, 0x00000000c6780000, 0x00000000ebf80000)
  object space 42496K, 5% used [0x00000000c3e00000,0x00000000c40534c0,0x00000000c6780000)
 Metaspace       used 12156K, capacity 12412K, committed 12544K, reserved 1060864K
  class space    used 1434K, capacity 1516K, committed 1536K, reserved 1048576K

Card table byte_map: [0x00007f24774d1000,0x00007f24776b3000] byte_map_base: 0x00007f2476eb2000

Marking Bits: (ParMarkBitMap*) 0x00007f248d5e5260
 Begin Bits: [0x00007f24754bf000, 0x00007f24763c7000)
 End Bits:   [0x00007f24763c7000, 0x00007f24772cf000)

Polling page: 0x00007f248e40c000

CodeCache: size=245760Kb used=3560Kb max_used=3573Kb free=242199Kb
 bounds [0x00007f2477a73000, 0x00007f2477e03000, 0x00007f2486a73000]
 total_blobs=1263 nmethods=847 adapters=340
 compilation: enabled

Compilation events (10 events):
Event: 127.282 Thread 0x00007f24880cf800 nmethod 853 0x00007f2477de7010 code [0x00007f2477de71a0, 0x00007f2477de7668]
Event: 127.282 Thread 0x00007f24880cf800  857       1       java.lang.ThreadLocal::getMap (5 bytes)
Event: 127.283 Thread 0x00007f24880cf800 nmethod 857 0x00007f2477de6d10 code [0x00007f2477de6e60, 0x00007f2477de6f70]
Event: 127.283 Thread 0x00007f24880cf800  854       3       java.net.URI::<init> (53 bytes)
Event: 127.283 Thread 0x00007f24880cf800 nmethod 854 0x00007f2477de6550 code [0x00007f2477de66e0, 0x00007f2477de6b68]
Event: 127.294 Thread 0x00007f24880cc800 nmethod 856 0x00007f2477de2750 code [0x00007f2477de28e0, 0x00007f2477de2f78]
Event: 127.294 Thread 0x00007f24880cc800  859       4       java.lang.String::getBytes (27 bytes)
Event: 127.331 Thread 0x00007f24880cc800 nmethod 859 0x00007f2477de3550 code [0x00007f2477de3760, 0x00007f2477de4310]
Event: 127.331 Thread 0x00007f24880cc800  858       4       java.lang.ThreadLocal$ThreadLocalMap::access$000 (6 bytes)
Event: 127.335 Thread 0x00007f24880cc800 nmethod 858 0x00007f2477df1e90 code [0x00007f2477df2000, 0x00007f2477df21e8]

GC Heap History (6 events):
Event: 2.773 GC heap before
{Heap before GC invocations=1 (full 0):
 PSYoungGen      total 18432K, used 15872K [0x00000000ebf80000, 0x00000000ed400000, 0x0000000100000000)
  eden space 15872K, 100% used [0x00000000ebf80000,0x00000000ecf00000,0x00000000ecf00000)
  from space 2560K, 0% used [0x00000000ed180000,0x00000000ed180000,0x00000000ed400000)
  to   space 2560K, 0% used [0x00000000ecf00000,0x00000000ecf00000,0x00000000ed180000)
 ParOldGen       total 42496K, used 0K [0x00000000c3e00000, 0x00000000c6780000, 0x00000000ebf80000)
  object space 42496K, 0% used [0x00000000c3e00000,0x00000000c3e00000,0x00000000c6780000)
 Metaspace       used 7571K, capacity 7768K, committed 7808K, reserved 1056768K
  class space    used 793K, capacity 858K, committed 896K, reserved 1048576K
Event: 2.789 GC heap after
Heap after GC invocations=1 (full 0):
 PSYoungGen      total 18432K, used 2537K [0x00000000ebf80000, 0x00000000ed400000, 0x0000000100000000)
  eden space 15872K, 0% used [0x00000000ebf80000,0x00000000ebf80000,0x00000000ecf00000)
  from space 2560K, 99% used [0x00000000ecf00000,0x00000000ed17a4b8,0x00000000ed180000)
  to   space 2560K, 0% used [0x00000000ed180000,0x00000000ed180000,0x00000000ed400000)
 ParOldGen       total 42496K, used 1098K [0x00000000c3e00000, 0x00000000c6780000, 0x00000000ebf80000)
  object space 42496K, 2% used [0x00000000c3e00000,0x00000000c3f12b58,0x00000000c6780000)
 Metaspace       used 7571K, capacity 7768K, committed 7808K, reserved 1056768K
  class space    used 793K, capacity 858K, committed 896K, reserved 1048576K
}
Event: 4.644 GC heap before
{Heap before GC invocations=2 (full 0):
 PSYoungGen      total 18432K, used 18409K [0x00000000ebf80000, 0x00000000ed400000, 0x0000000100000000)
  eden space 15872K, 100% used [0x00000000ebf80000,0x00000000ecf00000,0x00000000ecf00000)
  from space 2560K, 99% used [0x00000000ecf00000,0x00000000ed17a4b8,0x00000000ed180000)
  to   space 2560K, 0% used [0x00000000ed180000,0x00000000ed180000,0x00000000ed400000)
 ParOldGen       total 42496K, used 1098K [0x00000000c3e00000, 0x00000000c6780000, 0x00000000ebf80000)
  object space 42496K, 2% used [0x00000000c3e00000,0x00000000c3f12b58,0x00000000c6780000)
 Metaspace       used 9293K, capacity 9438K, committed 9600K, reserved 1058816K
  class space    used 1000K, capacity 1051K, committed 1152K, reserved 1048576K
Event: 4.657 GC heap after
Heap after GC invocations=2 (full 0):
 PSYoungGen      total 18432K, used 2539K [0x00000000ebf80000, 0x00000000ed400000, 0x0000000100000000)
  eden space 15872K, 0% used [0x00000000ebf80000,0x00000000ebf80000,0x00000000ecf00000)
  from space 2560K, 99% used [0x00000000ed180000,0x00000000ed3faf30,0x00000000ed400000)
  to   space 2560K, 0% used [0x00000000ecf00000,0x00000000ecf00000,0x00000000ed180000)
 ParOldGen       total 42496K, used 1519K [0x00000000c3e00000, 0x00000000c6780000, 0x00000000ebf80000)
  object space 42496K, 3% used [0x00000000c3e00000,0x00000000c3f7bef0,0x00000000c6780000)
 Metaspace       used 9293K, capacity 9438K, committed 9600K, reserved 1058816K
  class space    used 1000K, capacity 1051K, committed 1152K, reserved 1048576K
}
Event: 126.808 GC heap before
{Heap before GC invocations=3 (full 0):
 PSYoungGen      total 18432K, used 18411K [0x00000000ebf80000, 0x00000000ed400000, 0x0000000100000000)
  eden space 15872K, 100% used [0x00000000ebf80000,0x00000000ecf00000,0x00000000ecf00000)
  from space 2560K, 99% used [0x00000000ed180000,0x00000000ed3faf30,0x00000000ed400000)
  to   space 2560K, 0% used [0x00000000ecf00000,0x00000000ecf00000,0x00000000ed180000)
 ParOldGen       total 42496K, used 1519K [0x00000000c3e00000, 0x00000000c6780000, 0x00000000ebf80000)
  object space 42496K, 3% used [0x00000000c3e00000,0x00000000c3f7bef0,0x00000000c6780000)
 Metaspace       used 11201K, capacity 11354K, committed 11520K, reserved 1058816K
  class space    used 1344K, capacity 1409K, committed 1536K, reserved 1048576K
Event: 126.818 GC heap after
Heap after GC invocations=3 (full 0):
 PSYoungGen      total 18432K, used 2546K [0x00000000ebf80000, 0x00000000ed400000, 0x0000000100000000)
  eden space 15872K, 0% used [0x00000000ebf80000,0x00000000ebf80000,0x00000000ecf00000)
  from space 2560K, 99% used [0x00000000ecf00000,0x00000000ed17cb48,0x00000000ed180000)
  to   space 2560K, 0% used [0x00000000ed180000,0x00000000ed180000,0x00000000ed400000)
 ParOldGen       total 42496K, used 2381K [0x00000000c3e00000, 0x00000000c6780000, 0x00000000ebf80000)
  object space 42496K, 5% used [0x00000000c3e00000,0x00000000c40534c0,0x00000000c6780000)
 Metaspace       used 11201K, capacity 11354K, committed 11520K, reserved 1058816K
  class space    used 1344K, capacity 1409K, committed 1536K, reserved 1048576K
}

Deoptimization events (7 events):
Event: 0.383 Thread 0x00007f2488011000 Uncommon trap: reason=unstable_if action=reinterpret pc=0x00007f2477b8f57c method=java.lang.String.hashCode()I @ 14
Event: 2.131 Thread 0x00007f2488011000 Uncommon trap: reason=unstable_if action=reinterpret pc=0x00007f2477c662fc method=java.util.HashMap.getNode(ILjava/lang/Object;)Ljava/util/HashMap$Node; @ 116
Event: 2.242 Thread 0x00007f2488011000 Uncommon trap: reason=unstable_if action=reinterpret pc=0x00007f2477c766b0 method=java.util.HashMap.getNode(ILjava/lang/Object;)Ljava/util/HashMap$Node; @ 129
Event: 2.521 Thread 0x00007f2488011000 Uncommon trap: reason=class_check action=maybe_recompile pc=0x00007f2477cc4630 method=sun.misc.URLClassPath.getLoader(I)Lsun/misc/URLClassPath$Loader; @ 94
Event: 2.541 Thread 0x00007f2488011000 Uncommon trap: reason=class_check action=maybe_recompile pc=0x00007f2477cc4630 method=sun.misc.URLClassPath.getLoader(I)Lsun/misc/URLClassPath$Loader; @ 94
Event: 127.235 Thread 0x00007f248aeb6800 Uncommon trap: reason=unstable_if action=reinterpret pc=0x00007f2477dd6e80 method=java.lang.ThreadLocal.get()Ljava/lang/Object; @ 11
Event: 127.259 Thread 0x00007f2458025800 Uncommon trap: reason=unstable_if action=reinterpret pc=0x00007f2477d8e128 method=java.lang.ThreadLocal.get()Ljava/lang/Object; @ 11

Internal exceptions (10 events):
Event: 127.235 Thread 0x00007f248aeb6800 Implicit null exception at 0x00007f2477dd6652 to 0x00007f2477dd6e69
Event: 127.240 Thread 0x00007f248aeb6800 Exception <a 'java/lang/NoSuchMethodError': java.lang.Object.$anonfun$$plus$plus$eq$1(Lscala/collection/generic/Growable;Ljava/lang/Object;)Lscala/collection/generic/Growable;> (0x00000000ec258450) thrown at [/build/java8-openjdk/src/jdk8u-jdk8u121-b13/ho
Event: 127.243 Thread 0x00007f248aeb6800 Exception <a 'java/lang/NoSuchMethodError': java.lang.Object.$anonfun$splitWithSignalling$2$adapted(Lscala/collection/parallel/SeqSplitter;Lscala/collection/parallel/SeqSplitter;)Ljava/lang/Object;> (0x00000000ec25ddf0) thrown at [/build/java8-openjdk/src
Event: 127.246 Thread 0x00007f248aeb6800 Exception <a 'java/lang/NoSuchMethodError': java.lang.Object.$anonfun$split$1(Lscala/collection/parallel/ParIterableLike$Accessor;Lscala/collection/parallel/IterableSplitter;)Lscala/collection/parallel/ParIterableLike$Accessor;> (0x00000000ec2637b0) throw
Event: 127.248 Thread 0x00007f248aeb6800 Exception <a 'java/lang/NoSuchMethodError': java.lang.Object.$anonfun$map$1(Lscala/Function1;Lscala/collection/mutable/Builder;Ljava/lang/Object;)Lscala/collection/mutable/Builder;> (0x00000000ec26a860) thrown at [/build/java8-openjdk/src/jdk8u-jdk8u121-b
Event: 127.255 Thread 0x00007f248aeb6800 Exception <a 'java/lang/NoSuchMethodError': java.lang.Object.$anonfun$spawnSubtasks$1$adapted(Lscala/runtime/ObjectRef;Lscala/collection/parallel/AdaptiveWorkStealingTasks$WrappedTask;)Ljava/lang/Object;> (0x00000000ec2775b8) thrown at [/build/java8-openj
Event: 127.258 Thread 0x00007f2458025800 Exception <a 'java/lang/NoSuchMethodError': java.lang.Object.$anonfun$tryLeaf$1(Lscala/collection/parallel/Task;Lscala/Option;)V> (0x00000000ec2abbb0) thrown at [/build/java8-openjdk/src/jdk8u-jdk8u121-b13/hotspot/src/share/vm/interpreter/linkResolver.cpp
Event: 127.259 Thread 0x00007f2458025800 Implicit null exception at 0x00007f2477d8dfc1 to 0x00007f2477d8e109
Event: 127.259 Thread 0x00007f248aeb6800 Exception <a 'java/lang/NoSuchMethodError': java.lang.Object.$anonfun$tryLeaf$1(Lscala/collection/parallel/Task;Lscala/Option;)V> (0x00000000ec27e330) thrown at [/build/java8-openjdk/src/jdk8u-jdk8u121-b13/hotspot/src/share/vm/interpreter/linkResolver.cpp
Event: 127.262 Thread 0x00007f2458025800 Exception <a 'java/lang/NoSuchMethodError': java.lang.Object.$anonfun$tryLeaf$2(Lscala/collection/parallel/Task;)V> (0x00000000ec2b7798) thrown at [/build/java8-openjdk/src/jdk8u-jdk8u121-b13/hotspot/src/share/vm/interpreter/linkResolver.cpp, line 582]

Events (10 events):
Event: 127.281 Thread 0x00007f2458025800 DEOPT PACKING pc=0x00007f2477ca2434 sp=0x00007f246f6f1a00
Event: 127.281 Thread 0x00007f2458025800 DEOPT UNPACKING pc=0x00007f2477ab9f73 sp=0x00007f246f6f17b0 mode 1
Event: 127.288 Thread 0x00007f2458025800 DEOPT PACKING pc=0x00007f2477ca2434 sp=0x00007f246f6f1a00
Event: 127.288 Thread 0x00007f2458025800 DEOPT UNPACKING pc=0x00007f2477ab9f73 sp=0x00007f246f6f17b0 mode 1
Event: 127.291 Thread 0x00007f2458025800 DEOPT PACKING pc=0x00007f2477ca2434 sp=0x00007f246f6f1a00
Event: 127.291 Thread 0x00007f2458025800 DEOPT UNPACKING pc=0x00007f2477ab9f73 sp=0x00007f246f6f17b0 mode 1
Event: 127.293 Thread 0x00007f2458025800 DEOPT PACKING pc=0x00007f2477ca2434 sp=0x00007f246f6f1a00
Event: 127.293 Thread 0x00007f2458025800 DEOPT UNPACKING pc=0x00007f2477ab9f73 sp=0x00007f246f6f17b0 mode 1
Event: 127.295 Thread 0x00007f2458025800 DEOPT PACKING pc=0x00007f2477ca2434 sp=0x00007f246f6f1a00
Event: 127.295 Thread 0x00007f2458025800 DEOPT UNPACKING pc=0x00007f2477ab9f73 sp=0x00007f246f6f17b0 mode 1


Dynamic libraries:
00400000-00401000 r-xp 00000000 00:13 1620704                            /usr/lib/jvm/java-8-openjdk/jre/bin/java
00600000-00601000 r--p 00000000 00:13 1620704                            /usr/lib/jvm/java-8-openjdk/jre/bin/java
00601000-00602000 rw-p 00001000 00:13 1620704                            /usr/lib/jvm/java-8-openjdk/jre/bin/java
0124f000-01270000 rw-p 00000000 00:00 0                                  [heap]
c3e00000-c6780000 rw-p 00000000 00:00 0 
c6780000-ebf80000 ---p 00000000 00:00 0 
ebf80000-ed400000 rw-p 00000000 00:00 0 
ed400000-100000000 ---p 00000000 00:00 0 
100000000-100180000 rw-p 00000000 00:00 0 
100180000-140000000 ---p 00000000 00:00 0 
7f242793e000-7f242810d000 rw-p 00000000 00:00 0 
7f242987a000-7f242987b000 ---p 00000000 00:00 0 
7f242987b000-7f242a07b000 rwxp 00000000 00:00 0 
7f242b7e7000-7f242cf54000 rw-p 00000000 00:00 0 
7f242dcc0000-7f242dcc1000 ---p 00000000 00:00 0 
7f242dcc1000-7f242e4c1000 rwxp 00000000 00:00 0 
7f242e4c1000-7f242e581000 rw-p 00000000 00:00 0 
7f242e581000-7f242e6c1000 ---p 00000000 00:00 0 
7f242e6c1000-7f242e72d000 r-xp 00000000 00:13 2418409                    /home/andrey/.javacpp/cache/opencv-3.2.0-1.3-linux-x86_64.jar/org/bytedeco/javacpp/linux-x86_64/libjniopencv_text.so
7f242e72d000-7f242e92c000 ---p 0006c000 00:13 2418409                    /home/andrey/.javacpp/cache/opencv-3.2.0-1.3-linux-x86_64.jar/org/bytedeco/javacpp/linux-x86_64/libjniopencv_text.so
7f242e92c000-7f242e92d000 rw-p 0006b000 00:13 2418409                    /home/andrey/.javacpp/cache/opencv-3.2.0-1.3-linux-x86_64.jar/org/bytedeco/javacpp/linux-x86_64/libjniopencv_text.so
7f242e92d000-7f242e964000 r-xp 00000000 00:13 2420372                    /usr/lib/libtbb.so.2
7f242e964000-7f242eb63000 ---p 00037000 00:13 2420372                    /usr/lib/libtbb.so.2
7f242eb63000-7f242eb65000 r--p 00036000 00:13 2420372                    /usr/lib/libtbb.so.2
7f242eb65000-7f242eb67000 rw-p 00038000 00:13 2420372                    /usr/lib/libtbb.so.2
7f242eb67000-7f242eb6a000 rw-p 00000000 00:00 0 
7f242eb6a000-7f242ebbb000 r-xp 00000000 00:13 2421218                    /usr/lib/libopencv_flann.so.3.2.0
7f242ebbb000-7f242edbb000 ---p 00051000 00:13 2421218                    /usr/lib/libopencv_flann.so.3.2.0
7f242edbb000-7f242edbd000 r--p 00051000 00:13 2421218                    /usr/lib/libopencv_flann.so.3.2.0
7f242edbd000-7f242edbe000 rw-p 00053000 00:13 2421218                    /usr/lib/libopencv_flann.so.3.2.0
7f242edbe000-7f242ee72000 r-xp 00000000 00:13 2421242                    /usr/lib/libopencv_features2d.so.3.2.0
7f242ee72000-7f242f071000 ---p 000b4000 00:13 2421242                    /usr/lib/libopencv_features2d.so.3.2.0
7f242f071000-7f242f074000 r--p 000b3000 00:13 2421242                    /usr/lib/libopencv_features2d.so.3.2.0
7f242f074000-7f242f076000 rw-p 000b6000 00:13 2421242                    /usr/lib/libopencv_features2d.so.3.2.0
7f242f076000-7f242f0d9000 r-xp 00000000 00:13 2418408                    /home/andrey/.javacpp/cache/opencv-3.2.0-1.3-linux-x86_64.jar/org/bytedeco/javacpp/linux-x86_64/libopencv_text.so.3.2
7f242f0d9000-7f242f2d9000 ---p 00063000 00:13 2418408                    /home/andrey/.javacpp/cache/opencv-3.2.0-1.3-linux-x86_64.jar/org/bytedeco/javacpp/linux-x86_64/libopencv_text.so.3.2
7f242f2d9000-7f242f2db000 rw-p 00063000 00:13 2418408                    /home/andrey/.javacpp/cache/opencv-3.2.0-1.3-linux-x86_64.jar/org/bytedeco/javacpp/linux-x86_64/libopencv_text.so.3.2
7f242f2db000-7f242f39e000 rw-p 00000000 00:00 0 
7f242f39e000-7f242f3e4000 r-xp 00000000 00:13 2418407                    /home/andrey/.javacpp/cache/opencv-3.2.0-1.3-linux-x86_64.jar/org/bytedeco/javacpp/linux-x86_64/libjniopencv_ml.so
7f242f3e4000-7f242f5e4000 ---p 00046000 00:13 2418407                    /home/andrey/.javacpp/cache/opencv-3.2.0-1.3-linux-x86_64.jar/org/bytedeco/javacpp/linux-x86_64/libjniopencv_ml.so
7f242f5e4000-7f242f5e5000 rw-p 00046000 00:13 2418407                    /home/andrey/.javacpp/cache/opencv-3.2.0-1.3-linux-x86_64.jar/org/bytedeco/javacpp/linux-x86_64/libjniopencv_ml.so
7f242f5e5000-7f242f67d000 r-xp 00000000 00:13 2418406                    /home/andrey/.javacpp/cache/opencv-3.2.0-1.3-linux-x86_64.jar/org/bytedeco/javacpp/linux-x86_64/libopencv_ml.so.3.2
7f242f67d000-7f242f87c000 ---p 00098000 00:13 2418406                    /home/andrey/.javacpp/cache/opencv-3.2.0-1.3-linux-x86_64.jar/org/bytedeco/javacpp/linux-x86_64/libopencv_ml.so.3.2
7f242f87c000-7f242f880000 rw-p 00097000 00:13 2418406                    /home/andrey/.javacpp/cache/opencv-3.2.0-1.3-linux-x86_64.jar/org/bytedeco/javacpp/linux-x86_64/libopencv_ml.so.3.2
7f242f880000-7f242f8c1000 r-xp 00000000 00:13 2418405                    /home/andrey/.javacpp/cache/opencv-3.2.0-1.3-linux-x86_64.jar/org/bytedeco/javacpp/linux-x86_64/libjniopencv_highgui.so
7f242f8c1000-7f242fac1000 ---p 00041000 00:13 2418405                    /home/andrey/.javacpp/cache/opencv-3.2.0-1.3-linux-x86_64.jar/org/bytedeco/javacpp/linux-x86_64/libjniopencv_highgui.so
7f242fac1000-7f242fac2000 rw-p 00041000 00:13 2418405                    /home/andrey/.javacpp/cache/opencv-3.2.0-1.3-linux-x86_64.jar/org/bytedeco/javacpp/linux-x86_64/libjniopencv_highgui.so
7f242fac2000-7f242facd000 r-xp 00000000 00:13 2418404                    /home/andrey/.javacpp/cache/opencv-3.2.0-1.3-linux-x86_64.jar/org/bytedeco/javacpp/linux-x86_64/libopencv_highgui.so.3.2
7f242facd000-7f242fccc000 ---p 0000b000 00:13 2418404                    /home/andrey/.javacpp/cache/opencv-3.2.0-1.3-linux-x86_64.jar/org/bytedeco/javacpp/linux-x86_64/libopencv_highgui.so.3.2
7f242fccc000-7f242fccd000 rw-p 0000a000 00:13 2418404                    /home/andrey/.javacpp/cache/opencv-3.2.0-1.3-linux-x86_64.jar/org/bytedeco/javacpp/linux-x86_64/libopencv_highgui.so.3.2
7f242fccd000-7f242fce2000 r-xp 00000000 00:13 2418403                    /home/andrey/.javacpp/cache/opencv-3.2.0-1.3-linux-x86_64.jar/org/bytedeco/javacpp/linux-x86_64/libjniopencv_videoio.so
7f242fce2000-7f242fee2000 ---p 00015000 00:13 2418403                    /home/andrey/.javacpp/cache/opencv-3.2.0-1.3-linux-x86_64.jar/org/bytedeco/javacpp/linux-x86_64/libjniopencv_videoio.so
7f242fee2000-7f242fee3000 rw-p 00015000 00:13 2418403                    /home/andrey/.javacpp/cache/opencv-3.2.0-1.3-linux-x86_64.jar/org/bytedeco/javacpp/linux-x86_64/libjniopencv_videoio.so
7f242fee3000-7f242feea000 r-xp 00000000 00:13 2026335                    /usr/lib/libdatrie.so.1.3.3
7f242feea000-7f24300e9000 ---p 00007000 00:13 2026335                    /usr/lib/libdatrie.so.1.3.3
7f24300e9000-7f24300ea000 r--p 00006000 00:13 2026335                    /usr/lib/libdatrie.so.1.3.3
7f24300ea000-7f24300eb000 rw-p 00007000 00:13 2026335                    /usr/lib/libdatrie.so.1.3.3
7f24300eb000-7f24300fb000 r-xp 00000000 00:13 2117097                    /usr/lib/libGLX.so.0.0.0
7f24300fb000-7f24302fa000 ---p 00010000 00:13 2117097                    /usr/lib/libGLX.so.0.0.0
7f24302fa000-7f24302fb000 r--p 0000f000 00:13 2117097                    /usr/lib/libGLX.so.0.0.0
7f24302fb000-7f24302fc000 rw-p 00010000 00:13 2117097                    /usr/lib/libGLX.so.0.0.0
7f24302fc000-7f243031c000 rw-p 00000000 00:00 0 
7f243031c000-7f2430321000 r-xp 00000000 00:13 42076                      /usr/lib/libXdmcp.so.6.0.0
7f2430321000-7f2430520000 ---p 00005000 00:13 42076                      /usr/lib/libXdmcp.so.6.0.0
7f2430520000-7f2430521000 r--p 00004000 00:13 42076                      /usr/lib/libXdmcp.so.6.0.0
7f2430521000-7f2430522000 rw-p 00005000 00:13 42076                      /usr/lib/libXdmcp.so.6.0.0
7f2430522000-7f2430524000 r-xp 00000000 00:13 42085                      /usr/lib/libXau.so.6.0.0
7f2430524000-7f2430724000 ---p 00002000 00:13 42085                      /usr/lib/libXau.so.6.0.0
7f2430724000-7f2430725000 r--p 00002000 00:13 42085                      /usr/lib/libXau.so.6.0.0
7f2430725000-7f2430726000 rw-p 00003000 00:13 42085                      /usr/lib/libXau.so.6.0.0
7f2430726000-7f2430794000 r-xp 00000000 00:13 2117094                    /usr/lib/libGLdispatch.so.0.0.0
7f2430794000-7f2430993000 ---p 0006e000 00:13 2117094                    /usr/lib/libGLdispatch.so.0.0.0
7f2430993000-7f24309bb000 r--p 0006d000 00:13 2117094                    /usr/lib/libGLdispatch.so.0.0.0
7f24309bb000-7f24309bc000 rw-p 00095000 00:13 2117094                    /usr/lib/libGLdispatch.so.0.0.0
7f24309bc000-7f24309dc000 rw-p 00000000 00:00 0 
7f24309dc000-7f2430a06000 r-xp 00000000 00:13 586151                     /usr/lib/libgraphite2.so.3.0.1
7f2430a06000-7f2430c05000 ---p 0002a000 00:13 586151                     /usr/lib/libgraphite2.so.3.0.1
7f2430c05000-7f2430c07000 r--p 00029000 00:13 586151                     /usr/lib/libgraphite2.so.3.0.1
7f2430c07000-7f2430c08000 rw-p 0002b000 00:13 586151                     /usr/lib/libgraphite2.so.3.0.1
7f2430c08000-7f2430c0c000 r-xp 00000000 00:13 2024957                    /usr/lib/libuuid.so.1.3.0
7f2430c0c000-7f2430e0b000 ---p 00004000 00:13 2024957                    /usr/lib/libuuid.so.1.3.0
7f2430e0b000-7f2430e0c000 r--p 00003000 00:13 2024957                    /usr/lib/libuuid.so.1.3.0
7f2430e0c000-7f2430e0d000 rw-p 00004000 00:13 2024957                    /usr/lib/libuuid.so.1.3.0
7f2430e0d000-7f2430e4e000 r-xp 00000000 00:13 2024958                    /usr/lib/libblkid.so.1.1.0
7f2430e4e000-7f243104d000 ---p 00041000 00:13 2024958                    /usr/lib/libblkid.so.1.1.0
7f243104d000-7f2431051000 r--p 00040000 00:13 2024958                    /usr/lib/libblkid.so.1.1.0
7f2431051000-7f2431052000 rw-p 00044000 00:13 2024958                    /usr/lib/libblkid.so.1.1.0
7f2431052000-7f2431053000 rw-p 00000000 00:00 0 
7f2431053000-7f24310c5000 r-xp 00000000 00:13 1605008                    /usr/lib/libpcre.so.1.2.8
7f24310c5000-7f24312c4000 ---p 00072000 00:13 1605008                    /usr/lib/libpcre.so.1.2.8
7f24312c4000-7f24312c5000 r--p 00071000 00:13 1605008                    /usr/lib/libpcre.so.1.2.8
7f24312c5000-7f24312c6000 rw-p 00072000 00:13 1605008                    /usr/lib/libpcre.so.1.2.8
7f24312c6000-7f24312cd000 r-xp 00000000 00:13 17402                      /usr/lib/libffi.so.6.0.4
7f24312cd000-7f24314cd000 ---p 00007000 00:13 17402                      /usr/lib/libffi.so.6.0.4
7f24314cd000-7f24314ce000 r--p 00007000 00:13 17402                      /usr/lib/libffi.so.6.0.4
7f24314ce000-7f24314cf000 rw-p 00008000 00:13 17402                      /usr/lib/libffi.so.6.0.4
7f24314cf000-7f24314f6000 r-xp 00000000 00:13 12033                      /usr/lib/libexpat.so.1.6.2
7f24314f6000-7f24316f6000 ---p 00027000 00:13 12033                      /usr/lib/libexpat.so.1.6.2
7f24316f6000-7f24316f8000 r--p 00027000 00:13 12033                      /usr/lib/libexpat.so.1.6.2
7f24316f8000-7f24316f9000 rw-p 00029000 00:13 12033                      /usr/lib/libexpat.so.1.6.2
7f24316f9000-7f2431708000 r-xp 00000000 00:13 1313099                    /usr/lib/libbz2.so.1.0.6
7f2431708000-7f2431907000 ---p 0000f000 00:13 1313099                    /usr/lib/libbz2.so.1.0.6
7f2431907000-7f2431908000 r--p 0000e000 00:13 1313099                    /usr/lib/libbz2.so.1.0.6
7f2431908000-7f2431909000 rw-p 0000f000 00:13 1313099                    /usr/lib/libbz2.so.1.0.6
7f2431909000-7f2431911000 r-xp 00000000 00:13 1621406                    /usr/lib/libthai.so.0.3.0
7f2431911000-7f2431b11000 ---p 00008000 00:13 1621406                    /usr/lib/libthai.so.0.3.0
7f2431b11000-7f2431b12000 r--p 00008000 00:13 1621406                    /usr/lib/libthai.so.0.3.0
7f2431b12000-7f2431b13000 rw-p 00009000 00:13 1621406                    /usr/lib/libthai.so.0.3.0
7f2431b13000-7f2431b83000 r-xp 00000000 00:13 2117098                    /usr/lib/libGL.so.1.0.0
7f2431b83000-7f2431d82000 ---p 00070000 00:13 2117098                    /usr/lib/libGL.so.1.0.0
7f2431d82000-7f2431d9c000 r--p 0006f000 00:13 2117098                    /usr/lib/libGL.so.1.0.0
7f2431d9c000-7f2431d9d000 rw-p 00089000 00:13 2117098                    /usr/lib/libGL.so.1.0.0
7f2431d9d000-7f2431d9e000 rw-p 00000000 00:00 0 
7f2431d9e000-7f2431daa000 r-xp 00000000 00:13 42162                      /usr/lib/libxcb-render.so.0.0.0
7f2431daa000-7f2431faa000 ---p 0000c000 00:13 42162                      /usr/lib/libxcb-render.so.0.0.0
7f2431faa000-7f2431fab000 r--p 0000c000 00:13 42162                      /usr/lib/libxcb-render.so.0.0.0
7f2431fab000-7f2431fac000 rw-p 0000d000 00:13 42162                      /usr/lib/libxcb-render.so.0.0.0
7f2431fac000-7f2431fd4000 r-xp 00000000 00:13 42152                      /usr/lib/libxcb.so.1.1.0
7f2431fd4000-7f24321d3000 ---p 00028000 00:13 42152                      /usr/lib/libxcb.so.1.1.0
7f24321d3000-7f24321d4000 r--p 00027000 00:13 42152                      /usr/lib/libxcb.so.1.1.0
7f24321d4000-7f24321d5000 rw-p 00028000 00:13 42152                      /usr/lib/libxcb.so.1.1.0
7f24321d5000-7f24321d7000 r-xp 00000000 00:13 42166                      /usr/lib/libxcb-shm.so.0.0.0
7f24321d7000-7f24323d7000 ---p 00002000 00:13 42166                      /usr/lib/libxcb-shm.so.0.0.0
7f24323d7000-7f24323d8000 r--p 00002000 00:13 42166                      /usr/lib/libxcb-shm.so.0.0.0
7f24323d8000-7f24323d9000 rw-p 00003000 00:13 42166                      /usr/lib/libxcb-shm.so.0.0.0
7f24323d9000-7f24323eb000 r-xp 00000000 00:13 2117096                    /usr/lib/libEGL.so.1.0.0
7f24323eb000-7f24325ea000 ---p 00012000 00:13 2117096                    /usr/lib/libEGL.so.1.0.0
7f24325ea000-7f24325eb000 r--p 00011000 00:13 2117096                    /usr/lib/libEGL.so.1.0.0
7f24325eb000-7f24325ec000 rw-p 00012000 00:13 2117096                    /usr/lib/libEGL.so.1.0.0
7f24325ec000-7f243268b000 r-xp 00000000 00:13 46386                      /usr/lib/libpixman-1.so.0.34.0
7f243268b000-7f243288b000 ---p 0009f000 00:13 46386                      /usr/lib/libpixman-1.so.0.34.0
7f243288b000-7f2432893000 r--p 0009f000 00:13 46386                      /usr/lib/libpixman-1.so.0.34.0
7f2432893000-7f2432894000 rw-p 000a7000 00:13 46386                      /usr/lib/libpixman-1.so.0.34.0
7f2432894000-7f24328c9000 r-xp 00000000 00:13 1420659                    /usr/lib/libpng16.so.16.28.0
7f24328c9000-7f2432ac8000 ---p 00035000 00:13 1420659                    /usr/lib/libpng16.so.16.28.0
7f2432ac8000-7f2432ac9000 r--p 00034000 00:13 1420659                    /usr/lib/libpng16.so.16.28.0
7f2432ac9000-7f2432aca000 rw-p 00035000 00:13 1420659                    /usr/lib/libpng16.so.16.28.0
7f2432aca000-7f2432b58000 r-xp 00000000 00:13 2362619                    /usr/lib/libharfbuzz.so.0.10400.5
7f2432b58000-7f2432d57000 ---p 0008e000 00:13 2362619                    /usr/lib/libharfbuzz.so.0.10400.5
7f2432d57000-7f2432d59000 r--p 0008d000 00:13 2362619                    /usr/lib/libharfbuzz.so.0.10400.5
7f2432d59000-7f2432d5a000 rw-p 0008f000 00:13 2362619                    /usr/lib/libharfbuzz.so.0.10400.5
7f2432d5a000-7f2432da4000 r-xp 00000000 00:13 2024959                    /usr/lib/libmount.so.1.1.0
7f2432da4000-7f2432fa4000 ---p 0004a000 00:13 2024959                    /usr/lib/libmount.so.1.1.0
7f2432fa4000-7f2432fa5000 r--p 0004a000 00:13 2024959                    /usr/lib/libmount.so.1.1.0
7f2432fa5000-7f2432fa6000 rw-p 0004b000 00:13 2024959                    /usr/lib/libmount.so.1.1.0
7f2432fa6000-7f2432fa8000 rw-p 00000000 00:00 0 
7f2432fa8000-7f2432fbb000 r-xp 00000000 00:13 2157401                    /usr/lib/libresolv-2.25.so
7f2432fbb000-7f24331ba000 ---p 00013000 00:13 2157401                    /usr/lib/libresolv-2.25.so
7f24331ba000-7f24331bb000 r--p 00012000 00:13 2157401                    /usr/lib/libresolv-2.25.so
7f24331bb000-7f24331bc000 rw-p 00013000 00:13 2157401                    /usr/lib/libresolv-2.25.so
7f24331bc000-7f24331be000 rw-p 00000000 00:00 0 
7f24331be000-7f24331cf000 r-xp 00000000 00:13 45923                      /usr/lib/libXext.so.6.4.0
7f24331cf000-7f24333ce000 ---p 00011000 00:13 45923                      /usr/lib/libXext.so.6.4.0
7f24333ce000-7f24333cf000 r--p 00010000 00:13 45923                      /usr/lib/libXext.so.6.4.0
7f24333cf000-7f24333d0000 rw-p 00011000 00:13 45923                      /usr/lib/libXext.so.6.4.0
7f24333d0000-7f24333d2000 r-xp 00000000 00:13 46013                      /usr/lib/libXdamage.so.1.1.0
7f24333d2000-7f24335d1000 ---p 00002000 00:13 46013                      /usr/lib/libXdamage.so.1.1.0
7f24335d1000-7f24335d2000 r--p 00001000 00:13 46013                      /usr/lib/libXdamage.so.1.1.0
7f24335d2000-7f24335d3000 rw-p 00002000 00:13 46013                      /usr/lib/libXdamage.so.1.1.0
7f24335d3000-7f24335d5000 r-xp 00000000 00:13 49664                      /usr/lib/libXcomposite.so.1.0.0
7f24335d5000-7f24337d4000 ---p 00002000 00:13 49664                      /usr/lib/libXcomposite.so.1.0.0
7f24337d4000-7f24337d5000 r--p 00001000 00:13 49664                      /usr/lib/libXcomposite.so.1.0.0
7f24337d5000-7f24337d6000 rw-p 00002000 00:13 49664                      /usr/lib/libXcomposite.so.1.0.0
7f24337d6000-7f24337e0000 r-xp 00000000 00:13 49470                      /usr/lib/libXcursor.so.1.0.2
7f24337e0000-7f24339df000 ---p 0000a000 00:13 49470                      /usr/lib/libXcursor.so.1.0.2
7f24339df000-7f24339e0000 r--p 00009000 00:13 49470                      /usr/lib/libXcursor.so.1.0.2
7f24339e0000-7f24339e1000 rw-p 0000a000 00:13 49470                      /usr/lib/libXcursor.so.1.0.2
7f24339e1000-7f24339eb000 r-xp 00000000 00:13 49332                      /usr/lib/libXrandr.so.2.2.0
7f24339eb000-7f2433bea000 ---p 0000a000 00:13 49332                      /usr/lib/libXrandr.so.2.2.0
7f2433bea000-7f2433beb000 r--p 00009000 00:13 49332                      /usr/lib/libXrandr.so.2.2.0
7f2433beb000-7f2433bec000 rw-p 0000a000 00:13 49332                      /usr/lib/libXrandr.so.2.2.0
7f2433bec000-7f2433bfb000 r-xp 00000000 00:13 1621381                    /usr/lib/libXi.so.6.1.0
7f2433bfb000-7f2433dfb000 ---p 0000f000 00:13 1621381                    /usr/lib/libXi.so.6.1.0
7f2433dfb000-7f2433dfc000 r--p 0000f000 00:13 1621381                    /usr/lib/libXi.so.6.1.0
7f2433dfc000-7f2433dfd000 rw-p 00010000 00:13 1621381                    /usr/lib/libXi.so.6.1.0
7f2433dfd000-7f2433dff000 r-xp 00000000 00:13 49376                      /usr/lib/libXinerama.so.1.0.0
7f2433dff000-7f2433ffe000 ---p 00002000 00:13 49376                      /usr/lib/libXinerama.so.1.0.0
7f2433ffe000-7f2433fff000 r--p 00001000 00:13 49376                      /usr/lib/libXinerama.so.1.0.0
7f2433fff000-7f2434000000 rw-p 00002000 00:13 49376                      /usr/lib/libXinerama.so.1.0.0
7f2434000000-7f2434021000 rw-p 00000000 00:00 0 
7f2434021000-7f2438000000 ---p 00000000 00:00 0 
7f24380c8000-7f24380d1000 r-xp 00000000 00:13 49308                      /usr/lib/libXrender.so.1.3.0
7f24380d1000-7f24382d1000 ---p 00009000 00:13 49308                      /usr/lib/libXrender.so.1.3.0
7f24382d1000-7f24382d2000 r--p 00009000 00:13 49308                      /usr/lib/libXrender.so.1.3.0
7f24382d2000-7f24382d3000 rw-p 0000a000 00:13 49308                      /usr/lib/libXrender.so.1.3.0
7f24382d3000-7f24382d8000 r-xp 00000000 00:13 45985                      /usr/lib/libXfixes.so.3.1.0
7f24382d8000-7f24384d7000 ---p 00005000 00:13 45985                      /usr/lib/libXfixes.so.3.1.0
7f24384d7000-7f24384d8000 r--p 00004000 00:13 45985                      /usr/lib/libXfixes.so.3.1.0
7f24384d8000-7f24384d9000 rw-p 00005000 00:13 45985                      /usr/lib/libXfixes.so.3.1.0
7f24384d9000-7f2438612000 r-xp 00000000 00:13 2117005                    /usr/lib/libX11.so.6.3.0
7f2438612000-7f2438812000 ---p 00139000 00:13 2117005                    /usr/lib/libX11.so.6.3.0
7f2438812000-7f2438813000 r--p 00139000 00:13 2117005                    /usr/lib/libX11.so.6.3.0
7f2438813000-7f2438818000 rw-p 0013a000 00:13 2117005                    /usr/lib/libX11.so.6.3.0
7f2438818000-7f2438929000 r-xp 00000000 00:13 1944044                    /usr/lib/libglib-2.0.so.0.5000.3
7f2438929000-7f2438b28000 ---p 00111000 00:13 1944044                    /usr/lib/libglib-2.0.so.0.5000.3
7f2438b28000-7f2438b29000 r--p 00110000 00:13 1944044                    /usr/lib/libglib-2.0.so.0.5000.3
7f2438b29000-7f2438b2a000 rw-p 00111000 00:13 1944044                    /usr/lib/libglib-2.0.so.0.5000.3
7f2438b2a000-7f2438b2b000 rw-p 00000000 00:00 0 
7f2438b2b000-7f2438b2c000 r-xp 00000000 00:13 1944046                    /usr/lib/libgthread-2.0.so.0.5000.3
7f2438b2c000-7f2438d2b000 ---p 00001000 00:13 1944046                    /usr/lib/libgthread-2.0.so.0.5000.3
7f2438d2b000-7f2438d2c000 r--p 00000000 00:13 1944046                    /usr/lib/libgthread-2.0.so.0.5000.3
7f2438d2c000-7f2438d2d000 rw-p 00001000 00:13 1944046                    /usr/lib/libgthread-2.0.so.0.5000.3
7f2438d2d000-7f2438d30000 r-xp 00000000 00:13 1944045                    /usr/lib/libgmodule-2.0.so.0.5000.3
7f2438d30000-7f2438f2f000 ---p 00003000 00:13 1944045                    /usr/lib/libgmodule-2.0.so.0.5000.3
7f2438f2f000-7f2438f30000 r--p 00002000 00:13 1944045                    /usr/lib/libgmodule-2.0.so.0.5000.3
7f2438f30000-7f2438f31000 rw-p 00003000 00:13 1944045                    /usr/lib/libgmodule-2.0.so.0.5000.3
7f2438f31000-7f2438f82000 r-xp 00000000 00:13 1944047                    /usr/lib/libgobject-2.0.so.0.5000.3
7f2438f82000-7f2439181000 ---p 00051000 00:13 1944047                    /usr/lib/libgobject-2.0.so.0.5000.3
7f2439181000-7f2439182000 r--p 00050000 00:13 1944047                    /usr/lib/libgobject-2.0.so.0.5000.3
7f2439182000-7f2439183000 rw-p 00051000 00:13 1944047                    /usr/lib/libgobject-2.0.so.0.5000.3
7f2439183000-7f24391c1000 r-xp 00000000 00:13 1466723                    /usr/lib/libfontconfig.so.1.9.2
7f24391c1000-7f24393c0000 ---p 0003e000 00:13 1466723                    /usr/lib/libfontconfig.so.1.9.2
7f24393c0000-7f24393c2000 r--p 0003d000 00:13 1466723                    /usr/lib/libfontconfig.so.1.9.2
7f24393c2000-7f24393c7000 rw-p 0003f000 00:13 1466723                    /usr/lib/libfontconfig.so.1.9.2
7f24393c7000-7f2439481000 r-xp 00000000 00:13 1313415                    /usr/lib/libfreetype.so.6.13.0
7f2439481000-7f2439681000 ---p 000ba000 00:13 1313415                    /usr/lib/libfreetype.so.6.13.0
7f2439681000-7f2439687000 r--p 000ba000 00:13 1313415                    /usr/lib/libfreetype.so.6.13.0
7f2439687000-7f2439688000 rw-p 000c0000 00:13 1313415                    /usr/lib/libfreetype.so.6.13.0
7f2439688000-7f24396d1000 r-xp 00000000 00:13 2118048                    /usr/lib/libpango-1.0.so.0.4000.4
7f24396d1000-7f24398d1000 ---p 00049000 00:13 2118048                    /usr/lib/libpango-1.0.so.0.4000.4
7f24398d1000-7f24398d3000 r--p 00049000 00:13 2118048                    /usr/lib/libpango-1.0.so.0.4000.4
7f24398d3000-7f24398d4000 rw-p 0004b000 00:13 2118048                    /usr/lib/libpango-1.0.so.0.4000.4
7f24398d4000-7f24399fd000 r-xp 00000000 00:13 953451                     /usr/lib/libcairo.so.2.11400.8
7f24399fd000-7f2439bfc000 ---p 00129000 00:13 953451                     /usr/lib/libcairo.so.2.11400.8
7f2439bfc000-7f2439bff000 r--p 00128000 00:13 953451                     /usr/lib/libcairo.so.2.11400.8
7f2439bff000-7f2439c01000 rw-p 0012b000 00:13 953451                     /usr/lib/libcairo.so.2.11400.8
7f2439c01000-7f2439c02000 rw-p 00000000 00:00 0 
7f2439c02000-7f2439c28000 r-xp 00000000 00:13 1944921                    /usr/lib/libgdk_pixbuf-2.0.so.0.3600.5
7f2439c28000-7f2439e27000 ---p 00026000 00:13 1944921                    /usr/lib/libgdk_pixbuf-2.0.so.0.3600.5
7f2439e27000-7f2439e28000 r--p 00025000 00:13 1944921                    /usr/lib/libgdk_pixbuf-2.0.so.0.3600.5
7f2439e28000-7f2439e29000 rw-p 00026000 00:13 1944921                    /usr/lib/libgdk_pixbuf-2.0.so.0.3600.5
7f2439e29000-7f2439e35000 r-xp 00000000 00:13 2118051                    /usr/lib/libpangocairo-1.0.so.0.4000.4
7f2439e35000-7f243a034000 ---p 0000c000 00:13 2118051                    /usr/lib/libpangocairo-1.0.so.0.4000.4
7f243a034000-7f243a035000 r--p 0000b000 00:13 2118051                    /usr/lib/libpangocairo-1.0.so.0.4000.4
7f243a035000-7f243a036000 rw-p 0000c000 00:13 2118051                    /usr/lib/libpangocairo-1.0.so.0.4000.4
7f243a036000-7f243a04a000 r-xp 00000000 00:13 2118049                    /usr/lib/libpangoft2-1.0.so.0.4000.4
7f243a04a000-7f243a249000 ---p 00014000 00:13 2118049                    /usr/lib/libpangoft2-1.0.so.0.4000.4
7f243a249000-7f243a24a000 r--p 00013000 00:13 2118049                    /usr/lib/libpangoft2-1.0.so.0.4000.4
7f243a24a000-7f243a24b000 rw-p 00014000 00:13 2118049                    /usr/lib/libpangoft2-1.0.so.0.4000.4
7f243a24b000-7f243a3d6000 r-xp 00000000 00:13 1944048                    /usr/lib/libgio-2.0.so.0.5000.3
7f243a3d6000-7f243a5d6000 ---p 0018b000 00:13 1944048                    /usr/lib/libgio-2.0.so.0.5000.3
7f243a5d6000-7f243a5db000 r--p 0018b000 00:13 1944048                    /usr/lib/libgio-2.0.so.0.5000.3
7f243a5db000-7f243a5dd000 rw-p 00190000 00:13 1944048                    /usr/lib/libgio-2.0.so.0.5000.3
7f243a5dd000-7f243a5df000 rw-p 00000000 00:00 0 
7f243a5df000-7f243a68f000 r-xp 00000000 00:13 62699                      /usr/lib/libgdk-x11-2.0.so.0.2400.31
7f243a68f000-7f243a88e000 ---p 000b0000 00:13 62699                      /usr/lib/libgdk-x11-2.0.so.0.2400.31
7f243a88e000-7f243a892000 r--p 000af000 00:13 62699                      /usr/lib/libgdk-x11-2.0.so.0.2400.31
7f243a892000-7f243a894000 rw-p 000b3000 00:13 62699                      /usr/lib/libgdk-x11-2.0.so.0.2400.31
7f243a894000-7f243c000000 rw-p 00000000 00:00 0 
7f243c000000-7f243c021000 rw-p 00000000 00:00 0 
7f243c021000-7f2440000000 ---p 00000000 00:00 0 
7f2440000000-7f2440021000 rw-p 00000000 00:00 0 
7f2440021000-7f2444000000 ---p 00000000 00:00 0 
7f2444000000-7f24444cf000 rw-p 00000000 00:00 0 
7f24444cf000-7f2448000000 ---p 00000000 00:00 0 
7f2448000000-7f2448213000 rw-p 00000000 00:00 0 
7f2448213000-7f244c000000 ---p 00000000 00:00 0 
7f244c000000-7f244c021000 rw-p 00000000 00:00 0 
7f244c021000-7f2450000000 ---p 00000000 00:00 0 
7f2450000000-7f245188f000 rw-p 00000000 00:00 0 
7f245188f000-7f2454000000 ---p 00000000 00:00 0 
7f2454000000-7f2454021000 rw-p 00000000 00:00 0 
7f2454021000-7f2458000000 ---p 00000000 00:00 0 
7f2458000000-7f245a33d000 rw-p 00000000 00:00 0 
7f245a33d000-7f245c000000 ---p 00000000 00:00 0 
7f245c000000-7f245c021000 rw-p 00000000 00:00 0 
7f245c021000-7f2460000000 ---p 00000000 00:00 0 
7f2460000000-7f2460021000 rw-p 00000000 00:00 0 
7f2460021000-7f2464000000 ---p 00000000 00:00 0 
7f2464000000-7f2464021000 rw-p 00000000 00:00 0 
7f2464021000-7f2468000000 ---p 00000000 00:00 0 
7f2468000000-7f2468021000 rw-p 00000000 00:00 0 
7f2468021000-7f246c000000 ---p 00000000 00:00 0 
7f246c087000-7f246c0aa000 r-xp 00000000 00:13 2399192                    /usr/lib/libatk-1.0.so.0.22409.1
7f246c0aa000-7f246c2a9000 ---p 00023000 00:13 2399192                    /usr/lib/libatk-1.0.so.0.22409.1
7f246c2a9000-7f246c2ac000 r--p 00022000 00:13 2399192                    /usr/lib/libatk-1.0.so.0.22409.1
7f246c2ac000-7f246c2ad000 rw-p 00025000 00:13 2399192                    /usr/lib/libatk-1.0.so.0.22409.1
7f246c2ad000-7f246c6e0000 r-xp 00000000 00:13 62700                      /usr/lib/libgtk-x11-2.0.so.0.2400.31
7f246c6e0000-7f246c8df000 ---p 00433000 00:13 62700                      /usr/lib/libgtk-x11-2.0.so.0.2400.31
7f246c8df000-7f246c8e6000 r--p 00432000 00:13 62700                      /usr/lib/libgtk-x11-2.0.so.0.2400.31
7f246c8e6000-7f246c8ea000 rw-p 00439000 00:13 62700                      /usr/lib/libgtk-x11-2.0.so.0.2400.31
7f246c8ea000-7f246c8ed000 rw-p 00000000 00:00 0 
7f246c8ed000-7f246c907000 r-xp 00000000 00:13 2418402                    /home/andrey/.javacpp/cache/opencv-3.2.0-1.3-linux-x86_64.jar/org/bytedeco/javacpp/linux-x86_64/libopencv_videoio.so.3.2
7f246c907000-7f246cb07000 ---p 0001a000 00:13 2418402                    /home/andrey/.javacpp/cache/opencv-3.2.0-1.3-linux-x86_64.jar/org/bytedeco/javacpp/linux-x86_64/libopencv_videoio.so.3.2
7f246cb07000-7f246cb08000 rw-p 0001a000 00:13 2418402                    /home/andrey/.javacpp/cache/opencv-3.2.0-1.3-linux-x86_64.jar/org/bytedeco/javacpp/linux-x86_64/libopencv_videoio.so.3.2
7f246cb08000-7f246cd0b000 rw-p 00000000 00:00 0 
7f246cd0b000-7f246cd30000 r-xp 00000000 00:13 2418401                    /home/andrey/.javacpp/cache/opencv-3.2.0-1.3-linux-x86_64.jar/org/bytedeco/javacpp/linux-x86_64/libjniopencv_imgcodecs.so
7f246cd30000-7f246cf2f000 ---p 00025000 00:13 2418401                    /home/andrey/.javacpp/cache/opencv-3.2.0-1.3-linux-x86_64.jar/org/bytedeco/javacpp/linux-x86_64/libjniopencv_imgcodecs.so
7f246cf2f000-7f246cf30000 rw-p 00024000 00:13 2418401                    /home/andrey/.javacpp/cache/opencv-3.2.0-1.3-linux-x86_64.jar/org/bytedeco/javacpp/linux-x86_64/libjniopencv_imgcodecs.so
7f246cf30000-7f246d16a000 r-xp 00000000 00:13 2418400                    /home/andrey/.javacpp/cache/opencv-3.2.0-1.3-linux-x86_64.jar/org/bytedeco/javacpp/linux-x86_64/libopencv_imgcodecs.so.3.2
7f246d16a000-7f246d36a000 ---p 0023a000 00:13 2418400                    /home/andrey/.javacpp/cache/opencv-3.2.0-1.3-linux-x86_64.jar/org/bytedeco/javacpp/linux-x86_64/libopencv_imgcodecs.so.3.2
7f246d36a000-7f246d378000 rw-p 0023a000 00:13 2418400                    /home/andrey/.javacpp/cache/opencv-3.2.0-1.3-linux-x86_64.jar/org/bytedeco/javacpp/linux-x86_64/libopencv_imgcodecs.so.3.2
7f246d378000-7f246d383000 rw-p 00000000 00:00 0 
7f246d383000-7f246d48d000 r-xp 00000000 00:13 2418399                    /home/andrey/.javacpp/cache/opencv-3.2.0-1.3-linux-x86_64.jar/org/bytedeco/javacpp/linux-x86_64/libjniopencv_imgproc.so
7f246d48d000-7f246d68c000 ---p 0010a000 00:13 2418399                    /home/andrey/.javacpp/cache/opencv-3.2.0-1.3-linux-x86_64.jar/org/bytedeco/javacpp/linux-x86_64/libjniopencv_imgproc.so
7f246d68c000-7f246d68e000 rw-p 00109000 00:13 2418399                    /home/andrey/.javacpp/cache/opencv-3.2.0-1.3-linux-x86_64.jar/org/bytedeco/javacpp/linux-x86_64/libjniopencv_imgproc.so
7f246d68e000-7f246d78f000 rwxp 00000000 00:00 0 
7f246d78f000-7f246da1e000 r-xp 00000000 00:13 2418398                    /home/andrey/.javacpp/cache/opencv-3.2.0-1.3-linux-x86_64.jar/org/bytedeco/javacpp/linux-x86_64/libjniopencv_core.so
7f246da1e000-7f246dc1d000 ---p 0028f000 00:13 2418398                    /home/andrey/.javacpp/cache/opencv-3.2.0-1.3-linux-x86_64.jar/org/bytedeco/javacpp/linux-x86_64/libjniopencv_core.so
7f246dc1d000-7f246dc20000 rw-p 0028e000 00:13 2418398                    /home/andrey/.javacpp/cache/opencv-3.2.0-1.3-linux-x86_64.jar/org/bytedeco/javacpp/linux-x86_64/libjniopencv_core.so
7f246dc20000-7f246dc21000 rw-p 00000000 00:00 0 
7f246dc21000-7f246de62000 r-xp 00000000 00:13 2418397                    /home/andrey/.javacpp/cache/opencv-3.2.0-1.3-linux-x86_64.jar/org/bytedeco/javacpp/linux-x86_64/libopencv_imgproc.so.3.2
7f246de62000-7f246e062000 ---p 00241000 00:13 2418397                    /home/andrey/.javacpp/cache/opencv-3.2.0-1.3-linux-x86_64.jar/org/bytedeco/javacpp/linux-x86_64/libopencv_imgproc.so.3.2
7f246e062000-7f246e074000 rw-p 00241000 00:13 2418397                    /home/andrey/.javacpp/cache/opencv-3.2.0-1.3-linux-x86_64.jar/org/bytedeco/javacpp/linux-x86_64/libopencv_imgproc.so.3.2
7f246e074000-7f246e109000 rw-p 00000000 00:00 0 
7f246e109000-7f246e11f000 r-xp 00000000 00:13 2159154                    /usr/lib/libgcc_s.so.1
7f246e11f000-7f246e31e000 ---p 00016000 00:13 2159154                    /usr/lib/libgcc_s.so.1
7f246e31e000-7f246e31f000 r--p 00015000 00:13 2159154                    /usr/lib/libgcc_s.so.1
7f246e31f000-7f246e320000 rw-p 00016000 00:13 2159154                    /usr/lib/libgcc_s.so.1
7f246e320000-7f246e498000 r-xp 00000000 00:13 2159122                    /usr/lib/libstdc++.so.6.0.22
7f246e498000-7f246e698000 ---p 00178000 00:13 2159122                    /usr/lib/libstdc++.so.6.0.22
7f246e698000-7f246e6a2000 r--p 00178000 00:13 2159122                    /usr/lib/libstdc++.so.6.0.22
7f246e6a2000-7f246e6a4000 rw-p 00182000 00:13 2159122                    /usr/lib/libstdc++.so.6.0.22
7f246e6a4000-7f246e6a8000 rw-p 00000000 00:00 0 
7f246e6d0000-7f246e8e8000 r-xp 00000000 00:13 2418396                    /home/andrey/.javacpp/cache/opencv-3.2.0-1.3-linux-x86_64.jar/org/bytedeco/javacpp/linux-x86_64/libopencv_core.so.3.2
7f246e8e8000-7f246eae8000 ---p 00218000 00:13 2418396                    /home/andrey/.javacpp/cache/opencv-3.2.0-1.3-linux-x86_64.jar/org/bytedeco/javacpp/linux-x86_64/libopencv_core.so.3.2
7f246eae8000-7f246eaef000 rw-p 00218000 00:13 2418396                    /home/andrey/.javacpp/cache/opencv-3.2.0-1.3-linux-x86_64.jar/org/bytedeco/javacpp/linux-x86_64/libopencv_core.so.3.2
7f246eaef000-7f246eaf1000 rw-p 00000000 00:00 0 
7f246eaf1000-7f246eb07000 r-xp 00000000 00:13 1620790                    /usr/lib/jvm/java-8-openjdk/jre/lib/amd64/libnet.so
7f246eb07000-7f246ed06000 ---p 00016000 00:13 1620790                    /usr/lib/jvm/java-8-openjdk/jre/lib/amd64/libnet.so
7f246ed06000-7f246ed07000 r--p 00015000 00:13 1620790                    /usr/lib/jvm/java-8-openjdk/jre/lib/amd64/libnet.so
7f246ed07000-7f246ed08000 rw-p 00016000 00:13 1620790                    /usr/lib/jvm/java-8-openjdk/jre/lib/amd64/libnet.so
7f246ed08000-7f246ed19000 r-xp 00000000 00:13 1620779                    /usr/lib/jvm/java-8-openjdk/jre/lib/amd64/libnio.so
7f246ed19000-7f246ef18000 ---p 00011000 00:13 1620779                    /usr/lib/jvm/java-8-openjdk/jre/lib/amd64/libnio.so
7f246ef18000-7f246ef19000 r--p 00010000 00:13 1620779                    /usr/lib/jvm/java-8-openjdk/jre/lib/amd64/libnio.so
7f246ef19000-7f246ef1a000 rw-p 00011000 00:13 1620779                    /usr/lib/jvm/java-8-openjdk/jre/lib/amd64/libnio.so
7f246ef1a000-7f246ef2f000 r-xp 00000000 00:13 2418395                    /home/andrey/.javacpp/cache/opencv-3.2.0-1.3-linux-x86_64.jar/org/bytedeco/javacpp/linux-x86_64/libgomp.so.1
7f246ef2f000-7f246f12e000 ---p 00015000 00:13 2418395                    /home/andrey/.javacpp/cache/opencv-3.2.0-1.3-linux-x86_64.jar/org/bytedeco/javacpp/linux-x86_64/libgomp.so.1
7f246f12e000-7f246f12f000 rw-p 00014000 00:13 2418395                    /home/andrey/.javacpp/cache/opencv-3.2.0-1.3-linux-x86_64.jar/org/bytedeco/javacpp/linux-x86_64/libgomp.so.1
7f246f12f000-7f246f131000 r--s 00019000 00:13 2167305                    /usr/share/intellijidea-ce/lib/idea_rt.jar
7f246f131000-7f246f132000 r--s 00000000 00:13 2419227                    /home/andrey/.ivy2/cache/org.bytedeco.javacpp-presets/videoinput-platform/jars/videoinput-platform-0.200-1.3.jar
7f246f132000-7f246f133000 r--s 0000b000 00:13 2419189                    /home/andrey/.ivy2/cache/org.bytedeco.javacpp-presets/videoinput/jars/videoinput-0.200-1.3-windows-x86_64.jar
7f246f133000-7f246f134000 r--s 00009000 00:13 2419191                    /home/andrey/.ivy2/cache/org.bytedeco.javacpp-presets/videoinput/jars/videoinput-0.200-1.3-windows-x86.jar
7f246f134000-7f246f135000 r--s 00003000 00:13 2419190                    /home/andrey/.ivy2/cache/org.bytedeco.javacpp-presets/videoinput/jars/videoinput-0.200-1.3.jar
7f246f135000-7f246f136000 r--s 00000000 00:13 2419225                    /home/andrey/.ivy2/cache/org.bytedeco.javacpp-presets/librealsense-platform/jars/librealsense-platform-1.9.6-1.3.jar
7f246f136000-7f246f137000 r--s 00076000 00:13 2419186                    /home/andrey/.ivy2/cache/org.bytedeco.javacpp-presets/librealsense/jars/librealsense-1.9.6-1.3-linux-x86_64.jar
7f246f137000-7f246f138000 r--s 00074000 00:13 2419185                    /home/andrey/.ivy2/cache/org.bytedeco.javacpp-presets/librealsense/jars/librealsense-1.9.6-1.3-linux-x86.jar
7f246f138000-7f246f13b000 r--s 00009000 00:13 2419187                    /home/andrey/.ivy2/cache/org.bytedeco.javacpp-presets/librealsense/jars/librealsense-1.9.6-1.3.jar
7f246f13b000-7f246f13c000 r--s 00000000 00:13 2419223                    /home/andrey/.ivy2/cache/org.bytedeco.javacpp-presets/libfreenect2-platform/jars/libfreenect2-platform-0.2.0-1.3.jar
7f246f13c000-7f246f13d000 r--s 00061000 00:13 2419181                    /home/andrey/.ivy2/cache/org.bytedeco.javacpp-presets/libfreenect2/jars/libfreenect2-0.2.0-1.3-linux-x86_64.jar
7f246f13d000-7f246f13f000 r--s 00065000 00:13 2419183                    /home/andrey/.ivy2/cache/org.bytedeco.javacpp-presets/libfreenect2/jars/libfreenect2-0.2.0-1.3-linux-x86.jar
7f246f13f000-7f246f140000 r--s 00005000 00:13 2419182                    /home/andrey/.ivy2/cache/org.bytedeco.javacpp-presets/libfreenect2/jars/libfreenect2-0.2.0-1.3.jar
7f246f140000-7f246f141000 r--s 00000000 00:13 2419221                    /home/andrey/.ivy2/cache/org.bytedeco.javacpp-presets/libfreenect-platform/jars/libfreenect-platform-0.5.3-1.3.jar
7f246f141000-7f246f142000 r--s 0002e000 00:13 2419174                    /home/andrey/.ivy2/cache/org.bytedeco.javacpp-presets/libfreenect/jars/libfreenect-0.5.3-1.3-windows-x86_64.jar
7f246f142000-7f246f143000 r--s 00028000 00:13 2419177                    /home/andrey/.ivy2/cache/org.bytedeco.javacpp-presets/libfreenect/jars/libfreenect-0.5.3-1.3-windows-x86.jar
7f246f143000-7f246f145000 r--s 0001a000 00:13 2419178                    /home/andrey/.ivy2/cache/org.bytedeco.javacpp-presets/libfreenect/jars/libfreenect-0.5.3-1.3-macosx-x86_64.jar
7f246f145000-7f246f146000 r--s 0001c000 00:13 2419175                    /home/andrey/.ivy2/cache/org.bytedeco.javacpp-presets/libfreenect/jars/libfreenect-0.5.3-1.3-linux-x86_64.jar
7f246f146000-7f246f147000 r--s 0001b000 00:13 2419176                    /home/andrey/.ivy2/cache/org.bytedeco.javacpp-presets/libfreenect/jars/libfreenect-0.5.3-1.3-linux-x86.jar
7f246f147000-7f246f148000 r--s 00015000 00:13 2419179                    /home/andrey/.ivy2/cache/org.bytedeco.javacpp-presets/libfreenect/jars/libfreenect-0.5.3-1.3-linux-ppc64le.jar
7f246f148000-7f246f14a000 r--s 00011000 00:13 2419172                    /home/andrey/.ivy2/cache/org.bytedeco.javacpp-presets/libfreenect/jars/libfreenect-0.5.3-1.3-linux-armhf.jar
7f246f14a000-7f246f14c000 r--s 00004000 00:13 2419173                    /home/andrey/.ivy2/cache/org.bytedeco.javacpp-presets/libfreenect/jars/libfreenect-0.5.3-1.3.jar
7f246f14c000-7f246f14d000 r--s 00000000 00:13 2419219                    /home/andrey/.ivy2/cache/org.bytedeco.javacpp-presets/libdc1394-platform/jars/libdc1394-platform-2.2.4-1.3.jar
7f246f14d000-7f246f14e000 r--s 0002d000 00:13 2419168                    /home/andrey/.ivy2/cache/org.bytedeco.javacpp-presets/libdc1394/jars/libdc1394-2.2.4-1.3-windows-x86_64.jar
7f246f14e000-7f246f150000 r--s 00032000 00:13 2419163                    /home/andrey/.ivy2/cache/org.bytedeco.javacpp-presets/libdc1394/jars/libdc1394-2.2.4-1.3-windows-x86.jar
7f246f150000-7f246f151000 r--s 00031000 00:13 2419165                    /home/andrey/.ivy2/cache/org.bytedeco.javacpp-presets/libdc1394/jars/libdc1394-2.2.4-1.3-macosx-x86_64.jar
7f246f151000-7f246f153000 r--s 0002f000 00:13 2419164                    /home/andrey/.ivy2/cache/org.bytedeco.javacpp-presets/libdc1394/jars/libdc1394-2.2.4-1.3-linux-x86_64.jar
7f246f153000-7f246f154000 r--s 0002d000 00:13 2419167                    /home/andrey/.ivy2/cache/org.bytedeco.javacpp-presets/libdc1394/jars/libdc1394-2.2.4-1.3-linux-x86.jar
7f246f154000-7f246f155000 r--s 00034000 00:13 2419170                    /home/andrey/.ivy2/cache/org.bytedeco.javacpp-presets/libdc1394/jars/libdc1394-2.2.4-1.3-linux-ppc64le.jar
7f246f155000-7f246f156000 r--s 0001f000 00:13 2419166                    /home/andrey/.ivy2/cache/org.bytedeco.javacpp-presets/libdc1394/jars/libdc1394-2.2.4-1.3-linux-armhf.jar
7f246f156000-7f246f158000 r--s 00006000 00:13 2419169                    /home/andrey/.ivy2/cache/org.bytedeco.javacpp-presets/libdc1394/jars/libdc1394-2.2.4-1.3.jar
7f246f158000-7f246f159000 r--s 00000000 00:13 2419217                    /home/andrey/.ivy2/cache/org.bytedeco.javacpp-presets/flycapture-platform/jars/flycapture-platform-2.9.3.43-1.3.jar
7f246f159000-7f246f15a000 r--s 0003a000 00:13 2419159                    /home/andrey/.ivy2/cache/org.bytedeco.javacpp-presets/flycapture/jars/flycapture-2.9.3.43-1.3-windows-x86_64.jar
7f246f15a000-7f246f15c000 r--s 0002d000 00:13 2419161                    /home/andrey/.ivy2/cache/org.bytedeco.javacpp-presets/flycapture/jars/flycapture-2.9.3.43-1.3-windows-x86.jar
7f246f15c000-7f246f15e000 r--s 0003a000 00:13 2419158                    /home/andrey/.ivy2/cache/org.bytedeco.javacpp-presets/flycapture/jars/flycapture-2.9.3.43-1.3-linux-x86_64.jar
7f246f15e000-7f246f160000 r--s 00035000 00:13 2419160                    /home/andrey/.ivy2/cache/org.bytedeco.javacpp-presets/flycapture/jars/flycapture-2.9.3.43-1.3-linux-x86.jar
7f246f160000-7f246f161000 r--s 0002d000 00:13 2419157                    /home/andrey/.ivy2/cache/org.bytedeco.javacpp-presets/flycapture/jars/flycapture-2.9.3.43-1.3-linux-armhf.jar
7f246f161000-7f246f165000 r--s 0001f000 00:13 2419156                    /home/andrey/.ivy2/cache/org.bytedeco.javacpp-presets/flycapture/jars/flycapture-2.9.3.43-1.3.jar
7f246f165000-7f246f166000 r--s 00000000 00:13 2419231                    /home/andrey/.ivy2/cache/org.bytedeco.javacpp-presets/flandmark-platform/jars/flandmark-platform-1.07-1.3.jar
7f246f166000-7f246f168000 r--s 00009000 00:13 2419213                    /home/andrey/.ivy2/cache/org.bytedeco.javacpp-presets/flandmark/jars/flandmark-1.07-1.3-windows-x86_64.jar
7f246f168000-7f246f16a000 r--s 00007000 00:13 2419205                    /home/andrey/.ivy2/cache/org.bytedeco.javacpp-presets/flandmark/jars/flandmark-1.07-1.3-windows-x86.jar
7f246f16a000-7f246f16b000 r--s 00009000 00:13 2419206                    /home/andrey/.ivy2/cache/org.bytedeco.javacpp-presets/flandmark/jars/flandmark-1.07-1.3-macosx-x86_64.jar
7f246f16b000-7f246f16d000 r--s 00009000 00:13 2419212                    /home/andrey/.ivy2/cache/org.bytedeco.javacpp-presets/flandmark/jars/flandmark-1.07-1.3-linux-x86_64.jar
7f246f16d000-7f246f16e000 r--s 00009000 00:13 2419209                    /home/andrey/.ivy2/cache/org.bytedeco.javacpp-presets/flandmark/jars/flandmark-1.07-1.3-linux-x86.jar
7f246f16e000-7f246f170000 r--s 0000a000 00:13 2419204                    /home/andrey/.ivy2/cache/org.bytedeco.javacpp-presets/flandmark/jars/flandmark-1.07-1.3-linux-ppc64le.jar
7f246f170000-7f246f171000 r--s 00008000 00:13 2419210                    /home/andrey/.ivy2/cache/org.bytedeco.javacpp-presets/flandmark/jars/flandmark-1.07-1.3-linux-armhf.jar
7f246f171000-7f246f172000 r--s 0000a000 00:13 2419207                    /home/andrey/.ivy2/cache/org.bytedeco.javacpp-presets/flandmark/jars/flandmark-1.07-1.3-android-x86.jar
7f246f172000-7f246f173000 r--s 00009000 00:13 2419211                    /home/andrey/.ivy2/cache/org.bytedeco.javacpp-presets/flandmark/jars/flandmark-1.07-1.3-android-arm.jar
7f246f173000-7f246f174000 r--s 00002000 00:13 2419208                    /home/andrey/.ivy2/cache/org.bytedeco.javacpp-presets/flandmark/jars/flandmark-1.07-1.3.jar
7f246f174000-7f246f175000 r--s 00000000 00:13 2419215                    /home/andrey/.ivy2/cache/org.bytedeco.javacpp-presets/ffmpeg-platform/jars/ffmpeg-platform-3.2.1-1.3.jar
7f246f175000-7f246f176000 r--s 00bdb000 00:13 2419154                    /home/andrey/.ivy2/cache/org.bytedeco.javacpp-presets/ffmpeg/jars/ffmpeg-3.2.1-1.3-windows-x86_64.jar
7f246f176000-7f246f178000 r--s 00b6f000 00:13 2419141                    /home/andrey/.ivy2/cache/org.bytedeco.javacpp-presets/ffmpeg/jars/ffmpeg-3.2.1-1.3-windows-x86.jar
7f246f178000-7f246f179000 r--s 00a78000 00:13 2419147                    /home/andrey/.ivy2/cache/org.bytedeco.javacpp-presets/ffmpeg/jars/ffmpeg-3.2.1-1.3-macosx-x86_64.jar
7f246f179000-7f246f17b000 r--s 00b72000 00:13 2419146                    /home/andrey/.ivy2/cache/org.bytedeco.javacpp-presets/ffmpeg/jars/ffmpeg-3.2.1-1.3-linux-x86_64.jar
7f246f17b000-7f246f17d000 r--s 00aa6000 00:13 2419151                    /home/andrey/.ivy2/cache/org.bytedeco.javacpp-presets/ffmpeg/jars/ffmpeg-3.2.1-1.3-linux-x86.jar
7f246f17d000-7f246f17f000 r--s 00cf7000 00:13 2419150                    /home/andrey/.ivy2/cache/org.bytedeco.javacpp-presets/ffmpeg/jars/ffmpeg-3.2.1-1.3-linux-ppc64le.jar
7f246f17f000-7f246f181000 r--s 00a12000 00:13 2419149                    /home/andrey/.ivy2/cache/org.bytedeco.javacpp-presets/ffmpeg/jars/ffmpeg-3.2.1-1.3-linux-armhf.jar
7f246f181000-7f246f183000 r--s 00c3e000 00:13 2419152                    /home/andrey/.ivy2/cache/org.bytedeco.javacpp-presets/ffmpeg/jars/ffmpeg-3.2.1-1.3-android-x86.jar
7f246f183000-7f246f184000 r--s 00b15000 00:13 2419148                    /home/andrey/.ivy2/cache/org.bytedeco.javacpp-presets/ffmpeg/jars/ffmpeg-3.2.1-1.3-android-arm.jar
7f246f184000-7f246f18b000 r--s 00033000 00:13 2419153                    /home/andrey/.ivy2/cache/org.bytedeco.javacpp-presets/ffmpeg/jars/ffmpeg-3.2.1-1.3.jar
7f246f18b000-7f246f18c000 r--s 00000000 00:13 2419229                    /home/andrey/.ivy2/cache/org.bytedeco.javacpp-presets/artoolkitplus-platform/jars/artoolkitplus-platform-2.3.1-1.3.jar
7f246f18c000-7f246f18d000 r--s 00025000 00:13 2419199                    /home/andrey/.ivy2/cache/org.bytedeco.javacpp-presets/artoolkitplus/jars/artoolkitplus-2.3.1-1.3-windows-x86_64.jar
7f246f18d000-7f246f18f000 r--s 0001d000 00:13 2419196                    /home/andrey/.ivy2/cache/org.bytedeco.javacpp-presets/artoolkitplus/jars/artoolkitplus-2.3.1-1.3-windows-x86.jar
7f246f18f000-7f246f190000 r--s 00029000 00:13 2419197                    /home/andrey/.ivy2/cache/org.bytedeco.javacpp-presets/artoolkitplus/jars/artoolkitplus-2.3.1-1.3-macosx-x86_64.jar
7f246f190000-7f246f191000 r--s 0002a000 00:13 2419194                    /home/andrey/.ivy2/cache/org.bytedeco.javacpp-presets/artoolkitplus/jars/artoolkitplus-2.3.1-1.3-linux-x86_64.jar
7f246f191000-7f246f192000 r--s 00026000 00:13 2419202                    /home/andrey/.ivy2/cache/org.bytedeco.javacpp-presets/artoolkitplus/jars/artoolkitplus-2.3.1-1.3-linux-x86.jar
7f246f192000-7f246f194000 r--s 0002e000 00:13 2419200                    /home/andrey/.ivy2/cache/org.bytedeco.javacpp-presets/artoolkitplus/jars/artoolkitplus-2.3.1-1.3-linux-ppc64le.jar
7f246f194000-7f246f196000 r--s 00022000 00:13 2419193                    /home/andrey/.ivy2/cache/org.bytedeco.javacpp-presets/artoolkitplus/jars/artoolkitplus-2.3.1-1.3-linux-armhf.jar
7f246f196000-7f246f197000 r--s 00062000 00:13 2419201                    /home/andrey/.ivy2/cache/org.bytedeco.javacpp-presets/artoolkitplus/jars/artoolkitplus-2.3.1-1.3-android-x86.jar
7f246f197000-7f246f198000 r--s 0004d000 00:13 2419195                    /home/andrey/.ivy2/cache/org.bytedeco.javacpp-presets/artoolkitplus/jars/artoolkitplus-2.3.1-1.3-android-arm.jar
7f246f198000-7f246f199000 r--s 00005000 00:13 2419198                    /home/andrey/.ivy2/cache/org.bytedeco.javacpp-presets/artoolkitplus/jars/artoolkitplus-2.3.1-1.3.jar
7f246f199000-7f246f19d000 r--s 0005b000 00:13 2419136                    /home/andrey/.ivy2/cache/org.bytedeco/javacv/jars/javacv-1.3.2.jar
7f246f19d000-7f246f1a2000 r--s 00049000 00:13 2419139                    /home/andrey/.ivy2/cache/org.bytedeco/javacpp/jars/javacpp-1.3.2.jar
7f246f1a2000-7f246f1b3000 r--s 000a6000 00:13 2417700                    /home/andrey/.ivy2/cache/org.bytedeco.javacpp-presets/opencv/jars/opencv-3.2.0-1.3.jar
7f246f1b3000-7f246f1b5000 r--s 00b87000 00:13 2417704                    /home/andrey/.ivy2/cache/org.bytedeco.javacpp-presets/opencv/jars/opencv-3.2.0-1.3-android-arm.jar
7f246f1b5000-7f246f1b7000 r--s 00efe000 00:13 2417706                    /home/andrey/.ivy2/cache/org.bytedeco.javacpp-presets/opencv/jars/opencv-3.2.0-1.3-android-x86.jar
7f246f1b7000-7f246f1ef000 r--s 004d0000 00:13 2417162                    /home/andrey/.ivy2/cache/org.scala-lang/scala-library/jars/scala-library-2.12.1.jar
7f246f1ef000-7f246f1f0000 ---p 00000000 00:00 0 
7f246f1f0000-7f246f3f1000 rwxp 00000000 00:00 0 
7f246f3f1000-7f246f3f2000 ---p 00000000 00:00 0 
7f246f3f2000-7f246f4f2000 rwxp 00000000 00:00 0 
7f246f4f2000-7f246f4f3000 ---p 00000000 00:00 0 
7f246f4f3000-7f246f5f3000 rwxp 00000000 00:00 0 
7f246f5f3000-7f246f5f6000 ---p 00000000 00:00 0 
7f246f5f6000-7f246f7f5000 rwxp 00000000 00:00 0 
7f246f7f5000-7f246f7f8000 ---p 00000000 00:00 0 
7f246f7f8000-7f246f8f6000 rwxp 00000000 00:00 0 
7f246f8f6000-7f246f8fa000 r-xp 00000000 00:13 1620791                    /usr/lib/jvm/java-8-openjdk/jre/lib/amd64/libdt_socket.so
7f246f8fa000-7f246faf9000 ---p 00004000 00:13 1620791                    /usr/lib/jvm/java-8-openjdk/jre/lib/amd64/libdt_socket.so
7f246faf9000-7f246fafa000 r--p 00003000 00:13 1620791                    /usr/lib/jvm/java-8-openjdk/jre/lib/amd64/libdt_socket.so
7f246fafa000-7f246fafb000 rw-p 00004000 00:13 1620791                    /usr/lib/jvm/java-8-openjdk/jre/lib/amd64/libdt_socket.so
7f246fafb000-7f246fdfe000 rwxp 00000000 00:00 0 
7f246fdfe000-7f246fdff000 ---p 00000000 00:00 0 
7f246fdff000-7f246feff000 rwxp 00000000 00:00 0 
7f246feff000-7f2470000000 rw-p 00000000 00:00 0 
7f2470000000-7f2470021000 rw-p 00000000 00:00 0 
7f2470021000-7f2474000000 ---p 00000000 00:00 0 
7f2474000000-7f2474001000 r--s 00000000 00:13 2419138                    /home/andrey/.ivy2/cache/org.bytedeco/javacv-platform/jars/javacv-platform-1.3.2.jar
7f2474001000-7f2474004000 r--s 00a26000 00:13 2417696                    /home/andrey/.ivy2/cache/org.bytedeco.javacpp-presets/opencv/jars/opencv-3.2.0-1.3-linux-armhf.jar
7f2474004000-7f2474007000 r--s 00c39000 00:13 2417705                    /home/andrey/.ivy2/cache/org.bytedeco.javacpp-presets/opencv/jars/opencv-3.2.0-1.3-linux-ppc64le.jar
7f2474007000-7f247400a000 r--s 00a10000 00:13 2417701                    /home/andrey/.ivy2/cache/org.bytedeco.javacpp-presets/opencv/jars/opencv-3.2.0-1.3-linux-x86.jar
7f247400a000-7f247400c000 r--s 00a3c000 00:13 2417697                    /home/andrey/.ivy2/cache/org.bytedeco.javacpp-presets/opencv/jars/opencv-3.2.0-1.3-linux-x86_64.jar
7f247400c000-7f247400e000 r--s 00aa7000 00:13 2417698                    /home/andrey/.ivy2/cache/org.bytedeco.javacpp-presets/opencv/jars/opencv-3.2.0-1.3-macosx-x86_64.jar
7f247400e000-7f24740a4000 r--s 008d8000 00:13 1876787                    /usr/lib/jvm/java-8-openjdk/jre/lib/ext/jfxrt.jar
7f24740a4000-7f247490f000 rw-p 00000000 00:00 0 
7f247490f000-7f2474ade000 r--s 03c05000 00:13 1620731                    /usr/lib/jvm/java-8-openjdk/jre/lib/rt.jar
7f2474ade000-7f24772cf000 rw-p 00000000 00:00 0 
7f24772cf000-7f24772d0000 ---p 00000000 00:00 0 
7f24772d0000-7f24773d0000 rwxp 00000000 00:00 0 
7f24773d0000-7f24773d1000 ---p 00000000 00:00 0 
7f24773d1000-7f24774d1000 rwxp 00000000 00:00 0 
7f24774d1000-7f24774e6000 rw-p 00000000 00:00 0 
7f24774e6000-7f2477611000 ---p 00000000 00:00 0 
7f2477611000-7f247761c000 rw-p 00000000 00:00 0 
7f247761c000-7f24776b2000 ---p 00000000 00:00 0 
7f24776b2000-7f24776c2000 rw-p 00000000 00:00 0 
7f24776c2000-7f2477a73000 ---p 00000000 00:00 0 
7f2477a73000-7f2477e03000 rwxp 00000000 00:00 0 
7f2477e03000-7f2486a73000 ---p 00000000 00:00 0 
7f2486a73000-7f2486a7b000 r-xp 00000000 00:13 1620792                    /usr/lib/jvm/java-8-openjdk/jre/lib/amd64/libzip.so
7f2486a7b000-7f2486c7a000 ---p 00008000 00:13 1620792                    /usr/lib/jvm/java-8-openjdk/jre/lib/amd64/libzip.so
7f2486c7a000-7f2486c7b000 r--p 00007000 00:13 1620792                    /usr/lib/jvm/java-8-openjdk/jre/lib/amd64/libzip.so
7f2486c7b000-7f2486c7c000 rw-p 00008000 00:13 1620792                    /usr/lib/jvm/java-8-openjdk/jre/lib/amd64/libzip.so
7f2486c7c000-7f2486c87000 r-xp 00000000 00:13 2157408                    /usr/lib/libnss_files-2.25.so
7f2486c87000-7f2486e86000 ---p 0000b000 00:13 2157408                    /usr/lib/libnss_files-2.25.so
7f2486e86000-7f2486e87000 r--p 0000a000 00:13 2157408                    /usr/lib/libnss_files-2.25.so
7f2486e87000-7f2486e88000 rw-p 0000b000 00:13 2157408                    /usr/lib/libnss_files-2.25.so
7f2486e88000-7f2486e8e000 rw-p 00000000 00:00 0 
7f2486e8e000-7f2486e99000 r-xp 00000000 00:13 2157406                    /usr/lib/libnss_nis-2.25.so
7f2486e99000-7f2487098000 ---p 0000b000 00:13 2157406                    /usr/lib/libnss_nis-2.25.so
7f2487098000-7f2487099000 r--p 0000a000 00:13 2157406                    /usr/lib/libnss_nis-2.25.so
7f2487099000-7f248709a000 rw-p 0000b000 00:13 2157406                    /usr/lib/libnss_nis-2.25.so
7f248709a000-7f24870af000 r-xp 00000000 00:13 2157402                    /usr/lib/libnsl-2.25.so
7f24870af000-7f24872ae000 ---p 00015000 00:13 2157402                    /usr/lib/libnsl-2.25.so
7f24872ae000-7f24872af000 r--p 00014000 00:13 2157402                    /usr/lib/libnsl-2.25.so
7f24872af000-7f24872b0000 rw-p 00015000 00:13 2157402                    /usr/lib/libnsl-2.25.so
7f24872b0000-7f24872b2000 rw-p 00000000 00:00 0 
7f24872b2000-7f24872b9000 r-xp 00000000 00:13 2157411                    /usr/lib/libnss_compat-2.25.so
7f24872b9000-7f24874b8000 ---p 00007000 00:13 2157411                    /usr/lib/libnss_compat-2.25.so
7f24874b8000-7f24874b9000 r--p 00006000 00:13 2157411                    /usr/lib/libnss_compat-2.25.so
7f24874b9000-7f24874ba000 rw-p 00007000 00:13 2157411                    /usr/lib/libnss_compat-2.25.so
7f24874ba000-7f2487783000 r--p 00000000 00:13 2158829                    /usr/lib/locale/locale-archive
7f2487783000-7f2487785000 r-xp 00000000 00:13 1620789                    /usr/lib/jvm/java-8-openjdk/jre/lib/amd64/libnpt.so
7f2487785000-7f2487985000 ---p 00002000 00:13 1620789                    /usr/lib/jvm/java-8-openjdk/jre/lib/amd64/libnpt.so
7f2487985000-7f2487986000 r--p 00002000 00:13 1620789                    /usr/lib/jvm/java-8-openjdk/jre/lib/amd64/libnpt.so
7f2487986000-7f2487987000 rw-p 00003000 00:13 1620789                    /usr/lib/jvm/java-8-openjdk/jre/lib/amd64/libnpt.so
7f2487987000-7f24879c1000 r-xp 00000000 00:13 1620766                    /usr/lib/jvm/java-8-openjdk/jre/lib/amd64/libjdwp.so
7f24879c1000-7f2487bc0000 ---p 0003a000 00:13 1620766                    /usr/lib/jvm/java-8-openjdk/jre/lib/amd64/libjdwp.so
7f2487bc0000-7f2487bc1000 r--p 00039000 00:13 1620766                    /usr/lib/jvm/java-8-openjdk/jre/lib/amd64/libjdwp.so
7f2487bc1000-7f2487bc2000 rw-p 0003a000 00:13 1620766                    /usr/lib/jvm/java-8-openjdk/jre/lib/amd64/libjdwp.so
7f2487bc2000-7f2487bef000 r-xp 00000000 00:13 1620788                    /usr/lib/jvm/java-8-openjdk/jre/lib/amd64/libjava.so
7f2487bef000-7f2487dee000 ---p 0002d000 00:13 1620788                    /usr/lib/jvm/java-8-openjdk/jre/lib/amd64/libjava.so
7f2487dee000-7f2487def000 r--p 0002c000 00:13 1620788                    /usr/lib/jvm/java-8-openjdk/jre/lib/amd64/libjava.so
7f2487def000-7f2487df1000 rw-p 0002d000 00:13 1620788                    /usr/lib/jvm/java-8-openjdk/jre/lib/amd64/libjava.so
7f2487df1000-7f2487dfe000 r-xp 00000000 00:13 1620771                    /usr/lib/jvm/java-8-openjdk/jre/lib/amd64/libverify.so
7f2487dfe000-7f2487ffd000 ---p 0000d000 00:13 1620771                    /usr/lib/jvm/java-8-openjdk/jre/lib/amd64/libverify.so
7f2487ffd000-7f2487fff000 r--p 0000c000 00:13 1620771                    /usr/lib/jvm/java-8-openjdk/jre/lib/amd64/libverify.so
7f2487fff000-7f2488000000 rw-p 0000e000 00:13 1620771                    /usr/lib/jvm/java-8-openjdk/jre/lib/amd64/libverify.so
7f2488000000-7f248aec5000 rw-p 00000000 00:00 0 
7f248aec5000-7f248c000000 ---p 00000000 00:00 0 
7f248c000000-7f248c002000 r--s 00a5c000 00:13 2417707                    /home/andrey/.ivy2/cache/org.bytedeco.javacpp-presets/opencv/jars/opencv-3.2.0-1.3-windows-x86.jar
7f248c002000-7f248c015000 r--s 00346000 00:13 1620724                    /usr/lib/jvm/java-8-openjdk/jre/lib/resources.jar
7f248c015000-7f248c019000 r--s 0009a000 00:13 1620727                    /usr/lib/jvm/java-8-openjdk/jre/lib/jsse.jar
7f248c019000-7f248c0a4000 rw-p 00000000 00:00 0 
7f248c0a4000-7f248c1d0000 ---p 00000000 00:00 0 
7f248c1d0000-7f248c1d7000 r-xp 00000000 00:13 2157400                    /usr/lib/librt-2.25.so
7f248c1d7000-7f248c3d6000 ---p 00007000 00:13 2157400                    /usr/lib/librt-2.25.so
7f248c3d6000-7f248c3d7000 r--p 00006000 00:13 2157400                    /usr/lib/librt-2.25.so
7f248c3d7000-7f248c3d8000 rw-p 00007000 00:13 2157400                    /usr/lib/librt-2.25.so
7f248c3d8000-7f248c4ea000 r-xp 00000000 00:13 2157403                    /usr/lib/libm-2.25.so
7f248c4ea000-7f248c6e9000 ---p 00112000 00:13 2157403                    /usr/lib/libm-2.25.so
7f248c6e9000-7f248c6ea000 r--p 00111000 00:13 2157403                    /usr/lib/libm-2.25.so
7f248c6ea000-7f248c6eb000 rw-p 00112000 00:13 2157403                    /usr/lib/libm-2.25.so
7f248c6eb000-7f248d316000 r-xp 00000000 00:13 1620797                    /usr/lib/jvm/java-8-openjdk/jre/lib/amd64/server/libjvm.so
7f248d316000-7f248d515000 ---p 00c2b000 00:13 1620797                    /usr/lib/jvm/java-8-openjdk/jre/lib/amd64/server/libjvm.so
7f248d515000-7f248d5a9000 r--p 00c2a000 00:13 1620797                    /usr/lib/jvm/java-8-openjdk/jre/lib/amd64/server/libjvm.so
7f248d5a9000-7f248d5d2000 rw-p 00cbe000 00:13 1620797                    /usr/lib/jvm/java-8-openjdk/jre/lib/amd64/server/libjvm.so
7f248d5d2000-7f248d602000 rw-p 00000000 00:00 0 
7f248d602000-7f248d79d000 r-xp 00000000 00:13 2157454                    /usr/lib/libc-2.25.so
7f248d79d000-7f248d99c000 ---p 0019b000 00:13 2157454                    /usr/lib/libc-2.25.so
7f248d99c000-7f248d9a0000 r--p 0019a000 00:13 2157454                    /usr/lib/libc-2.25.so
7f248d9a0000-7f248d9a2000 rw-p 0019e000 00:13 2157454                    /usr/lib/libc-2.25.so
7f248d9a2000-7f248d9a6000 rw-p 00000000 00:00 0 
7f248d9a6000-7f248d9a9000 r-xp 00000000 00:13 2157404                    /usr/lib/libdl-2.25.so
7f248d9a9000-7f248dba8000 ---p 00003000 00:13 2157404                    /usr/lib/libdl-2.25.so
7f248dba8000-7f248dba9000 r--p 00002000 00:13 2157404                    /usr/lib/libdl-2.25.so
7f248dba9000-7f248dbaa000 rw-p 00003000 00:13 2157404                    /usr/lib/libdl-2.25.so
7f248dbaa000-7f248dbb7000 r-xp 00000000 00:13 1620800                    /usr/lib/jvm/java-8-openjdk/jre/lib/amd64/jli/libjli.so
7f248dbb7000-7f248ddb6000 ---p 0000d000 00:13 1620800                    /usr/lib/jvm/java-8-openjdk/jre/lib/amd64/jli/libjli.so
7f248ddb6000-7f248ddb7000 r--p 0000c000 00:13 1620800                    /usr/lib/jvm/java-8-openjdk/jre/lib/amd64/jli/libjli.so
7f248ddb7000-7f248ddb8000 rw-p 0000d000 00:13 1620800                    /usr/lib/jvm/java-8-openjdk/jre/lib/amd64/jli/libjli.so
7f248ddb8000-7f248ddce000 r-xp 00000000 00:13 1552182                    /usr/lib/libz.so.1.2.11
7f248ddce000-7f248dfcd000 ---p 00016000 00:13 1552182                    /usr/lib/libz.so.1.2.11
7f248dfcd000-7f248dfce000 r--p 00015000 00:13 1552182                    /usr/lib/libz.so.1.2.11
7f248dfce000-7f248dfcf000 rw-p 00016000 00:13 1552182                    /usr/lib/libz.so.1.2.11
7f248dfcf000-7f248dfe8000 r-xp 00000000 00:13 2157473                    /usr/lib/libpthread-2.25.so
7f248dfe8000-7f248e1e7000 ---p 00019000 00:13 2157473                    /usr/lib/libpthread-2.25.so
7f248e1e7000-7f248e1e8000 r--p 00018000 00:13 2157473                    /usr/lib/libpthread-2.25.so
7f248e1e8000-7f248e1e9000 rw-p 00019000 00:13 2157473                    /usr/lib/libpthread-2.25.so
7f248e1e9000-7f248e1ed000 rw-p 00000000 00:00 0 
7f248e1ed000-7f248e210000 r-xp 00000000 00:13 2157455                    /usr/lib/ld-2.25.so
7f248e210000-7f248e212000 r--s 00c6c000 00:13 2417699                    /home/andrey/.ivy2/cache/org.bytedeco.javacpp-presets/opencv/jars/opencv-3.2.0-1.3-windows-x86_64.jar
7f248e212000-7f248e2e2000 rw-p 00000000 00:00 0 
7f248e2e2000-7f248e2e3000 ---p 00000000 00:00 0 
7f248e2e3000-7f248e3e3000 rwxp 00000000 00:00 0 
7f248e3e3000-7f248e3e5000 rw-p 00000000 00:00 0 
7f248e3e5000-7f248e3e6000 r--s 00000000 00:13 2417709                    /home/andrey/.ivy2/cache/org.bytedeco.javacpp-presets/opencv-platform/jars/opencv-platform-3.2.0-1.3.jar
7f248e3e6000-7f248e3e7000 r--s 00000000 00:13 1620725                    /usr/lib/jvm/java-8-openjdk/jre/lib/management-agent.jar
7f248e3e7000-7f248e3e8000 r--s 00009000 00:13 1876771                    /usr/lib/jvm/java-8-openjdk/jre/lib/jfxswt.jar
7f248e3e8000-7f248e3eb000 r--s 00015000 00:13 1620722                    /usr/lib/jvm/java-8-openjdk/jre/lib/jce.jar
7f248e3eb000-7f248e3f0000 r--s 002f9000 00:13 1620726                    /usr/lib/jvm/java-8-openjdk/jre/lib/charsets.jar
7f248e3f0000-7f248e403000 rw-p 00000000 00:00 0 
7f248e403000-7f248e40b000 rw-s 00000000 00:2a 254942                     /tmp/hsperfdata_andrey/10946
7f248e40b000-7f248e40c000 rw-p 00000000 00:00 0 
7f248e40c000-7f248e40d000 r--p 00000000 00:00 0 
7f248e40d000-7f248e40f000 rw-p 00000000 00:00 0 
7f248e40f000-7f248e410000 r--p 00022000 00:13 2157455                    /usr/lib/ld-2.25.so
7f248e410000-7f248e411000 rw-p 00023000 00:13 2157455                    /usr/lib/ld-2.25.so
7f248e411000-7f248e412000 rw-p 00000000 00:00 0 
7ffe5b098000-7ffe5b0b8000 rwxp 00000000 00:00 0                          [stack]
7ffe5b0b8000-7ffe5b0bb000 rw-p 00000000 00:00 0 
7ffe5b0d9000-7ffe5b0db000 r--p 00000000 00:00 0                          [vvar]
7ffe5b0db000-7ffe5b0dd000 r-xp 00000000 00:00 0                          [vdso]
ffffffffff600000-ffffffffff601000 r-xp 00000000 00:00 0                  [vsyscall]

VM Arguments:
jvm_args: -agentlib:jdwp=transport=dt_socket,address=127.0.0.1:32817,suspend=y,server=n -Dfile.encoding=UTF-8 -Dawt.useSystemAAFontSettings=on -Dswing.aatext=true 
java_command: ImageTextDetectionApp IMG_2090.JPG
java_class_path (initial): /usr/lib/jvm/java-8-openjdk/jre/lib/charsets.jar:/usr/lib/jvm/java-8-openjdk/jre/lib/ext/cldrdata.jar:/usr/lib/jvm/java-8-openjdk/jre/lib/ext/dnsns.jar:/usr/lib/jvm/java-8-openjdk/jre/lib/ext/jaccess.jar:/usr/lib/jvm/java-8-openjdk/jre/lib/ext/jfxrt.jar:/usr/lib/jvm/java-8-openjdk/jre/lib/ext/localedata.jar:/usr/lib/jvm/java-8-openjdk/jre/lib/ext/nashorn.jar:/usr/lib/jvm/java-8-openjdk/jre/lib/ext/sunec.jar:/usr/lib/jvm/java-8-openjdk/jre/lib/ext/sunjce_provider.jar:/usr/lib/jvm/java-8-openjdk/jre/lib/ext/sunpkcs11.jar:/usr/lib/jvm/java-8-openjdk/jre/lib/ext/zipfs.jar:/usr/lib/jvm/java-8-openjdk/jre/lib/jce.jar:/usr/lib/jvm/java-8-openjdk/jre/lib/jfxswt.jar:/usr/lib/jvm/java-8-openjdk/jre/lib/jsse.jar:/usr/lib/jvm/java-8-openjdk/jre/lib/management-agent.jar:/usr/lib/jvm/java-8-openjdk/jre/lib/resources.jar:/usr/lib/jvm/java-8-openjdk/jre/lib/rt.jar:/home/andrey/IdeaProjects/scala-javacv/target/scala-2.12/classes:/home/andrey/.ivy2/cache/org.scala-lang/scala-library/jars/scala-library-2.12.1.jar:/home/andrey/.ivy2/cache/org.bytedeco.javacpp-presets/opencv-platform/jars/opencv-platform-3.2.0-1.3.jar:/home/andrey/.ivy2/cache/org.bytedeco.javacpp-presets/opencv/jars/opencv-3.2.0-1.3-windows-x86_64.jar:/home/andrey/.ivy2/cache/org.bytedeco.javacpp-presets/opencv/jars/opencv-3.2.0-1.3-windows-x86.jar:/home/andrey/.ivy2/cache/org.bytedeco.javacpp-presets/opencv/jars/opencv-3.2.0-1.3-macosx-x86_64.jar:/home/andrey/.ivy2/cache/org.bytedeco.javacpp-presets/opencv/jars/opencv-3.2.0-1.3-linux-x86_64.jar:/home/andrey/.ivy2/cache/org.bytedeco.javacpp-presets/opencv/jars/opencv-3.2.0-1.3-linux-x86.jar:/home/andrey/.ivy2/cache/org.bytedeco.javacpp-presets/opencv/jars/opencv-3.2.0-1.3-linux-ppc64le.jar:/home/andrey/.ivy2/cache/org.bytedeco.javacpp-presets/opencv/jars/opencv-3.2.0-1.3-linux-armhf.jar:/home/andrey/.ivy2/cache/org.bytedeco.javacpp-presets/opencv/jars/opencv-3.2.0-1.3-android-x86.jar:/home/andrey/.ivy2/cache/org.bytedeco.javacpp-presets/open
Launcher Type: SUN_STANDARD

Environment Variables:
_JAVA_OPTIONS=-Dawt.useSystemAAFontSettings=on -Dswing.aatext=true
PATH=/usr/local/sbin:/usr/local/bin:/usr/bin:/opt/depot_tools:/usr/lib/jvm/default/bin:/usr/bin/site_perl:/usr/bin/vendor_perl:/usr/bin/core_perl
LD_LIBRARY_PATH=/usr/share/intellijidea-ce/bin:
SHELL=/bin/bash
DISPLAY=:1

Signal Handlers:
SIGSEGV: [libjvm.so+0xa2d880], sa_mask[0]=11111111011111111101111111111110, sa_flags=SA_RESTART|SA_SIGINFO
SIGBUS: [libjvm.so+0xa2d880], sa_mask[0]=11111111011111111101111111111110, sa_flags=SA_RESTART|SA_SIGINFO
SIGFPE: [libjvm.so+0x881d40], sa_mask[0]=11111111011111111101111111111110, sa_flags=SA_RESTART|SA_SIGINFO
SIGPIPE: [libjvm.so+0x881d40], sa_mask[0]=11111111011111111101111111111110, sa_flags=SA_RESTART|SA_SIGINFO
SIGXFSZ: [libjvm.so+0x881d40], sa_mask[0]=11111111011111111101111111111110, sa_flags=SA_RESTART|SA_SIGINFO
SIGILL: [libjvm.so+0x881d40], sa_mask[0]=11111111011111111101111111111110, sa_flags=SA_RESTART|SA_SIGINFO
SIGUSR1: SIG_DFL, sa_mask[0]=00000000000000000000000000000000, sa_flags=none
SIGUSR2: [libjvm.so+0x881c10], sa_mask[0]=00100000000000000000000000000000, sa_flags=SA_RESTART|SA_SIGINFO
SIGHUP: [libjvm.so+0x882080], sa_mask[0]=11111111011111111101111111111110, sa_flags=SA_RESTART|SA_SIGINFO
SIGINT: SIG_IGN, sa_mask[0]=00000000000000000000000000000000, sa_flags=none
SIGTERM: [libjvm.so+0x882080], sa_mask[0]=11111111011111111101111111111110, sa_flags=SA_RESTART|SA_SIGINFO
SIGQUIT: [libjvm.so+0x882080], sa_mask[0]=11111111011111111101111111111110, sa_flags=SA_RESTART|SA_SIGINFO


---------------  S Y S T E M  ---------------

OS:NAME="Arch Linux"
PRETTY_NAME="Arch Linux"
ID=arch
ID_LIKE=archlinux
ANSI_COLOR="0;36"
HOME_URL="https://www.archlinux.org/"
SUPPORT_URL="https://bbs.archlinux.org/"
BUG_REPORT_URL="https://bugs.archlinux.org/"


uname:Linux 4.10.3-1-ARCH #1 SMP PREEMPT Wed Mar 15 09:17:17 CET 2017 x86_64
libc:glibc 2.25 NPTL 2.25 
rlimit: STACK 8192k, CORE infinity, NPROC 14408, NOFILE 4096, AS infinity
load average:1.45 1.61 1.38

/proc/meminfo:
MemTotal:        3935600 kB
MemFree:          335040 kB
MemAvailable:     675452 kB
Buffers:              12 kB
Cached:           592592 kB
SwapCached:         7608 kB
Active:          2655928 kB
Inactive:         775692 kB
Active(anon):    2326744 kB
Inactive(anon):   589380 kB
Active(file):     329184 kB
Inactive(file):   186312 kB
Unevictable:           0 kB
Mlocked:               0 kB
SwapTotal:       8388604 kB
SwapFree:        8315752 kB
Dirty:              5228 kB
Writeback:             0 kB
AnonPages:       2816768 kB
Mapped:           157776 kB
Shmem:             76960 kB
Slab:              89908 kB
SReclaimable:      59668 kB
SUnreclaim:        30240 kB
KernelStack:        5376 kB
PageTables:        16432 kB
NFS_Unstable:          0 kB
Bounce:                0 kB
WritebackTmp:          0 kB
CommitLimit:    10356404 kB
Committed_AS:    3934628 kB
VmallocTotal:   34359738367 kB
VmallocUsed:           0 kB
VmallocChunk:          0 kB
HardwareCorrupted:     0 kB
AnonHugePages:    716800 kB
ShmemHugePages:        0 kB
ShmemPmdMapped:        0 kB
HugePages_Total:       0
HugePages_Free:        0
HugePages_Rsvd:        0
HugePages_Surp:        0
Hugepagesize:       2048 kB
DirectMap4k:      273500 kB
DirectMap2M:     3805184 kB


CPU:total 2 (2 cores per cpu, 1 threads per core) family 6 model 55 stepping 8, cmov, cx8, fxsr, mmx, sse, sse2, sse3, ssse3, sse4.1, sse4.2, popcnt, clmul, erms, 3dnowpref, tsc, tscinvbit

/proc/cpuinfo:
processor	: 0
vendor_id	: GenuineIntel
cpu family	: 6
model		: 55
model name	: Intel(R) Celeron(R) CPU  N2830  @ 2.16GHz
stepping	: 8
microcode	: 0x815
cpu MHz		: 2415.638
cache size	: 1024 KB
physical id	: 0
siblings	: 2
core id		: 0
cpu cores	: 2
apicid		: 0
initial apicid	: 0
fpu		: yes
fpu_exception	: yes
cpuid level	: 11
wp		: yes
flags		: fpu vme de pse tsc msr pae mce cx8 apic sep mtrr pge mca cmov pat pse36 clflush dts acpi mmx fxsr sse sse2 ss ht tm pbe syscall nx rdtscp lm constant_tsc arch_perfmon pebs bts rep_good nopl xtopology tsc_reliable nonstop_tsc aperfmperf tsc_known_freq pni pclmulqdq dtes64 monitor ds_cpl vmx est tm2 ssse3 cx16 xtpr pdcm sse4_1 sse4_2 movbe popcnt tsc_deadline_timer rdrand lahf_lm 3dnowprefetch epb tpr_shadow vnmi flexpriority ept vpid tsc_adjust smep erms dtherm ida arat
bugs		:
bogomips	: 4333.08
clflush size	: 64
cache_alignment	: 64
address sizes	: 36 bits physical, 48 bits virtual
power management:

processor	: 1
vendor_id	: GenuineIntel
cpu family	: 6
model		: 55
model name	: Intel(R) Celeron(R) CPU  N2830  @ 2.16GHz
stepping	: 8
microcode	: 0x815
cpu MHz		: 2415.638
cache size	: 1024 KB
physical id	: 0
siblings	: 2
core id		: 1
cpu cores	: 2
apicid		: 2
initial apicid	: 2
fpu		: yes
fpu_exception	: yes
cpuid level	: 11
wp		: yes
flags		: fpu vme de pse tsc msr pae mce cx8 apic sep mtrr pge mca cmov pat pse36 clflush dts acpi mmx fxsr sse sse2 ss ht tm pbe syscall nx rdtscp lm constant_tsc arch_perfmon pebs bts rep_good nopl xtopology tsc_reliable nonstop_tsc aperfmperf tsc_known_freq pni pclmulqdq dtes64 monitor ds_cpl vmx est tm2 ssse3 cx16 xtpr pdcm sse4_1 sse4_2 movbe popcnt tsc_deadline_timer rdrand lahf_lm 3dnowprefetch epb tpr_shadow vnmi flexpriority ept vpid tsc_adjust smep erms dtherm ida arat
bugs		:
bogomips	: 4335.82
clflush size	: 64
cache_alignment	: 64
address sizes	: 36 bits physical, 48 bits virtual
power management:



Memory: 4k page, physical 3935600k(335040k free), swap 8388604k(8315752k free)

vm_info: OpenJDK 64-Bit Server VM (25.121-b13) for linux-amd64 JRE (1.8.0_121-b13), built on Jan 22 2017 09:22:31 by "builduser" with gcc 6.3.1 20170109

time: Sun Mar 19 01:15:54 2017
elapsed time: 132 seconds (0d 0h 2m 12s)

