#
# A fatal error has been detected by the Java Runtime Environment:
#
#  SIGSEGV (0xb) at pc=0x00007f3f9e750dde, pid=16392, tid=0x00007f3fdebac700
#
# JRE version: OpenJDK Runtime Environment (8.0_121-b13) (build 1.8.0_121-b13)
# Java VM: OpenJDK 64-Bit Server VM (25.121-b13 mixed mode linux-amd64 compressed oops)
# Problematic frame:
# C  [libjniopencv_core.so+0x1f1dde]  Java_org_bytedeco_javacpp_opencv_1core_00024MatVector_put__JLorg_bytedeco_javacpp_opencv_1core_00024Mat_2+0xde
#
# Core dump written. Default location: /home/andrey/IdeaProjects/scala-javacv/core or core.16392
#
# If you would like to submit a bug report, please visit:
#   http://bugreport.java.com/bugreport/crash.jsp
# The crash happened outside the Java Virtual Machine in native code.
# See problematic frame for where to report the bug.
#

---------------  T H R E A D  ---------------

Current thread (0x00007f3fd800e800):  JavaThread "main" [_thread_in_native, id=16398, stack(0x00007f3fdeaac000,0x00007f3fdebad000)]

siginfo: si_signo: 11 (SIGSEGV), si_code: 1 (SEGV_MAPERR), si_addr: 0x0000000000000049

Registers:
RAX=0x0000000000000035, RBX=0x00007f3fd8ac03f0, RCX=0x00007f3fd8ac0210, RDX=0x00000000ffffffff
RSP=0x00007f3fdebaaca0, RBP=0x00007f3fdebaad88, RSI=0x00007f3fdebaad70, RDI=0x00007f3fd800e9e0
R8 =0x00007f3fc5e11618, R9 =0x00000000ec9a0f28, R10=0x000000000000001c, R11=0x00007f3fdddafb74
R12=0x0000000000000005, R13=0x00007f3fd8ac0210, R14=0x00007f3fd8917260, R15=0x0000000000000000
RIP=0x00007f3f9e750dde, EFLAGS=0x0000000000010206, CSGSFS=0x002b000000000033, ERR=0x0000000000000006
  TRAPNO=0x000000000000000e

Top of Stack: (sp=0x00007f3fdebaaca0)
0x00007f3fdebaaca0:   00007f3fc5e11618 00007f3fd8ac0210
0x00007f3fdebaacb0:   00007f3fdebaad88 00007f3fc5e11618
0x00007f3fdebaacc0:   00007f3fdebaad50 0000000000000000
0x00007f3fdebaacd0:   00007f3fc5e11610 00007f3fdebaad88
0x00007f3fdebaace0:   00007f3fd800e800 00007f3fc89f01d4
0x00007f3fdebaacf0:   00007f3fdebaad50 00007f3fc89eff59
0x00007f3fdebaad00:   0000001f00000001 00007f3fc89eff22
0x00007f3fdebaad10:   00007f3fdebaad10 00007f3fc5e11610
0x00007f3fdebaad20:   00007f3fdebaad88 00007f3fc61eca08
0x00007f3fdebaad30:   0000000000000000 00007f3fc5e11618
0x00007f3fdebaad40:   0000000000000000 00007f3fdebaad70
0x00007f3fdebaad50:   00007f3fdebaadd0 00007f3fc89e0d80
0x00007f3fdebaad60:   0000000000000000 00007f3fc89ea27b
0x00007f3fdebaad70:   00000000ec9a0f28 0000000000000005
0x00007f3fdebaad80:   00007f3fc89e0d80 00000000ed1e55e0
0x00007f3fdebaad90:   00007f3fdebaad90 00007f3fc5e2428c
0x00007f3fdebaada0:   00007f3fdebaade8 00007f3fc5e5f538
0x00007f3fdebaadb0:   0000000000000000 00007f3fc5e242c0
0x00007f3fdebaadc0:   00007f3fdebaad70 00007f3fdebaade0
0x00007f3fdebaadd0:   00007f3fdebaae30 00007f3fc89e0d80
0x00007f3fdebaade0:   0000000000000000 00000000ed1e5528
0x00007f3fdebaadf0:   00007f3fdebaadf0 00007f3fc5e24785
0x00007f3fdebaae00:   00007f3fdebaae48 00007f3fc5e5f538
0x00007f3fdebaae10:   0000000000000000 00007f3fc5e247b8
0x00007f3fdebaae20:   00007f3fdebaade0 00007f3fdebaae40
0x00007f3fdebaae30:   00007f3fdebaae90 00007f3fc89e0d80
0x00007f3fdebaae40:   00000000ed1c5498 00000000ed1e5528
0x00007f3fdebaae50:   00007f3fdebaae50 00007f3f9c2c385d
0x00007f3fdebaae60:   00007f3fdebaaea8 00007f3f9c2c3a88
0x00007f3fdebaae70:   0000000000000000 00007f3f9c2c3870
0x00007f3fdebaae80:   00007f3fdebaae40 00007f3fdebaaea0
0x00007f3fdebaae90:   00007f3fdebaaef0 00007f3fc89e0e54 

Instructions: (pc=0x00007f3f9e750dde)
0x00007f3f9e750dbe:   cb 00 00 00 49 8b 45 38 48 85 c0 74 05 f0 83 40
0x00007f3f9e750dce:   14 01 48 8b 43 38 48 85 c0 74 13 ba ff ff ff ff
0x00007f3f9e750dde:   f0 0f c1 50 14 83 fa 01 0f 84 e4 00 00 00 44 8b
0x00007f3f9e750dee:   5b 04 48 c7 43 38 00 00 00 00 48 c7 43 10 00 00 

Register to memory mapping:

RAX=0x0000000000000035 is an unknown value
RBX=0x00007f3fd8ac03f0 is an unknown value
RCX=0x00007f3fd8ac0210 is an unknown value
RDX=0x00000000ffffffff is an unallocated location in the heap
RSP=0x00007f3fdebaaca0 is pointing into the stack for thread: 0x00007f3fd800e800
RBP=0x00007f3fdebaad88 is pointing into the stack for thread: 0x00007f3fd800e800
RSI=0x00007f3fdebaad70 is pointing into the stack for thread: 0x00007f3fd800e800
RDI=0x00007f3fd800e9e0 is an unknown value
R8 ={method} {0x00007f3fc5e11618} 'put' '(JLorg/bytedeco/javacpp/opencv_core$Mat;)Lorg/bytedeco/javacpp/opencv_core$MatVector;' in 'org/bytedeco/javacpp/opencv_core$MatVector'
R9 =0x00000000ec9a0f28 is an oop
org.bytedeco.javacpp.opencv_core$Mat 
 - klass: 'org/bytedeco/javacpp/opencv_core$Mat'
R10=0x000000000000001c is an unknown value
R11=0x00007f3fdddafb74: <offset 0xefab74> in /usr/lib/jvm/java-8-openjdk/jre/lib/amd64/server/libjvm.so at 0x00007f3fdceb5000
R12=0x0000000000000005 is an unknown value
R13=0x00007f3fd8ac0210 is an unknown value
R14=0x00007f3fd8917260 is an unknown value
R15=0x0000000000000000 is an unknown value


Stack: [0x00007f3fdeaac000,0x00007f3fdebad000],  sp=0x00007f3fdebaaca0,  free space=1019k
Native frames: (J=compiled Java code, j=interpreted, Vv=VM code, C=native code)
C  [libjniopencv_core.so+0x1f1dde]  Java_org_bytedeco_javacpp_opencv_1core_00024MatVector_put__JLorg_bytedeco_javacpp_opencv_1core_00024Mat_2+0xde
C  0x00007f3fdebaad90

Java frames: (J=compiled Java code, j=interpreted, Vv=VM code)
j  org.bytedeco.javacpp.opencv_core$MatVector.put(JLorg/bytedeco/javacpp/opencv_core$Mat;)Lorg/bytedeco/javacpp/opencv_core$MatVector;+0
j  ImageTextDetectionApp$.$anonfun$new$1(LImageTextDetectionApp$;I)Lorg/bytedeco/javacpp/opencv_core$MatVector;+44
j  ImageTextDetectionApp$.$anonfun$new$1$adapted(LImageTextDetectionApp$;Ljava/lang/Object;)Lorg/bytedeco/javacpp/opencv_core$MatVector;+5
j  ImageTextDetectionApp$$$Lambda$10.apply(Ljava/lang/Object;)Ljava/lang/Object;+5
j  scala.collection.immutable.Range.foreach(Lscala/Function1;)V+17
j  ImageTextDetectionApp$.delayedEndpoint$ImageTextDetectionApp$1()V+74
j  ImageTextDetectionApp$delayedInit$body.apply()Ljava/lang/Object;+4
j  scala.Function0.apply$mcV$sp()V+1
j  scala.Function0.apply$mcV$sp$(Lscala/Function0;)V+1
j  scala.runtime.AbstractFunction0.apply$mcV$sp()V+1
j  scala.App.$anonfun$main$1$adapted(Lscala/Function0;)Ljava/lang/Object;+1
j  scala.App$$Lambda$5.apply(Ljava/lang/Object;)Ljava/lang/Object;+4
j  scala.collection.immutable.List.foreach(Lscala/Function1;)V+14
j  scala.App.main([Ljava/lang/String;)V+33
j  scala.App.main$(Lscala/App;[Ljava/lang/String;)V+2
j  ImageTextDetectionApp$.main([Ljava/lang/String;)V+2
j  ImageTextDetectionApp.main([Ljava/lang/String;)V+4
v  ~StubRoutines::call_stub
j  sun.reflect.NativeMethodAccessorImpl.invoke0(Ljava/lang/reflect/Method;Ljava/lang/Object;[Ljava/lang/Object;)Ljava/lang/Object;+0
j  sun.reflect.NativeMethodAccessorImpl.invoke(Ljava/lang/Object;[Ljava/lang/Object;)Ljava/lang/Object;+100
j  sun.reflect.DelegatingMethodAccessorImpl.invoke(Ljava/lang/Object;[Ljava/lang/Object;)Ljava/lang/Object;+6
j  java.lang.reflect.Method.invoke(Ljava/lang/Object;[Ljava/lang/Object;)Ljava/lang/Object;+56
j  com.intellij.rt.execution.application.AppMain.main([Ljava/lang/String;)V+170
v  ~StubRoutines::call_stub

---------------  P R O C E S S  ---------------

Java Threads: ( => current thread )
  0x00007f3fd8c27000 JavaThread "JavaCPP Deallocator" daemon [_thread_blocked, id=16424, stack(0x00007f3f9e45e000,0x00007f3f9e55f000)]
  0x00007f3fd84b0000 JavaThread "Monitor Ctrl-Break" daemon [_thread_in_native, id=16420, stack(0x00007f3f9feff000,0x00007f3fa0000000)]
  0x00007f3fd80d8000 JavaThread "Service Thread" daemon [_thread_blocked, id=16418, stack(0x00007f3fc44a4000,0x00007f3fc45a5000)]
  0x00007f3fd80bb800 JavaThread "C1 CompilerThread1" daemon [_thread_blocked, id=16417, stack(0x00007f3fc45a5000,0x00007f3fc46a6000)]
  0x00007f3fd80b8800 JavaThread "C2 CompilerThread0" daemon [_thread_in_native, id=16416, stack(0x00007f3fc46a6000,0x00007f3fc47a7000)]
  0x00007f3fd80b7000 JavaThread "Signal Dispatcher" daemon [_thread_blocked, id=16415, stack(0x00007f3fc47a7000,0x00007f3fc48a8000)]
  0x00007f3fd8084000 JavaThread "Finalizer" daemon [_thread_blocked, id=16408, stack(0x00007f3fc4b71000,0x00007f3fc4c72000)]
  0x00007f3fd807f800 JavaThread "Reference Handler" daemon [_thread_blocked, id=16406, stack(0x00007f3fc4c72000,0x00007f3fc4d73000)]
=>0x00007f3fd800e800 JavaThread "main" [_thread_in_native, id=16398, stack(0x00007f3fdeaac000,0x00007f3fdebad000)]

Other Threads:
  0x00007f3fd8078000 VMThread [stack: 0x00007f3fc4d73000,0x00007f3fc4e74000] [id=16404]
  0x00007f3fd80db000 WatcherThread [stack: 0x00007f3fc43a3000,0x00007f3fc44a4000] [id=16419]

VM state:not at safepoint (normal execution)

VM Mutex/Monitor currently owned by a thread: None

Heap:
 PSYoungGen      total 18432K, used 12979K [0x00000000ebf80000, 0x00000000ed400000, 0x0000000100000000)
  eden space 15872K, 65% used [0x00000000ebf80000,0x00000000ec9ad0f0,0x00000000ecf00000)
  from space 2560K, 99% used [0x00000000ed180000,0x00000000ed3ffc10,0x00000000ed400000)
  to   space 2560K, 0% used [0x00000000ecf00000,0x00000000ecf00000,0x00000000ed180000)
 ParOldGen       total 42496K, used 1446K [0x00000000c3e00000, 0x00000000c6780000, 0x00000000ebf80000)
  object space 42496K, 3% used [0x00000000c3e00000,0x00000000c3f69a60,0x00000000c6780000)
 Metaspace       used 10806K, capacity 10968K, committed 11264K, reserved 1058816K
  class space    used 1348K, capacity 1410K, committed 1536K, reserved 1048576K

Card table byte_map: [0x00007f3fc8437000,0x00007f3fc8619000] byte_map_base: 0x00007f3fc7e18000

Marking Bits: (ParMarkBitMap*) 0x00007f3fdddaf260
 Begin Bits: [0x00007f3fc63e5000, 0x00007f3fc72ed000)
 End Bits:   [0x00007f3fc72ed000, 0x00007f3fc81f5000)

Polling page: 0x00007f3fdebd6000

CodeCache: size=245760Kb used=3343Kb max_used=3343Kb free=242416Kb
 bounds [0x00007f3fc89d9000, 0x00007f3fc8d29000, 0x00007f3fd79d9000]
 total_blobs=1205 nmethods=784 adapters=337
 compilation: enabled

Compilation events (10 events):
Event: 10.375 Thread 0x00007f3fd80bb800  784       3       java.util.Hashtable$Enumerator::nextElement (111 bytes)
Event: 10.379 Thread 0x00007f3fd80bb800 nmethod 784 0x00007f3fc8d1c050 code [0x00007f3fc8d1c1e0, 0x00007f3fc8d1c648]
Event: 10.382 Thread 0x00007f3fd80bb800  785       3       java.nio.Bits::byteOrder (20 bytes)
Event: 10.382 Thread 0x00007f3fd80bb800 nmethod 785 0x00007f3fc8d1c850 code [0x00007f3fc8d1c9c0, 0x00007f3fc8d1cb10]
Event: 10.384 Thread 0x00007f3fd80bb800  786       3       java.net.URI::checkPath (37 bytes)
Event: 10.385 Thread 0x00007f3fd80bb800 nmethod 786 0x00007f3fc8d1cb90 code [0x00007f3fc8d1cd40, 0x00007f3fc8d1d2f8]
Event: 10.385 Thread 0x00007f3fd80bb800  787       3       java.net.URI::toURL (29 bytes)
Event: 10.386 Thread 0x00007f3fd80bb800 nmethod 787 0x00007f3fc8d1d550 code [0x00007f3fc8d1d720, 0x00007f3fc8d1dd48]
Event: 10.386 Thread 0x00007f3fd80bb800  788       1       java.io.FilePermission::access$000 (5 bytes)
Event: 10.386 Thread 0x00007f3fd80bb800 nmethod 788 0x00007f3fc8d1df50 code [0x00007f3fc8d1e0a0, 0x00007f3fc8d1e190]

GC Heap History (4 events):
Event: 5.375 GC heap before
{Heap before GC invocations=1 (full 0):
 PSYoungGen      total 18432K, used 15872K [0x00000000ebf80000, 0x00000000ed400000, 0x0000000100000000)
  eden space 15872K, 100% used [0x00000000ebf80000,0x00000000ecf00000,0x00000000ecf00000)
  from space 2560K, 0% used [0x00000000ed180000,0x00000000ed180000,0x00000000ed400000)
  to   space 2560K, 0% used [0x00000000ecf00000,0x00000000ecf00000,0x00000000ed180000)
 ParOldGen       total 42496K, used 0K [0x00000000c3e00000, 0x00000000c6780000, 0x00000000ebf80000)
  object space 42496K, 0% used [0x00000000c3e00000,0x00000000c3e00000,0x00000000c6780000)
 Metaspace       used 7655K, capacity 7856K, committed 8064K, reserved 1056768K
  class space    used 814K, capacity 890K, committed 896K, reserved 1048576K
Event: 5.404 GC heap after
Heap after GC invocations=1 (full 0):
 PSYoungGen      total 18432K, used 2552K [0x00000000ebf80000, 0x00000000ed400000, 0x0000000100000000)
  eden space 15872K, 0% used [0x00000000ebf80000,0x00000000ebf80000,0x00000000ecf00000)
  from space 2560K, 99% used [0x00000000ecf00000,0x00000000ed17e258,0x00000000ed180000)
  to   space 2560K, 0% used [0x00000000ed180000,0x00000000ed180000,0x00000000ed400000)
 ParOldGen       total 42496K, used 1057K [0x00000000c3e00000, 0x00000000c6780000, 0x00000000ebf80000)
  object space 42496K, 2% used [0x00000000c3e00000,0x00000000c3f087b0,0x00000000c6780000)
 Metaspace       used 7655K, capacity 7856K, committed 8064K, reserved 1056768K
  class space    used 814K, capacity 890K, committed 896K, reserved 1048576K
}
Event: 8.881 GC heap before
{Heap before GC invocations=2 (full 0):
 PSYoungGen      total 18432K, used 18424K [0x00000000ebf80000, 0x00000000ed400000, 0x0000000100000000)
  eden space 15872K, 100% used [0x00000000ebf80000,0x00000000ecf00000,0x00000000ecf00000)
  from space 2560K, 99% used [0x00000000ecf00000,0x00000000ed17e258,0x00000000ed180000)
  to   space 2560K, 0% used [0x00000000ed180000,0x00000000ed180000,0x00000000ed400000)
 ParOldGen       total 42496K, used 1057K [0x00000000c3e00000, 0x00000000c6780000, 0x00000000ebf80000)
  object space 42496K, 2% used [0x00000000c3e00000,0x00000000c3f087b0,0x00000000c6780000)
 Metaspace       used 9352K, capacity 9526K, committed 9600K, reserved 1058816K
  class space    used 1020K, capacity 1083K, committed 1152K, reserved 1048576K
Event: 8.889 GC heap after
Heap after GC invocations=2 (full 0):
 PSYoungGen      total 18432K, used 2559K [0x00000000ebf80000, 0x00000000ed400000, 0x0000000100000000)
  eden space 15872K, 0% used [0x00000000ebf80000,0x00000000ebf80000,0x00000000ecf00000)
  from space 2560K, 99% used [0x00000000ed180000,0x00000000ed3ffc10,0x00000000ed400000)
  to   space 2560K, 0% used [0x00000000ecf00000,0x00000000ecf00000,0x00000000ed180000)
 ParOldGen       total 42496K, used 1446K [0x00000000c3e00000, 0x00000000c6780000, 0x00000000ebf80000)
  object space 42496K, 3% used [0x00000000c3e00000,0x00000000c3f69a60,0x00000000c6780000)
 Metaspace       used 9352K, capacity 9526K, committed 9600K, reserved 1058816K
  class space    used 1020K, capacity 1083K, committed 1152K, reserved 1048576K
}

Deoptimization events (2 events):
Event: 3.361 Thread 0x00007f3fd800e800 Uncommon trap: reason=unstable_if action=reinterpret pc=0x00007f3fc8af13f4 method=java.lang.String.hashCode()I @ 14
Event: 4.894 Thread 0x00007f3fd800e800 Uncommon trap: reason=unstable_if action=reinterpret pc=0x00007f3fc8be059c method=java.util.HashMap.getNode(ILjava/lang/Object;)Ljava/util/HashMap$Node; @ 62

Internal exceptions (10 events):
Event: 3.707 Thread 0x00007f3fd800e800 Exception <a 'java/security/PrivilegedActionException'> (0x00000000ec6ff2f8) thrown at [/build/java8-openjdk/src/jdk8u-jdk8u121-b13/hotspot/src/share/vm/prims/jvm.cpp, line 1390]
Event: 3.707 Thread 0x00007f3fd800e800 Exception <a 'java/security/PrivilegedActionException'> (0x00000000ec6fff40) thrown at [/build/java8-openjdk/src/jdk8u-jdk8u121-b13/hotspot/src/share/vm/prims/jvm.cpp, line 1390]
Event: 3.707 Thread 0x00007f3fd800e800 Exception <a 'java/security/PrivilegedActionException'> (0x00000000ec700338) thrown at [/build/java8-openjdk/src/jdk8u-jdk8u121-b13/hotspot/src/share/vm/prims/jvm.cpp, line 1390]
Event: 4.023 Thread 0x00007f3fd800e800 Exception <a 'java/lang/NoSuchFieldError': method resolution failed> (0x00000000ec8c2c40) thrown at [/build/java8-openjdk/src/jdk8u-jdk8u121-b13/hotspot/src/share/vm/prims/methodHandles.cpp, line 1146]
Event: 4.029 Thread 0x00007f3fd800e800 Exception <a 'java/lang/NoSuchFieldError': method resolution failed> (0x00000000ec8d0410) thrown at [/build/java8-openjdk/src/jdk8u-jdk8u121-b13/hotspot/src/share/vm/prims/methodHandles.cpp, line 1146]
Event: 4.046 Thread 0x00007f3fd800e800 Exception <a 'java/lang/NoSuchMethodError': java.lang.Object.$anonfun$releaseVersion$1$adapted(Ljava/lang/String;)Ljava/lang/Object;> (0x00000000ec8f7310) thrown at [/build/java8-openjdk/src/jdk8u-jdk8u121-b13/hotspot/src/share/vm/interpreter/linkResolver
Event: 4.103 Thread 0x00007f3fd800e800 Exception <a 'java/lang/NoSuchMethodError': java.lang.Object.$anonfun$releaseVersion$2(Ljava/lang/String;)Ljava/lang/String;> (0x00000000ec918bd8) thrown at [/build/java8-openjdk/src/jdk8u-jdk8u121-b13/hotspot/src/share/vm/interpreter/linkResolver.cpp, li
Event: 4.111 Thread 0x00007f3fd800e800 Exception <a 'java/lang/NoSuchMethodError': java.lang.Object.$anonfun$developmentVersion$1$adapted(Ljava/lang/String;)Ljava/lang/Object;> (0x00000000ec929ff0) thrown at [/build/java8-openjdk/src/jdk8u-jdk8u121-b13/hotspot/src/share/vm/interpreter/linkReso
Event: 4.113 Thread 0x00007f3fd800e800 Exception <a 'java/lang/NoSuchMethodError': java.lang.Object.$anonfun$developmentVersion$2(Lscala/util/PropertiesTrait;Ljava/lang/String;)Lscala/Option;> (0x00000000ec92d740) thrown at [/build/java8-openjdk/src/jdk8u-jdk8u121-b13/hotspot/src/share/vm/inte
Event: 4.805 Thread 0x00007f3fd800e800 Exception <a 'java/lang/NoSuchMethodError': java.lang.Object.$anonfun$main$1$adapted(Lscala/Function0;)Ljava/lang/Object;> (0x00000000ecbed3b8) thrown at [/build/java8-openjdk/src/jdk8u-jdk8u121-b13/hotspot/src/share/vm/interpreter/linkResolver.cpp, line 

Events (10 events):
Event: 10.236 loading class scala/collection/immutable/Range
Event: 10.236 loading class scala/collection/immutable/Range done
Event: 10.240 loading class scala/collection/immutable/Range$Inclusive
Event: 10.240 loading class scala/collection/immutable/Range$Inclusive done
Event: 10.244 loading class ImageTextDetectionApp$
Event: 10.244 loading class ImageTextDetectionApp$ done
Event: 10.245 loading class org/bytedeco/javacpp/opencv_core$MatVector
Event: 10.245 loading class org/bytedeco/javacpp/opencv_core$MatVector done
Event: 10.245 loading class ImageTextDetectionApp$
Event: 10.245 loading class ImageTextDetectionApp$ done


Dynamic libraries:
00400000-00401000 r-xp 00000000 00:13 1620704                            /usr/lib/jvm/java-8-openjdk/jre/bin/java
00600000-00601000 r--p 00000000 00:13 1620704                            /usr/lib/jvm/java-8-openjdk/jre/bin/java
00601000-00602000 rw-p 00001000 00:13 1620704                            /usr/lib/jvm/java-8-openjdk/jre/bin/java
00975000-00996000 rw-p 00000000 00:00 0                                  [heap]
c3e00000-c6780000 rw-p 00000000 00:00 0 
c6780000-ebf80000 ---p 00000000 00:00 0 
ebf80000-ed400000 rw-p 00000000 00:00 0 
ed400000-100000000 ---p 00000000 00:00 0 
100000000-100180000 rw-p 00000000 00:00 0 
100180000-140000000 ---p 00000000 00:00 0 
7f3f8056e000-7f3f80d3d000 rw-p 00000000 00:00 0 
7f3f824aa000-7f3f824ab000 ---p 00000000 00:00 0 
7f3f824ab000-7f3f82cab000 rwxp 00000000 00:00 0 
7f3f84417000-7f3f85b84000 rw-p 00000000 00:00 0 
7f3f872f1000-7f3f8735d000 r-xp 00000000 00:13 2418409                    /home/andrey/.javacpp/cache/opencv-3.2.0-1.3-linux-x86_64.jar/org/bytedeco/javacpp/linux-x86_64/libjniopencv_text.so
7f3f8735d000-7f3f8755c000 ---p 0006c000 00:13 2418409                    /home/andrey/.javacpp/cache/opencv-3.2.0-1.3-linux-x86_64.jar/org/bytedeco/javacpp/linux-x86_64/libjniopencv_text.so
7f3f8755c000-7f3f8755d000 rw-p 0006b000 00:13 2418409                    /home/andrey/.javacpp/cache/opencv-3.2.0-1.3-linux-x86_64.jar/org/bytedeco/javacpp/linux-x86_64/libjniopencv_text.so
7f3f8755d000-7f3f87594000 r-xp 00000000 00:13 2420372                    /usr/lib/libtbb.so.2
7f3f87594000-7f3f87793000 ---p 00037000 00:13 2420372                    /usr/lib/libtbb.so.2
7f3f87793000-7f3f87795000 r--p 00036000 00:13 2420372                    /usr/lib/libtbb.so.2
7f3f87795000-7f3f87797000 rw-p 00038000 00:13 2420372                    /usr/lib/libtbb.so.2
7f3f87797000-7f3f8779a000 rw-p 00000000 00:00 0 
7f3f8779a000-7f3f877eb000 r-xp 00000000 00:13 2421218                    /usr/lib/libopencv_flann.so.3.2.0
7f3f877eb000-7f3f879eb000 ---p 00051000 00:13 2421218                    /usr/lib/libopencv_flann.so.3.2.0
7f3f879eb000-7f3f879ed000 r--p 00051000 00:13 2421218                    /usr/lib/libopencv_flann.so.3.2.0
7f3f879ed000-7f3f879ee000 rw-p 00053000 00:13 2421218                    /usr/lib/libopencv_flann.so.3.2.0
7f3f879ee000-7f3f87aa2000 r-xp 00000000 00:13 2421242                    /usr/lib/libopencv_features2d.so.3.2.0
7f3f87aa2000-7f3f87ca1000 ---p 000b4000 00:13 2421242                    /usr/lib/libopencv_features2d.so.3.2.0
7f3f87ca1000-7f3f87ca4000 r--p 000b3000 00:13 2421242                    /usr/lib/libopencv_features2d.so.3.2.0
7f3f87ca4000-7f3f87ca6000 rw-p 000b6000 00:13 2421242                    /usr/lib/libopencv_features2d.so.3.2.0
7f3f87ca6000-7f3f87d09000 r-xp 00000000 00:13 2418408                    /home/andrey/.javacpp/cache/opencv-3.2.0-1.3-linux-x86_64.jar/org/bytedeco/javacpp/linux-x86_64/libopencv_text.so.3.2
7f3f87d09000-7f3f87f09000 ---p 00063000 00:13 2418408                    /home/andrey/.javacpp/cache/opencv-3.2.0-1.3-linux-x86_64.jar/org/bytedeco/javacpp/linux-x86_64/libopencv_text.so.3.2
7f3f87f09000-7f3f87f0b000 rw-p 00063000 00:13 2418408                    /home/andrey/.javacpp/cache/opencv-3.2.0-1.3-linux-x86_64.jar/org/bytedeco/javacpp/linux-x86_64/libopencv_text.so.3.2
7f3f87f0b000-7f3f87fce000 rw-p 00000000 00:00 0 
7f3f87fce000-7f3f88014000 r-xp 00000000 00:13 2418407                    /home/andrey/.javacpp/cache/opencv-3.2.0-1.3-linux-x86_64.jar/org/bytedeco/javacpp/linux-x86_64/libjniopencv_ml.so
7f3f88014000-7f3f88214000 ---p 00046000 00:13 2418407                    /home/andrey/.javacpp/cache/opencv-3.2.0-1.3-linux-x86_64.jar/org/bytedeco/javacpp/linux-x86_64/libjniopencv_ml.so
7f3f88214000-7f3f88215000 rw-p 00046000 00:13 2418407                    /home/andrey/.javacpp/cache/opencv-3.2.0-1.3-linux-x86_64.jar/org/bytedeco/javacpp/linux-x86_64/libjniopencv_ml.so
7f3f88215000-7f3f882ad000 r-xp 00000000 00:13 2418406                    /home/andrey/.javacpp/cache/opencv-3.2.0-1.3-linux-x86_64.jar/org/bytedeco/javacpp/linux-x86_64/libopencv_ml.so.3.2
7f3f882ad000-7f3f884ac000 ---p 00098000 00:13 2418406                    /home/andrey/.javacpp/cache/opencv-3.2.0-1.3-linux-x86_64.jar/org/bytedeco/javacpp/linux-x86_64/libopencv_ml.so.3.2
7f3f884ac000-7f3f884b0000 rw-p 00097000 00:13 2418406                    /home/andrey/.javacpp/cache/opencv-3.2.0-1.3-linux-x86_64.jar/org/bytedeco/javacpp/linux-x86_64/libopencv_ml.so.3.2
7f3f884b0000-7f3f884f1000 r-xp 00000000 00:13 2418405                    /home/andrey/.javacpp/cache/opencv-3.2.0-1.3-linux-x86_64.jar/org/bytedeco/javacpp/linux-x86_64/libjniopencv_highgui.so
7f3f884f1000-7f3f886f1000 ---p 00041000 00:13 2418405                    /home/andrey/.javacpp/cache/opencv-3.2.0-1.3-linux-x86_64.jar/org/bytedeco/javacpp/linux-x86_64/libjniopencv_highgui.so
7f3f886f1000-7f3f886f2000 rw-p 00041000 00:13 2418405                    /home/andrey/.javacpp/cache/opencv-3.2.0-1.3-linux-x86_64.jar/org/bytedeco/javacpp/linux-x86_64/libjniopencv_highgui.so
7f3f886f2000-7f3f886fd000 r-xp 00000000 00:13 2418404                    /home/andrey/.javacpp/cache/opencv-3.2.0-1.3-linux-x86_64.jar/org/bytedeco/javacpp/linux-x86_64/libopencv_highgui.so.3.2
7f3f886fd000-7f3f888fc000 ---p 0000b000 00:13 2418404                    /home/andrey/.javacpp/cache/opencv-3.2.0-1.3-linux-x86_64.jar/org/bytedeco/javacpp/linux-x86_64/libopencv_highgui.so.3.2
7f3f888fc000-7f3f888fd000 rw-p 0000a000 00:13 2418404                    /home/andrey/.javacpp/cache/opencv-3.2.0-1.3-linux-x86_64.jar/org/bytedeco/javacpp/linux-x86_64/libopencv_highgui.so.3.2
7f3f888fd000-7f3f88912000 r-xp 00000000 00:13 2418403                    /home/andrey/.javacpp/cache/opencv-3.2.0-1.3-linux-x86_64.jar/org/bytedeco/javacpp/linux-x86_64/libjniopencv_videoio.so
7f3f88912000-7f3f88b12000 ---p 00015000 00:13 2418403                    /home/andrey/.javacpp/cache/opencv-3.2.0-1.3-linux-x86_64.jar/org/bytedeco/javacpp/linux-x86_64/libjniopencv_videoio.so
7f3f88b12000-7f3f88b13000 rw-p 00015000 00:13 2418403                    /home/andrey/.javacpp/cache/opencv-3.2.0-1.3-linux-x86_64.jar/org/bytedeco/javacpp/linux-x86_64/libjniopencv_videoio.so
7f3f88b13000-7f3f88b1a000 r-xp 00000000 00:13 2026335                    /usr/lib/libdatrie.so.1.3.3
7f3f88b1a000-7f3f88d19000 ---p 00007000 00:13 2026335                    /usr/lib/libdatrie.so.1.3.3
7f3f88d19000-7f3f88d1a000 r--p 00006000 00:13 2026335                    /usr/lib/libdatrie.so.1.3.3
7f3f88d1a000-7f3f88d1b000 rw-p 00007000 00:13 2026335                    /usr/lib/libdatrie.so.1.3.3
7f3f88d1b000-7f3f88d2b000 r-xp 00000000 00:13 2117097                    /usr/lib/libGLX.so.0.0.0
7f3f88d2b000-7f3f88f2a000 ---p 00010000 00:13 2117097                    /usr/lib/libGLX.so.0.0.0
7f3f88f2a000-7f3f88f2b000 r--p 0000f000 00:13 2117097                    /usr/lib/libGLX.so.0.0.0
7f3f88f2b000-7f3f88f2c000 rw-p 00010000 00:13 2117097                    /usr/lib/libGLX.so.0.0.0
7f3f88f2c000-7f3f88f4c000 rw-p 00000000 00:00 0 
7f3f88f4c000-7f3f88f51000 r-xp 00000000 00:13 42076                      /usr/lib/libXdmcp.so.6.0.0
7f3f88f51000-7f3f89150000 ---p 00005000 00:13 42076                      /usr/lib/libXdmcp.so.6.0.0
7f3f89150000-7f3f89151000 r--p 00004000 00:13 42076                      /usr/lib/libXdmcp.so.6.0.0
7f3f89151000-7f3f89152000 rw-p 00005000 00:13 42076                      /usr/lib/libXdmcp.so.6.0.0
7f3f89152000-7f3f89154000 r-xp 00000000 00:13 42085                      /usr/lib/libXau.so.6.0.0
7f3f89154000-7f3f89354000 ---p 00002000 00:13 42085                      /usr/lib/libXau.so.6.0.0
7f3f89354000-7f3f89355000 r--p 00002000 00:13 42085                      /usr/lib/libXau.so.6.0.0
7f3f89355000-7f3f89356000 rw-p 00003000 00:13 42085                      /usr/lib/libXau.so.6.0.0
7f3f89356000-7f3f893c4000 r-xp 00000000 00:13 2117094                    /usr/lib/libGLdispatch.so.0.0.0
7f3f893c4000-7f3f895c3000 ---p 0006e000 00:13 2117094                    /usr/lib/libGLdispatch.so.0.0.0
7f3f895c3000-7f3f895eb000 r--p 0006d000 00:13 2117094                    /usr/lib/libGLdispatch.so.0.0.0
7f3f895eb000-7f3f895ec000 rw-p 00095000 00:13 2117094                    /usr/lib/libGLdispatch.so.0.0.0
7f3f895ec000-7f3f8960c000 rw-p 00000000 00:00 0 
7f3f8960c000-7f3f89636000 r-xp 00000000 00:13 586151                     /usr/lib/libgraphite2.so.3.0.1
7f3f89636000-7f3f89835000 ---p 0002a000 00:13 586151                     /usr/lib/libgraphite2.so.3.0.1
7f3f89835000-7f3f89837000 r--p 00029000 00:13 586151                     /usr/lib/libgraphite2.so.3.0.1
7f3f89837000-7f3f89838000 rw-p 0002b000 00:13 586151                     /usr/lib/libgraphite2.so.3.0.1
7f3f89838000-7f3f8983c000 r-xp 00000000 00:13 2024957                    /usr/lib/libuuid.so.1.3.0
7f3f8983c000-7f3f89a3b000 ---p 00004000 00:13 2024957                    /usr/lib/libuuid.so.1.3.0
7f3f89a3b000-7f3f89a3c000 r--p 00003000 00:13 2024957                    /usr/lib/libuuid.so.1.3.0
7f3f89a3c000-7f3f89a3d000 rw-p 00004000 00:13 2024957                    /usr/lib/libuuid.so.1.3.0
7f3f89a3d000-7f3f89a7e000 r-xp 00000000 00:13 2024958                    /usr/lib/libblkid.so.1.1.0
7f3f89a7e000-7f3f89c7d000 ---p 00041000 00:13 2024958                    /usr/lib/libblkid.so.1.1.0
7f3f89c7d000-7f3f89c81000 r--p 00040000 00:13 2024958                    /usr/lib/libblkid.so.1.1.0
7f3f89c81000-7f3f89c82000 rw-p 00044000 00:13 2024958                    /usr/lib/libblkid.so.1.1.0
7f3f89c82000-7f3f89c83000 rw-p 00000000 00:00 0 
7f3f89c83000-7f3f89cf5000 r-xp 00000000 00:13 1605008                    /usr/lib/libpcre.so.1.2.8
7f3f89cf5000-7f3f89ef4000 ---p 00072000 00:13 1605008                    /usr/lib/libpcre.so.1.2.8
7f3f89ef4000-7f3f89ef5000 r--p 00071000 00:13 1605008                    /usr/lib/libpcre.so.1.2.8
7f3f89ef5000-7f3f89ef6000 rw-p 00072000 00:13 1605008                    /usr/lib/libpcre.so.1.2.8
7f3f89ef6000-7f3f89efd000 r-xp 00000000 00:13 17402                      /usr/lib/libffi.so.6.0.4
7f3f89efd000-7f3f8a0fd000 ---p 00007000 00:13 17402                      /usr/lib/libffi.so.6.0.4
7f3f8a0fd000-7f3f8a0fe000 r--p 00007000 00:13 17402                      /usr/lib/libffi.so.6.0.4
7f3f8a0fe000-7f3f8a0ff000 rw-p 00008000 00:13 17402                      /usr/lib/libffi.so.6.0.4
7f3f8a0ff000-7f3f8a126000 r-xp 00000000 00:13 12033                      /usr/lib/libexpat.so.1.6.2
7f3f8a126000-7f3f8a326000 ---p 00027000 00:13 12033                      /usr/lib/libexpat.so.1.6.2
7f3f8a326000-7f3f8a328000 r--p 00027000 00:13 12033                      /usr/lib/libexpat.so.1.6.2
7f3f8a328000-7f3f8a329000 rw-p 00029000 00:13 12033                      /usr/lib/libexpat.so.1.6.2
7f3f8a329000-7f3f8a338000 r-xp 00000000 00:13 1313099                    /usr/lib/libbz2.so.1.0.6
7f3f8a338000-7f3f8a537000 ---p 0000f000 00:13 1313099                    /usr/lib/libbz2.so.1.0.6
7f3f8a537000-7f3f8a538000 r--p 0000e000 00:13 1313099                    /usr/lib/libbz2.so.1.0.6
7f3f8a538000-7f3f8a539000 rw-p 0000f000 00:13 1313099                    /usr/lib/libbz2.so.1.0.6
7f3f8a539000-7f3f8a541000 r-xp 00000000 00:13 1621406                    /usr/lib/libthai.so.0.3.0
7f3f8a541000-7f3f8a741000 ---p 00008000 00:13 1621406                    /usr/lib/libthai.so.0.3.0
7f3f8a741000-7f3f8a742000 r--p 00008000 00:13 1621406                    /usr/lib/libthai.so.0.3.0
7f3f8a742000-7f3f8a743000 rw-p 00009000 00:13 1621406                    /usr/lib/libthai.so.0.3.0
7f3f8a743000-7f3f8a7b3000 r-xp 00000000 00:13 2117098                    /usr/lib/libGL.so.1.0.0
7f3f8a7b3000-7f3f8a9b2000 ---p 00070000 00:13 2117098                    /usr/lib/libGL.so.1.0.0
7f3f8a9b2000-7f3f8a9cc000 r--p 0006f000 00:13 2117098                    /usr/lib/libGL.so.1.0.0
7f3f8a9cc000-7f3f8a9cd000 rw-p 00089000 00:13 2117098                    /usr/lib/libGL.so.1.0.0
7f3f8a9cd000-7f3f8a9ce000 rw-p 00000000 00:00 0 
7f3f8a9ce000-7f3f8a9da000 r-xp 00000000 00:13 42162                      /usr/lib/libxcb-render.so.0.0.0
7f3f8a9da000-7f3f8abda000 ---p 0000c000 00:13 42162                      /usr/lib/libxcb-render.so.0.0.0
7f3f8abda000-7f3f8abdb000 r--p 0000c000 00:13 42162                      /usr/lib/libxcb-render.so.0.0.0
7f3f8abdb000-7f3f8abdc000 rw-p 0000d000 00:13 42162                      /usr/lib/libxcb-render.so.0.0.0
7f3f8abdc000-7f3f8ac04000 r-xp 00000000 00:13 42152                      /usr/lib/libxcb.so.1.1.0
7f3f8ac04000-7f3f8ae03000 ---p 00028000 00:13 42152                      /usr/lib/libxcb.so.1.1.0
7f3f8ae03000-7f3f8ae04000 r--p 00027000 00:13 42152                      /usr/lib/libxcb.so.1.1.0
7f3f8ae04000-7f3f8ae05000 rw-p 00028000 00:13 42152                      /usr/lib/libxcb.so.1.1.0
7f3f8ae05000-7f3f8ae07000 r-xp 00000000 00:13 42166                      /usr/lib/libxcb-shm.so.0.0.0
7f3f8ae07000-7f3f8b007000 ---p 00002000 00:13 42166                      /usr/lib/libxcb-shm.so.0.0.0
7f3f8b007000-7f3f8b008000 r--p 00002000 00:13 42166                      /usr/lib/libxcb-shm.so.0.0.0
7f3f8b008000-7f3f8b009000 rw-p 00003000 00:13 42166                      /usr/lib/libxcb-shm.so.0.0.0
7f3f8b009000-7f3f8b01b000 r-xp 00000000 00:13 2117096                    /usr/lib/libEGL.so.1.0.0
7f3f8b01b000-7f3f8b21a000 ---p 00012000 00:13 2117096                    /usr/lib/libEGL.so.1.0.0
7f3f8b21a000-7f3f8b21b000 r--p 00011000 00:13 2117096                    /usr/lib/libEGL.so.1.0.0
7f3f8b21b000-7f3f8b21c000 rw-p 00012000 00:13 2117096                    /usr/lib/libEGL.so.1.0.0
7f3f8b21c000-7f3f8b2bb000 r-xp 00000000 00:13 46386                      /usr/lib/libpixman-1.so.0.34.0
7f3f8b2bb000-7f3f8b4bb000 ---p 0009f000 00:13 46386                      /usr/lib/libpixman-1.so.0.34.0
7f3f8b4bb000-7f3f8b4c3000 r--p 0009f000 00:13 46386                      /usr/lib/libpixman-1.so.0.34.0
7f3f8b4c3000-7f3f8b4c4000 rw-p 000a7000 00:13 46386                      /usr/lib/libpixman-1.so.0.34.0
7f3f8b4c4000-7f3f8b4f9000 r-xp 00000000 00:13 1420659                    /usr/lib/libpng16.so.16.28.0
7f3f8b4f9000-7f3f8b6f8000 ---p 00035000 00:13 1420659                    /usr/lib/libpng16.so.16.28.0
7f3f8b6f8000-7f3f8b6f9000 r--p 00034000 00:13 1420659                    /usr/lib/libpng16.so.16.28.0
7f3f8b6f9000-7f3f8b6fa000 rw-p 00035000 00:13 1420659                    /usr/lib/libpng16.so.16.28.0
7f3f8b6fa000-7f3f8b788000 r-xp 00000000 00:13 2362619                    /usr/lib/libharfbuzz.so.0.10400.5
7f3f8b788000-7f3f8b987000 ---p 0008e000 00:13 2362619                    /usr/lib/libharfbuzz.so.0.10400.5
7f3f8b987000-7f3f8b989000 r--p 0008d000 00:13 2362619                    /usr/lib/libharfbuzz.so.0.10400.5
7f3f8b989000-7f3f8b98a000 rw-p 0008f000 00:13 2362619                    /usr/lib/libharfbuzz.so.0.10400.5
7f3f8b98a000-7f3f8b9d4000 r-xp 00000000 00:13 2024959                    /usr/lib/libmount.so.1.1.0
7f3f8b9d4000-7f3f8bbd4000 ---p 0004a000 00:13 2024959                    /usr/lib/libmount.so.1.1.0
7f3f8bbd4000-7f3f8bbd5000 r--p 0004a000 00:13 2024959                    /usr/lib/libmount.so.1.1.0
7f3f8bbd5000-7f3f8bbd6000 rw-p 0004b000 00:13 2024959                    /usr/lib/libmount.so.1.1.0
7f3f8bbd6000-7f3f8bbd8000 rw-p 00000000 00:00 0 
7f3f8bbd8000-7f3f8bbeb000 r-xp 00000000 00:13 2157401                    /usr/lib/libresolv-2.25.so
7f3f8bbeb000-7f3f8bdea000 ---p 00013000 00:13 2157401                    /usr/lib/libresolv-2.25.so
7f3f8bdea000-7f3f8bdeb000 r--p 00012000 00:13 2157401                    /usr/lib/libresolv-2.25.so
7f3f8bdeb000-7f3f8bdec000 rw-p 00013000 00:13 2157401                    /usr/lib/libresolv-2.25.so
7f3f8bdec000-7f3f8bdee000 rw-p 00000000 00:00 0 
7f3f8bdee000-7f3f8bdff000 r-xp 00000000 00:13 45923                      /usr/lib/libXext.so.6.4.0
7f3f8bdff000-7f3f8bffe000 ---p 00011000 00:13 45923                      /usr/lib/libXext.so.6.4.0
7f3f8bffe000-7f3f8bfff000 r--p 00010000 00:13 45923                      /usr/lib/libXext.so.6.4.0
7f3f8bfff000-7f3f8c000000 rw-p 00011000 00:13 45923                      /usr/lib/libXext.so.6.4.0
7f3f8c000000-7f3f8c021000 rw-p 00000000 00:00 0 
7f3f8c021000-7f3f90000000 ---p 00000000 00:00 0 
7f3f90180000-7f3f90182000 r-xp 00000000 00:13 46013                      /usr/lib/libXdamage.so.1.1.0
7f3f90182000-7f3f90381000 ---p 00002000 00:13 46013                      /usr/lib/libXdamage.so.1.1.0
7f3f90381000-7f3f90382000 r--p 00001000 00:13 46013                      /usr/lib/libXdamage.so.1.1.0
7f3f90382000-7f3f90383000 rw-p 00002000 00:13 46013                      /usr/lib/libXdamage.so.1.1.0
7f3f90383000-7f3f90385000 r-xp 00000000 00:13 49664                      /usr/lib/libXcomposite.so.1.0.0
7f3f90385000-7f3f90584000 ---p 00002000 00:13 49664                      /usr/lib/libXcomposite.so.1.0.0
7f3f90584000-7f3f90585000 r--p 00001000 00:13 49664                      /usr/lib/libXcomposite.so.1.0.0
7f3f90585000-7f3f90586000 rw-p 00002000 00:13 49664                      /usr/lib/libXcomposite.so.1.0.0
7f3f90586000-7f3f90590000 r-xp 00000000 00:13 49470                      /usr/lib/libXcursor.so.1.0.2
7f3f90590000-7f3f9078f000 ---p 0000a000 00:13 49470                      /usr/lib/libXcursor.so.1.0.2
7f3f9078f000-7f3f90790000 r--p 00009000 00:13 49470                      /usr/lib/libXcursor.so.1.0.2
7f3f90790000-7f3f90791000 rw-p 0000a000 00:13 49470                      /usr/lib/libXcursor.so.1.0.2
7f3f90791000-7f3f9079b000 r-xp 00000000 00:13 49332                      /usr/lib/libXrandr.so.2.2.0
7f3f9079b000-7f3f9099a000 ---p 0000a000 00:13 49332                      /usr/lib/libXrandr.so.2.2.0
7f3f9099a000-7f3f9099b000 r--p 00009000 00:13 49332                      /usr/lib/libXrandr.so.2.2.0
7f3f9099b000-7f3f9099c000 rw-p 0000a000 00:13 49332                      /usr/lib/libXrandr.so.2.2.0
7f3f9099c000-7f3f909ab000 r-xp 00000000 00:13 1621381                    /usr/lib/libXi.so.6.1.0
7f3f909ab000-7f3f90bab000 ---p 0000f000 00:13 1621381                    /usr/lib/libXi.so.6.1.0
7f3f90bab000-7f3f90bac000 r--p 0000f000 00:13 1621381                    /usr/lib/libXi.so.6.1.0
7f3f90bac000-7f3f90bad000 rw-p 00010000 00:13 1621381                    /usr/lib/libXi.so.6.1.0
7f3f90bad000-7f3f90baf000 r-xp 00000000 00:13 49376                      /usr/lib/libXinerama.so.1.0.0
7f3f90baf000-7f3f90dae000 ---p 00002000 00:13 49376                      /usr/lib/libXinerama.so.1.0.0
7f3f90dae000-7f3f90daf000 r--p 00001000 00:13 49376                      /usr/lib/libXinerama.so.1.0.0
7f3f90daf000-7f3f90db0000 rw-p 00002000 00:13 49376                      /usr/lib/libXinerama.so.1.0.0
7f3f90db0000-7f3f90db9000 r-xp 00000000 00:13 49308                      /usr/lib/libXrender.so.1.3.0
7f3f90db9000-7f3f90fb9000 ---p 00009000 00:13 49308                      /usr/lib/libXrender.so.1.3.0
7f3f90fb9000-7f3f90fba000 r--p 00009000 00:13 49308                      /usr/lib/libXrender.so.1.3.0
7f3f90fba000-7f3f90fbb000 rw-p 0000a000 00:13 49308                      /usr/lib/libXrender.so.1.3.0
7f3f90fbb000-7f3f90fc0000 r-xp 00000000 00:13 45985                      /usr/lib/libXfixes.so.3.1.0
7f3f90fc0000-7f3f911bf000 ---p 00005000 00:13 45985                      /usr/lib/libXfixes.so.3.1.0
7f3f911bf000-7f3f911c0000 r--p 00004000 00:13 45985                      /usr/lib/libXfixes.so.3.1.0
7f3f911c0000-7f3f911c1000 rw-p 00005000 00:13 45985                      /usr/lib/libXfixes.so.3.1.0
7f3f911c1000-7f3f912fa000 r-xp 00000000 00:13 2117005                    /usr/lib/libX11.so.6.3.0
7f3f912fa000-7f3f914fa000 ---p 00139000 00:13 2117005                    /usr/lib/libX11.so.6.3.0
7f3f914fa000-7f3f914fb000 r--p 00139000 00:13 2117005                    /usr/lib/libX11.so.6.3.0
7f3f914fb000-7f3f91500000 rw-p 0013a000 00:13 2117005                    /usr/lib/libX11.so.6.3.0
7f3f91500000-7f3f91611000 r-xp 00000000 00:13 1944044                    /usr/lib/libglib-2.0.so.0.5000.3
7f3f91611000-7f3f91810000 ---p 00111000 00:13 1944044                    /usr/lib/libglib-2.0.so.0.5000.3
7f3f91810000-7f3f91811000 r--p 00110000 00:13 1944044                    /usr/lib/libglib-2.0.so.0.5000.3
7f3f91811000-7f3f91812000 rw-p 00111000 00:13 1944044                    /usr/lib/libglib-2.0.so.0.5000.3
7f3f91812000-7f3f91813000 rw-p 00000000 00:00 0 
7f3f91813000-7f3f91814000 r-xp 00000000 00:13 1944046                    /usr/lib/libgthread-2.0.so.0.5000.3
7f3f91814000-7f3f91a13000 ---p 00001000 00:13 1944046                    /usr/lib/libgthread-2.0.so.0.5000.3
7f3f91a13000-7f3f91a14000 r--p 00000000 00:13 1944046                    /usr/lib/libgthread-2.0.so.0.5000.3
7f3f91a14000-7f3f91a15000 rw-p 00001000 00:13 1944046                    /usr/lib/libgthread-2.0.so.0.5000.3
7f3f91a15000-7f3f91a18000 r-xp 00000000 00:13 1944045                    /usr/lib/libgmodule-2.0.so.0.5000.3
7f3f91a18000-7f3f91c17000 ---p 00003000 00:13 1944045                    /usr/lib/libgmodule-2.0.so.0.5000.3
7f3f91c17000-7f3f91c18000 r--p 00002000 00:13 1944045                    /usr/lib/libgmodule-2.0.so.0.5000.3
7f3f91c18000-7f3f91c19000 rw-p 00003000 00:13 1944045                    /usr/lib/libgmodule-2.0.so.0.5000.3
7f3f91c19000-7f3f91c6a000 r-xp 00000000 00:13 1944047                    /usr/lib/libgobject-2.0.so.0.5000.3
7f3f91c6a000-7f3f91e69000 ---p 00051000 00:13 1944047                    /usr/lib/libgobject-2.0.so.0.5000.3
7f3f91e69000-7f3f91e6a000 r--p 00050000 00:13 1944047                    /usr/lib/libgobject-2.0.so.0.5000.3
7f3f91e6a000-7f3f91e6b000 rw-p 00051000 00:13 1944047                    /usr/lib/libgobject-2.0.so.0.5000.3
7f3f91e6b000-7f3f91ea9000 r-xp 00000000 00:13 1466723                    /usr/lib/libfontconfig.so.1.9.2
7f3f91ea9000-7f3f920a8000 ---p 0003e000 00:13 1466723                    /usr/lib/libfontconfig.so.1.9.2
7f3f920a8000-7f3f920aa000 r--p 0003d000 00:13 1466723                    /usr/lib/libfontconfig.so.1.9.2
7f3f920aa000-7f3f920af000 rw-p 0003f000 00:13 1466723                    /usr/lib/libfontconfig.so.1.9.2
7f3f920af000-7f3f92169000 r-xp 00000000 00:13 1313415                    /usr/lib/libfreetype.so.6.13.0
7f3f92169000-7f3f92369000 ---p 000ba000 00:13 1313415                    /usr/lib/libfreetype.so.6.13.0
7f3f92369000-7f3f9236f000 r--p 000ba000 00:13 1313415                    /usr/lib/libfreetype.so.6.13.0
7f3f9236f000-7f3f92370000 rw-p 000c0000 00:13 1313415                    /usr/lib/libfreetype.so.6.13.0
7f3f92370000-7f3f923b9000 r-xp 00000000 00:13 2118048                    /usr/lib/libpango-1.0.so.0.4000.4
7f3f923b9000-7f3f925b9000 ---p 00049000 00:13 2118048                    /usr/lib/libpango-1.0.so.0.4000.4
7f3f925b9000-7f3f925bb000 r--p 00049000 00:13 2118048                    /usr/lib/libpango-1.0.so.0.4000.4
7f3f925bb000-7f3f925bc000 rw-p 0004b000 00:13 2118048                    /usr/lib/libpango-1.0.so.0.4000.4
7f3f925bc000-7f3f926e5000 r-xp 00000000 00:13 953451                     /usr/lib/libcairo.so.2.11400.8
7f3f926e5000-7f3f928e4000 ---p 00129000 00:13 953451                     /usr/lib/libcairo.so.2.11400.8
7f3f928e4000-7f3f928e7000 r--p 00128000 00:13 953451                     /usr/lib/libcairo.so.2.11400.8
7f3f928e7000-7f3f928e9000 rw-p 0012b000 00:13 953451                     /usr/lib/libcairo.so.2.11400.8
7f3f928e9000-7f3f928ea000 rw-p 00000000 00:00 0 
7f3f928ea000-7f3f92910000 r-xp 00000000 00:13 1944921                    /usr/lib/libgdk_pixbuf-2.0.so.0.3600.5
7f3f92910000-7f3f92b0f000 ---p 00026000 00:13 1944921                    /usr/lib/libgdk_pixbuf-2.0.so.0.3600.5
7f3f92b0f000-7f3f92b10000 r--p 00025000 00:13 1944921                    /usr/lib/libgdk_pixbuf-2.0.so.0.3600.5
7f3f92b10000-7f3f92b11000 rw-p 00026000 00:13 1944921                    /usr/lib/libgdk_pixbuf-2.0.so.0.3600.5
7f3f92b11000-7f3f92b1d000 r-xp 00000000 00:13 2118051                    /usr/lib/libpangocairo-1.0.so.0.4000.4
7f3f92b1d000-7f3f92d1c000 ---p 0000c000 00:13 2118051                    /usr/lib/libpangocairo-1.0.so.0.4000.4
7f3f92d1c000-7f3f92d1d000 r--p 0000b000 00:13 2118051                    /usr/lib/libpangocairo-1.0.so.0.4000.4
7f3f92d1d000-7f3f92d1e000 rw-p 0000c000 00:13 2118051                    /usr/lib/libpangocairo-1.0.so.0.4000.4
7f3f92d1e000-7f3f92d32000 r-xp 00000000 00:13 2118049                    /usr/lib/libpangoft2-1.0.so.0.4000.4
7f3f92d32000-7f3f92f31000 ---p 00014000 00:13 2118049                    /usr/lib/libpangoft2-1.0.so.0.4000.4
7f3f92f31000-7f3f92f32000 r--p 00013000 00:13 2118049                    /usr/lib/libpangoft2-1.0.so.0.4000.4
7f3f92f32000-7f3f92f33000 rw-p 00014000 00:13 2118049                    /usr/lib/libpangoft2-1.0.so.0.4000.4
7f3f92f33000-7f3f930be000 r-xp 00000000 00:13 1944048                    /usr/lib/libgio-2.0.so.0.5000.3
7f3f930be000-7f3f932be000 ---p 0018b000 00:13 1944048                    /usr/lib/libgio-2.0.so.0.5000.3
7f3f932be000-7f3f932c3000 r--p 0018b000 00:13 1944048                    /usr/lib/libgio-2.0.so.0.5000.3
7f3f932c3000-7f3f932c5000 rw-p 00190000 00:13 1944048                    /usr/lib/libgio-2.0.so.0.5000.3
7f3f932c5000-7f3f932c7000 rw-p 00000000 00:00 0 
7f3f932c7000-7f3f932ea000 r-xp 00000000 00:13 2399192                    /usr/lib/libatk-1.0.so.0.22409.1
7f3f932ea000-7f3f934e9000 ---p 00023000 00:13 2399192                    /usr/lib/libatk-1.0.so.0.22409.1
7f3f934e9000-7f3f934ec000 r--p 00022000 00:13 2399192                    /usr/lib/libatk-1.0.so.0.22409.1
7f3f934ec000-7f3f934ed000 rw-p 00025000 00:13 2399192                    /usr/lib/libatk-1.0.so.0.22409.1
7f3f934ed000-7f3f9359d000 r-xp 00000000 00:13 62699                      /usr/lib/libgdk-x11-2.0.so.0.2400.31
7f3f9359d000-7f3f9379c000 ---p 000b0000 00:13 62699                      /usr/lib/libgdk-x11-2.0.so.0.2400.31
7f3f9379c000-7f3f937a0000 r--p 000af000 00:13 62699                      /usr/lib/libgdk-x11-2.0.so.0.2400.31
7f3f937a0000-7f3f937a2000 rw-p 000b3000 00:13 62699                      /usr/lib/libgdk-x11-2.0.so.0.2400.31
7f3f937a2000-7f3f93bd5000 r-xp 00000000 00:13 62700                      /usr/lib/libgtk-x11-2.0.so.0.2400.31
7f3f93bd5000-7f3f93dd4000 ---p 00433000 00:13 62700                      /usr/lib/libgtk-x11-2.0.so.0.2400.31
7f3f93dd4000-7f3f93ddb000 r--p 00432000 00:13 62700                      /usr/lib/libgtk-x11-2.0.so.0.2400.31
7f3f93ddb000-7f3f93ddf000 rw-p 00439000 00:13 62700                      /usr/lib/libgtk-x11-2.0.so.0.2400.31
7f3f93ddf000-7f3f93de2000 rw-p 00000000 00:00 0 
7f3f93de2000-7f3f93dfc000 r-xp 00000000 00:13 2418402                    /home/andrey/.javacpp/cache/opencv-3.2.0-1.3-linux-x86_64.jar/org/bytedeco/javacpp/linux-x86_64/libopencv_videoio.so.3.2
7f3f93dfc000-7f3f93ffc000 ---p 0001a000 00:13 2418402                    /home/andrey/.javacpp/cache/opencv-3.2.0-1.3-linux-x86_64.jar/org/bytedeco/javacpp/linux-x86_64/libopencv_videoio.so.3.2
7f3f93ffc000-7f3f93ffd000 rw-p 0001a000 00:13 2418402                    /home/andrey/.javacpp/cache/opencv-3.2.0-1.3-linux-x86_64.jar/org/bytedeco/javacpp/linux-x86_64/libopencv_videoio.so.3.2
7f3f93ffd000-7f3f94000000 rw-p 00000000 00:00 0 
7f3f94000000-7f3f94021000 rw-p 00000000 00:00 0 
7f3f94021000-7f3f98000000 ---p 00000000 00:00 0 
7f3f98000000-7f3f98021000 rw-p 00000000 00:00 0 
7f3f98021000-7f3f9c000000 ---p 00000000 00:00 0 
7f3f9c16f000-7f3f9c2ef000 rw-p 00000000 00:00 0 
7f3f9c2ef000-7f3f9c36f000 ---p 00000000 00:00 0 
7f3f9c36f000-7f3f9dadb000 rw-p 00000000 00:00 0 
7f3f9dadb000-7f3f9db00000 r-xp 00000000 00:13 2418401                    /home/andrey/.javacpp/cache/opencv-3.2.0-1.3-linux-x86_64.jar/org/bytedeco/javacpp/linux-x86_64/libjniopencv_imgcodecs.so
7f3f9db00000-7f3f9dcff000 ---p 00025000 00:13 2418401                    /home/andrey/.javacpp/cache/opencv-3.2.0-1.3-linux-x86_64.jar/org/bytedeco/javacpp/linux-x86_64/libjniopencv_imgcodecs.so
7f3f9dcff000-7f3f9dd00000 rw-p 00024000 00:13 2418401                    /home/andrey/.javacpp/cache/opencv-3.2.0-1.3-linux-x86_64.jar/org/bytedeco/javacpp/linux-x86_64/libjniopencv_imgcodecs.so
7f3f9dd00000-7f3f9df3a000 r-xp 00000000 00:13 2418400                    /home/andrey/.javacpp/cache/opencv-3.2.0-1.3-linux-x86_64.jar/org/bytedeco/javacpp/linux-x86_64/libopencv_imgcodecs.so.3.2
7f3f9df3a000-7f3f9e13a000 ---p 0023a000 00:13 2418400                    /home/andrey/.javacpp/cache/opencv-3.2.0-1.3-linux-x86_64.jar/org/bytedeco/javacpp/linux-x86_64/libopencv_imgcodecs.so.3.2
7f3f9e13a000-7f3f9e148000 rw-p 0023a000 00:13 2418400                    /home/andrey/.javacpp/cache/opencv-3.2.0-1.3-linux-x86_64.jar/org/bytedeco/javacpp/linux-x86_64/libopencv_imgcodecs.so.3.2
7f3f9e148000-7f3f9e153000 rw-p 00000000 00:00 0 
7f3f9e153000-7f3f9e25d000 r-xp 00000000 00:13 2418399                    /home/andrey/.javacpp/cache/opencv-3.2.0-1.3-linux-x86_64.jar/org/bytedeco/javacpp/linux-x86_64/libjniopencv_imgproc.so
7f3f9e25d000-7f3f9e45c000 ---p 0010a000 00:13 2418399                    /home/andrey/.javacpp/cache/opencv-3.2.0-1.3-linux-x86_64.jar/org/bytedeco/javacpp/linux-x86_64/libjniopencv_imgproc.so
7f3f9e45c000-7f3f9e45e000 rw-p 00109000 00:13 2418399                    /home/andrey/.javacpp/cache/opencv-3.2.0-1.3-linux-x86_64.jar/org/bytedeco/javacpp/linux-x86_64/libjniopencv_imgproc.so
7f3f9e45e000-7f3f9e55f000 rwxp 00000000 00:00 0 
7f3f9e55f000-7f3f9e7ee000 r-xp 00000000 00:13 2418398                    /home/andrey/.javacpp/cache/opencv-3.2.0-1.3-linux-x86_64.jar/org/bytedeco/javacpp/linux-x86_64/libjniopencv_core.so
7f3f9e7ee000-7f3f9e9ed000 ---p 0028f000 00:13 2418398                    /home/andrey/.javacpp/cache/opencv-3.2.0-1.3-linux-x86_64.jar/org/bytedeco/javacpp/linux-x86_64/libjniopencv_core.so
7f3f9e9ed000-7f3f9e9f0000 rw-p 0028e000 00:13 2418398                    /home/andrey/.javacpp/cache/opencv-3.2.0-1.3-linux-x86_64.jar/org/bytedeco/javacpp/linux-x86_64/libjniopencv_core.so
7f3f9e9f0000-7f3f9e9f1000 rw-p 00000000 00:00 0 
7f3f9e9f1000-7f3f9ec32000 r-xp 00000000 00:13 2418397                    /home/andrey/.javacpp/cache/opencv-3.2.0-1.3-linux-x86_64.jar/org/bytedeco/javacpp/linux-x86_64/libopencv_imgproc.so.3.2
7f3f9ec32000-7f3f9ee32000 ---p 00241000 00:13 2418397                    /home/andrey/.javacpp/cache/opencv-3.2.0-1.3-linux-x86_64.jar/org/bytedeco/javacpp/linux-x86_64/libopencv_imgproc.so.3.2
7f3f9ee32000-7f3f9ee44000 rw-p 00241000 00:13 2418397                    /home/andrey/.javacpp/cache/opencv-3.2.0-1.3-linux-x86_64.jar/org/bytedeco/javacpp/linux-x86_64/libopencv_imgproc.so.3.2
7f3f9ee44000-7f3f9eed9000 rw-p 00000000 00:00 0 
7f3f9eed9000-7f3f9eeef000 r-xp 00000000 00:13 2159154                    /usr/lib/libgcc_s.so.1
7f3f9eeef000-7f3f9f0ee000 ---p 00016000 00:13 2159154                    /usr/lib/libgcc_s.so.1
7f3f9f0ee000-7f3f9f0ef000 r--p 00015000 00:13 2159154                    /usr/lib/libgcc_s.so.1
7f3f9f0ef000-7f3f9f0f0000 rw-p 00016000 00:13 2159154                    /usr/lib/libgcc_s.so.1
7f3f9f0f0000-7f3f9f268000 r-xp 00000000 00:13 2159122                    /usr/lib/libstdc++.so.6.0.22
7f3f9f268000-7f3f9f468000 ---p 00178000 00:13 2159122                    /usr/lib/libstdc++.so.6.0.22
7f3f9f468000-7f3f9f472000 r--p 00178000 00:13 2159122                    /usr/lib/libstdc++.so.6.0.22
7f3f9f472000-7f3f9f474000 rw-p 00182000 00:13 2159122                    /usr/lib/libstdc++.so.6.0.22
7f3f9f474000-7f3f9f478000 rw-p 00000000 00:00 0 
7f3f9f4a0000-7f3f9f6b8000 r-xp 00000000 00:13 2418396                    /home/andrey/.javacpp/cache/opencv-3.2.0-1.3-linux-x86_64.jar/org/bytedeco/javacpp/linux-x86_64/libopencv_core.so.3.2
7f3f9f6b8000-7f3f9f8b8000 ---p 00218000 00:13 2418396                    /home/andrey/.javacpp/cache/opencv-3.2.0-1.3-linux-x86_64.jar/org/bytedeco/javacpp/linux-x86_64/libopencv_core.so.3.2
7f3f9f8b8000-7f3f9f8bf000 rw-p 00218000 00:13 2418396                    /home/andrey/.javacpp/cache/opencv-3.2.0-1.3-linux-x86_64.jar/org/bytedeco/javacpp/linux-x86_64/libopencv_core.so.3.2
7f3f9f8bf000-7f3f9f8c1000 rw-p 00000000 00:00 0 
7f3f9f8c1000-7f3f9f8d2000 r-xp 00000000 00:13 1620779                    /usr/lib/jvm/java-8-openjdk/jre/lib/amd64/libnio.so
7f3f9f8d2000-7f3f9fad1000 ---p 00011000 00:13 1620779                    /usr/lib/jvm/java-8-openjdk/jre/lib/amd64/libnio.so
7f3f9fad1000-7f3f9fad2000 r--p 00010000 00:13 1620779                    /usr/lib/jvm/java-8-openjdk/jre/lib/amd64/libnio.so
7f3f9fad2000-7f3f9fad3000 rw-p 00011000 00:13 1620779                    /usr/lib/jvm/java-8-openjdk/jre/lib/amd64/libnio.so
7f3f9fad3000-7f3f9fae8000 r-xp 00000000 00:13 2418395                    /home/andrey/.javacpp/cache/opencv-3.2.0-1.3-linux-x86_64.jar/org/bytedeco/javacpp/linux-x86_64/libgomp.so.1
7f3f9fae8000-7f3f9fce7000 ---p 00015000 00:13 2418395                    /home/andrey/.javacpp/cache/opencv-3.2.0-1.3-linux-x86_64.jar/org/bytedeco/javacpp/linux-x86_64/libgomp.so.1
7f3f9fce7000-7f3f9fce8000 rw-p 00014000 00:13 2418395                    /home/andrey/.javacpp/cache/opencv-3.2.0-1.3-linux-x86_64.jar/org/bytedeco/javacpp/linux-x86_64/libgomp.so.1
7f3f9fce8000-7f3f9fcfe000 r-xp 00000000 00:13 1620790                    /usr/lib/jvm/java-8-openjdk/jre/lib/amd64/libnet.so
7f3f9fcfe000-7f3f9fefd000 ---p 00016000 00:13 1620790                    /usr/lib/jvm/java-8-openjdk/jre/lib/amd64/libnet.so
7f3f9fefd000-7f3f9fefe000 r--p 00015000 00:13 1620790                    /usr/lib/jvm/java-8-openjdk/jre/lib/amd64/libnet.so
7f3f9fefe000-7f3f9feff000 rw-p 00016000 00:13 1620790                    /usr/lib/jvm/java-8-openjdk/jre/lib/amd64/libnet.so
7f3f9feff000-7f3fa0000000 rwxp 00000000 00:00 0 
7f3fa0000000-7f3fa025f000 rw-p 00000000 00:00 0 
7f3fa025f000-7f3fa4000000 ---p 00000000 00:00 0 
7f3fa4000000-7f3fa4021000 rw-p 00000000 00:00 0 
7f3fa4021000-7f3fa8000000 ---p 00000000 00:00 0 
7f3fa8000000-7f3fa8021000 rw-p 00000000 00:00 0 
7f3fa8021000-7f3fac000000 ---p 00000000 00:00 0 
7f3fac000000-7f3fac29d000 rw-p 00000000 00:00 0 
7f3fac29d000-7f3fb0000000 ---p 00000000 00:00 0 
7f3fb0000000-7f3fb0021000 rw-p 00000000 00:00 0 
7f3fb0021000-7f3fb4000000 ---p 00000000 00:00 0 
7f3fb4000000-7f3fb4021000 rw-p 00000000 00:00 0 
7f3fb4021000-7f3fb8000000 ---p 00000000 00:00 0 
7f3fb8000000-7f3fb8021000 rw-p 00000000 00:00 0 
7f3fb8021000-7f3fbc000000 ---p 00000000 00:00 0 
7f3fbc000000-7f3fbc021000 rw-p 00000000 00:00 0 
7f3fbc021000-7f3fc0000000 ---p 00000000 00:00 0 
7f3fc0000000-7f3fc0021000 rw-p 00000000 00:00 0 
7f3fc0021000-7f3fc4000000 ---p 00000000 00:00 0 
7f3fc400d000-7f3fc403e000 rw-p 00000000 00:00 0 
7f3fc403e000-7f3fc403f000 r-xp 00000000 00:13 2167217                    /usr/share/intellijidea-ce/bin/libbreakgen64.so
7f3fc403f000-7f3fc423e000 ---p 00001000 00:13 2167217                    /usr/share/intellijidea-ce/bin/libbreakgen64.so
7f3fc423e000-7f3fc423f000 r--p 00000000 00:13 2167217                    /usr/share/intellijidea-ce/bin/libbreakgen64.so
7f3fc423f000-7f3fc4240000 rw-p 00001000 00:13 2167217                    /usr/share/intellijidea-ce/bin/libbreakgen64.so
7f3fc4240000-7f3fc4242000 r--s 00019000 00:13 2167305                    /usr/share/intellijidea-ce/lib/idea_rt.jar
7f3fc4242000-7f3fc4243000 r--s 00000000 00:13 2419227                    /home/andrey/.ivy2/cache/org.bytedeco.javacpp-presets/videoinput-platform/jars/videoinput-platform-0.200-1.3.jar
7f3fc4243000-7f3fc4244000 r--s 0000b000 00:13 2419189                    /home/andrey/.ivy2/cache/org.bytedeco.javacpp-presets/videoinput/jars/videoinput-0.200-1.3-windows-x86_64.jar
7f3fc4244000-7f3fc4245000 r--s 00009000 00:13 2419191                    /home/andrey/.ivy2/cache/org.bytedeco.javacpp-presets/videoinput/jars/videoinput-0.200-1.3-windows-x86.jar
7f3fc4245000-7f3fc4246000 r--s 00003000 00:13 2419190                    /home/andrey/.ivy2/cache/org.bytedeco.javacpp-presets/videoinput/jars/videoinput-0.200-1.3.jar
7f3fc4246000-7f3fc4247000 r--s 00000000 00:13 2419225                    /home/andrey/.ivy2/cache/org.bytedeco.javacpp-presets/librealsense-platform/jars/librealsense-platform-1.9.6-1.3.jar
7f3fc4247000-7f3fc4248000 r--s 00076000 00:13 2419186                    /home/andrey/.ivy2/cache/org.bytedeco.javacpp-presets/librealsense/jars/librealsense-1.9.6-1.3-linux-x86_64.jar
7f3fc4248000-7f3fc4249000 r--s 00074000 00:13 2419185                    /home/andrey/.ivy2/cache/org.bytedeco.javacpp-presets/librealsense/jars/librealsense-1.9.6-1.3-linux-x86.jar
7f3fc4249000-7f3fc424c000 r--s 00009000 00:13 2419187                    /home/andrey/.ivy2/cache/org.bytedeco.javacpp-presets/librealsense/jars/librealsense-1.9.6-1.3.jar
7f3fc424c000-7f3fc424d000 r--s 00000000 00:13 2419223                    /home/andrey/.ivy2/cache/org.bytedeco.javacpp-presets/libfreenect2-platform/jars/libfreenect2-platform-0.2.0-1.3.jar
7f3fc424d000-7f3fc424e000 r--s 00061000 00:13 2419181                    /home/andrey/.ivy2/cache/org.bytedeco.javacpp-presets/libfreenect2/jars/libfreenect2-0.2.0-1.3-linux-x86_64.jar
7f3fc424e000-7f3fc4250000 r--s 00065000 00:13 2419183                    /home/andrey/.ivy2/cache/org.bytedeco.javacpp-presets/libfreenect2/jars/libfreenect2-0.2.0-1.3-linux-x86.jar
7f3fc4250000-7f3fc4251000 r--s 00005000 00:13 2419182                    /home/andrey/.ivy2/cache/org.bytedeco.javacpp-presets/libfreenect2/jars/libfreenect2-0.2.0-1.3.jar
7f3fc4251000-7f3fc4252000 r--s 00000000 00:13 2419221                    /home/andrey/.ivy2/cache/org.bytedeco.javacpp-presets/libfreenect-platform/jars/libfreenect-platform-0.5.3-1.3.jar
7f3fc4252000-7f3fc4253000 r--s 0002e000 00:13 2419174                    /home/andrey/.ivy2/cache/org.bytedeco.javacpp-presets/libfreenect/jars/libfreenect-0.5.3-1.3-windows-x86_64.jar
7f3fc4253000-7f3fc4254000 r--s 00028000 00:13 2419177                    /home/andrey/.ivy2/cache/org.bytedeco.javacpp-presets/libfreenect/jars/libfreenect-0.5.3-1.3-windows-x86.jar
7f3fc4254000-7f3fc4256000 r--s 0001a000 00:13 2419178                    /home/andrey/.ivy2/cache/org.bytedeco.javacpp-presets/libfreenect/jars/libfreenect-0.5.3-1.3-macosx-x86_64.jar
7f3fc4256000-7f3fc4257000 r--s 0001c000 00:13 2419175                    /home/andrey/.ivy2/cache/org.bytedeco.javacpp-presets/libfreenect/jars/libfreenect-0.5.3-1.3-linux-x86_64.jar
7f3fc4257000-7f3fc4258000 r--s 0001b000 00:13 2419176                    /home/andrey/.ivy2/cache/org.bytedeco.javacpp-presets/libfreenect/jars/libfreenect-0.5.3-1.3-linux-x86.jar
7f3fc4258000-7f3fc4259000 r--s 00015000 00:13 2419179                    /home/andrey/.ivy2/cache/org.bytedeco.javacpp-presets/libfreenect/jars/libfreenect-0.5.3-1.3-linux-ppc64le.jar
7f3fc4259000-7f3fc425b000 r--s 00011000 00:13 2419172                    /home/andrey/.ivy2/cache/org.bytedeco.javacpp-presets/libfreenect/jars/libfreenect-0.5.3-1.3-linux-armhf.jar
7f3fc425b000-7f3fc425d000 r--s 00004000 00:13 2419173                    /home/andrey/.ivy2/cache/org.bytedeco.javacpp-presets/libfreenect/jars/libfreenect-0.5.3-1.3.jar
7f3fc425d000-7f3fc425e000 r--s 00000000 00:13 2419219                    /home/andrey/.ivy2/cache/org.bytedeco.javacpp-presets/libdc1394-platform/jars/libdc1394-platform-2.2.4-1.3.jar
7f3fc425e000-7f3fc425f000 r--s 0002d000 00:13 2419168                    /home/andrey/.ivy2/cache/org.bytedeco.javacpp-presets/libdc1394/jars/libdc1394-2.2.4-1.3-windows-x86_64.jar
7f3fc425f000-7f3fc4261000 r--s 00032000 00:13 2419163                    /home/andrey/.ivy2/cache/org.bytedeco.javacpp-presets/libdc1394/jars/libdc1394-2.2.4-1.3-windows-x86.jar
7f3fc4261000-7f3fc4262000 r--s 00031000 00:13 2419165                    /home/andrey/.ivy2/cache/org.bytedeco.javacpp-presets/libdc1394/jars/libdc1394-2.2.4-1.3-macosx-x86_64.jar
7f3fc4262000-7f3fc4264000 r--s 0002f000 00:13 2419164                    /home/andrey/.ivy2/cache/org.bytedeco.javacpp-presets/libdc1394/jars/libdc1394-2.2.4-1.3-linux-x86_64.jar
7f3fc4264000-7f3fc4265000 r--s 0002d000 00:13 2419167                    /home/andrey/.ivy2/cache/org.bytedeco.javacpp-presets/libdc1394/jars/libdc1394-2.2.4-1.3-linux-x86.jar
7f3fc4265000-7f3fc4266000 r--s 00034000 00:13 2419170                    /home/andrey/.ivy2/cache/org.bytedeco.javacpp-presets/libdc1394/jars/libdc1394-2.2.4-1.3-linux-ppc64le.jar
7f3fc4266000-7f3fc4267000 r--s 0001f000 00:13 2419166                    /home/andrey/.ivy2/cache/org.bytedeco.javacpp-presets/libdc1394/jars/libdc1394-2.2.4-1.3-linux-armhf.jar
7f3fc4267000-7f3fc4269000 r--s 00006000 00:13 2419169                    /home/andrey/.ivy2/cache/org.bytedeco.javacpp-presets/libdc1394/jars/libdc1394-2.2.4-1.3.jar
7f3fc4269000-7f3fc426a000 r--s 00000000 00:13 2419217                    /home/andrey/.ivy2/cache/org.bytedeco.javacpp-presets/flycapture-platform/jars/flycapture-platform-2.9.3.43-1.3.jar
7f3fc426a000-7f3fc426b000 r--s 0003a000 00:13 2419159                    /home/andrey/.ivy2/cache/org.bytedeco.javacpp-presets/flycapture/jars/flycapture-2.9.3.43-1.3-windows-x86_64.jar
7f3fc426b000-7f3fc426d000 r--s 0002d000 00:13 2419161                    /home/andrey/.ivy2/cache/org.bytedeco.javacpp-presets/flycapture/jars/flycapture-2.9.3.43-1.3-windows-x86.jar
7f3fc426d000-7f3fc426f000 r--s 0003a000 00:13 2419158                    /home/andrey/.ivy2/cache/org.bytedeco.javacpp-presets/flycapture/jars/flycapture-2.9.3.43-1.3-linux-x86_64.jar
7f3fc426f000-7f3fc4271000 r--s 00035000 00:13 2419160                    /home/andrey/.ivy2/cache/org.bytedeco.javacpp-presets/flycapture/jars/flycapture-2.9.3.43-1.3-linux-x86.jar
7f3fc4271000-7f3fc4272000 r--s 0002d000 00:13 2419157                    /home/andrey/.ivy2/cache/org.bytedeco.javacpp-presets/flycapture/jars/flycapture-2.9.3.43-1.3-linux-armhf.jar
7f3fc4272000-7f3fc4276000 r--s 0001f000 00:13 2419156                    /home/andrey/.ivy2/cache/org.bytedeco.javacpp-presets/flycapture/jars/flycapture-2.9.3.43-1.3.jar
7f3fc4276000-7f3fc4277000 r--s 00000000 00:13 2419231                    /home/andrey/.ivy2/cache/org.bytedeco.javacpp-presets/flandmark-platform/jars/flandmark-platform-1.07-1.3.jar
7f3fc4277000-7f3fc4279000 r--s 00009000 00:13 2419213                    /home/andrey/.ivy2/cache/org.bytedeco.javacpp-presets/flandmark/jars/flandmark-1.07-1.3-windows-x86_64.jar
7f3fc4279000-7f3fc427b000 r--s 00007000 00:13 2419205                    /home/andrey/.ivy2/cache/org.bytedeco.javacpp-presets/flandmark/jars/flandmark-1.07-1.3-windows-x86.jar
7f3fc427b000-7f3fc427c000 r--s 00009000 00:13 2419206                    /home/andrey/.ivy2/cache/org.bytedeco.javacpp-presets/flandmark/jars/flandmark-1.07-1.3-macosx-x86_64.jar
7f3fc427c000-7f3fc427e000 r--s 00009000 00:13 2419212                    /home/andrey/.ivy2/cache/org.bytedeco.javacpp-presets/flandmark/jars/flandmark-1.07-1.3-linux-x86_64.jar
7f3fc427e000-7f3fc427f000 r--s 00009000 00:13 2419209                    /home/andrey/.ivy2/cache/org.bytedeco.javacpp-presets/flandmark/jars/flandmark-1.07-1.3-linux-x86.jar
7f3fc427f000-7f3fc4281000 r--s 0000a000 00:13 2419204                    /home/andrey/.ivy2/cache/org.bytedeco.javacpp-presets/flandmark/jars/flandmark-1.07-1.3-linux-ppc64le.jar
7f3fc4281000-7f3fc4282000 r--s 00008000 00:13 2419210                    /home/andrey/.ivy2/cache/org.bytedeco.javacpp-presets/flandmark/jars/flandmark-1.07-1.3-linux-armhf.jar
7f3fc4282000-7f3fc4283000 r--s 0000a000 00:13 2419207                    /home/andrey/.ivy2/cache/org.bytedeco.javacpp-presets/flandmark/jars/flandmark-1.07-1.3-android-x86.jar
7f3fc4283000-7f3fc4284000 r--s 00009000 00:13 2419211                    /home/andrey/.ivy2/cache/org.bytedeco.javacpp-presets/flandmark/jars/flandmark-1.07-1.3-android-arm.jar
7f3fc4284000-7f3fc4285000 r--s 00002000 00:13 2419208                    /home/andrey/.ivy2/cache/org.bytedeco.javacpp-presets/flandmark/jars/flandmark-1.07-1.3.jar
7f3fc4285000-7f3fc4286000 r--s 00000000 00:13 2419215                    /home/andrey/.ivy2/cache/org.bytedeco.javacpp-presets/ffmpeg-platform/jars/ffmpeg-platform-3.2.1-1.3.jar
7f3fc4286000-7f3fc4287000 r--s 00bdb000 00:13 2419154                    /home/andrey/.ivy2/cache/org.bytedeco.javacpp-presets/ffmpeg/jars/ffmpeg-3.2.1-1.3-windows-x86_64.jar
7f3fc4287000-7f3fc4289000 r--s 00b6f000 00:13 2419141                    /home/andrey/.ivy2/cache/org.bytedeco.javacpp-presets/ffmpeg/jars/ffmpeg-3.2.1-1.3-windows-x86.jar
7f3fc4289000-7f3fc428a000 r--s 00a78000 00:13 2419147                    /home/andrey/.ivy2/cache/org.bytedeco.javacpp-presets/ffmpeg/jars/ffmpeg-3.2.1-1.3-macosx-x86_64.jar
7f3fc428a000-7f3fc428c000 r--s 00b72000 00:13 2419146                    /home/andrey/.ivy2/cache/org.bytedeco.javacpp-presets/ffmpeg/jars/ffmpeg-3.2.1-1.3-linux-x86_64.jar
7f3fc428c000-7f3fc428e000 r--s 00aa6000 00:13 2419151                    /home/andrey/.ivy2/cache/org.bytedeco.javacpp-presets/ffmpeg/jars/ffmpeg-3.2.1-1.3-linux-x86.jar
7f3fc428e000-7f3fc4290000 r--s 00cf7000 00:13 2419150                    /home/andrey/.ivy2/cache/org.bytedeco.javacpp-presets/ffmpeg/jars/ffmpeg-3.2.1-1.3-linux-ppc64le.jar
7f3fc4290000-7f3fc4292000 r--s 00a12000 00:13 2419149                    /home/andrey/.ivy2/cache/org.bytedeco.javacpp-presets/ffmpeg/jars/ffmpeg-3.2.1-1.3-linux-armhf.jar
7f3fc4292000-7f3fc4294000 r--s 00c3e000 00:13 2419152                    /home/andrey/.ivy2/cache/org.bytedeco.javacpp-presets/ffmpeg/jars/ffmpeg-3.2.1-1.3-android-x86.jar
7f3fc4294000-7f3fc4295000 r--s 00b15000 00:13 2419148                    /home/andrey/.ivy2/cache/org.bytedeco.javacpp-presets/ffmpeg/jars/ffmpeg-3.2.1-1.3-android-arm.jar
7f3fc4295000-7f3fc429c000 r--s 00033000 00:13 2419153                    /home/andrey/.ivy2/cache/org.bytedeco.javacpp-presets/ffmpeg/jars/ffmpeg-3.2.1-1.3.jar
7f3fc429c000-7f3fc429d000 r--s 00000000 00:13 2419229                    /home/andrey/.ivy2/cache/org.bytedeco.javacpp-presets/artoolkitplus-platform/jars/artoolkitplus-platform-2.3.1-1.3.jar
7f3fc429d000-7f3fc429e000 r--s 00025000 00:13 2419199                    /home/andrey/.ivy2/cache/org.bytedeco.javacpp-presets/artoolkitplus/jars/artoolkitplus-2.3.1-1.3-windows-x86_64.jar
7f3fc429e000-7f3fc42a0000 r--s 0001d000 00:13 2419196                    /home/andrey/.ivy2/cache/org.bytedeco.javacpp-presets/artoolkitplus/jars/artoolkitplus-2.3.1-1.3-windows-x86.jar
7f3fc42a0000-7f3fc42a1000 r--s 00029000 00:13 2419197                    /home/andrey/.ivy2/cache/org.bytedeco.javacpp-presets/artoolkitplus/jars/artoolkitplus-2.3.1-1.3-macosx-x86_64.jar
7f3fc42a1000-7f3fc42a2000 r--s 0002a000 00:13 2419194                    /home/andrey/.ivy2/cache/org.bytedeco.javacpp-presets/artoolkitplus/jars/artoolkitplus-2.3.1-1.3-linux-x86_64.jar
7f3fc42a2000-7f3fc42a3000 r--s 00026000 00:13 2419202                    /home/andrey/.ivy2/cache/org.bytedeco.javacpp-presets/artoolkitplus/jars/artoolkitplus-2.3.1-1.3-linux-x86.jar
7f3fc42a3000-7f3fc42a5000 r--s 0002e000 00:13 2419200                    /home/andrey/.ivy2/cache/org.bytedeco.javacpp-presets/artoolkitplus/jars/artoolkitplus-2.3.1-1.3-linux-ppc64le.jar
7f3fc42a5000-7f3fc42a7000 r--s 00022000 00:13 2419193                    /home/andrey/.ivy2/cache/org.bytedeco.javacpp-presets/artoolkitplus/jars/artoolkitplus-2.3.1-1.3-linux-armhf.jar
7f3fc42a7000-7f3fc42a8000 r--s 00062000 00:13 2419201                    /home/andrey/.ivy2/cache/org.bytedeco.javacpp-presets/artoolkitplus/jars/artoolkitplus-2.3.1-1.3-android-x86.jar
7f3fc42a8000-7f3fc42a9000 r--s 0004d000 00:13 2419195                    /home/andrey/.ivy2/cache/org.bytedeco.javacpp-presets/artoolkitplus/jars/artoolkitplus-2.3.1-1.3-android-arm.jar
7f3fc42a9000-7f3fc42aa000 r--s 00005000 00:13 2419198                    /home/andrey/.ivy2/cache/org.bytedeco.javacpp-presets/artoolkitplus/jars/artoolkitplus-2.3.1-1.3.jar
7f3fc42aa000-7f3fc42ae000 r--s 0005b000 00:13 2419136                    /home/andrey/.ivy2/cache/org.bytedeco/javacv/jars/javacv-1.3.2.jar
7f3fc42ae000-7f3fc42b3000 r--s 00049000 00:13 2419139                    /home/andrey/.ivy2/cache/org.bytedeco/javacpp/jars/javacpp-1.3.2.jar
7f3fc42b3000-7f3fc42c4000 r--s 000a6000 00:13 2417700                    /home/andrey/.ivy2/cache/org.bytedeco.javacpp-presets/opencv/jars/opencv-3.2.0-1.3.jar
7f3fc42c4000-7f3fc42c6000 r--s 00b87000 00:13 2417704                    /home/andrey/.ivy2/cache/org.bytedeco.javacpp-presets/opencv/jars/opencv-3.2.0-1.3-android-arm.jar
7f3fc42c6000-7f3fc42c8000 r--s 00efe000 00:13 2417706                    /home/andrey/.ivy2/cache/org.bytedeco.javacpp-presets/opencv/jars/opencv-3.2.0-1.3-android-x86.jar
7f3fc42c8000-7f3fc42cb000 r--s 00a26000 00:13 2417696                    /home/andrey/.ivy2/cache/org.bytedeco.javacpp-presets/opencv/jars/opencv-3.2.0-1.3-linux-armhf.jar
7f3fc42cb000-7f3fc42ce000 r--s 00c39000 00:13 2417705                    /home/andrey/.ivy2/cache/org.bytedeco.javacpp-presets/opencv/jars/opencv-3.2.0-1.3-linux-ppc64le.jar
7f3fc42ce000-7f3fc42d1000 r--s 00a10000 00:13 2417701                    /home/andrey/.ivy2/cache/org.bytedeco.javacpp-presets/opencv/jars/opencv-3.2.0-1.3-linux-x86.jar
7f3fc42d1000-7f3fc42d3000 r--s 00a3c000 00:13 2417697                    /home/andrey/.ivy2/cache/org.bytedeco.javacpp-presets/opencv/jars/opencv-3.2.0-1.3-linux-x86_64.jar
7f3fc42d3000-7f3fc42d5000 r--s 00aa7000 00:13 2417698                    /home/andrey/.ivy2/cache/org.bytedeco.javacpp-presets/opencv/jars/opencv-3.2.0-1.3-macosx-x86_64.jar
7f3fc42d5000-7f3fc430d000 r--s 004d0000 00:13 2417162                    /home/andrey/.ivy2/cache/org.scala-lang/scala-library/jars/scala-library-2.12.1.jar
7f3fc430d000-7f3fc43a3000 r--s 008d8000 00:13 1876787                    /usr/lib/jvm/java-8-openjdk/jre/lib/ext/jfxrt.jar
7f3fc43a3000-7f3fc43a4000 ---p 00000000 00:00 0 
7f3fc43a4000-7f3fc45a5000 rwxp 00000000 00:00 0 
7f3fc45a5000-7f3fc45a6000 ---p 00000000 00:00 0 
7f3fc45a6000-7f3fc46a6000 rwxp 00000000 00:00 0 
7f3fc46a6000-7f3fc46a7000 ---p 00000000 00:00 0 
7f3fc46a7000-7f3fc48a8000 rwxp 00000000 00:00 0 
7f3fc48a8000-7f3fc4b71000 r--p 00000000 00:13 2158829                    /usr/lib/locale/locale-archive
7f3fc4b71000-7f3fc4d73000 rwxp 00000000 00:00 0 
7f3fc4d73000-7f3fc4d74000 ---p 00000000 00:00 0 
7f3fc4d74000-7f3fc4e74000 rwxp 00000000 00:00 0 
7f3fc4e74000-7f3fc57bf000 rw-p 00000000 00:00 0 
7f3fc57bf000-7f3fc598e000 r--s 03c05000 00:13 1620731                    /usr/lib/jvm/java-8-openjdk/jre/lib/rt.jar
7f3fc598e000-7f3fc81f5000 rw-p 00000000 00:00 0 
7f3fc81f5000-7f3fc81f6000 ---p 00000000 00:00 0 
7f3fc81f6000-7f3fc82f6000 rwxp 00000000 00:00 0 
7f3fc82f6000-7f3fc830b000 rw-p 00000000 00:00 0 
7f3fc830b000-7f3fc8437000 ---p 00000000 00:00 0 
7f3fc8437000-7f3fc844c000 rw-p 00000000 00:00 0 
7f3fc844c000-7f3fc8577000 ---p 00000000 00:00 0 
7f3fc8577000-7f3fc8582000 rw-p 00000000 00:00 0 
7f3fc8582000-7f3fc8618000 ---p 00000000 00:00 0 
7f3fc8618000-7f3fc8627000 rw-p 00000000 00:00 0 
7f3fc8627000-7f3fc89d9000 ---p 00000000 00:00 0 
7f3fc89d9000-7f3fc8d29000 rwxp 00000000 00:00 0 
7f3fc8d29000-7f3fd79d9000 ---p 00000000 00:00 0 
7f3fd79d9000-7f3fd79e1000 r-xp 00000000 00:13 1620792                    /usr/lib/jvm/java-8-openjdk/jre/lib/amd64/libzip.so
7f3fd79e1000-7f3fd7be0000 ---p 00008000 00:13 1620792                    /usr/lib/jvm/java-8-openjdk/jre/lib/amd64/libzip.so
7f3fd7be0000-7f3fd7be1000 r--p 00007000 00:13 1620792                    /usr/lib/jvm/java-8-openjdk/jre/lib/amd64/libzip.so
7f3fd7be1000-7f3fd7be2000 rw-p 00008000 00:13 1620792                    /usr/lib/jvm/java-8-openjdk/jre/lib/amd64/libzip.so
7f3fd7be2000-7f3fd7bed000 r-xp 00000000 00:13 2157408                    /usr/lib/libnss_files-2.25.so
7f3fd7bed000-7f3fd7dec000 ---p 0000b000 00:13 2157408                    /usr/lib/libnss_files-2.25.so
7f3fd7dec000-7f3fd7ded000 r--p 0000a000 00:13 2157408                    /usr/lib/libnss_files-2.25.so
7f3fd7ded000-7f3fd7dee000 rw-p 0000b000 00:13 2157408                    /usr/lib/libnss_files-2.25.so
7f3fd7dee000-7f3fd7df4000 rw-p 00000000 00:00 0 
7f3fd7df4000-7f3fd7dff000 r-xp 00000000 00:13 2157406                    /usr/lib/libnss_nis-2.25.so
7f3fd7dff000-7f3fd7ffe000 ---p 0000b000 00:13 2157406                    /usr/lib/libnss_nis-2.25.so
7f3fd7ffe000-7f3fd7fff000 r--p 0000a000 00:13 2157406                    /usr/lib/libnss_nis-2.25.so
7f3fd7fff000-7f3fd8000000 rw-p 0000b000 00:13 2157406                    /usr/lib/libnss_nis-2.25.so
7f3fd8000000-7f3fd9d1a000 rw-p 00000000 00:00 0 
7f3fd9d1a000-7f3fdc000000 ---p 00000000 00:00 0 
7f3fdc000000-7f3fdc001000 r--s 00000000 00:13 2419138                    /home/andrey/.ivy2/cache/org.bytedeco/javacv-platform/jars/javacv-platform-1.3.2.jar
7f3fdc001000-7f3fdc003000 r--s 00a5c000 00:13 2417707                    /home/andrey/.ivy2/cache/org.bytedeco.javacpp-presets/opencv/jars/opencv-3.2.0-1.3-windows-x86.jar
7f3fdc003000-7f3fdc016000 r--s 00346000 00:13 1620724                    /usr/lib/jvm/java-8-openjdk/jre/lib/resources.jar
7f3fdc016000-7f3fdc01a000 r--s 0009a000 00:13 1620727                    /usr/lib/jvm/java-8-openjdk/jre/lib/jsse.jar
7f3fdc01a000-7f3fdc03b000 rw-p 00000000 00:00 0 
7f3fdc03b000-7f3fdc03c000 ---p 00000000 00:00 0 
7f3fdc03c000-7f3fdc13c000 rwxp 00000000 00:00 0 
7f3fdc13c000-7f3fdc151000 r-xp 00000000 00:13 2157402                    /usr/lib/libnsl-2.25.so
7f3fdc151000-7f3fdc350000 ---p 00015000 00:13 2157402                    /usr/lib/libnsl-2.25.so
7f3fdc350000-7f3fdc351000 r--p 00014000 00:13 2157402                    /usr/lib/libnsl-2.25.so
7f3fdc351000-7f3fdc352000 rw-p 00015000 00:13 2157402                    /usr/lib/libnsl-2.25.so
7f3fdc352000-7f3fdc354000 rw-p 00000000 00:00 0 
7f3fdc354000-7f3fdc35b000 r-xp 00000000 00:13 2157411                    /usr/lib/libnss_compat-2.25.so
7f3fdc35b000-7f3fdc55a000 ---p 00007000 00:13 2157411                    /usr/lib/libnss_compat-2.25.so
7f3fdc55a000-7f3fdc55b000 r--p 00006000 00:13 2157411                    /usr/lib/libnss_compat-2.25.so
7f3fdc55b000-7f3fdc55c000 rw-p 00007000 00:13 2157411                    /usr/lib/libnss_compat-2.25.so
7f3fdc55c000-7f3fdc589000 r-xp 00000000 00:13 1620788                    /usr/lib/jvm/java-8-openjdk/jre/lib/amd64/libjava.so
7f3fdc589000-7f3fdc788000 ---p 0002d000 00:13 1620788                    /usr/lib/jvm/java-8-openjdk/jre/lib/amd64/libjava.so
7f3fdc788000-7f3fdc789000 r--p 0002c000 00:13 1620788                    /usr/lib/jvm/java-8-openjdk/jre/lib/amd64/libjava.so
7f3fdc789000-7f3fdc78b000 rw-p 0002d000 00:13 1620788                    /usr/lib/jvm/java-8-openjdk/jre/lib/amd64/libjava.so
7f3fdc78b000-7f3fdc798000 r-xp 00000000 00:13 1620771                    /usr/lib/jvm/java-8-openjdk/jre/lib/amd64/libverify.so
7f3fdc798000-7f3fdc997000 ---p 0000d000 00:13 1620771                    /usr/lib/jvm/java-8-openjdk/jre/lib/amd64/libverify.so
7f3fdc997000-7f3fdc999000 r--p 0000c000 00:13 1620771                    /usr/lib/jvm/java-8-openjdk/jre/lib/amd64/libverify.so
7f3fdc999000-7f3fdc99a000 rw-p 0000e000 00:13 1620771                    /usr/lib/jvm/java-8-openjdk/jre/lib/amd64/libverify.so
7f3fdc99a000-7f3fdc9a1000 r-xp 00000000 00:13 2157400                    /usr/lib/librt-2.25.so
7f3fdc9a1000-7f3fdcba0000 ---p 00007000 00:13 2157400                    /usr/lib/librt-2.25.so
7f3fdcba0000-7f3fdcba1000 r--p 00006000 00:13 2157400                    /usr/lib/librt-2.25.so
7f3fdcba1000-7f3fdcba2000 rw-p 00007000 00:13 2157400                    /usr/lib/librt-2.25.so
7f3fdcba2000-7f3fdccb4000 r-xp 00000000 00:13 2157403                    /usr/lib/libm-2.25.so
7f3fdccb4000-7f3fdceb3000 ---p 00112000 00:13 2157403                    /usr/lib/libm-2.25.so
7f3fdceb3000-7f3fdceb4000 r--p 00111000 00:13 2157403                    /usr/lib/libm-2.25.so
7f3fdceb4000-7f3fdceb5000 rw-p 00112000 00:13 2157403                    /usr/lib/libm-2.25.so
7f3fdceb5000-7f3fddae0000 r-xp 00000000 00:13 1620797                    /usr/lib/jvm/java-8-openjdk/jre/lib/amd64/server/libjvm.so
7f3fddae0000-7f3fddcdf000 ---p 00c2b000 00:13 1620797                    /usr/lib/jvm/java-8-openjdk/jre/lib/amd64/server/libjvm.so
7f3fddcdf000-7f3fddd73000 r--p 00c2a000 00:13 1620797                    /usr/lib/jvm/java-8-openjdk/jre/lib/amd64/server/libjvm.so
7f3fddd73000-7f3fddd9c000 rw-p 00cbe000 00:13 1620797                    /usr/lib/jvm/java-8-openjdk/jre/lib/amd64/server/libjvm.so
7f3fddd9c000-7f3fdddcc000 rw-p 00000000 00:00 0 
7f3fdddcc000-7f3fddf67000 r-xp 00000000 00:13 2157454                    /usr/lib/libc-2.25.so
7f3fddf67000-7f3fde166000 ---p 0019b000 00:13 2157454                    /usr/lib/libc-2.25.so
7f3fde166000-7f3fde16a000 r--p 0019a000 00:13 2157454                    /usr/lib/libc-2.25.so
7f3fde16a000-7f3fde16c000 rw-p 0019e000 00:13 2157454                    /usr/lib/libc-2.25.so
7f3fde16c000-7f3fde170000 rw-p 00000000 00:00 0 
7f3fde170000-7f3fde173000 r-xp 00000000 00:13 2157404                    /usr/lib/libdl-2.25.so
7f3fde173000-7f3fde372000 ---p 00003000 00:13 2157404                    /usr/lib/libdl-2.25.so
7f3fde372000-7f3fde373000 r--p 00002000 00:13 2157404                    /usr/lib/libdl-2.25.so
7f3fde373000-7f3fde374000 rw-p 00003000 00:13 2157404                    /usr/lib/libdl-2.25.so
7f3fde374000-7f3fde381000 r-xp 00000000 00:13 1620800                    /usr/lib/jvm/java-8-openjdk/jre/lib/amd64/jli/libjli.so
7f3fde381000-7f3fde580000 ---p 0000d000 00:13 1620800                    /usr/lib/jvm/java-8-openjdk/jre/lib/amd64/jli/libjli.so
7f3fde580000-7f3fde581000 r--p 0000c000 00:13 1620800                    /usr/lib/jvm/java-8-openjdk/jre/lib/amd64/jli/libjli.so
7f3fde581000-7f3fde582000 rw-p 0000d000 00:13 1620800                    /usr/lib/jvm/java-8-openjdk/jre/lib/amd64/jli/libjli.so
7f3fde582000-7f3fde598000 r-xp 00000000 00:13 1552182                    /usr/lib/libz.so.1.2.11
7f3fde598000-7f3fde797000 ---p 00016000 00:13 1552182                    /usr/lib/libz.so.1.2.11
7f3fde797000-7f3fde798000 r--p 00015000 00:13 1552182                    /usr/lib/libz.so.1.2.11
7f3fde798000-7f3fde799000 rw-p 00016000 00:13 1552182                    /usr/lib/libz.so.1.2.11
7f3fde799000-7f3fde7b2000 r-xp 00000000 00:13 2157473                    /usr/lib/libpthread-2.25.so
7f3fde7b2000-7f3fde9b1000 ---p 00019000 00:13 2157473                    /usr/lib/libpthread-2.25.so
7f3fde9b1000-7f3fde9b2000 r--p 00018000 00:13 2157473                    /usr/lib/libpthread-2.25.so
7f3fde9b2000-7f3fde9b3000 rw-p 00019000 00:13 2157473                    /usr/lib/libpthread-2.25.so
7f3fde9b3000-7f3fde9b7000 rw-p 00000000 00:00 0 
7f3fde9b7000-7f3fde9da000 r-xp 00000000 00:13 2157455                    /usr/lib/ld-2.25.so
7f3fde9da000-7f3fde9dc000 r--s 00c6c000 00:13 2417699                    /home/andrey/.ivy2/cache/org.bytedeco.javacpp-presets/opencv/jars/opencv-3.2.0-1.3-windows-x86_64.jar
7f3fde9dc000-7f3fdeaac000 rw-p 00000000 00:00 0 
7f3fdeaac000-7f3fdeaad000 ---p 00000000 00:00 0 
7f3fdeaad000-7f3fdebad000 rwxp 00000000 00:00 0 
7f3fdebad000-7f3fdebaf000 rw-p 00000000 00:00 0 
7f3fdebaf000-7f3fdebb0000 r--s 00000000 00:13 2417709                    /home/andrey/.ivy2/cache/org.bytedeco.javacpp-presets/opencv-platform/jars/opencv-platform-3.2.0-1.3.jar
7f3fdebb0000-7f3fdebb1000 r--s 00000000 00:13 1620725                    /usr/lib/jvm/java-8-openjdk/jre/lib/management-agent.jar
7f3fdebb1000-7f3fdebb2000 r--s 00009000 00:13 1876771                    /usr/lib/jvm/java-8-openjdk/jre/lib/jfxswt.jar
7f3fdebb2000-7f3fdebb5000 r--s 00015000 00:13 1620722                    /usr/lib/jvm/java-8-openjdk/jre/lib/jce.jar
7f3fdebb5000-7f3fdebba000 r--s 002f9000 00:13 1620726                    /usr/lib/jvm/java-8-openjdk/jre/lib/charsets.jar
7f3fdebba000-7f3fdebcd000 rw-p 00000000 00:00 0 
7f3fdebcd000-7f3fdebd5000 rw-s 00000000 00:2a 329268                     /tmp/hsperfdata_andrey/16392
7f3fdebd5000-7f3fdebd6000 rw-p 00000000 00:00 0 
7f3fdebd6000-7f3fdebd7000 r--p 00000000 00:00 0 
7f3fdebd7000-7f3fdebd9000 rw-p 00000000 00:00 0 
7f3fdebd9000-7f3fdebda000 r--p 00022000 00:13 2157455                    /usr/lib/ld-2.25.so
7f3fdebda000-7f3fdebdb000 rw-p 00023000 00:13 2157455                    /usr/lib/ld-2.25.so
7f3fdebdb000-7f3fdebdc000 rw-p 00000000 00:00 0 
7ffe76ce4000-7ffe76d03000 rwxp 00000000 00:00 0                          [stack]
7ffe76d03000-7ffe76d07000 rw-p 00000000 00:00 0 
7ffe76da0000-7ffe76da2000 r--p 00000000 00:00 0                          [vvar]
7ffe76da2000-7ffe76da4000 r-xp 00000000 00:00 0                          [vdso]
ffffffffff600000-ffffffffff601000 r-xp 00000000 00:00 0                  [vsyscall]

VM Arguments:
jvm_args: -Didea.launcher.port=7533 -Didea.launcher.bin.path=/usr/share/intellijidea-ce/bin -Dfile.encoding=UTF-8 -Dawt.useSystemAAFontSettings=on -Dswing.aatext=true 
java_command: com.intellij.rt.execution.application.AppMain ImageTextDetectionApp
java_class_path (initial): /usr/lib/jvm/java-8-openjdk/jre/lib/charsets.jar:/usr/lib/jvm/java-8-openjdk/jre/lib/ext/cldrdata.jar:/usr/lib/jvm/java-8-openjdk/jre/lib/ext/dnsns.jar:/usr/lib/jvm/java-8-openjdk/jre/lib/ext/jaccess.jar:/usr/lib/jvm/java-8-openjdk/jre/lib/ext/jfxrt.jar:/usr/lib/jvm/java-8-openjdk/jre/lib/ext/localedata.jar:/usr/lib/jvm/java-8-openjdk/jre/lib/ext/nashorn.jar:/usr/lib/jvm/java-8-openjdk/jre/lib/ext/sunec.jar:/usr/lib/jvm/java-8-openjdk/jre/lib/ext/sunjce_provider.jar:/usr/lib/jvm/java-8-openjdk/jre/lib/ext/sunpkcs11.jar:/usr/lib/jvm/java-8-openjdk/jre/lib/ext/zipfs.jar:/usr/lib/jvm/java-8-openjdk/jre/lib/jce.jar:/usr/lib/jvm/java-8-openjdk/jre/lib/jfxswt.jar:/usr/lib/jvm/java-8-openjdk/jre/lib/jsse.jar:/usr/lib/jvm/java-8-openjdk/jre/lib/management-agent.jar:/usr/lib/jvm/java-8-openjdk/jre/lib/resources.jar:/usr/lib/jvm/java-8-openjdk/jre/lib/rt.jar:/home/andrey/IdeaProjects/scala-javacv/target/scala-2.12/classes:/home/andrey/.ivy2/cache/org.scala-lang/scala-library/jars/scala-library-2.12.1.jar:/home/andrey/.ivy2/cache/org.bytedeco.javacpp-presets/opencv-platform/jars/opencv-platform-3.2.0-1.3.jar:/home/andrey/.ivy2/cache/org.bytedeco.javacpp-presets/opencv/jars/opencv-3.2.0-1.3-windows-x86_64.jar:/home/andrey/.ivy2/cache/org.bytedeco.javacpp-presets/opencv/jars/opencv-3.2.0-1.3-windows-x86.jar:/home/andrey/.ivy2/cache/org.bytedeco.javacpp-presets/opencv/jars/opencv-3.2.0-1.3-macosx-x86_64.jar:/home/andrey/.ivy2/cache/org.bytedeco.javacpp-presets/opencv/jars/opencv-3.2.0-1.3-linux-x86_64.jar:/home/andrey/.ivy2/cache/org.bytedeco.javacpp-presets/opencv/jars/opencv-3.2.0-1.3-linux-x86.jar:/home/andrey/.ivy2/cache/org.bytedeco.javacpp-presets/opencv/jars/opencv-3.2.0-1.3-linux-ppc64le.jar:/home/andrey/.ivy2/cache/org.bytedeco.javacpp-presets/opencv/jars/opencv-3.2.0-1.3-linux-armhf.jar:/home/andrey/.ivy2/cache/org.bytedeco.javacpp-presets/opencv/jars/opencv-3.2.0-1.3-android-x86.jar:/home/andrey/.ivy2/cache/org.bytedeco.javacpp-presets/open
Launcher Type: SUN_STANDARD

Environment Variables:
_JAVA_OPTIONS=-Dawt.useSystemAAFontSettings=on -Dswing.aatext=true
PATH=/usr/local/sbin:/usr/local/bin:/usr/bin:/opt/depot_tools:/usr/lib/jvm/default/bin:/usr/bin/site_perl:/usr/bin/vendor_perl:/usr/bin/core_perl
LD_LIBRARY_PATH=/usr/share/intellijidea-ce/bin:
SHELL=/bin/bash
DISPLAY=:1

Signal Handlers:
SIGSEGV: [libjvm.so+0xa2d880], sa_mask[0]=11111111011111111101111111111110, sa_flags=SA_RESTART|SA_SIGINFO
SIGBUS: [libjvm.so+0xa2d880], sa_mask[0]=11111111011111111101111111111110, sa_flags=SA_RESTART|SA_SIGINFO
SIGFPE: [libjvm.so+0x881d40], sa_mask[0]=11111111011111111101111111111110, sa_flags=SA_RESTART|SA_SIGINFO
SIGPIPE: [libjvm.so+0x881d40], sa_mask[0]=11111111011111111101111111111110, sa_flags=SA_RESTART|SA_SIGINFO
SIGXFSZ: [libjvm.so+0x881d40], sa_mask[0]=11111111011111111101111111111110, sa_flags=SA_RESTART|SA_SIGINFO
SIGILL: [libjvm.so+0x881d40], sa_mask[0]=11111111011111111101111111111110, sa_flags=SA_RESTART|SA_SIGINFO
SIGUSR1: SIG_DFL, sa_mask[0]=00000000000000000000000000000000, sa_flags=none
SIGUSR2: [libjvm.so+0x881c10], sa_mask[0]=00100000000000000000000000000000, sa_flags=SA_RESTART|SA_SIGINFO
SIGHUP: [libjvm.so+0x882080], sa_mask[0]=11111111011111111101111111111110, sa_flags=SA_RESTART|SA_SIGINFO
SIGINT: SIG_IGN, sa_mask[0]=00000000000000000000000000000000, sa_flags=none
SIGTERM: [libjvm.so+0x882080], sa_mask[0]=11111111011111111101111111111110, sa_flags=SA_RESTART|SA_SIGINFO
SIGQUIT: [libjvm.so+0x882080], sa_mask[0]=11111111011111111101111111111110, sa_flags=SA_RESTART|SA_SIGINFO


---------------  S Y S T E M  ---------------

OS:NAME="Arch Linux"
PRETTY_NAME="Arch Linux"
ID=arch
ID_LIKE=archlinux
ANSI_COLOR="0;36"
HOME_URL="https://www.archlinux.org/"
SUPPORT_URL="https://bbs.archlinux.org/"
BUG_REPORT_URL="https://bugs.archlinux.org/"


uname:Linux 4.10.3-1-ARCH #1 SMP PREEMPT Wed Mar 15 09:17:17 CET 2017 x86_64
libc:glibc 2.25 NPTL 2.25 
rlimit: STACK 8192k, CORE infinity, NPROC 14408, NOFILE 4096, AS infinity
load average:1.60 1.37 1.32

/proc/meminfo:
MemTotal:        3935600 kB
MemFree:          294652 kB
MemAvailable:     328920 kB
Buffers:              12 kB
Cached:           382044 kB
SwapCached:        32028 kB
Active:          2815096 kB
Inactive:         680428 kB
Active(anon):    2703296 kB
Inactive(anon):   569240 kB
Active(file):     111800 kB
Inactive(file):   111188 kB
Unevictable:           0 kB
Mlocked:               0 kB
SwapTotal:       8388604 kB
SwapFree:        8198232 kB
Dirty:             14568 kB
Writeback:             0 kB
AnonPages:       3107476 kB
Mapped:           110212 kB
Shmem:            158764 kB
Slab:              61856 kB
SReclaimable:      32396 kB
SUnreclaim:        29460 kB
KernelStack:        5904 kB
PageTables:        19900 kB
NFS_Unstable:          0 kB
Bounce:                0 kB
WritebackTmp:          0 kB
CommitLimit:    10356404 kB
Committed_AS:    4807460 kB
VmallocTotal:   34359738367 kB
VmallocUsed:           0 kB
VmallocChunk:          0 kB
HardwareCorrupted:     0 kB
AnonHugePages:    753664 kB
ShmemHugePages:        0 kB
ShmemPmdMapped:        0 kB
HugePages_Total:       0
HugePages_Free:        0
HugePages_Rsvd:        0
HugePages_Surp:        0
Hugepagesize:       2048 kB
DirectMap4k:      314460 kB
DirectMap2M:     3764224 kB


CPU:total 2 (2 cores per cpu, 1 threads per core) family 6 model 55 stepping 8, cmov, cx8, fxsr, mmx, sse, sse2, sse3, ssse3, sse4.1, sse4.2, popcnt, clmul, erms, 3dnowpref, tsc, tscinvbit

/proc/cpuinfo:
processor	: 0
vendor_id	: GenuineIntel
cpu family	: 6
model		: 55
model name	: Intel(R) Celeron(R) CPU  N2830  @ 2.16GHz
stepping	: 8
microcode	: 0x815
cpu MHz		: 2415.638
cache size	: 1024 KB
physical id	: 0
siblings	: 2
core id		: 0
cpu cores	: 2
apicid		: 0
initial apicid	: 0
fpu		: yes
fpu_exception	: yes
cpuid level	: 11
wp		: yes
flags		: fpu vme de pse tsc msr pae mce cx8 apic sep mtrr pge mca cmov pat pse36 clflush dts acpi mmx fxsr sse sse2 ss ht tm pbe syscall nx rdtscp lm constant_tsc arch_perfmon pebs bts rep_good nopl xtopology tsc_reliable nonstop_tsc aperfmperf tsc_known_freq pni pclmulqdq dtes64 monitor ds_cpl vmx est tm2 ssse3 cx16 xtpr pdcm sse4_1 sse4_2 movbe popcnt tsc_deadline_timer rdrand lahf_lm 3dnowprefetch epb tpr_shadow vnmi flexpriority ept vpid tsc_adjust smep erms dtherm ida arat
bugs		:
bogomips	: 4333.08
clflush size	: 64
cache_alignment	: 64
address sizes	: 36 bits physical, 48 bits virtual
power management:

processor	: 1
vendor_id	: GenuineIntel
cpu family	: 6
model		: 55
model name	: Intel(R) Celeron(R) CPU  N2830  @ 2.16GHz
stepping	: 8
microcode	: 0x815
cpu MHz		: 2415.638
cache size	: 1024 KB
physical id	: 0
siblings	: 2
core id		: 1
cpu cores	: 2
apicid		: 2
initial apicid	: 2
fpu		: yes
fpu_exception	: yes
cpuid level	: 11
wp		: yes
flags		: fpu vme de pse tsc msr pae mce cx8 apic sep mtrr pge mca cmov pat pse36 clflush dts acpi mmx fxsr sse sse2 ss ht tm pbe syscall nx rdtscp lm constant_tsc arch_perfmon pebs bts rep_good nopl xtopology tsc_reliable nonstop_tsc aperfmperf tsc_known_freq pni pclmulqdq dtes64 monitor ds_cpl vmx est tm2 ssse3 cx16 xtpr pdcm sse4_1 sse4_2 movbe popcnt tsc_deadline_timer rdrand lahf_lm 3dnowprefetch epb tpr_shadow vnmi flexpriority ept vpid tsc_adjust smep erms dtherm ida arat
bugs		:
bogomips	: 4335.82
clflush size	: 64
cache_alignment	: 64
address sizes	: 36 bits physical, 48 bits virtual
power management:



Memory: 4k page, physical 3935600k(294652k free), swap 8388604k(8198232k free)

vm_info: OpenJDK 64-Bit Server VM (25.121-b13) for linux-amd64 JRE (1.8.0_121-b13), built on Jan 22 2017 09:22:31 by "builduser" with gcc 6.3.1 20170109

time: Sun Mar 19 13:30:54 2017
elapsed time: 10 seconds (0d 0h 0m 10s)

