#
# A fatal error has been detected by the Java Runtime Environment:
#
#  SIGSEGV (0xb) at pc=0x00007f113431c542, pid=13898, tid=0x00007f11401eb700
#
# JRE version: OpenJDK Runtime Environment (8.0_121-b13) (build 1.8.0_121-b13)
# Java VM: OpenJDK 64-Bit Server VM (25.121-b13 mixed mode linux-amd64 compressed oops)
# Problematic frame:
# C  [libopencv_text.so.3.2+0x23542]  cv::text::ERFilterNM::er_tree_filter(cv::_InputArray const&, cv::text::ERStat*, cv::text::ERStat*, cv::text::ERStat*)+0x5f2
#
# Core dump written. Default location: /home/andrey/IdeaProjects/scala-javacv/core or core.13898
#
# If you would like to submit a bug report, please visit:
#   http://bugreport.java.com/bugreport/crash.jsp
# The crash happened outside the Java Virtual Machine in native code.
# See problematic frame for where to report the bug.
#

---------------  T H R E A D  ---------------

Current thread (0x00007f118f0a1800):  JavaThread "scala-execution-context-global-12" daemon [_thread_in_native, id=13933, stack(0x00007f11400eb000,0x00007f11401ec000)]

siginfo: si_signo: 11 (SIGSEGV), si_code: 1 (SEGV_MAPERR), si_addr: 0x0000000000000008

Registers:
RAX=0x00007f11401e96c0, RBX=0x0000000001179000, RCX=0x0000000000000000, RDX=0x00007f11401e8fb0
RSP=0x00007f11401e91e0, RBP=0x00007f118c12d270, RSI=0x0000000000000003, RDI=0x0000000000000001
R8 =0x00000000011a2eb0, R9 =0x00007f11401e9268, R10=0x00007f1192d7ab78, R11=0x0000000000000000
R12=0x00007f11401ea110, R13=0x00000000011a0c10, R14=0x00007f11401e9380, R15=0x00007f11401e9260
RIP=0x00007f113431c542, EFLAGS=0x0000000000010202, CSGSFS=0x002b000000000033, ERR=0x0000000000000004
  TRAPNO=0x000000000000000e

Top of Stack: (sp=0x00007f11401e91e0)
0x00007f11401e91e0:   00007f11401e94a0 000000000003ff04
0x00007f11401e91f0:   401921fb54442d18 0000000000000000
0x00007f11401e9200:   40a7d20000000000 0000000000000000
0x00007f11401e9210:   453e900000000000 00007f11401e95a0
0x00007f11401e9220:   00007f11401e93e0 00007f1100000b29
0x00007f11401e9230:   00000000011a1118 00007f11401e96c0
0x00007f11401e9240:   00007f11401e96e0 0000000001178f48
0x00007f11401e9250:   00000000011a0c10 00007f11401e9380
0x00007f11401e9260:   0000000242ff400c 0000000000000000
0x00007f11401e9270:   0000000000000000 0000000000000000
0x00007f11401e9280:   0000000000000000 0000000000000000
0x00007f11401e9290:   0000000000000000 0000000000000000
0x00007f11401e92a0:   00007f11401e9268 00007f11401e92b0
0x00007f11401e92b0:   0000000000000008 0000000000000008
0x00007f11401e92c0:   0000000242ff8000 0000000000000000
0x00007f11401e92d0:   0000000000000000 0000000000000000
0x00007f11401e92e0:   0000000000000000 0000000000000000
0x00007f11401e92f0:   0000000000000000 0000000000000000
0x00007f11401e9300:   00007f11401e92c8 00007f11401e9310
0x00007f11401e9310:   0000000000000db2 0000000000000001
0x00007f11401e9320:   0000000242ff8000 0000000000000000
0x00007f11401e9330:   0000000000000000 0000000000000000
0x00007f11401e9340:   0000000000000000 0000000000000000
0x00007f11401e9350:   0000000000000000 0000000000000000
0x00007f11401e9360:   00007f11401e9328 00007f11401e9370
0x00007f11401e9370:   0000000000000db0 0000000000000001
0x00007f11401e9380:   0000000242ff8000 0000000100000003
0x00007f11401e9390:   0000000001b160cc 00000000018705b0
0x00007f11401e93a0:   0000000002041954 0000000002041954
0x00007f11401e93b0:   0000000000000000 0000000000f82ec0
0x00007f11401e93c0:   00007f11401e9388 00007f11401e93d0
0x00007f11401e93d0:   0000000000000db2 0000000000000001 

Instructions: (pc=0x00007f113431c542)
0x00007f113431c522:   00 8b b4 24 7c 05 00 00 8b bc 24 78 05 00 00 4d
0x00007f113431c532:   8d 4f 08 48 89 44 24 58 48 89 84 24 28 04 00 00
0x00007f113431c542:   4c 8b 41 08 48 8b 11 4c 89 8c 24 c0 00 00 00 4d
0x00007f113431c552:   8d 4f 50 c7 84 24 30 04 00 00 00 00 00 00 c7 84 

Register to memory mapping:

RAX=0x00007f11401e96c0 is pointing into the stack for thread: 0x00007f118f0a1800
RBX=0x0000000001179000 is an unknown value
RCX=0x0000000000000000 is an unknown value
RDX=0x00007f11401e8fb0 is pointing into the stack for thread: 0x00007f118f0a1800
RSP=0x00007f11401e91e0 is pointing into the stack for thread: 0x00007f118f0a1800
RBP=0x00007f118c12d270 is an unknown value
RSI=0x0000000000000003 is an unknown value
RDI=0x0000000000000001 is an unknown value
R8 =0x00000000011a2eb0 is an unknown value
R9 =0x00007f11401e9268 is pointing into the stack for thread: 0x00007f118f0a1800
R10=0x00007f1192d7ab78: <offset 0x39eb78> in /usr/lib/libc.so.6 at 0x00007f11929dc000
R11=0x0000000000000000 is an unknown value
R12=0x00007f11401ea110 is pointing into the stack for thread: 0x00007f118f0a1800
R13=0x00000000011a0c10 is an unknown value
R14=0x00007f11401e9380 is pointing into the stack for thread: 0x00007f118f0a1800
R15=0x00007f11401e9260 is pointing into the stack for thread: 0x00007f118f0a1800


Stack: [0x00007f11400eb000,0x00007f11401ec000],  sp=0x00007f11401e91e0,  free space=1016k
Native frames: (J=compiled Java code, j=interpreted, Vv=VM code, C=native code)
C  [libopencv_text.so.3.2+0x23542]  cv::text::ERFilterNM::er_tree_filter(cv::_InputArray const&, cv::text::ERStat*, cv::text::ERStat*, cv::text::ERStat*)+0x5f2

Java frames: (J=compiled Java code, j=interpreted, Vv=VM code)
j  org.bytedeco.javacpp.opencv_text$ERFilter.run(Lorg/bytedeco/javacpp/opencv_core$Mat;Lorg/bytedeco/javacpp/opencv_text$ERStatVector;)V+0
j  ImageTextDetectionApp$.$anonfun$new$1(LImageTextDetectionApp$;I)V+47
j  ImageTextDetectionApp$$$Lambda$11.apply$mcVI$sp(I)V+5
j  scala.collection.parallel.immutable.ParRange$ParRangeIterator.foreach(Lscala/Function1;)V+25
j  scala.collection.parallel.ParIterableLike$Foreach.leaf(Lscala/Option;)V+8
j  scala.collection.parallel.Task.$anonfun$tryLeaf$1(Lscala/collection/parallel/Task;Lscala/Option;)V+2
j  scala.collection.parallel.Task$$Lambda$18.apply$mcV$sp()V+8
j  scala.runtime.java8.JFunction0$mcV$sp.apply()Ljava/lang/Object;+1
j  scala.util.control.Breaks$$anon$1.catchBreak(Lscala/Function0;)Ljava/lang/Object;+4
j  scala.collection.parallel.Task.tryLeaf(Lscala/Option;)V+35
j  scala.collection.parallel.Task.tryLeaf$(Lscala/collection/parallel/Task;Lscala/Option;)V+2
j  scala.collection.parallel.ParIterableLike$Foreach.tryLeaf(Lscala/Option;)V+2
j  scala.collection.parallel.AdaptiveWorkStealingTasks$WrappedTask.internal()V+120
j  scala.collection.parallel.AdaptiveWorkStealingTasks$WrappedTask.internal$(Lscala/collection/parallel/AdaptiveWorkStealingTasks$WrappedTask;)V+1
j  scala.collection.parallel.AdaptiveWorkStealingForkJoinTasks$WrappedTask.internal()V+1
j  scala.collection.parallel.AdaptiveWorkStealingTasks$WrappedTask.compute()V+15
j  scala.collection.parallel.AdaptiveWorkStealingTasks$WrappedTask.compute$(Lscala/collection/parallel/AdaptiveWorkStealingTasks$WrappedTask;)V+1
j  scala.collection.parallel.AdaptiveWorkStealingForkJoinTasks$WrappedTask.compute()V+1
j  java.util.concurrent.RecursiveAction.exec()Z+1
j  java.util.concurrent.ForkJoinTask.doExec()I+10
j  java.util.concurrent.ForkJoinPool$WorkQueue.runTask(Ljava/util/concurrent/ForkJoinTask;)V+21
j  java.util.concurrent.ForkJoinPool.runWorker(Ljava/util/concurrent/ForkJoinPool$WorkQueue;)V+35
j  java.util.concurrent.ForkJoinWorkerThread.run()V+24
v  ~StubRoutines::call_stub

---------------  P R O C E S S  ---------------

Java Threads: ( => current thread )
  0x0000000000f81000 JavaThread "scala-execution-context-global-13" daemon [_thread_in_native, id=13934, stack(0x00007f1133643000,0x00007f1133744000)]
=>0x00007f118f0a1800 JavaThread "scala-execution-context-global-12" daemon [_thread_in_native, id=13933, stack(0x00007f11400eb000,0x00007f11401ec000)]
  0x00007f118c5e5800 JavaThread "JavaCPP Deallocator" daemon [_thread_blocked, id=13930, stack(0x00007f11429ae000,0x00007f1142aaf000)]
  0x00007f118c0e4800 JavaThread "Service Thread" daemon [_thread_blocked, id=13920, stack(0x00007f117876a000,0x00007f117886b000)]
  0x00007f118c0cf800 JavaThread "C1 CompilerThread1" daemon [_thread_blocked, id=13919, stack(0x00007f117886b000,0x00007f117896c000)]
  0x00007f118c0cc800 JavaThread "C2 CompilerThread0" daemon [_thread_blocked, id=13918, stack(0x00007f117896c000,0x00007f1178a6d000)]
  0x00007f1160001000 JavaThread "JDWP Command Reader" daemon [_thread_in_native, id=13912, stack(0x00007f1178a6d000,0x00007f1178b6e000)]
  0x00007f118c0ca000 JavaThread "JDWP Event Helper Thread" daemon [_thread_blocked, id=13911, stack(0x00007f1178b6e000,0x00007f1178c6f000)]
  0x00007f118c0c6800 JavaThread "JDWP Transport Listener: dt_socket" daemon [_thread_blocked, id=13910, stack(0x00007f1178c6f000,0x00007f1178d70000)]
  0x00007f118c0b8800 JavaThread "Signal Dispatcher" daemon [_thread_blocked, id=13909, stack(0x00007f1178f75000,0x00007f1179076000)]
  0x00007f118c086800 JavaThread "Finalizer" daemon [_thread_blocked, id=13908, stack(0x00007f1179076000,0x00007f1179177000)]
  0x00007f118c082000 JavaThread "Reference Handler" daemon [_thread_blocked, id=13905, stack(0x00007f1179177000,0x00007f1179278000)]
  0x00007f118c011000 JavaThread "main" [_thread_blocked, id=13900, stack(0x00007f11936bc000,0x00007f11937bd000)]

Other Threads:
  0x00007f118c07a000 VMThread [stack: 0x00007f1179278000,0x00007f1179379000] [id=13904]
  0x00007f118c0e7000 WatcherThread [stack: 0x00007f1178669000,0x00007f117876a000] [id=13921]

VM state:not at safepoint (normal execution)

VM Mutex/Monitor currently owned by a thread: None

Heap:
 PSYoungGen      total 18432K, used 7615K [0x00000000ebf80000, 0x00000000ed400000, 0x0000000100000000)
  eden space 15872K, 31% used [0x00000000ebf80000,0x00000000ec474958,0x00000000ecf00000)
  from space 2560K, 99% used [0x00000000ecf00000,0x00000000ed17b328,0x00000000ed180000)
  to   space 2560K, 0% used [0x00000000ed180000,0x00000000ed180000,0x00000000ed400000)
 ParOldGen       total 42496K, used 2398K [0x00000000c3e00000, 0x00000000c6780000, 0x00000000ebf80000)
  object space 42496K, 5% used [0x00000000c3e00000,0x00000000c4057a78,0x00000000c6780000)
 Metaspace       used 12167K, capacity 12418K, committed 12544K, reserved 1060864K
  class space    used 1435K, capacity 1517K, committed 1536K, reserved 1048576K

Card table byte_map: [0x00007f117ca5e000,0x00007f117cc40000] byte_map_base: 0x00007f117c43f000

Marking Bits: (ParMarkBitMap*) 0x00007f11929bf260
 Begin Bits: [0x00007f117a90b000, 0x00007f117b813000)
 End Bits:   [0x00007f117b813000, 0x00007f117c71b000)

Polling page: 0x00007f11937e6000

CodeCache: size=245760Kb used=3708Kb max_used=3721Kb free=242051Kb
 bounds [0x00007f117d000000, 0x00007f117d3b0000, 0x00007f118c000000]
 total_blobs=1308 nmethods=892 adapters=340
 compilation: enabled

Compilation events (10 events):
Event: 14.694 Thread 0x00007f118c0cf800 nmethod 889 0x00007f117d384390 code [0x00007f117d384500, 0x00007f117d384748]
Event: 14.694 Thread 0x00007f118c0cf800  890       3       java.lang.RuntimeException::<init> (6 bytes)
Event: 14.694 Thread 0x00007f118c0cf800 nmethod 890 0x00007f117d397190 code [0x00007f117d397300, 0x00007f117d397508]
Event: 14.697 Thread 0x00007f118c0cf800  892       3       java.util.ArrayList::subListRangeCheck (110 bytes)
Event: 14.699 Thread 0x00007f118c0cf800 nmethod 892 0x00007f117d39dfd0 code [0x00007f117d39e320, 0x00007f117d39fc88]
Event: 14.699 Thread 0x00007f118c0cc800 nmethod 887 0x00007f117d3a2450 code [0x00007f117d3a2600, 0x00007f117d3a29b8]
Event: 14.700 Thread 0x00007f118c0cf800  893       3       java.util.ArrayList$SubList::<init> (46 bytes)
Event: 14.700 Thread 0x00007f118c0cc800  891       4       java.io.UnixFileSystem::resolve (103 bytes)
Event: 14.700 Thread 0x00007f118c0cf800 nmethod 893 0x00007f117d396bd0 code [0x00007f117d396d40, 0x00007f117d397010]
Event: 14.715 Thread 0x00007f118c0cc800 nmethod 891 0x00007f117d396090 code [0x00007f117d396220, 0x00007f117d3968b8]

GC Heap History (6 events):
Event: 10.785 GC heap before
{Heap before GC invocations=1 (full 0):
 PSYoungGen      total 18432K, used 15872K [0x00000000ebf80000, 0x00000000ed400000, 0x0000000100000000)
  eden space 15872K, 100% used [0x00000000ebf80000,0x00000000ecf00000,0x00000000ecf00000)
  from space 2560K, 0% used [0x00000000ed180000,0x00000000ed180000,0x00000000ed400000)
  to   space 2560K, 0% used [0x00000000ecf00000,0x00000000ecf00000,0x00000000ed180000)
 ParOldGen       total 42496K, used 0K [0x00000000c3e00000, 0x00000000c6780000, 0x00000000ebf80000)
  object space 42496K, 0% used [0x00000000c3e00000,0x00000000c3e00000,0x00000000c6780000)
 Metaspace       used 7575K, capacity 7768K, committed 7808K, reserved 1056768K
  class space    used 793K, capacity 858K, committed 896K, reserved 1048576K
Event: 10.802 GC heap after
Heap after GC invocations=1 (full 0):
 PSYoungGen      total 18432K, used 2537K [0x00000000ebf80000, 0x00000000ed400000, 0x0000000100000000)
  eden space 15872K, 0% used [0x00000000ebf80000,0x00000000ebf80000,0x00000000ecf00000)
  from space 2560K, 99% used [0x00000000ecf00000,0x00000000ed17a4b8,0x00000000ed180000)
  to   space 2560K, 0% used [0x00000000ed180000,0x00000000ed180000,0x00000000ed400000)
 ParOldGen       total 42496K, used 1098K [0x00000000c3e00000, 0x00000000c6780000, 0x00000000ebf80000)
  object space 42496K, 2% used [0x00000000c3e00000,0x00000000c3f12b58,0x00000000c6780000)
 Metaspace       used 7575K, capacity 7768K, committed 7808K, reserved 1056768K
  class space    used 793K, capacity 858K, committed 896K, reserved 1048576K
}
Event: 12.656 GC heap before
{Heap before GC invocations=2 (full 0):
 PSYoungGen      total 18432K, used 18409K [0x00000000ebf80000, 0x00000000ed400000, 0x0000000100000000)
  eden space 15872K, 100% used [0x00000000ebf80000,0x00000000ecf00000,0x00000000ecf00000)
  from space 2560K, 99% used [0x00000000ecf00000,0x00000000ed17a4b8,0x00000000ed180000)
  to   space 2560K, 0% used [0x00000000ed180000,0x00000000ed180000,0x00000000ed400000)
 ParOldGen       total 42496K, used 1098K [0x00000000c3e00000, 0x00000000c6780000, 0x00000000ebf80000)
  object space 42496K, 2% used [0x00000000c3e00000,0x00000000c3f12b58,0x00000000c6780000)
 Metaspace       used 9271K, capacity 9438K, committed 9600K, reserved 1058816K
  class space    used 999K, capacity 1051K, committed 1152K, reserved 1048576K
Event: 12.670 GC heap after
Heap after GC invocations=2 (full 0):
 PSYoungGen      total 18432K, used 2543K [0x00000000ebf80000, 0x00000000ed400000, 0x0000000100000000)
  eden space 15872K, 0% used [0x00000000ebf80000,0x00000000ebf80000,0x00000000ecf00000)
  from space 2560K, 99% used [0x00000000ed180000,0x00000000ed3fbc20,0x00000000ed400000)
  to   space 2560K, 0% used [0x00000000ecf00000,0x00000000ecf00000,0x00000000ed180000)
 ParOldGen       total 42496K, used 1527K [0x00000000c3e00000, 0x00000000c6780000, 0x00000000ebf80000)
  object space 42496K, 3% used [0x00000000c3e00000,0x00000000c3f7def0,0x00000000c6780000)
 Metaspace       used 9271K, capacity 9438K, committed 9600K, reserved 1058816K
  class space    used 999K, capacity 1051K, committed 1152K, reserved 1048576K
}
Event: 14.299 GC heap before
{Heap before GC invocations=3 (full 0):
 PSYoungGen      total 18432K, used 18415K [0x00000000ebf80000, 0x00000000ed400000, 0x0000000100000000)
  eden space 15872K, 100% used [0x00000000ebf80000,0x00000000ecf00000,0x00000000ecf00000)
  from space 2560K, 99% used [0x00000000ed180000,0x00000000ed3fbc20,0x00000000ed400000)
  to   space 2560K, 0% used [0x00000000ecf00000,0x00000000ecf00000,0x00000000ed180000)
 ParOldGen       total 42496K, used 1527K [0x00000000c3e00000, 0x00000000c6780000, 0x00000000ebf80000)
  object space 42496K, 3% used [0x00000000c3e00000,0x00000000c3f7def0,0x00000000c6780000)
 Metaspace       used 11256K, capacity 11424K, committed 11776K, reserved 1058816K
  class space    used 1343K, capacity 1410K, committed 1536K, reserved 1048576K
Event: 14.307 GC heap after
Heap after GC invocations=3 (full 0):
 PSYoungGen      total 18432K, used 2540K [0x00000000ebf80000, 0x00000000ed400000, 0x0000000100000000)
  eden space 15872K, 0% used [0x00000000ebf80000,0x00000000ebf80000,0x00000000ecf00000)
  from space 2560K, 99% used [0x00000000ecf00000,0x00000000ed17b328,0x00000000ed180000)
  to   space 2560K, 0% used [0x00000000ed180000,0x00000000ed180000,0x00000000ed400000)
 ParOldGen       total 42496K, used 2398K [0x00000000c3e00000, 0x00000000c6780000, 0x00000000ebf80000)
  object space 42496K, 5% used [0x00000000c3e00000,0x00000000c4057a78,0x00000000c6780000)
 Metaspace       used 11256K, capacity 11424K, committed 11776K, reserved 1058816K
  class space    used 1343K, capacity 1410K, committed 1536K, reserved 1048576K
}

Deoptimization events (8 events):
Event: 4.628 Thread 0x00007f118c011000 Uncommon trap: reason=unstable_if action=reinterpret pc=0x00007f117d11e47c method=java.lang.String.hashCode()I @ 14
Event: 9.609 Thread 0x00007f118c011000 Uncommon trap: reason=unstable_if action=reinterpret pc=0x00007f117d1f3afc method=java.util.HashMap.getNode(ILjava/lang/Object;)Ljava/util/HashMap$Node; @ 116
Event: 9.809 Thread 0x00007f118c011000 Uncommon trap: reason=unstable_if action=reinterpret pc=0x00007f117d1ff730 method=java.util.HashMap.getNode(ILjava/lang/Object;)Ljava/util/HashMap$Node; @ 129
Event: 10.391 Thread 0x00007f118c011000 Uncommon trap: reason=class_check action=maybe_recompile pc=0x00007f117d250df0 method=sun.misc.URLClassPath.getLoader(I)Lsun/misc/URLClassPath$Loader; @ 94
Event: 10.406 Thread 0x00007f118c011000 Uncommon trap: reason=class_check action=maybe_recompile pc=0x00007f117d250df0 method=sun.misc.URLClassPath.getLoader(I)Lsun/misc/URLClassPath$Loader; @ 94
Event: 10.418 Thread 0x00007f118c011000 Uncommon trap: reason=class_check action=maybe_recompile pc=0x00007f117d250df0 method=sun.misc.URLClassPath.getLoader(I)Lsun/misc/URLClassPath$Loader; @ 94
Event: 14.618 Thread 0x00007f118f0a1800 Uncommon trap: reason=unstable_if action=reinterpret pc=0x00007f117d357380 method=java.lang.ThreadLocal.get()Ljava/lang/Object; @ 11
Event: 14.654 Thread 0x0000000000f81000 Uncommon trap: reason=unstable_if action=reinterpret pc=0x00007f117d2ffa68 method=java.lang.ThreadLocal.get()Ljava/lang/Object; @ 11

Internal exceptions (10 events):
Event: 14.627 Thread 0x00007f118f0a1800 Exception <a 'java/lang/NoSuchMethodError': java.lang.Object.$anonfun$$plus$plus$eq$1(Lscala/collection/generic/Growable;Ljava/lang/Object;)Lscala/collection/generic/Growable;> (0x00000000ec20ccf8) thrown at [/build/java8-openjdk/src/jdk8u-jdk8u121-b13/ho
Event: 14.633 Thread 0x00007f118f0a1800 Exception <a 'java/lang/NoSuchMethodError': java.lang.Object.$anonfun$splitWithSignalling$2$adapted(Lscala/collection/parallel/SeqSplitter;Lscala/collection/parallel/SeqSplitter;)Ljava/lang/Object;> (0x00000000ec212698) thrown at [/build/java8-openjdk/src
Event: 14.638 Thread 0x00007f118f0a1800 Exception <a 'java/lang/NoSuchMethodError': java.lang.Object.$anonfun$split$1(Lscala/collection/parallel/ParIterableLike$Accessor;Lscala/collection/parallel/IterableSplitter;)Lscala/collection/parallel/ParIterableLike$Accessor;> (0x00000000ec218058) throw
Event: 14.641 Thread 0x00007f118f0a1800 Exception <a 'java/lang/NoSuchMethodError': java.lang.Object.$anonfun$map$1(Lscala/Function1;Lscala/collection/mutable/Builder;Ljava/lang/Object;)Lscala/collection/mutable/Builder;> (0x00000000ec21f108) thrown at [/build/java8-openjdk/src/jdk8u-jdk8u121-b
Event: 14.646 Thread 0x00007f118f0a1800 Exception <a 'java/lang/NoSuchMethodError': java.lang.Object.$anonfun$spawnSubtasks$1$adapted(Lscala/runtime/ObjectRef;Lscala/collection/parallel/AdaptiveWorkStealingTasks$WrappedTask;)Ljava/lang/Object;> (0x00000000ec22be60) thrown at [/build/java8-openj
Event: 14.650 Thread 0x0000000000f81000 Exception <a 'java/lang/NoSuchMethodError': java.lang.Object.$anonfun$tryLeaf$1(Lscala/collection/parallel/Task;Lscala/Option;)V> (0x00000000ec260478) thrown at [/build/java8-openjdk/src/jdk8u-jdk8u121-b13/hotspot/src/share/vm/interpreter/linkResolver.cpp
Event: 14.650 Thread 0x00007f118f0a1800 Exception <a 'java/lang/NoSuchMethodError': java.lang.Object.$anonfun$tryLeaf$1(Lscala/collection/parallel/Task;Lscala/Option;)V> (0x00000000ec232768) thrown at [/build/java8-openjdk/src/jdk8u-jdk8u121-b13/hotspot/src/share/vm/interpreter/linkResolver.cpp
Event: 14.654 Thread 0x0000000000f81000 Implicit null exception at 0x00007f117d2ff901 to 0x00007f117d2ffa49
Event: 14.655 Thread 0x0000000000f81000 Exception <a 'java/lang/NoSuchMethodError': java.lang.Object.$anonfun$tryLeaf$2(Lscala/collection/parallel/Task;)V> (0x00000000ec268a78) thrown at [/build/java8-openjdk/src/jdk8u-jdk8u121-b13/hotspot/src/share/vm/interpreter/linkResolver.cpp, line 582]
Event: 14.655 Thread 0x00007f118f0a1800 Exception <a 'java/lang/NoSuchMethodError': java.lang.Object.$anonfun$tryLeaf$2(Lscala/collection/parallel/Task;)V> (0x00000000ec23a270) thrown at [/build/java8-openjdk/src/jdk8u-jdk8u121-b13/hotspot/src/share/vm/interpreter/linkResolver.cpp, line 582]

Events (10 events):
Event: 14.711 Thread 0x00007f118f0a1800 DEOPT PACKING pc=0x00007f117d39ceec sp=0x00007f11401e98d0
Event: 14.711 Thread 0x00007f118f0a1800 DEOPT UNPACKING pc=0x00007f117d046f73 sp=0x00007f11401e96d0 mode 1
Event: 14.712 Thread 0x00007f118f0a1800 DEOPT PACKING pc=0x00007f117d39ceec sp=0x00007f11401e99a0
Event: 14.712 Thread 0x00007f118f0a1800 DEOPT UNPACKING pc=0x00007f117d046f73 sp=0x00007f11401e97a0 mode 1
Event: 14.712 Thread 0x00007f118f0a1800 DEOPT PACKING pc=0x00007f117d39ceec sp=0x00007f11401e99a0
Event: 14.712 Thread 0x00007f118f0a1800 DEOPT UNPACKING pc=0x00007f117d046f73 sp=0x00007f11401e97a0 mode 1
Event: 14.712 Thread 0x00007f118f0a1800 DEOPT PACKING pc=0x00007f117d22c0b4 sp=0x00007f11401e9a00
Event: 14.712 Thread 0x00007f118f0a1800 DEOPT UNPACKING pc=0x00007f117d046f73 sp=0x00007f11401e97b0 mode 1
Event: 14.712 Thread 0x00007f118f0a1800 DEOPT PACKING pc=0x00007f117d39ceec sp=0x00007f11401e98d0
Event: 14.712 Thread 0x00007f118f0a1800 DEOPT UNPACKING pc=0x00007f117d046f73 sp=0x00007f11401e96d0 mode 1


Dynamic libraries:
00400000-00401000 r-xp 00000000 00:13 1620704                            /usr/lib/jvm/java-8-openjdk/jre/bin/java
00600000-00601000 r--p 00000000 00:13 1620704                            /usr/lib/jvm/java-8-openjdk/jre/bin/java
00601000-00602000 rw-p 00001000 00:13 1620704                            /usr/lib/jvm/java-8-openjdk/jre/bin/java
00f60000-035e2000 rw-p 00000000 00:00 0                                  [heap]
c3e00000-c6780000 rw-p 00000000 00:00 0 
c6780000-ebf80000 ---p 00000000 00:00 0 
ebf80000-ed400000 rw-p 00000000 00:00 0 
ed400000-100000000 ---p 00000000 00:00 0 
100000000-100180000 rw-p 00000000 00:00 0 
100180000-140000000 ---p 00000000 00:00 0 
7f112cbc1000-7f112d390000 rw-p 00000000 00:00 0 
7f112eafd000-7f112eafe000 ---p 00000000 00:00 0 
7f112eafe000-7f112f2fe000 rwxp 00000000 00:00 0 
7f1130a6a000-7f11321d7000 rw-p 00000000 00:00 0 
7f1132e42000-7f1132e43000 ---p 00000000 00:00 0 
7f1132e43000-7f1133643000 rwxp 00000000 00:00 0 
7f1133643000-7f1133646000 ---p 00000000 00:00 0 
7f1133646000-7f1133744000 rwxp 00000000 00:00 0 
7f1133744000-7f1133804000 rw-p 00000000 00:00 0 
7f1133804000-7f1133944000 ---p 00000000 00:00 0 
7f1133944000-7f11339b0000 r-xp 00000000 00:13 2418409                    /home/andrey/.javacpp/cache/opencv-3.2.0-1.3-linux-x86_64.jar/org/bytedeco/javacpp/linux-x86_64/libjniopencv_text.so
7f11339b0000-7f1133baf000 ---p 0006c000 00:13 2418409                    /home/andrey/.javacpp/cache/opencv-3.2.0-1.3-linux-x86_64.jar/org/bytedeco/javacpp/linux-x86_64/libjniopencv_text.so
7f1133baf000-7f1133bb0000 rw-p 0006b000 00:13 2418409                    /home/andrey/.javacpp/cache/opencv-3.2.0-1.3-linux-x86_64.jar/org/bytedeco/javacpp/linux-x86_64/libjniopencv_text.so
7f1133bb0000-7f1133be7000 r-xp 00000000 00:13 2420372                    /usr/lib/libtbb.so.2
7f1133be7000-7f1133de6000 ---p 00037000 00:13 2420372                    /usr/lib/libtbb.so.2
7f1133de6000-7f1133de8000 r--p 00036000 00:13 2420372                    /usr/lib/libtbb.so.2
7f1133de8000-7f1133dea000 rw-p 00038000 00:13 2420372                    /usr/lib/libtbb.so.2
7f1133dea000-7f1133ded000 rw-p 00000000 00:00 0 
7f1133ded000-7f1133e3e000 r-xp 00000000 00:13 2421218                    /usr/lib/libopencv_flann.so.3.2.0
7f1133e3e000-7f113403e000 ---p 00051000 00:13 2421218                    /usr/lib/libopencv_flann.so.3.2.0
7f113403e000-7f1134040000 r--p 00051000 00:13 2421218                    /usr/lib/libopencv_flann.so.3.2.0
7f1134040000-7f1134041000 rw-p 00053000 00:13 2421218                    /usr/lib/libopencv_flann.so.3.2.0
7f1134041000-7f11340f5000 r-xp 00000000 00:13 2421242                    /usr/lib/libopencv_features2d.so.3.2.0
7f11340f5000-7f11342f4000 ---p 000b4000 00:13 2421242                    /usr/lib/libopencv_features2d.so.3.2.0
7f11342f4000-7f11342f7000 r--p 000b3000 00:13 2421242                    /usr/lib/libopencv_features2d.so.3.2.0
7f11342f7000-7f11342f9000 rw-p 000b6000 00:13 2421242                    /usr/lib/libopencv_features2d.so.3.2.0
7f11342f9000-7f113435c000 r-xp 00000000 00:13 2418408                    /home/andrey/.javacpp/cache/opencv-3.2.0-1.3-linux-x86_64.jar/org/bytedeco/javacpp/linux-x86_64/libopencv_text.so.3.2
7f113435c000-7f113455c000 ---p 00063000 00:13 2418408                    /home/andrey/.javacpp/cache/opencv-3.2.0-1.3-linux-x86_64.jar/org/bytedeco/javacpp/linux-x86_64/libopencv_text.so.3.2
7f113455c000-7f113455e000 rw-p 00063000 00:13 2418408                    /home/andrey/.javacpp/cache/opencv-3.2.0-1.3-linux-x86_64.jar/org/bytedeco/javacpp/linux-x86_64/libopencv_text.so.3.2
7f113455e000-7f1134621000 rw-p 00000000 00:00 0 
7f1134621000-7f1134667000 r-xp 00000000 00:13 2418407                    /home/andrey/.javacpp/cache/opencv-3.2.0-1.3-linux-x86_64.jar/org/bytedeco/javacpp/linux-x86_64/libjniopencv_ml.so
7f1134667000-7f1134867000 ---p 00046000 00:13 2418407                    /home/andrey/.javacpp/cache/opencv-3.2.0-1.3-linux-x86_64.jar/org/bytedeco/javacpp/linux-x86_64/libjniopencv_ml.so
7f1134867000-7f1134868000 rw-p 00046000 00:13 2418407                    /home/andrey/.javacpp/cache/opencv-3.2.0-1.3-linux-x86_64.jar/org/bytedeco/javacpp/linux-x86_64/libjniopencv_ml.so
7f1134868000-7f1134900000 r-xp 00000000 00:13 2418406                    /home/andrey/.javacpp/cache/opencv-3.2.0-1.3-linux-x86_64.jar/org/bytedeco/javacpp/linux-x86_64/libopencv_ml.so.3.2
7f1134900000-7f1134aff000 ---p 00098000 00:13 2418406                    /home/andrey/.javacpp/cache/opencv-3.2.0-1.3-linux-x86_64.jar/org/bytedeco/javacpp/linux-x86_64/libopencv_ml.so.3.2
7f1134aff000-7f1134b03000 rw-p 00097000 00:13 2418406                    /home/andrey/.javacpp/cache/opencv-3.2.0-1.3-linux-x86_64.jar/org/bytedeco/javacpp/linux-x86_64/libopencv_ml.so.3.2
7f1134b03000-7f1134b44000 r-xp 00000000 00:13 2418405                    /home/andrey/.javacpp/cache/opencv-3.2.0-1.3-linux-x86_64.jar/org/bytedeco/javacpp/linux-x86_64/libjniopencv_highgui.so
7f1134b44000-7f1134d44000 ---p 00041000 00:13 2418405                    /home/andrey/.javacpp/cache/opencv-3.2.0-1.3-linux-x86_64.jar/org/bytedeco/javacpp/linux-x86_64/libjniopencv_highgui.so
7f1134d44000-7f1134d45000 rw-p 00041000 00:13 2418405                    /home/andrey/.javacpp/cache/opencv-3.2.0-1.3-linux-x86_64.jar/org/bytedeco/javacpp/linux-x86_64/libjniopencv_highgui.so
7f1134d45000-7f1134d50000 r-xp 00000000 00:13 2418404                    /home/andrey/.javacpp/cache/opencv-3.2.0-1.3-linux-x86_64.jar/org/bytedeco/javacpp/linux-x86_64/libopencv_highgui.so.3.2
7f1134d50000-7f1134f4f000 ---p 0000b000 00:13 2418404                    /home/andrey/.javacpp/cache/opencv-3.2.0-1.3-linux-x86_64.jar/org/bytedeco/javacpp/linux-x86_64/libopencv_highgui.so.3.2
7f1134f4f000-7f1134f50000 rw-p 0000a000 00:13 2418404                    /home/andrey/.javacpp/cache/opencv-3.2.0-1.3-linux-x86_64.jar/org/bytedeco/javacpp/linux-x86_64/libopencv_highgui.so.3.2
7f1134f50000-7f1134f65000 r-xp 00000000 00:13 2418403                    /home/andrey/.javacpp/cache/opencv-3.2.0-1.3-linux-x86_64.jar/org/bytedeco/javacpp/linux-x86_64/libjniopencv_videoio.so
7f1134f65000-7f1135165000 ---p 00015000 00:13 2418403                    /home/andrey/.javacpp/cache/opencv-3.2.0-1.3-linux-x86_64.jar/org/bytedeco/javacpp/linux-x86_64/libjniopencv_videoio.so
7f1135165000-7f1135166000 rw-p 00015000 00:13 2418403                    /home/andrey/.javacpp/cache/opencv-3.2.0-1.3-linux-x86_64.jar/org/bytedeco/javacpp/linux-x86_64/libjniopencv_videoio.so
7f1135166000-7f113516d000 r-xp 00000000 00:13 2026335                    /usr/lib/libdatrie.so.1.3.3
7f113516d000-7f113536c000 ---p 00007000 00:13 2026335                    /usr/lib/libdatrie.so.1.3.3
7f113536c000-7f113536d000 r--p 00006000 00:13 2026335                    /usr/lib/libdatrie.so.1.3.3
7f113536d000-7f113536e000 rw-p 00007000 00:13 2026335                    /usr/lib/libdatrie.so.1.3.3
7f113536e000-7f113537e000 r-xp 00000000 00:13 2117097                    /usr/lib/libGLX.so.0.0.0
7f113537e000-7f113557d000 ---p 00010000 00:13 2117097                    /usr/lib/libGLX.so.0.0.0
7f113557d000-7f113557e000 r--p 0000f000 00:13 2117097                    /usr/lib/libGLX.so.0.0.0
7f113557e000-7f113557f000 rw-p 00010000 00:13 2117097                    /usr/lib/libGLX.so.0.0.0
7f113557f000-7f113559f000 rw-p 00000000 00:00 0 
7f113559f000-7f11355a4000 r-xp 00000000 00:13 42076                      /usr/lib/libXdmcp.so.6.0.0
7f11355a4000-7f11357a3000 ---p 00005000 00:13 42076                      /usr/lib/libXdmcp.so.6.0.0
7f11357a3000-7f11357a4000 r--p 00004000 00:13 42076                      /usr/lib/libXdmcp.so.6.0.0
7f11357a4000-7f11357a5000 rw-p 00005000 00:13 42076                      /usr/lib/libXdmcp.so.6.0.0
7f11357a5000-7f11357a7000 r-xp 00000000 00:13 42085                      /usr/lib/libXau.so.6.0.0
7f11357a7000-7f11359a7000 ---p 00002000 00:13 42085                      /usr/lib/libXau.so.6.0.0
7f11359a7000-7f11359a8000 r--p 00002000 00:13 42085                      /usr/lib/libXau.so.6.0.0
7f11359a8000-7f11359a9000 rw-p 00003000 00:13 42085                      /usr/lib/libXau.so.6.0.0
7f11359a9000-7f1135a17000 r-xp 00000000 00:13 2117094                    /usr/lib/libGLdispatch.so.0.0.0
7f1135a17000-7f1135c16000 ---p 0006e000 00:13 2117094                    /usr/lib/libGLdispatch.so.0.0.0
7f1135c16000-7f1135c3e000 r--p 0006d000 00:13 2117094                    /usr/lib/libGLdispatch.so.0.0.0
7f1135c3e000-7f1135c3f000 rw-p 00095000 00:13 2117094                    /usr/lib/libGLdispatch.so.0.0.0
7f1135c3f000-7f1135c5f000 rw-p 00000000 00:00 0 
7f1135c5f000-7f1135c89000 r-xp 00000000 00:13 586151                     /usr/lib/libgraphite2.so.3.0.1
7f1135c89000-7f1135e88000 ---p 0002a000 00:13 586151                     /usr/lib/libgraphite2.so.3.0.1
7f1135e88000-7f1135e8a000 r--p 00029000 00:13 586151                     /usr/lib/libgraphite2.so.3.0.1
7f1135e8a000-7f1135e8b000 rw-p 0002b000 00:13 586151                     /usr/lib/libgraphite2.so.3.0.1
7f1135e8b000-7f1135e8f000 r-xp 00000000 00:13 2024957                    /usr/lib/libuuid.so.1.3.0
7f1135e8f000-7f113608e000 ---p 00004000 00:13 2024957                    /usr/lib/libuuid.so.1.3.0
7f113608e000-7f113608f000 r--p 00003000 00:13 2024957                    /usr/lib/libuuid.so.1.3.0
7f113608f000-7f1136090000 rw-p 00004000 00:13 2024957                    /usr/lib/libuuid.so.1.3.0
7f1136090000-7f11360d1000 r-xp 00000000 00:13 2024958                    /usr/lib/libblkid.so.1.1.0
7f11360d1000-7f11362d0000 ---p 00041000 00:13 2024958                    /usr/lib/libblkid.so.1.1.0
7f11362d0000-7f11362d4000 r--p 00040000 00:13 2024958                    /usr/lib/libblkid.so.1.1.0
7f11362d4000-7f11362d5000 rw-p 00044000 00:13 2024958                    /usr/lib/libblkid.so.1.1.0
7f11362d5000-7f11362d6000 rw-p 00000000 00:00 0 
7f11362d6000-7f1136348000 r-xp 00000000 00:13 1605008                    /usr/lib/libpcre.so.1.2.8
7f1136348000-7f1136547000 ---p 00072000 00:13 1605008                    /usr/lib/libpcre.so.1.2.8
7f1136547000-7f1136548000 r--p 00071000 00:13 1605008                    /usr/lib/libpcre.so.1.2.8
7f1136548000-7f1136549000 rw-p 00072000 00:13 1605008                    /usr/lib/libpcre.so.1.2.8
7f1136549000-7f1136550000 r-xp 00000000 00:13 17402                      /usr/lib/libffi.so.6.0.4
7f1136550000-7f1136750000 ---p 00007000 00:13 17402                      /usr/lib/libffi.so.6.0.4
7f1136750000-7f1136751000 r--p 00007000 00:13 17402                      /usr/lib/libffi.so.6.0.4
7f1136751000-7f1136752000 rw-p 00008000 00:13 17402                      /usr/lib/libffi.so.6.0.4
7f1136752000-7f1136779000 r-xp 00000000 00:13 12033                      /usr/lib/libexpat.so.1.6.2
7f1136779000-7f1136979000 ---p 00027000 00:13 12033                      /usr/lib/libexpat.so.1.6.2
7f1136979000-7f113697b000 r--p 00027000 00:13 12033                      /usr/lib/libexpat.so.1.6.2
7f113697b000-7f113697c000 rw-p 00029000 00:13 12033                      /usr/lib/libexpat.so.1.6.2
7f113697c000-7f113698b000 r-xp 00000000 00:13 1313099                    /usr/lib/libbz2.so.1.0.6
7f113698b000-7f1136b8a000 ---p 0000f000 00:13 1313099                    /usr/lib/libbz2.so.1.0.6
7f1136b8a000-7f1136b8b000 r--p 0000e000 00:13 1313099                    /usr/lib/libbz2.so.1.0.6
7f1136b8b000-7f1136b8c000 rw-p 0000f000 00:13 1313099                    /usr/lib/libbz2.so.1.0.6
7f1136b8c000-7f1136b94000 r-xp 00000000 00:13 1621406                    /usr/lib/libthai.so.0.3.0
7f1136b94000-7f1136d94000 ---p 00008000 00:13 1621406                    /usr/lib/libthai.so.0.3.0
7f1136d94000-7f1136d95000 r--p 00008000 00:13 1621406                    /usr/lib/libthai.so.0.3.0
7f1136d95000-7f1136d96000 rw-p 00009000 00:13 1621406                    /usr/lib/libthai.so.0.3.0
7f1136d96000-7f1136e06000 r-xp 00000000 00:13 2117098                    /usr/lib/libGL.so.1.0.0
7f1136e06000-7f1137005000 ---p 00070000 00:13 2117098                    /usr/lib/libGL.so.1.0.0
7f1137005000-7f113701f000 r--p 0006f000 00:13 2117098                    /usr/lib/libGL.so.1.0.0
7f113701f000-7f1137020000 rw-p 00089000 00:13 2117098                    /usr/lib/libGL.so.1.0.0
7f1137020000-7f1137021000 rw-p 00000000 00:00 0 
7f1137021000-7f113702d000 r-xp 00000000 00:13 42162                      /usr/lib/libxcb-render.so.0.0.0
7f113702d000-7f113722d000 ---p 0000c000 00:13 42162                      /usr/lib/libxcb-render.so.0.0.0
7f113722d000-7f113722e000 r--p 0000c000 00:13 42162                      /usr/lib/libxcb-render.so.0.0.0
7f113722e000-7f113722f000 rw-p 0000d000 00:13 42162                      /usr/lib/libxcb-render.so.0.0.0
7f113722f000-7f1137257000 r-xp 00000000 00:13 42152                      /usr/lib/libxcb.so.1.1.0
7f1137257000-7f1137456000 ---p 00028000 00:13 42152                      /usr/lib/libxcb.so.1.1.0
7f1137456000-7f1137457000 r--p 00027000 00:13 42152                      /usr/lib/libxcb.so.1.1.0
7f1137457000-7f1137458000 rw-p 00028000 00:13 42152                      /usr/lib/libxcb.so.1.1.0
7f1137458000-7f113745a000 r-xp 00000000 00:13 42166                      /usr/lib/libxcb-shm.so.0.0.0
7f113745a000-7f113765a000 ---p 00002000 00:13 42166                      /usr/lib/libxcb-shm.so.0.0.0
7f113765a000-7f113765b000 r--p 00002000 00:13 42166                      /usr/lib/libxcb-shm.so.0.0.0
7f113765b000-7f113765c000 rw-p 00003000 00:13 42166                      /usr/lib/libxcb-shm.so.0.0.0
7f113765c000-7f113766e000 r-xp 00000000 00:13 2117096                    /usr/lib/libEGL.so.1.0.0
7f113766e000-7f113786d000 ---p 00012000 00:13 2117096                    /usr/lib/libEGL.so.1.0.0
7f113786d000-7f113786e000 r--p 00011000 00:13 2117096                    /usr/lib/libEGL.so.1.0.0
7f113786e000-7f113786f000 rw-p 00012000 00:13 2117096                    /usr/lib/libEGL.so.1.0.0
7f113786f000-7f113790e000 r-xp 00000000 00:13 46386                      /usr/lib/libpixman-1.so.0.34.0
7f113790e000-7f1137b0e000 ---p 0009f000 00:13 46386                      /usr/lib/libpixman-1.so.0.34.0
7f1137b0e000-7f1137b16000 r--p 0009f000 00:13 46386                      /usr/lib/libpixman-1.so.0.34.0
7f1137b16000-7f1137b17000 rw-p 000a7000 00:13 46386                      /usr/lib/libpixman-1.so.0.34.0
7f1137b17000-7f1137b4c000 r-xp 00000000 00:13 1420659                    /usr/lib/libpng16.so.16.28.0
7f1137b4c000-7f1137d4b000 ---p 00035000 00:13 1420659                    /usr/lib/libpng16.so.16.28.0
7f1137d4b000-7f1137d4c000 r--p 00034000 00:13 1420659                    /usr/lib/libpng16.so.16.28.0
7f1137d4c000-7f1137d4d000 rw-p 00035000 00:13 1420659                    /usr/lib/libpng16.so.16.28.0
7f1137d4d000-7f1137ddb000 r-xp 00000000 00:13 2362619                    /usr/lib/libharfbuzz.so.0.10400.5
7f1137ddb000-7f1137fda000 ---p 0008e000 00:13 2362619                    /usr/lib/libharfbuzz.so.0.10400.5
7f1137fda000-7f1137fdc000 r--p 0008d000 00:13 2362619                    /usr/lib/libharfbuzz.so.0.10400.5
7f1137fdc000-7f1137fdd000 rw-p 0008f000 00:13 2362619                    /usr/lib/libharfbuzz.so.0.10400.5
7f1137fdd000-7f1138027000 r-xp 00000000 00:13 2024959                    /usr/lib/libmount.so.1.1.0
7f1138027000-7f1138227000 ---p 0004a000 00:13 2024959                    /usr/lib/libmount.so.1.1.0
7f1138227000-7f1138228000 r--p 0004a000 00:13 2024959                    /usr/lib/libmount.so.1.1.0
7f1138228000-7f1138229000 rw-p 0004b000 00:13 2024959                    /usr/lib/libmount.so.1.1.0
7f1138229000-7f113822b000 rw-p 00000000 00:00 0 
7f113822b000-7f113823e000 r-xp 00000000 00:13 2157401                    /usr/lib/libresolv-2.25.so
7f113823e000-7f113843d000 ---p 00013000 00:13 2157401                    /usr/lib/libresolv-2.25.so
7f113843d000-7f113843e000 r--p 00012000 00:13 2157401                    /usr/lib/libresolv-2.25.so
7f113843e000-7f113843f000 rw-p 00013000 00:13 2157401                    /usr/lib/libresolv-2.25.so
7f113843f000-7f1138441000 rw-p 00000000 00:00 0 
7f1138441000-7f1138452000 r-xp 00000000 00:13 45923                      /usr/lib/libXext.so.6.4.0
7f1138452000-7f1138651000 ---p 00011000 00:13 45923                      /usr/lib/libXext.so.6.4.0
7f1138651000-7f1138652000 r--p 00010000 00:13 45923                      /usr/lib/libXext.so.6.4.0
7f1138652000-7f1138653000 rw-p 00011000 00:13 45923                      /usr/lib/libXext.so.6.4.0
7f1138653000-7f1138655000 r-xp 00000000 00:13 46013                      /usr/lib/libXdamage.so.1.1.0
7f1138655000-7f1138854000 ---p 00002000 00:13 46013                      /usr/lib/libXdamage.so.1.1.0
7f1138854000-7f1138855000 r--p 00001000 00:13 46013                      /usr/lib/libXdamage.so.1.1.0
7f1138855000-7f1138856000 rw-p 00002000 00:13 46013                      /usr/lib/libXdamage.so.1.1.0
7f1138856000-7f1138858000 r-xp 00000000 00:13 49664                      /usr/lib/libXcomposite.so.1.0.0
7f1138858000-7f1138a57000 ---p 00002000 00:13 49664                      /usr/lib/libXcomposite.so.1.0.0
7f1138a57000-7f1138a58000 r--p 00001000 00:13 49664                      /usr/lib/libXcomposite.so.1.0.0
7f1138a58000-7f1138a59000 rw-p 00002000 00:13 49664                      /usr/lib/libXcomposite.so.1.0.0
7f1138a59000-7f1138a63000 r-xp 00000000 00:13 49470                      /usr/lib/libXcursor.so.1.0.2
7f1138a63000-7f1138c62000 ---p 0000a000 00:13 49470                      /usr/lib/libXcursor.so.1.0.2
7f1138c62000-7f1138c63000 r--p 00009000 00:13 49470                      /usr/lib/libXcursor.so.1.0.2
7f1138c63000-7f1138c64000 rw-p 0000a000 00:13 49470                      /usr/lib/libXcursor.so.1.0.2
7f1138c64000-7f1138c6e000 r-xp 00000000 00:13 49332                      /usr/lib/libXrandr.so.2.2.0
7f1138c6e000-7f1138e6d000 ---p 0000a000 00:13 49332                      /usr/lib/libXrandr.so.2.2.0
7f1138e6d000-7f1138e6e000 r--p 00009000 00:13 49332                      /usr/lib/libXrandr.so.2.2.0
7f1138e6e000-7f1138e6f000 rw-p 0000a000 00:13 49332                      /usr/lib/libXrandr.so.2.2.0
7f1138e6f000-7f1138e7e000 r-xp 00000000 00:13 1621381                    /usr/lib/libXi.so.6.1.0
7f1138e7e000-7f113907e000 ---p 0000f000 00:13 1621381                    /usr/lib/libXi.so.6.1.0
7f113907e000-7f113907f000 r--p 0000f000 00:13 1621381                    /usr/lib/libXi.so.6.1.0
7f113907f000-7f1139080000 rw-p 00010000 00:13 1621381                    /usr/lib/libXi.so.6.1.0
7f1139080000-7f1139082000 r-xp 00000000 00:13 49376                      /usr/lib/libXinerama.so.1.0.0
7f1139082000-7f1139281000 ---p 00002000 00:13 49376                      /usr/lib/libXinerama.so.1.0.0
7f1139281000-7f1139282000 r--p 00001000 00:13 49376                      /usr/lib/libXinerama.so.1.0.0
7f1139282000-7f1139283000 rw-p 00002000 00:13 49376                      /usr/lib/libXinerama.so.1.0.0
7f1139283000-7f113928c000 r-xp 00000000 00:13 49308                      /usr/lib/libXrender.so.1.3.0
7f113928c000-7f113948c000 ---p 00009000 00:13 49308                      /usr/lib/libXrender.so.1.3.0
7f113948c000-7f113948d000 r--p 00009000 00:13 49308                      /usr/lib/libXrender.so.1.3.0
7f113948d000-7f113948e000 rw-p 0000a000 00:13 49308                      /usr/lib/libXrender.so.1.3.0
7f113948e000-7f1139493000 r-xp 00000000 00:13 45985                      /usr/lib/libXfixes.so.3.1.0
7f1139493000-7f1139692000 ---p 00005000 00:13 45985                      /usr/lib/libXfixes.so.3.1.0
7f1139692000-7f1139693000 r--p 00004000 00:13 45985                      /usr/lib/libXfixes.so.3.1.0
7f1139693000-7f1139694000 rw-p 00005000 00:13 45985                      /usr/lib/libXfixes.so.3.1.0
7f1139694000-7f11397cd000 r-xp 00000000 00:13 2117005                    /usr/lib/libX11.so.6.3.0
7f11397cd000-7f11399cd000 ---p 00139000 00:13 2117005                    /usr/lib/libX11.so.6.3.0
7f11399cd000-7f11399ce000 r--p 00139000 00:13 2117005                    /usr/lib/libX11.so.6.3.0
7f11399ce000-7f11399d3000 rw-p 0013a000 00:13 2117005                    /usr/lib/libX11.so.6.3.0
7f11399d3000-7f1139ae4000 r-xp 00000000 00:13 1944044                    /usr/lib/libglib-2.0.so.0.5000.3
7f1139ae4000-7f1139ce3000 ---p 00111000 00:13 1944044                    /usr/lib/libglib-2.0.so.0.5000.3
7f1139ce3000-7f1139ce4000 r--p 00110000 00:13 1944044                    /usr/lib/libglib-2.0.so.0.5000.3
7f1139ce4000-7f1139ce5000 rw-p 00111000 00:13 1944044                    /usr/lib/libglib-2.0.so.0.5000.3
7f1139ce5000-7f1139ce6000 rw-p 00000000 00:00 0 
7f1139ce6000-7f1139ce7000 r-xp 00000000 00:13 1944046                    /usr/lib/libgthread-2.0.so.0.5000.3
7f1139ce7000-7f1139ee6000 ---p 00001000 00:13 1944046                    /usr/lib/libgthread-2.0.so.0.5000.3
7f1139ee6000-7f1139ee7000 r--p 00000000 00:13 1944046                    /usr/lib/libgthread-2.0.so.0.5000.3
7f1139ee7000-7f1139ee8000 rw-p 00001000 00:13 1944046                    /usr/lib/libgthread-2.0.so.0.5000.3
7f1139ee8000-7f1139eeb000 r-xp 00000000 00:13 1944045                    /usr/lib/libgmodule-2.0.so.0.5000.3
7f1139eeb000-7f113a0ea000 ---p 00003000 00:13 1944045                    /usr/lib/libgmodule-2.0.so.0.5000.3
7f113a0ea000-7f113a0eb000 r--p 00002000 00:13 1944045                    /usr/lib/libgmodule-2.0.so.0.5000.3
7f113a0eb000-7f113a0ec000 rw-p 00003000 00:13 1944045                    /usr/lib/libgmodule-2.0.so.0.5000.3
7f113a0ec000-7f113a13d000 r-xp 00000000 00:13 1944047                    /usr/lib/libgobject-2.0.so.0.5000.3
7f113a13d000-7f113a33c000 ---p 00051000 00:13 1944047                    /usr/lib/libgobject-2.0.so.0.5000.3
7f113a33c000-7f113a33d000 r--p 00050000 00:13 1944047                    /usr/lib/libgobject-2.0.so.0.5000.3
7f113a33d000-7f113a33e000 rw-p 00051000 00:13 1944047                    /usr/lib/libgobject-2.0.so.0.5000.3
7f113a33e000-7f113a37c000 r-xp 00000000 00:13 1466723                    /usr/lib/libfontconfig.so.1.9.2
7f113a37c000-7f113a57b000 ---p 0003e000 00:13 1466723                    /usr/lib/libfontconfig.so.1.9.2
7f113a57b000-7f113a57d000 r--p 0003d000 00:13 1466723                    /usr/lib/libfontconfig.so.1.9.2
7f113a57d000-7f113a582000 rw-p 0003f000 00:13 1466723                    /usr/lib/libfontconfig.so.1.9.2
7f113a582000-7f113a63c000 r-xp 00000000 00:13 1313415                    /usr/lib/libfreetype.so.6.13.0
7f113a63c000-7f113a83c000 ---p 000ba000 00:13 1313415                    /usr/lib/libfreetype.so.6.13.0
7f113a83c000-7f113a842000 r--p 000ba000 00:13 1313415                    /usr/lib/libfreetype.so.6.13.0
7f113a842000-7f113a843000 rw-p 000c0000 00:13 1313415                    /usr/lib/libfreetype.so.6.13.0
7f113a843000-7f113a88c000 r-xp 00000000 00:13 2118048                    /usr/lib/libpango-1.0.so.0.4000.4
7f113a88c000-7f113aa8c000 ---p 00049000 00:13 2118048                    /usr/lib/libpango-1.0.so.0.4000.4
7f113aa8c000-7f113aa8e000 r--p 00049000 00:13 2118048                    /usr/lib/libpango-1.0.so.0.4000.4
7f113aa8e000-7f113aa8f000 rw-p 0004b000 00:13 2118048                    /usr/lib/libpango-1.0.so.0.4000.4
7f113aa8f000-7f113abb8000 r-xp 00000000 00:13 953451                     /usr/lib/libcairo.so.2.11400.8
7f113abb8000-7f113adb7000 ---p 00129000 00:13 953451                     /usr/lib/libcairo.so.2.11400.8
7f113adb7000-7f113adba000 r--p 00128000 00:13 953451                     /usr/lib/libcairo.so.2.11400.8
7f113adba000-7f113adbc000 rw-p 0012b000 00:13 953451                     /usr/lib/libcairo.so.2.11400.8
7f113adbc000-7f113adbd000 rw-p 00000000 00:00 0 
7f113adbd000-7f113ade3000 r-xp 00000000 00:13 1944921                    /usr/lib/libgdk_pixbuf-2.0.so.0.3600.5
7f113ade3000-7f113afe2000 ---p 00026000 00:13 1944921                    /usr/lib/libgdk_pixbuf-2.0.so.0.3600.5
7f113afe2000-7f113afe3000 r--p 00025000 00:13 1944921                    /usr/lib/libgdk_pixbuf-2.0.so.0.3600.5
7f113afe3000-7f113afe4000 rw-p 00026000 00:13 1944921                    /usr/lib/libgdk_pixbuf-2.0.so.0.3600.5
7f113afe4000-7f113aff0000 r-xp 00000000 00:13 2118051                    /usr/lib/libpangocairo-1.0.so.0.4000.4
7f113aff0000-7f113b1ef000 ---p 0000c000 00:13 2118051                    /usr/lib/libpangocairo-1.0.so.0.4000.4
7f113b1ef000-7f113b1f0000 r--p 0000b000 00:13 2118051                    /usr/lib/libpangocairo-1.0.so.0.4000.4
7f113b1f0000-7f113b1f1000 rw-p 0000c000 00:13 2118051                    /usr/lib/libpangocairo-1.0.so.0.4000.4
7f113b1f1000-7f113b205000 r-xp 00000000 00:13 2118049                    /usr/lib/libpangoft2-1.0.so.0.4000.4
7f113b205000-7f113b404000 ---p 00014000 00:13 2118049                    /usr/lib/libpangoft2-1.0.so.0.4000.4
7f113b404000-7f113b405000 r--p 00013000 00:13 2118049                    /usr/lib/libpangoft2-1.0.so.0.4000.4
7f113b405000-7f113b406000 rw-p 00014000 00:13 2118049                    /usr/lib/libpangoft2-1.0.so.0.4000.4
7f113b406000-7f113b591000 r-xp 00000000 00:13 1944048                    /usr/lib/libgio-2.0.so.0.5000.3
7f113b591000-7f113b791000 ---p 0018b000 00:13 1944048                    /usr/lib/libgio-2.0.so.0.5000.3
7f113b791000-7f113b796000 r--p 0018b000 00:13 1944048                    /usr/lib/libgio-2.0.so.0.5000.3
7f113b796000-7f113b798000 rw-p 00190000 00:13 1944048                    /usr/lib/libgio-2.0.so.0.5000.3
7f113b798000-7f113b79a000 rw-p 00000000 00:00 0 
7f113b79a000-7f113b7bd000 r-xp 00000000 00:13 2399192                    /usr/lib/libatk-1.0.so.0.22409.1
7f113b7bd000-7f113b9bc000 ---p 00023000 00:13 2399192                    /usr/lib/libatk-1.0.so.0.22409.1
7f113b9bc000-7f113b9bf000 r--p 00022000 00:13 2399192                    /usr/lib/libatk-1.0.so.0.22409.1
7f113b9bf000-7f113b9c0000 rw-p 00025000 00:13 2399192                    /usr/lib/libatk-1.0.so.0.22409.1
7f113b9c0000-7f113bdf3000 r-xp 00000000 00:13 62700                      /usr/lib/libgtk-x11-2.0.so.0.2400.31
7f113bdf3000-7f113bff2000 ---p 00433000 00:13 62700                      /usr/lib/libgtk-x11-2.0.so.0.2400.31
7f113bff2000-7f113bff9000 r--p 00432000 00:13 62700                      /usr/lib/libgtk-x11-2.0.so.0.2400.31
7f113bff9000-7f113bffd000 rw-p 00439000 00:13 62700                      /usr/lib/libgtk-x11-2.0.so.0.2400.31
7f113bffd000-7f113c000000 rw-p 00000000 00:00 0 
7f113c000000-7f113e18e000 rw-p 00000000 00:00 0 
7f113e18e000-7f1140000000 ---p 00000000 00:00 0 
7f11400eb000-7f11400ee000 ---p 00000000 00:00 0 
7f11400ee000-7f11401ec000 rwxp 00000000 00:00 0 
7f11401ec000-7f114029c000 r-xp 00000000 00:13 62699                      /usr/lib/libgdk-x11-2.0.so.0.2400.31
7f114029c000-7f114049b000 ---p 000b0000 00:13 62699                      /usr/lib/libgdk-x11-2.0.so.0.2400.31
7f114049b000-7f114049f000 r--p 000af000 00:13 62699                      /usr/lib/libgdk-x11-2.0.so.0.2400.31
7f114049f000-7f11404a1000 rw-p 000b3000 00:13 62699                      /usr/lib/libgdk-x11-2.0.so.0.2400.31
7f11404a1000-7f11404bb000 r-xp 00000000 00:13 2418402                    /home/andrey/.javacpp/cache/opencv-3.2.0-1.3-linux-x86_64.jar/org/bytedeco/javacpp/linux-x86_64/libopencv_videoio.so.3.2
7f11404bb000-7f11406bb000 ---p 0001a000 00:13 2418402                    /home/andrey/.javacpp/cache/opencv-3.2.0-1.3-linux-x86_64.jar/org/bytedeco/javacpp/linux-x86_64/libopencv_videoio.so.3.2
7f11406bb000-7f11406bc000 rw-p 0001a000 00:13 2418402                    /home/andrey/.javacpp/cache/opencv-3.2.0-1.3-linux-x86_64.jar/org/bytedeco/javacpp/linux-x86_64/libopencv_videoio.so.3.2
7f11406bc000-7f11408bf000 rw-p 00000000 00:00 0 
7f11408bf000-7f114202b000 rw-p 00000000 00:00 0 
7f114202b000-7f1142050000 r-xp 00000000 00:13 2418401                    /home/andrey/.javacpp/cache/opencv-3.2.0-1.3-linux-x86_64.jar/org/bytedeco/javacpp/linux-x86_64/libjniopencv_imgcodecs.so
7f1142050000-7f114224f000 ---p 00025000 00:13 2418401                    /home/andrey/.javacpp/cache/opencv-3.2.0-1.3-linux-x86_64.jar/org/bytedeco/javacpp/linux-x86_64/libjniopencv_imgcodecs.so
7f114224f000-7f1142250000 rw-p 00024000 00:13 2418401                    /home/andrey/.javacpp/cache/opencv-3.2.0-1.3-linux-x86_64.jar/org/bytedeco/javacpp/linux-x86_64/libjniopencv_imgcodecs.so
7f1142250000-7f114248a000 r-xp 00000000 00:13 2418400                    /home/andrey/.javacpp/cache/opencv-3.2.0-1.3-linux-x86_64.jar/org/bytedeco/javacpp/linux-x86_64/libopencv_imgcodecs.so.3.2
7f114248a000-7f114268a000 ---p 0023a000 00:13 2418400                    /home/andrey/.javacpp/cache/opencv-3.2.0-1.3-linux-x86_64.jar/org/bytedeco/javacpp/linux-x86_64/libopencv_imgcodecs.so.3.2
7f114268a000-7f1142698000 rw-p 0023a000 00:13 2418400                    /home/andrey/.javacpp/cache/opencv-3.2.0-1.3-linux-x86_64.jar/org/bytedeco/javacpp/linux-x86_64/libopencv_imgcodecs.so.3.2
7f1142698000-7f11426a3000 rw-p 00000000 00:00 0 
7f11426a3000-7f11427ad000 r-xp 00000000 00:13 2418399                    /home/andrey/.javacpp/cache/opencv-3.2.0-1.3-linux-x86_64.jar/org/bytedeco/javacpp/linux-x86_64/libjniopencv_imgproc.so
7f11427ad000-7f11429ac000 ---p 0010a000 00:13 2418399                    /home/andrey/.javacpp/cache/opencv-3.2.0-1.3-linux-x86_64.jar/org/bytedeco/javacpp/linux-x86_64/libjniopencv_imgproc.so
7f11429ac000-7f11429ae000 rw-p 00109000 00:13 2418399                    /home/andrey/.javacpp/cache/opencv-3.2.0-1.3-linux-x86_64.jar/org/bytedeco/javacpp/linux-x86_64/libjniopencv_imgproc.so
7f11429ae000-7f1142aaf000 rwxp 00000000 00:00 0 
7f1142aaf000-7f1142d3e000 r-xp 00000000 00:13 2418398                    /home/andrey/.javacpp/cache/opencv-3.2.0-1.3-linux-x86_64.jar/org/bytedeco/javacpp/linux-x86_64/libjniopencv_core.so
7f1142d3e000-7f1142f3d000 ---p 0028f000 00:13 2418398                    /home/andrey/.javacpp/cache/opencv-3.2.0-1.3-linux-x86_64.jar/org/bytedeco/javacpp/linux-x86_64/libjniopencv_core.so
7f1142f3d000-7f1142f40000 rw-p 0028e000 00:13 2418398                    /home/andrey/.javacpp/cache/opencv-3.2.0-1.3-linux-x86_64.jar/org/bytedeco/javacpp/linux-x86_64/libjniopencv_core.so
7f1142f40000-7f1142f41000 rw-p 00000000 00:00 0 
7f1142f41000-7f1143182000 r-xp 00000000 00:13 2418397                    /home/andrey/.javacpp/cache/opencv-3.2.0-1.3-linux-x86_64.jar/org/bytedeco/javacpp/linux-x86_64/libopencv_imgproc.so.3.2
7f1143182000-7f1143382000 ---p 00241000 00:13 2418397                    /home/andrey/.javacpp/cache/opencv-3.2.0-1.3-linux-x86_64.jar/org/bytedeco/javacpp/linux-x86_64/libopencv_imgproc.so.3.2
7f1143382000-7f1143394000 rw-p 00241000 00:13 2418397                    /home/andrey/.javacpp/cache/opencv-3.2.0-1.3-linux-x86_64.jar/org/bytedeco/javacpp/linux-x86_64/libopencv_imgproc.so.3.2
7f1143394000-7f1143429000 rw-p 00000000 00:00 0 
7f1143429000-7f114343f000 r-xp 00000000 00:13 2159154                    /usr/lib/libgcc_s.so.1
7f114343f000-7f114363e000 ---p 00016000 00:13 2159154                    /usr/lib/libgcc_s.so.1
7f114363e000-7f114363f000 r--p 00015000 00:13 2159154                    /usr/lib/libgcc_s.so.1
7f114363f000-7f1143640000 rw-p 00016000 00:13 2159154                    /usr/lib/libgcc_s.so.1
7f1143640000-7f11437b8000 r-xp 00000000 00:13 2159122                    /usr/lib/libstdc++.so.6.0.22
7f11437b8000-7f11439b8000 ---p 00178000 00:13 2159122                    /usr/lib/libstdc++.so.6.0.22
7f11439b8000-7f11439c2000 r--p 00178000 00:13 2159122                    /usr/lib/libstdc++.so.6.0.22
7f11439c2000-7f11439c4000 rw-p 00182000 00:13 2159122                    /usr/lib/libstdc++.so.6.0.22
7f11439c4000-7f11439c8000 rw-p 00000000 00:00 0 
7f11439c8000-7f1143be0000 r-xp 00000000 00:13 2418396                    /home/andrey/.javacpp/cache/opencv-3.2.0-1.3-linux-x86_64.jar/org/bytedeco/javacpp/linux-x86_64/libopencv_core.so.3.2
7f1143be0000-7f1143de0000 ---p 00218000 00:13 2418396                    /home/andrey/.javacpp/cache/opencv-3.2.0-1.3-linux-x86_64.jar/org/bytedeco/javacpp/linux-x86_64/libopencv_core.so.3.2
7f1143de0000-7f1143de7000 rw-p 00218000 00:13 2418396                    /home/andrey/.javacpp/cache/opencv-3.2.0-1.3-linux-x86_64.jar/org/bytedeco/javacpp/linux-x86_64/libopencv_core.so.3.2
7f1143de7000-7f1143de9000 rw-p 00000000 00:00 0 
7f1143de9000-7f1143dff000 r-xp 00000000 00:13 1620790                    /usr/lib/jvm/java-8-openjdk/jre/lib/amd64/libnet.so
7f1143dff000-7f1143ffe000 ---p 00016000 00:13 1620790                    /usr/lib/jvm/java-8-openjdk/jre/lib/amd64/libnet.so
7f1143ffe000-7f1143fff000 r--p 00015000 00:13 1620790                    /usr/lib/jvm/java-8-openjdk/jre/lib/amd64/libnet.so
7f1143fff000-7f1144000000 rw-p 00016000 00:13 1620790                    /usr/lib/jvm/java-8-openjdk/jre/lib/amd64/libnet.so
7f1144000000-7f1144021000 rw-p 00000000 00:00 0 
7f1144021000-7f1148000000 ---p 00000000 00:00 0 
7f1148000000-7f1148021000 rw-p 00000000 00:00 0 
7f1148021000-7f114c000000 ---p 00000000 00:00 0 
7f114c000000-7f114c5bb000 rw-p 00000000 00:00 0 
7f114c5bb000-7f1150000000 ---p 00000000 00:00 0 
7f1150000000-7f11501c5000 rw-p 00000000 00:00 0 
7f11501c5000-7f1154000000 ---p 00000000 00:00 0 
7f1154000000-7f1154021000 rw-p 00000000 00:00 0 
7f1154021000-7f1158000000 ---p 00000000 00:00 0 
7f1158000000-7f1158021000 rw-p 00000000 00:00 0 
7f1158021000-7f115c000000 ---p 00000000 00:00 0 
7f115c000000-7f115c021000 rw-p 00000000 00:00 0 
7f115c021000-7f1160000000 ---p 00000000 00:00 0 
7f1160000000-7f1160021000 rw-p 00000000 00:00 0 
7f1160021000-7f1164000000 ---p 00000000 00:00 0 
7f1164000000-7f1164021000 rw-p 00000000 00:00 0 
7f1164021000-7f1168000000 ---p 00000000 00:00 0 
7f1168000000-7f1168021000 rw-p 00000000 00:00 0 
7f1168021000-7f116c000000 ---p 00000000 00:00 0 
7f116c000000-7f116c021000 rw-p 00000000 00:00 0 
7f116c021000-7f1170000000 ---p 00000000 00:00 0 
7f1170000000-7f1170021000 rw-p 00000000 00:00 0 
7f1170021000-7f1174000000 ---p 00000000 00:00 0 
7f1174000000-7f1174021000 rw-p 00000000 00:00 0 
7f1174021000-7f1178000000 ---p 00000000 00:00 0 
7f11780e2000-7f11780f3000 r-xp 00000000 00:13 1620779                    /usr/lib/jvm/java-8-openjdk/jre/lib/amd64/libnio.so
7f11780f3000-7f11782f2000 ---p 00011000 00:13 1620779                    /usr/lib/jvm/java-8-openjdk/jre/lib/amd64/libnio.so
7f11782f2000-7f11782f3000 r--p 00010000 00:13 1620779                    /usr/lib/jvm/java-8-openjdk/jre/lib/amd64/libnio.so
7f11782f3000-7f11782f4000 rw-p 00011000 00:13 1620779                    /usr/lib/jvm/java-8-openjdk/jre/lib/amd64/libnio.so
7f11782f4000-7f1178309000 r-xp 00000000 00:13 2418395                    /home/andrey/.javacpp/cache/opencv-3.2.0-1.3-linux-x86_64.jar/org/bytedeco/javacpp/linux-x86_64/libgomp.so.1
7f1178309000-7f1178508000 ---p 00015000 00:13 2418395                    /home/andrey/.javacpp/cache/opencv-3.2.0-1.3-linux-x86_64.jar/org/bytedeco/javacpp/linux-x86_64/libgomp.so.1
7f1178508000-7f1178509000 rw-p 00014000 00:13 2418395                    /home/andrey/.javacpp/cache/opencv-3.2.0-1.3-linux-x86_64.jar/org/bytedeco/javacpp/linux-x86_64/libgomp.so.1
7f1178509000-7f117850b000 r--s 00019000 00:13 2167305                    /usr/share/intellijidea-ce/lib/idea_rt.jar
7f117850b000-7f117850c000 r--s 00000000 00:13 2419227                    /home/andrey/.ivy2/cache/org.bytedeco.javacpp-presets/videoinput-platform/jars/videoinput-platform-0.200-1.3.jar
7f117850c000-7f117850d000 r--s 0000b000 00:13 2419189                    /home/andrey/.ivy2/cache/org.bytedeco.javacpp-presets/videoinput/jars/videoinput-0.200-1.3-windows-x86_64.jar
7f117850d000-7f117850e000 r--s 00009000 00:13 2419191                    /home/andrey/.ivy2/cache/org.bytedeco.javacpp-presets/videoinput/jars/videoinput-0.200-1.3-windows-x86.jar
7f117850e000-7f117850f000 r--s 00003000 00:13 2419190                    /home/andrey/.ivy2/cache/org.bytedeco.javacpp-presets/videoinput/jars/videoinput-0.200-1.3.jar
7f117850f000-7f1178510000 r--s 00000000 00:13 2419225                    /home/andrey/.ivy2/cache/org.bytedeco.javacpp-presets/librealsense-platform/jars/librealsense-platform-1.9.6-1.3.jar
7f1178510000-7f1178511000 r--s 00076000 00:13 2419186                    /home/andrey/.ivy2/cache/org.bytedeco.javacpp-presets/librealsense/jars/librealsense-1.9.6-1.3-linux-x86_64.jar
7f1178511000-7f1178512000 r--s 00074000 00:13 2419185                    /home/andrey/.ivy2/cache/org.bytedeco.javacpp-presets/librealsense/jars/librealsense-1.9.6-1.3-linux-x86.jar
7f1178512000-7f1178515000 r--s 00009000 00:13 2419187                    /home/andrey/.ivy2/cache/org.bytedeco.javacpp-presets/librealsense/jars/librealsense-1.9.6-1.3.jar
7f1178515000-7f1178516000 r--s 00000000 00:13 2419223                    /home/andrey/.ivy2/cache/org.bytedeco.javacpp-presets/libfreenect2-platform/jars/libfreenect2-platform-0.2.0-1.3.jar
7f1178516000-7f1178517000 r--s 00061000 00:13 2419181                    /home/andrey/.ivy2/cache/org.bytedeco.javacpp-presets/libfreenect2/jars/libfreenect2-0.2.0-1.3-linux-x86_64.jar
7f1178517000-7f1178519000 r--s 00065000 00:13 2419183                    /home/andrey/.ivy2/cache/org.bytedeco.javacpp-presets/libfreenect2/jars/libfreenect2-0.2.0-1.3-linux-x86.jar
7f1178519000-7f117851a000 r--s 00005000 00:13 2419182                    /home/andrey/.ivy2/cache/org.bytedeco.javacpp-presets/libfreenect2/jars/libfreenect2-0.2.0-1.3.jar
7f117851a000-7f117851b000 r--s 00000000 00:13 2419221                    /home/andrey/.ivy2/cache/org.bytedeco.javacpp-presets/libfreenect-platform/jars/libfreenect-platform-0.5.3-1.3.jar
7f117851b000-7f117851c000 r--s 0002e000 00:13 2419174                    /home/andrey/.ivy2/cache/org.bytedeco.javacpp-presets/libfreenect/jars/libfreenect-0.5.3-1.3-windows-x86_64.jar
7f117851c000-7f117851d000 r--s 00028000 00:13 2419177                    /home/andrey/.ivy2/cache/org.bytedeco.javacpp-presets/libfreenect/jars/libfreenect-0.5.3-1.3-windows-x86.jar
7f117851d000-7f117851f000 r--s 0001a000 00:13 2419178                    /home/andrey/.ivy2/cache/org.bytedeco.javacpp-presets/libfreenect/jars/libfreenect-0.5.3-1.3-macosx-x86_64.jar
7f117851f000-7f1178520000 r--s 0001c000 00:13 2419175                    /home/andrey/.ivy2/cache/org.bytedeco.javacpp-presets/libfreenect/jars/libfreenect-0.5.3-1.3-linux-x86_64.jar
7f1178520000-7f1178521000 r--s 0001b000 00:13 2419176                    /home/andrey/.ivy2/cache/org.bytedeco.javacpp-presets/libfreenect/jars/libfreenect-0.5.3-1.3-linux-x86.jar
7f1178521000-7f1178522000 r--s 00015000 00:13 2419179                    /home/andrey/.ivy2/cache/org.bytedeco.javacpp-presets/libfreenect/jars/libfreenect-0.5.3-1.3-linux-ppc64le.jar
7f1178522000-7f1178524000 r--s 00011000 00:13 2419172                    /home/andrey/.ivy2/cache/org.bytedeco.javacpp-presets/libfreenect/jars/libfreenect-0.5.3-1.3-linux-armhf.jar
7f1178524000-7f1178526000 r--s 00004000 00:13 2419173                    /home/andrey/.ivy2/cache/org.bytedeco.javacpp-presets/libfreenect/jars/libfreenect-0.5.3-1.3.jar
7f1178526000-7f1178527000 r--s 00000000 00:13 2419219                    /home/andrey/.ivy2/cache/org.bytedeco.javacpp-presets/libdc1394-platform/jars/libdc1394-platform-2.2.4-1.3.jar
7f1178527000-7f1178528000 r--s 0002d000 00:13 2419168                    /home/andrey/.ivy2/cache/org.bytedeco.javacpp-presets/libdc1394/jars/libdc1394-2.2.4-1.3-windows-x86_64.jar
7f1178528000-7f117852a000 r--s 00032000 00:13 2419163                    /home/andrey/.ivy2/cache/org.bytedeco.javacpp-presets/libdc1394/jars/libdc1394-2.2.4-1.3-windows-x86.jar
7f117852a000-7f117852b000 r--s 00031000 00:13 2419165                    /home/andrey/.ivy2/cache/org.bytedeco.javacpp-presets/libdc1394/jars/libdc1394-2.2.4-1.3-macosx-x86_64.jar
7f117852b000-7f117852d000 r--s 0002f000 00:13 2419164                    /home/andrey/.ivy2/cache/org.bytedeco.javacpp-presets/libdc1394/jars/libdc1394-2.2.4-1.3-linux-x86_64.jar
7f117852d000-7f117852e000 r--s 0002d000 00:13 2419167                    /home/andrey/.ivy2/cache/org.bytedeco.javacpp-presets/libdc1394/jars/libdc1394-2.2.4-1.3-linux-x86.jar
7f117852e000-7f117852f000 r--s 00034000 00:13 2419170                    /home/andrey/.ivy2/cache/org.bytedeco.javacpp-presets/libdc1394/jars/libdc1394-2.2.4-1.3-linux-ppc64le.jar
7f117852f000-7f1178530000 r--s 0001f000 00:13 2419166                    /home/andrey/.ivy2/cache/org.bytedeco.javacpp-presets/libdc1394/jars/libdc1394-2.2.4-1.3-linux-armhf.jar
7f1178530000-7f1178532000 r--s 00006000 00:13 2419169                    /home/andrey/.ivy2/cache/org.bytedeco.javacpp-presets/libdc1394/jars/libdc1394-2.2.4-1.3.jar
7f1178532000-7f1178533000 r--s 00000000 00:13 2419217                    /home/andrey/.ivy2/cache/org.bytedeco.javacpp-presets/flycapture-platform/jars/flycapture-platform-2.9.3.43-1.3.jar
7f1178533000-7f1178534000 r--s 0003a000 00:13 2419159                    /home/andrey/.ivy2/cache/org.bytedeco.javacpp-presets/flycapture/jars/flycapture-2.9.3.43-1.3-windows-x86_64.jar
7f1178534000-7f1178536000 r--s 0002d000 00:13 2419161                    /home/andrey/.ivy2/cache/org.bytedeco.javacpp-presets/flycapture/jars/flycapture-2.9.3.43-1.3-windows-x86.jar
7f1178536000-7f1178538000 r--s 0003a000 00:13 2419158                    /home/andrey/.ivy2/cache/org.bytedeco.javacpp-presets/flycapture/jars/flycapture-2.9.3.43-1.3-linux-x86_64.jar
7f1178538000-7f117853a000 r--s 00035000 00:13 2419160                    /home/andrey/.ivy2/cache/org.bytedeco.javacpp-presets/flycapture/jars/flycapture-2.9.3.43-1.3-linux-x86.jar
7f117853a000-7f117853b000 r--s 0002d000 00:13 2419157                    /home/andrey/.ivy2/cache/org.bytedeco.javacpp-presets/flycapture/jars/flycapture-2.9.3.43-1.3-linux-armhf.jar
7f117853b000-7f117853f000 r--s 0001f000 00:13 2419156                    /home/andrey/.ivy2/cache/org.bytedeco.javacpp-presets/flycapture/jars/flycapture-2.9.3.43-1.3.jar
7f117853f000-7f1178540000 r--s 00000000 00:13 2419231                    /home/andrey/.ivy2/cache/org.bytedeco.javacpp-presets/flandmark-platform/jars/flandmark-platform-1.07-1.3.jar
7f1178540000-7f1178542000 r--s 00009000 00:13 2419213                    /home/andrey/.ivy2/cache/org.bytedeco.javacpp-presets/flandmark/jars/flandmark-1.07-1.3-windows-x86_64.jar
7f1178542000-7f1178544000 r--s 00007000 00:13 2419205                    /home/andrey/.ivy2/cache/org.bytedeco.javacpp-presets/flandmark/jars/flandmark-1.07-1.3-windows-x86.jar
7f1178544000-7f1178545000 r--s 00009000 00:13 2419206                    /home/andrey/.ivy2/cache/org.bytedeco.javacpp-presets/flandmark/jars/flandmark-1.07-1.3-macosx-x86_64.jar
7f1178545000-7f1178547000 r--s 00009000 00:13 2419212                    /home/andrey/.ivy2/cache/org.bytedeco.javacpp-presets/flandmark/jars/flandmark-1.07-1.3-linux-x86_64.jar
7f1178547000-7f1178548000 r--s 00009000 00:13 2419209                    /home/andrey/.ivy2/cache/org.bytedeco.javacpp-presets/flandmark/jars/flandmark-1.07-1.3-linux-x86.jar
7f1178548000-7f117854a000 r--s 0000a000 00:13 2419204                    /home/andrey/.ivy2/cache/org.bytedeco.javacpp-presets/flandmark/jars/flandmark-1.07-1.3-linux-ppc64le.jar
7f117854a000-7f117854b000 r--s 00008000 00:13 2419210                    /home/andrey/.ivy2/cache/org.bytedeco.javacpp-presets/flandmark/jars/flandmark-1.07-1.3-linux-armhf.jar
7f117854b000-7f117854c000 r--s 0000a000 00:13 2419207                    /home/andrey/.ivy2/cache/org.bytedeco.javacpp-presets/flandmark/jars/flandmark-1.07-1.3-android-x86.jar
7f117854c000-7f117854d000 r--s 00009000 00:13 2419211                    /home/andrey/.ivy2/cache/org.bytedeco.javacpp-presets/flandmark/jars/flandmark-1.07-1.3-android-arm.jar
7f117854d000-7f117854e000 r--s 00002000 00:13 2419208                    /home/andrey/.ivy2/cache/org.bytedeco.javacpp-presets/flandmark/jars/flandmark-1.07-1.3.jar
7f117854e000-7f117854f000 r--s 00000000 00:13 2419215                    /home/andrey/.ivy2/cache/org.bytedeco.javacpp-presets/ffmpeg-platform/jars/ffmpeg-platform-3.2.1-1.3.jar
7f117854f000-7f1178550000 r--s 00bdb000 00:13 2419154                    /home/andrey/.ivy2/cache/org.bytedeco.javacpp-presets/ffmpeg/jars/ffmpeg-3.2.1-1.3-windows-x86_64.jar
7f1178550000-7f1178552000 r--s 00b6f000 00:13 2419141                    /home/andrey/.ivy2/cache/org.bytedeco.javacpp-presets/ffmpeg/jars/ffmpeg-3.2.1-1.3-windows-x86.jar
7f1178552000-7f1178553000 r--s 00a78000 00:13 2419147                    /home/andrey/.ivy2/cache/org.bytedeco.javacpp-presets/ffmpeg/jars/ffmpeg-3.2.1-1.3-macosx-x86_64.jar
7f1178553000-7f1178555000 r--s 00b72000 00:13 2419146                    /home/andrey/.ivy2/cache/org.bytedeco.javacpp-presets/ffmpeg/jars/ffmpeg-3.2.1-1.3-linux-x86_64.jar
7f1178555000-7f1178557000 r--s 00aa6000 00:13 2419151                    /home/andrey/.ivy2/cache/org.bytedeco.javacpp-presets/ffmpeg/jars/ffmpeg-3.2.1-1.3-linux-x86.jar
7f1178557000-7f1178559000 r--s 00cf7000 00:13 2419150                    /home/andrey/.ivy2/cache/org.bytedeco.javacpp-presets/ffmpeg/jars/ffmpeg-3.2.1-1.3-linux-ppc64le.jar
7f1178559000-7f117855b000 r--s 00a12000 00:13 2419149                    /home/andrey/.ivy2/cache/org.bytedeco.javacpp-presets/ffmpeg/jars/ffmpeg-3.2.1-1.3-linux-armhf.jar
7f117855b000-7f117855d000 r--s 00c3e000 00:13 2419152                    /home/andrey/.ivy2/cache/org.bytedeco.javacpp-presets/ffmpeg/jars/ffmpeg-3.2.1-1.3-android-x86.jar
7f117855d000-7f117855e000 r--s 00b15000 00:13 2419148                    /home/andrey/.ivy2/cache/org.bytedeco.javacpp-presets/ffmpeg/jars/ffmpeg-3.2.1-1.3-android-arm.jar
7f117855e000-7f1178565000 r--s 00033000 00:13 2419153                    /home/andrey/.ivy2/cache/org.bytedeco.javacpp-presets/ffmpeg/jars/ffmpeg-3.2.1-1.3.jar
7f1178565000-7f1178566000 r--s 00000000 00:13 2419229                    /home/andrey/.ivy2/cache/org.bytedeco.javacpp-presets/artoolkitplus-platform/jars/artoolkitplus-platform-2.3.1-1.3.jar
7f1178566000-7f1178567000 r--s 00025000 00:13 2419199                    /home/andrey/.ivy2/cache/org.bytedeco.javacpp-presets/artoolkitplus/jars/artoolkitplus-2.3.1-1.3-windows-x86_64.jar
7f1178567000-7f1178569000 r--s 0001d000 00:13 2419196                    /home/andrey/.ivy2/cache/org.bytedeco.javacpp-presets/artoolkitplus/jars/artoolkitplus-2.3.1-1.3-windows-x86.jar
7f1178569000-7f117856a000 r--s 00029000 00:13 2419197                    /home/andrey/.ivy2/cache/org.bytedeco.javacpp-presets/artoolkitplus/jars/artoolkitplus-2.3.1-1.3-macosx-x86_64.jar
7f117856a000-7f117856b000 r--s 0002a000 00:13 2419194                    /home/andrey/.ivy2/cache/org.bytedeco.javacpp-presets/artoolkitplus/jars/artoolkitplus-2.3.1-1.3-linux-x86_64.jar
7f117856b000-7f117856c000 r--s 00026000 00:13 2419202                    /home/andrey/.ivy2/cache/org.bytedeco.javacpp-presets/artoolkitplus/jars/artoolkitplus-2.3.1-1.3-linux-x86.jar
7f117856c000-7f117856e000 r--s 0002e000 00:13 2419200                    /home/andrey/.ivy2/cache/org.bytedeco.javacpp-presets/artoolkitplus/jars/artoolkitplus-2.3.1-1.3-linux-ppc64le.jar
7f117856e000-7f1178570000 r--s 00022000 00:13 2419193                    /home/andrey/.ivy2/cache/org.bytedeco.javacpp-presets/artoolkitplus/jars/artoolkitplus-2.3.1-1.3-linux-armhf.jar
7f1178570000-7f1178571000 r--s 00062000 00:13 2419201                    /home/andrey/.ivy2/cache/org.bytedeco.javacpp-presets/artoolkitplus/jars/artoolkitplus-2.3.1-1.3-android-x86.jar
7f1178571000-7f1178572000 r--s 0004d000 00:13 2419195                    /home/andrey/.ivy2/cache/org.bytedeco.javacpp-presets/artoolkitplus/jars/artoolkitplus-2.3.1-1.3-android-arm.jar
7f1178572000-7f1178573000 r--s 00005000 00:13 2419198                    /home/andrey/.ivy2/cache/org.bytedeco.javacpp-presets/artoolkitplus/jars/artoolkitplus-2.3.1-1.3.jar
7f1178573000-7f1178574000 r--s 00000000 00:13 2419138                    /home/andrey/.ivy2/cache/org.bytedeco/javacv-platform/jars/javacv-platform-1.3.2.jar
7f1178574000-7f1178578000 r--s 0005b000 00:13 2419136                    /home/andrey/.ivy2/cache/org.bytedeco/javacv/jars/javacv-1.3.2.jar
7f1178578000-7f117857d000 r--s 00049000 00:13 2419139                    /home/andrey/.ivy2/cache/org.bytedeco/javacpp/jars/javacpp-1.3.2.jar
7f117857d000-7f117858e000 r--s 000a6000 00:13 2417700                    /home/andrey/.ivy2/cache/org.bytedeco.javacpp-presets/opencv/jars/opencv-3.2.0-1.3.jar
7f117858e000-7f1178590000 r--s 00b87000 00:13 2417704                    /home/andrey/.ivy2/cache/org.bytedeco.javacpp-presets/opencv/jars/opencv-3.2.0-1.3-android-arm.jar
7f1178590000-7f1178592000 r--s 00efe000 00:13 2417706                    /home/andrey/.ivy2/cache/org.bytedeco.javacpp-presets/opencv/jars/opencv-3.2.0-1.3-android-x86.jar
7f1178592000-7f1178595000 r--s 00a26000 00:13 2417696                    /home/andrey/.ivy2/cache/org.bytedeco.javacpp-presets/opencv/jars/opencv-3.2.0-1.3-linux-armhf.jar
7f1178595000-7f1178598000 r--s 00c39000 00:13 2417705                    /home/andrey/.ivy2/cache/org.bytedeco.javacpp-presets/opencv/jars/opencv-3.2.0-1.3-linux-ppc64le.jar
7f1178598000-7f117859b000 r--s 00a10000 00:13 2417701                    /home/andrey/.ivy2/cache/org.bytedeco.javacpp-presets/opencv/jars/opencv-3.2.0-1.3-linux-x86.jar
7f117859b000-7f11785d3000 r--s 004d0000 00:13 2417162                    /home/andrey/.ivy2/cache/org.scala-lang/scala-library/jars/scala-library-2.12.1.jar
7f11785d3000-7f1178669000 r--s 008d8000 00:13 1876787                    /usr/lib/jvm/java-8-openjdk/jre/lib/ext/jfxrt.jar
7f1178669000-7f117866a000 ---p 00000000 00:00 0 
7f117866a000-7f117886b000 rwxp 00000000 00:00 0 
7f117886b000-7f117886c000 ---p 00000000 00:00 0 
7f117886c000-7f117896c000 rwxp 00000000 00:00 0 
7f117896c000-7f117896d000 ---p 00000000 00:00 0 
7f117896d000-7f1178d70000 rwxp 00000000 00:00 0 
7f1178d70000-7f1178d74000 r-xp 00000000 00:13 1620791                    /usr/lib/jvm/java-8-openjdk/jre/lib/amd64/libdt_socket.so
7f1178d74000-7f1178f73000 ---p 00004000 00:13 1620791                    /usr/lib/jvm/java-8-openjdk/jre/lib/amd64/libdt_socket.so
7f1178f73000-7f1178f74000 r--p 00003000 00:13 1620791                    /usr/lib/jvm/java-8-openjdk/jre/lib/amd64/libdt_socket.so
7f1178f74000-7f1178f75000 rw-p 00004000 00:13 1620791                    /usr/lib/jvm/java-8-openjdk/jre/lib/amd64/libdt_socket.so
7f1178f75000-7f1179278000 rwxp 00000000 00:00 0 
7f1179278000-7f1179279000 ---p 00000000 00:00 0 
7f1179279000-7f1179379000 rwxp 00000000 00:00 0 
7f1179379000-7f1179ce5000 rw-p 00000000 00:00 0 
7f1179ce5000-7f1179eb4000 r--s 03c05000 00:13 1620731                    /usr/lib/jvm/java-8-openjdk/jre/lib/rt.jar
7f1179eb4000-7f117c71b000 rw-p 00000000 00:00 0 
7f117c71b000-7f117c71c000 ---p 00000000 00:00 0 
7f117c71c000-7f117c81c000 rwxp 00000000 00:00 0 
7f117c81c000-7f117c81d000 ---p 00000000 00:00 0 
7f117c81d000-7f117c91d000 rwxp 00000000 00:00 0 
7f117c91d000-7f117c932000 rw-p 00000000 00:00 0 
7f117c932000-7f117ca5e000 ---p 00000000 00:00 0 
7f117ca5e000-7f117ca73000 rw-p 00000000 00:00 0 
7f117ca73000-7f117cb9e000 ---p 00000000 00:00 0 
7f117cb9e000-7f117cba9000 rw-p 00000000 00:00 0 
7f117cba9000-7f117cc3f000 ---p 00000000 00:00 0 
7f117cc3f000-7f117cc4f000 rw-p 00000000 00:00 0 
7f117cc4f000-7f117d000000 ---p 00000000 00:00 0 
7f117d000000-7f117d3b0000 rwxp 00000000 00:00 0 
7f117d3b0000-7f118c000000 ---p 00000000 00:00 0 
7f118c000000-7f118f0b1000 rw-p 00000000 00:00 0 
7f118f0b1000-7f1190000000 ---p 00000000 00:00 0 
7f1190000000-7f1190002000 r--s 00a3c000 00:13 2417697                    /home/andrey/.ivy2/cache/org.bytedeco.javacpp-presets/opencv/jars/opencv-3.2.0-1.3-linux-x86_64.jar
7f1190002000-7f1190004000 r--s 00aa7000 00:13 2417698                    /home/andrey/.ivy2/cache/org.bytedeco.javacpp-presets/opencv/jars/opencv-3.2.0-1.3-macosx-x86_64.jar
7f1190004000-7f1190006000 r--s 00a5c000 00:13 2417707                    /home/andrey/.ivy2/cache/org.bytedeco.javacpp-presets/opencv/jars/opencv-3.2.0-1.3-windows-x86.jar
7f1190006000-7f1190019000 r--s 00346000 00:13 1620724                    /usr/lib/jvm/java-8-openjdk/jre/lib/resources.jar
7f1190019000-7f119001d000 r--s 0009a000 00:13 1620727                    /usr/lib/jvm/java-8-openjdk/jre/lib/jsse.jar
7f119001d000-7f1190025000 r-xp 00000000 00:13 1620792                    /usr/lib/jvm/java-8-openjdk/jre/lib/amd64/libzip.so
7f1190025000-7f1190224000 ---p 00008000 00:13 1620792                    /usr/lib/jvm/java-8-openjdk/jre/lib/amd64/libzip.so
7f1190224000-7f1190225000 r--p 00007000 00:13 1620792                    /usr/lib/jvm/java-8-openjdk/jre/lib/amd64/libzip.so
7f1190225000-7f1190226000 rw-p 00008000 00:13 1620792                    /usr/lib/jvm/java-8-openjdk/jre/lib/amd64/libzip.so
7f1190226000-7f1190231000 r-xp 00000000 00:13 2157408                    /usr/lib/libnss_files-2.25.so
7f1190231000-7f1190430000 ---p 0000b000 00:13 2157408                    /usr/lib/libnss_files-2.25.so
7f1190430000-7f1190431000 r--p 0000a000 00:13 2157408                    /usr/lib/libnss_files-2.25.so
7f1190431000-7f1190432000 rw-p 0000b000 00:13 2157408                    /usr/lib/libnss_files-2.25.so
7f1190432000-7f1190438000 rw-p 00000000 00:00 0 
7f1190438000-7f1190443000 r-xp 00000000 00:13 2157406                    /usr/lib/libnss_nis-2.25.so
7f1190443000-7f1190642000 ---p 0000b000 00:13 2157406                    /usr/lib/libnss_nis-2.25.so
7f1190642000-7f1190643000 r--p 0000a000 00:13 2157406                    /usr/lib/libnss_nis-2.25.so
7f1190643000-7f1190644000 rw-p 0000b000 00:13 2157406                    /usr/lib/libnss_nis-2.25.so
7f1190644000-7f1190659000 r-xp 00000000 00:13 2157402                    /usr/lib/libnsl-2.25.so
7f1190659000-7f1190858000 ---p 00015000 00:13 2157402                    /usr/lib/libnsl-2.25.so
7f1190858000-7f1190859000 r--p 00014000 00:13 2157402                    /usr/lib/libnsl-2.25.so
7f1190859000-7f119085a000 rw-p 00015000 00:13 2157402                    /usr/lib/libnsl-2.25.so
7f119085a000-7f119085c000 rw-p 00000000 00:00 0 
7f119085c000-7f1190863000 r-xp 00000000 00:13 2157411                    /usr/lib/libnss_compat-2.25.so
7f1190863000-7f1190a62000 ---p 00007000 00:13 2157411                    /usr/lib/libnss_compat-2.25.so
7f1190a62000-7f1190a63000 r--p 00006000 00:13 2157411                    /usr/lib/libnss_compat-2.25.so
7f1190a63000-7f1190a64000 rw-p 00007000 00:13 2157411                    /usr/lib/libnss_compat-2.25.so
7f1190a64000-7f1190d2d000 r--p 00000000 00:13 2158829                    /usr/lib/locale/locale-archive
7f1190d2d000-7f1190d2f000 r-xp 00000000 00:13 1620789                    /usr/lib/jvm/java-8-openjdk/jre/lib/amd64/libnpt.so
7f1190d2f000-7f1190f2f000 ---p 00002000 00:13 1620789                    /usr/lib/jvm/java-8-openjdk/jre/lib/amd64/libnpt.so
7f1190f2f000-7f1190f30000 r--p 00002000 00:13 1620789                    /usr/lib/jvm/java-8-openjdk/jre/lib/amd64/libnpt.so
7f1190f30000-7f1190f31000 rw-p 00003000 00:13 1620789                    /usr/lib/jvm/java-8-openjdk/jre/lib/amd64/libnpt.so
7f1190f31000-7f1190f6b000 r-xp 00000000 00:13 1620766                    /usr/lib/jvm/java-8-openjdk/jre/lib/amd64/libjdwp.so
7f1190f6b000-7f119116a000 ---p 0003a000 00:13 1620766                    /usr/lib/jvm/java-8-openjdk/jre/lib/amd64/libjdwp.so
7f119116a000-7f119116b000 r--p 00039000 00:13 1620766                    /usr/lib/jvm/java-8-openjdk/jre/lib/amd64/libjdwp.so
7f119116b000-7f119116c000 rw-p 0003a000 00:13 1620766                    /usr/lib/jvm/java-8-openjdk/jre/lib/amd64/libjdwp.so
7f119116c000-7f1191199000 r-xp 00000000 00:13 1620788                    /usr/lib/jvm/java-8-openjdk/jre/lib/amd64/libjava.so
7f1191199000-7f1191398000 ---p 0002d000 00:13 1620788                    /usr/lib/jvm/java-8-openjdk/jre/lib/amd64/libjava.so
7f1191398000-7f1191399000 r--p 0002c000 00:13 1620788                    /usr/lib/jvm/java-8-openjdk/jre/lib/amd64/libjava.so
7f1191399000-7f119139b000 rw-p 0002d000 00:13 1620788                    /usr/lib/jvm/java-8-openjdk/jre/lib/amd64/libjava.so
7f119139b000-7f11913a8000 r-xp 00000000 00:13 1620771                    /usr/lib/jvm/java-8-openjdk/jre/lib/amd64/libverify.so
7f11913a8000-7f11915a7000 ---p 0000d000 00:13 1620771                    /usr/lib/jvm/java-8-openjdk/jre/lib/amd64/libverify.so
7f11915a7000-7f11915a9000 r--p 0000c000 00:13 1620771                    /usr/lib/jvm/java-8-openjdk/jre/lib/amd64/libverify.so
7f11915a9000-7f11915aa000 rw-p 0000e000 00:13 1620771                    /usr/lib/jvm/java-8-openjdk/jre/lib/amd64/libverify.so
7f11915aa000-7f11915b1000 r-xp 00000000 00:13 2157400                    /usr/lib/librt-2.25.so
7f11915b1000-7f11917b0000 ---p 00007000 00:13 2157400                    /usr/lib/librt-2.25.so
7f11917b0000-7f11917b1000 r--p 00006000 00:13 2157400                    /usr/lib/librt-2.25.so
7f11917b1000-7f11917b2000 rw-p 00007000 00:13 2157400                    /usr/lib/librt-2.25.so
7f11917b2000-7f11918c4000 r-xp 00000000 00:13 2157403                    /usr/lib/libm-2.25.so
7f11918c4000-7f1191ac3000 ---p 00112000 00:13 2157403                    /usr/lib/libm-2.25.so
7f1191ac3000-7f1191ac4000 r--p 00111000 00:13 2157403                    /usr/lib/libm-2.25.so
7f1191ac4000-7f1191ac5000 rw-p 00112000 00:13 2157403                    /usr/lib/libm-2.25.so
7f1191ac5000-7f11926f0000 r-xp 00000000 00:13 1620797                    /usr/lib/jvm/java-8-openjdk/jre/lib/amd64/server/libjvm.so
7f11926f0000-7f11928ef000 ---p 00c2b000 00:13 1620797                    /usr/lib/jvm/java-8-openjdk/jre/lib/amd64/server/libjvm.so
7f11928ef000-7f1192983000 r--p 00c2a000 00:13 1620797                    /usr/lib/jvm/java-8-openjdk/jre/lib/amd64/server/libjvm.so
7f1192983000-7f11929ac000 rw-p 00cbe000 00:13 1620797                    /usr/lib/jvm/java-8-openjdk/jre/lib/amd64/server/libjvm.so
7f11929ac000-7f11929dc000 rw-p 00000000 00:00 0 
7f11929dc000-7f1192b77000 r-xp 00000000 00:13 2157454                    /usr/lib/libc-2.25.so
7f1192b77000-7f1192d76000 ---p 0019b000 00:13 2157454                    /usr/lib/libc-2.25.so
7f1192d76000-7f1192d7a000 r--p 0019a000 00:13 2157454                    /usr/lib/libc-2.25.so
7f1192d7a000-7f1192d7c000 rw-p 0019e000 00:13 2157454                    /usr/lib/libc-2.25.so
7f1192d7c000-7f1192d80000 rw-p 00000000 00:00 0 
7f1192d80000-7f1192d83000 r-xp 00000000 00:13 2157404                    /usr/lib/libdl-2.25.so
7f1192d83000-7f1192f82000 ---p 00003000 00:13 2157404                    /usr/lib/libdl-2.25.so
7f1192f82000-7f1192f83000 r--p 00002000 00:13 2157404                    /usr/lib/libdl-2.25.so
7f1192f83000-7f1192f84000 rw-p 00003000 00:13 2157404                    /usr/lib/libdl-2.25.so
7f1192f84000-7f1192f91000 r-xp 00000000 00:13 1620800                    /usr/lib/jvm/java-8-openjdk/jre/lib/amd64/jli/libjli.so
7f1192f91000-7f1193190000 ---p 0000d000 00:13 1620800                    /usr/lib/jvm/java-8-openjdk/jre/lib/amd64/jli/libjli.so
7f1193190000-7f1193191000 r--p 0000c000 00:13 1620800                    /usr/lib/jvm/java-8-openjdk/jre/lib/amd64/jli/libjli.so
7f1193191000-7f1193192000 rw-p 0000d000 00:13 1620800                    /usr/lib/jvm/java-8-openjdk/jre/lib/amd64/jli/libjli.so
7f1193192000-7f11931a8000 r-xp 00000000 00:13 1552182                    /usr/lib/libz.so.1.2.11
7f11931a8000-7f11933a7000 ---p 00016000 00:13 1552182                    /usr/lib/libz.so.1.2.11
7f11933a7000-7f11933a8000 r--p 00015000 00:13 1552182                    /usr/lib/libz.so.1.2.11
7f11933a8000-7f11933a9000 rw-p 00016000 00:13 1552182                    /usr/lib/libz.so.1.2.11
7f11933a9000-7f11933c2000 r-xp 00000000 00:13 2157473                    /usr/lib/libpthread-2.25.so
7f11933c2000-7f11935c1000 ---p 00019000 00:13 2157473                    /usr/lib/libpthread-2.25.so
7f11935c1000-7f11935c2000 r--p 00018000 00:13 2157473                    /usr/lib/libpthread-2.25.so
7f11935c2000-7f11935c3000 rw-p 00019000 00:13 2157473                    /usr/lib/libpthread-2.25.so
7f11935c3000-7f11935c7000 rw-p 00000000 00:00 0 
7f11935c7000-7f11935ea000 r-xp 00000000 00:13 2157455                    /usr/lib/ld-2.25.so
7f11935ea000-7f11935ec000 r--s 00c6c000 00:13 2417699                    /home/andrey/.ivy2/cache/org.bytedeco.javacpp-presets/opencv/jars/opencv-3.2.0-1.3-windows-x86_64.jar
7f11935ec000-7f11936bc000 rw-p 00000000 00:00 0 
7f11936bc000-7f11936bd000 ---p 00000000 00:00 0 
7f11936bd000-7f11937bd000 rwxp 00000000 00:00 0 
7f11937bd000-7f11937bf000 rw-p 00000000 00:00 0 
7f11937bf000-7f11937c0000 r--s 00000000 00:13 2417709                    /home/andrey/.ivy2/cache/org.bytedeco.javacpp-presets/opencv-platform/jars/opencv-platform-3.2.0-1.3.jar
7f11937c0000-7f11937c1000 r--s 00000000 00:13 1620725                    /usr/lib/jvm/java-8-openjdk/jre/lib/management-agent.jar
7f11937c1000-7f11937c2000 r--s 00009000 00:13 1876771                    /usr/lib/jvm/java-8-openjdk/jre/lib/jfxswt.jar
7f11937c2000-7f11937c5000 r--s 00015000 00:13 1620722                    /usr/lib/jvm/java-8-openjdk/jre/lib/jce.jar
7f11937c5000-7f11937ca000 r--s 002f9000 00:13 1620726                    /usr/lib/jvm/java-8-openjdk/jre/lib/charsets.jar
7f11937ca000-7f11937dd000 rw-p 00000000 00:00 0 
7f11937dd000-7f11937e5000 rw-s 00000000 00:2a 281446                     /tmp/hsperfdata_andrey/13898
7f11937e5000-7f11937e6000 rw-p 00000000 00:00 0 
7f11937e6000-7f11937e7000 r--p 00000000 00:00 0 
7f11937e7000-7f11937e9000 rw-p 00000000 00:00 0 
7f11937e9000-7f11937ea000 r--p 00022000 00:13 2157455                    /usr/lib/ld-2.25.so
7f11937ea000-7f11937eb000 rw-p 00023000 00:13 2157455                    /usr/lib/ld-2.25.so
7f11937eb000-7f11937ec000 rw-p 00000000 00:00 0 
7fff04aec000-7fff04b0b000 rwxp 00000000 00:00 0                          [stack]
7fff04b0b000-7fff04b0f000 rw-p 00000000 00:00 0 
7fff04b77000-7fff04b79000 r--p 00000000 00:00 0                          [vvar]
7fff04b79000-7fff04b7b000 r-xp 00000000 00:00 0                          [vdso]
ffffffffff600000-ffffffffff601000 r-xp 00000000 00:00 0                  [vsyscall]

VM Arguments:
jvm_args: -agentlib:jdwp=transport=dt_socket,address=127.0.0.1:44515,suspend=y,server=n -Dfile.encoding=UTF-8 -Dawt.useSystemAAFontSettings=on -Dswing.aatext=true 
java_command: ImageTextDetectionApp IMG_2090.JPG
java_class_path (initial): /usr/lib/jvm/java-8-openjdk/jre/lib/charsets.jar:/usr/lib/jvm/java-8-openjdk/jre/lib/ext/cldrdata.jar:/usr/lib/jvm/java-8-openjdk/jre/lib/ext/dnsns.jar:/usr/lib/jvm/java-8-openjdk/jre/lib/ext/jaccess.jar:/usr/lib/jvm/java-8-openjdk/jre/lib/ext/jfxrt.jar:/usr/lib/jvm/java-8-openjdk/jre/lib/ext/localedata.jar:/usr/lib/jvm/java-8-openjdk/jre/lib/ext/nashorn.jar:/usr/lib/jvm/java-8-openjdk/jre/lib/ext/sunec.jar:/usr/lib/jvm/java-8-openjdk/jre/lib/ext/sunjce_provider.jar:/usr/lib/jvm/java-8-openjdk/jre/lib/ext/sunpkcs11.jar:/usr/lib/jvm/java-8-openjdk/jre/lib/ext/zipfs.jar:/usr/lib/jvm/java-8-openjdk/jre/lib/jce.jar:/usr/lib/jvm/java-8-openjdk/jre/lib/jfxswt.jar:/usr/lib/jvm/java-8-openjdk/jre/lib/jsse.jar:/usr/lib/jvm/java-8-openjdk/jre/lib/management-agent.jar:/usr/lib/jvm/java-8-openjdk/jre/lib/resources.jar:/usr/lib/jvm/java-8-openjdk/jre/lib/rt.jar:/home/andrey/IdeaProjects/scala-javacv/target/scala-2.12/classes:/home/andrey/.ivy2/cache/org.scala-lang/scala-library/jars/scala-library-2.12.1.jar:/home/andrey/.ivy2/cache/org.bytedeco.javacpp-presets/opencv-platform/jars/opencv-platform-3.2.0-1.3.jar:/home/andrey/.ivy2/cache/org.bytedeco.javacpp-presets/opencv/jars/opencv-3.2.0-1.3-windows-x86_64.jar:/home/andrey/.ivy2/cache/org.bytedeco.javacpp-presets/opencv/jars/opencv-3.2.0-1.3-windows-x86.jar:/home/andrey/.ivy2/cache/org.bytedeco.javacpp-presets/opencv/jars/opencv-3.2.0-1.3-macosx-x86_64.jar:/home/andrey/.ivy2/cache/org.bytedeco.javacpp-presets/opencv/jars/opencv-3.2.0-1.3-linux-x86_64.jar:/home/andrey/.ivy2/cache/org.bytedeco.javacpp-presets/opencv/jars/opencv-3.2.0-1.3-linux-x86.jar:/home/andrey/.ivy2/cache/org.bytedeco.javacpp-presets/opencv/jars/opencv-3.2.0-1.3-linux-ppc64le.jar:/home/andrey/.ivy2/cache/org.bytedeco.javacpp-presets/opencv/jars/opencv-3.2.0-1.3-linux-armhf.jar:/home/andrey/.ivy2/cache/org.bytedeco.javacpp-presets/opencv/jars/opencv-3.2.0-1.3-android-x86.jar:/home/andrey/.ivy2/cache/org.bytedeco.javacpp-presets/open
Launcher Type: SUN_STANDARD

Environment Variables:
_JAVA_OPTIONS=-Dawt.useSystemAAFontSettings=on -Dswing.aatext=true
PATH=/usr/local/sbin:/usr/local/bin:/usr/bin:/opt/depot_tools:/usr/lib/jvm/default/bin:/usr/bin/site_perl:/usr/bin/vendor_perl:/usr/bin/core_perl
LD_LIBRARY_PATH=/usr/share/intellijidea-ce/bin:
SHELL=/bin/bash
DISPLAY=:1

Signal Handlers:
SIGSEGV: [libjvm.so+0xa2d880], sa_mask[0]=11111111011111111101111111111110, sa_flags=SA_RESTART|SA_SIGINFO
SIGBUS: [libjvm.so+0xa2d880], sa_mask[0]=11111111011111111101111111111110, sa_flags=SA_RESTART|SA_SIGINFO
SIGFPE: [libjvm.so+0x881d40], sa_mask[0]=11111111011111111101111111111110, sa_flags=SA_RESTART|SA_SIGINFO
SIGPIPE: [libjvm.so+0x881d40], sa_mask[0]=11111111011111111101111111111110, sa_flags=SA_RESTART|SA_SIGINFO
SIGXFSZ: [libjvm.so+0x881d40], sa_mask[0]=11111111011111111101111111111110, sa_flags=SA_RESTART|SA_SIGINFO
SIGILL: [libjvm.so+0x881d40], sa_mask[0]=11111111011111111101111111111110, sa_flags=SA_RESTART|SA_SIGINFO
SIGUSR1: SIG_DFL, sa_mask[0]=00000000000000000000000000000000, sa_flags=none
SIGUSR2: [libjvm.so+0x881c10], sa_mask[0]=00100000000000000000000000000000, sa_flags=SA_RESTART|SA_SIGINFO
SIGHUP: [libjvm.so+0x882080], sa_mask[0]=11111111011111111101111111111110, sa_flags=SA_RESTART|SA_SIGINFO
SIGINT: SIG_IGN, sa_mask[0]=00000000000000000000000000000000, sa_flags=none
SIGTERM: [libjvm.so+0x882080], sa_mask[0]=11111111011111111101111111111110, sa_flags=SA_RESTART|SA_SIGINFO
SIGQUIT: [libjvm.so+0x882080], sa_mask[0]=11111111011111111101111111111110, sa_flags=SA_RESTART|SA_SIGINFO


---------------  S Y S T E M  ---------------

OS:NAME="Arch Linux"
PRETTY_NAME="Arch Linux"
ID=arch
ID_LIKE=archlinux
ANSI_COLOR="0;36"
HOME_URL="https://www.archlinux.org/"
SUPPORT_URL="https://bbs.archlinux.org/"
BUG_REPORT_URL="https://bugs.archlinux.org/"


uname:Linux 4.10.3-1-ARCH #1 SMP PREEMPT Wed Mar 15 09:17:17 CET 2017 x86_64
libc:glibc 2.25 NPTL 2.25 
rlimit: STACK 8192k, CORE infinity, NPROC 14408, NOFILE 4096, AS infinity
load average:3.30 2.78 2.34

/proc/meminfo:
MemTotal:        3935600 kB
MemFree:          199800 kB
MemAvailable:     754308 kB
Buffers:              12 kB
Cached:           968692 kB
SwapCached:         8072 kB
Active:          2625716 kB
Inactive:         923364 kB
Active(anon):    2236380 kB
Inactive(anon):   582176 kB
Active(file):     389336 kB
Inactive(file):   341188 kB
Unevictable:           4 kB
Mlocked:               4 kB
SwapTotal:       8388604 kB
SwapFree:        8314156 kB
Dirty:               320 kB
Writeback:             0 kB
AnonPages:       2537732 kB
Mapped:           382348 kB
Shmem:            238280 kB
Slab:              91248 kB
SReclaimable:      57808 kB
SUnreclaim:        33440 kB
KernelStack:        7488 kB
PageTables:        28368 kB
NFS_Unstable:          0 kB
Bounce:                0 kB
WritebackTmp:          0 kB
CommitLimit:    10356404 kB
Committed_AS:    5329904 kB
VmallocTotal:   34359738367 kB
VmallocUsed:           0 kB
VmallocChunk:          0 kB
HardwareCorrupted:     0 kB
AnonHugePages:    425984 kB
ShmemHugePages:        0 kB
ShmemPmdMapped:        0 kB
HugePages_Total:       0
HugePages_Free:        0
HugePages_Rsvd:        0
HugePages_Surp:        0
Hugepagesize:       2048 kB
DirectMap4k:      300124 kB
DirectMap2M:     3778560 kB


CPU:total 2 (2 cores per cpu, 1 threads per core) family 6 model 55 stepping 8, cmov, cx8, fxsr, mmx, sse, sse2, sse3, ssse3, sse4.1, sse4.2, popcnt, clmul, erms, 3dnowpref, tsc, tscinvbit

/proc/cpuinfo:
processor	: 0
vendor_id	: GenuineIntel
cpu family	: 6
model		: 55
model name	: Intel(R) Celeron(R) CPU  N2830  @ 2.16GHz
stepping	: 8
microcode	: 0x815
cpu MHz		: 2415.638
cache size	: 1024 KB
physical id	: 0
siblings	: 2
core id		: 0
cpu cores	: 2
apicid		: 0
initial apicid	: 0
fpu		: yes
fpu_exception	: yes
cpuid level	: 11
wp		: yes
flags		: fpu vme de pse tsc msr pae mce cx8 apic sep mtrr pge mca cmov pat pse36 clflush dts acpi mmx fxsr sse sse2 ss ht tm pbe syscall nx rdtscp lm constant_tsc arch_perfmon pebs bts rep_good nopl xtopology tsc_reliable nonstop_tsc aperfmperf tsc_known_freq pni pclmulqdq dtes64 monitor ds_cpl vmx est tm2 ssse3 cx16 xtpr pdcm sse4_1 sse4_2 movbe popcnt tsc_deadline_timer rdrand lahf_lm 3dnowprefetch epb tpr_shadow vnmi flexpriority ept vpid tsc_adjust smep erms dtherm ida arat
bugs		:
bogomips	: 4333.08
clflush size	: 64
cache_alignment	: 64
address sizes	: 36 bits physical, 48 bits virtual
power management:

processor	: 1
vendor_id	: GenuineIntel
cpu family	: 6
model		: 55
model name	: Intel(R) Celeron(R) CPU  N2830  @ 2.16GHz
stepping	: 8
microcode	: 0x815
cpu MHz		: 2415.638
cache size	: 1024 KB
physical id	: 0
siblings	: 2
core id		: 1
cpu cores	: 2
apicid		: 2
initial apicid	: 2
fpu		: yes
fpu_exception	: yes
cpuid level	: 11
wp		: yes
flags		: fpu vme de pse tsc msr pae mce cx8 apic sep mtrr pge mca cmov pat pse36 clflush dts acpi mmx fxsr sse sse2 ss ht tm pbe syscall nx rdtscp lm constant_tsc arch_perfmon pebs bts rep_good nopl xtopology tsc_reliable nonstop_tsc aperfmperf tsc_known_freq pni pclmulqdq dtes64 monitor ds_cpl vmx est tm2 ssse3 cx16 xtpr pdcm sse4_1 sse4_2 movbe popcnt tsc_deadline_timer rdrand lahf_lm 3dnowprefetch epb tpr_shadow vnmi flexpriority ept vpid tsc_adjust smep erms dtherm ida arat
bugs		:
bogomips	: 4335.82
clflush size	: 64
cache_alignment	: 64
address sizes	: 36 bits physical, 48 bits virtual
power management:



Memory: 4k page, physical 3935600k(199800k free), swap 8388604k(8314156k free)

vm_info: OpenJDK 64-Bit Server VM (25.121-b13) for linux-amd64 JRE (1.8.0_121-b13), built on Jan 22 2017 09:22:31 by "builduser" with gcc 6.3.1 20170109

time: Sun Mar 19 01:59:23 2017
elapsed time: 27 seconds (0d 0h 0m 27s)

