#
# A fatal error has been detected by the Java Runtime Environment:
#
#  SIGSEGV (0xb) at pc=0x00007f6b9431c542, pid=10898, tid=0x00007f6b93743700
#
# JRE version: OpenJDK Runtime Environment (8.0_121-b13) (build 1.8.0_121-b13)
# Java VM: OpenJDK 64-Bit Server VM (25.121-b13 mixed mode linux-amd64 compressed oops)
# Problematic frame:
# C  [libopencv_text.so.3.2+0x23542]  cv::text::ERFilterNM::er_tree_filter(cv::_InputArray const&, cv::text::ERStat*, cv::text::ERStat*, cv::text::ERStat*)+0x5f2
#
# Core dump written. Default location: /home/andrey/IdeaProjects/scala-javacv/core or core.10898
#
# If you would like to submit a bug report, please visit:
#   http://bugreport.java.com/bugreport/crash.jsp
# The crash happened outside the Java Virtual Machine in native code.
# See problematic frame for where to report the bug.
#

---------------  T H R E A D  ---------------

Current thread (0x0000000001116000):  JavaThread "scala-execution-context-global-13" daemon [_thread_in_native, id=10931, stack(0x00007f6b93643000,0x00007f6b93744000)]

siginfo: si_signo: 11 (SIGSEGV), si_code: 1 (SEGV_MAPERR), si_addr: 0x0000000000000008

Registers:
RAX=0x00007f6b937416c0, RBX=0x00007f6ba0201f18, RCX=0x0000000000000000, RDX=0x00007f6b93740fb0
RSP=0x00007f6b937411e0, RBP=0x00007f6beca42670, RSI=0x0000000000000003, RDI=0x000000000000000a
R8 =0x00007f6ba000ae70, R9 =0x00007f6b93741268, R10=0x00007f6ba00007e8, R11=0x0000000000000000
R12=0x00007f6b93742110, R13=0x00007f6ba0009640, R14=0x00007f6b93741380, R15=0x00007f6b93741260
RIP=0x00007f6b9431c542, EFLAGS=0x0000000000010202, CSGSFS=0x002b000000000033, ERR=0x0000000000000004
  TRAPNO=0x000000000000000e

Top of Stack: (sp=0x00007f6b937411e0)
0x00007f6b937411e0:   00007f6b937414a0 000000000003ff04
0x00007f6b937411f0:   401921fb54442d18 0000000000000000
0x00007f6b93741200:   40a6a80000000000 0000000000000000
0x00007f6b93741210:   4535400000000000 00007f6b937415a0
0x00007f6b93741220:   00007f6b937413e0 00007f6b00000bc1
0x00007f6b93741230:   00007f6ba0009920 00007f6b937416c0
0x00007f6b93741240:   00007f6b937416e0 00007f6ba0201e60
0x00007f6b93741250:   00007f6ba0009640 00007f6b93741380
0x00007f6b93741260:   0000000242ff400c 0000000000000000
0x00007f6b93741270:   0000000000000000 0000000000000000
0x00007f6b93741280:   0000000000000000 0000000000000000
0x00007f6b93741290:   0000000000000000 0000000000000000
0x00007f6b937412a0:   00007f6b93741268 00007f6b937412b0
0x00007f6b937412b0:   0000000000000008 0000000000000008
0x00007f6b937412c0:   0000000242ff8000 0000000000000000
0x00007f6b937412d0:   0000000000000000 0000000000000000
0x00007f6b937412e0:   0000000000000000 0000000000000000
0x00007f6b937412f0:   0000000000000000 0000000000000000
0x00007f6b93741300:   00007f6b937412c8 00007f6b93741310
0x00007f6b93741310:   0000000000000db2 0000000000000001
0x00007f6b93741320:   0000000242ff8000 0000000000000000
0x00007f6b93741330:   0000000000000000 0000000000000000
0x00007f6b93741340:   0000000000000000 0000000000000000
0x00007f6b93741350:   0000000000000000 0000000000000000
0x00007f6b93741360:   00007f6b93741328 00007f6b93741370
0x00007f6b93741370:   0000000000000db0 0000000000000001
0x00007f6b93741380:   0000000242ff8000 0000000a00000003
0x00007f6b93741390:   0000000001f555f6 0000000001b37590
0x00007f6b937413a0:   0000000002308934 0000000002308934
0x00007f6b937413b0:   0000000000000000 0000000001b37460
0x00007f6b937413c0:   00007f6b93741388 00007f6b937413d0
0x00007f6b937413d0:   0000000000000db2 0000000000000001 

Instructions: (pc=0x00007f6b9431c542)
0x00007f6b9431c522:   00 8b b4 24 7c 05 00 00 8b bc 24 78 05 00 00 4d
0x00007f6b9431c532:   8d 4f 08 48 89 44 24 58 48 89 84 24 28 04 00 00
0x00007f6b9431c542:   4c 8b 41 08 48 8b 11 4c 89 8c 24 c0 00 00 00 4d
0x00007f6b9431c552:   8d 4f 50 c7 84 24 30 04 00 00 00 00 00 00 c7 84 

Register to memory mapping:

RAX=0x00007f6b937416c0 is pointing into the stack for thread: 0x0000000001116000
RBX=0x00007f6ba0201f18 is an unknown value
RCX=0x0000000000000000 is an unknown value
RDX=0x00007f6b93740fb0 is pointing into the stack for thread: 0x0000000001116000
RSP=0x00007f6b937411e0 is pointing into the stack for thread: 0x0000000001116000
RBP=0x00007f6beca42670 is an unknown value
RSI=0x0000000000000003 is an unknown value
RDI=0x000000000000000a is an unknown value
R8 =0x00007f6ba000ae70 is an unknown value
R9 =0x00007f6b93741268 is pointing into the stack for thread: 0x0000000001116000
R10=0x00007f6ba00007e8 is an unknown value
R11=0x0000000000000000 is an unknown value
R12=0x00007f6b93742110 is pointing into the stack for thread: 0x0000000001116000
R13=0x00007f6ba0009640 is an unknown value
R14=0x00007f6b93741380 is pointing into the stack for thread: 0x0000000001116000
R15=0x00007f6b93741260 is pointing into the stack for thread: 0x0000000001116000


Stack: [0x00007f6b93643000,0x00007f6b93744000],  sp=0x00007f6b937411e0,  free space=1016k
Native frames: (J=compiled Java code, j=interpreted, Vv=VM code, C=native code)
C  [libopencv_text.so.3.2+0x23542]  cv::text::ERFilterNM::er_tree_filter(cv::_InputArray const&, cv::text::ERStat*, cv::text::ERStat*, cv::text::ERStat*)+0x5f2

Java frames: (J=compiled Java code, j=interpreted, Vv=VM code)
j  org.bytedeco.javacpp.opencv_text$ERFilter.run(Lorg/bytedeco/javacpp/opencv_core$Mat;Lorg/bytedeco/javacpp/opencv_text$ERStatVector;)V+0
j  ImageTextDetectionApp$.$anonfun$new$1(LImageTextDetectionApp$;I)V+47
j  ImageTextDetectionApp$$$Lambda$11.apply$mcVI$sp(I)V+5
j  scala.collection.parallel.immutable.ParRange$ParRangeIterator.foreach(Lscala/Function1;)V+25
j  scala.collection.parallel.ParIterableLike$Foreach.leaf(Lscala/Option;)V+8
j  scala.collection.parallel.Task.$anonfun$tryLeaf$1(Lscala/collection/parallel/Task;Lscala/Option;)V+2
j  scala.collection.parallel.Task$$Lambda$19.apply$mcV$sp()V+8
j  scala.runtime.java8.JFunction0$mcV$sp.apply()Ljava/lang/Object;+1
j  scala.util.control.Breaks$$anon$1.catchBreak(Lscala/Function0;)Ljava/lang/Object;+4
j  scala.collection.parallel.Task.tryLeaf(Lscala/Option;)V+35
j  scala.collection.parallel.Task.tryLeaf$(Lscala/collection/parallel/Task;Lscala/Option;)V+2
j  scala.collection.parallel.ParIterableLike$Foreach.tryLeaf(Lscala/Option;)V+2
j  scala.collection.parallel.AdaptiveWorkStealingTasks$WrappedTask.internal()V+16
j  scala.collection.parallel.AdaptiveWorkStealingTasks$WrappedTask.internal$(Lscala/collection/parallel/AdaptiveWorkStealingTasks$WrappedTask;)V+1
j  scala.collection.parallel.AdaptiveWorkStealingForkJoinTasks$WrappedTask.internal()V+1
j  scala.collection.parallel.AdaptiveWorkStealingTasks$WrappedTask.compute()V+15
j  scala.collection.parallel.AdaptiveWorkStealingTasks$WrappedTask.compute$(Lscala/collection/parallel/AdaptiveWorkStealingTasks$WrappedTask;)V+1
j  scala.collection.parallel.AdaptiveWorkStealingForkJoinTasks$WrappedTask.compute()V+1
j  java.util.concurrent.RecursiveAction.exec()Z+1
j  java.util.concurrent.ForkJoinTask.doExec()I+10
j  java.util.concurrent.ForkJoinPool$WorkQueue.runTask(Ljava/util/concurrent/ForkJoinTask;)V+21
j  java.util.concurrent.ForkJoinPool.runWorker(Ljava/util/concurrent/ForkJoinPool$WorkQueue;)V+35
j  java.util.concurrent.ForkJoinWorkerThread.run()V+24
v  ~StubRoutines::call_stub

---------------  P R O C E S S  ---------------

Java Threads: ( => current thread )
=>0x0000000001116000 JavaThread "scala-execution-context-global-13" daemon [_thread_in_native, id=10931, stack(0x00007f6b93643000,0x00007f6b93744000)]
  0x00007f6bee72b000 JavaThread "scala-execution-context-global-12" daemon [_thread_in_native, id=10930, stack(0x00007f6bd00eb000,0x00007f6bd01ec000)]
  0x00007f6becfda000 JavaThread "JavaCPP Deallocator" daemon [_thread_blocked, id=10923, stack(0x00007f6bd29ae000,0x00007f6bd2aaf000)]
  0x00007f6bec0d2800 JavaThread "Service Thread" daemon [_thread_blocked, id=10918, stack(0x00007f6bd86c3000,0x00007f6bd87c4000)]
  0x00007f6bec0cf800 JavaThread "C1 CompilerThread1" daemon [_thread_blocked, id=10917, stack(0x00007f6bd87c4000,0x00007f6bd88c5000)]
  0x00007f6bec0cc800 JavaThread "C2 CompilerThread0" daemon [_thread_blocked, id=10916, stack(0x00007f6bd88c5000,0x00007f6bd89c6000)]
  0x00007f6bb4001000 JavaThread "JDWP Command Reader" daemon [_thread_in_native, id=10915, stack(0x00007f6bd89c6000,0x00007f6bd8ac7000)]
  0x00007f6bec0ca000 JavaThread "JDWP Event Helper Thread" daemon [_thread_blocked, id=10914, stack(0x00007f6bd8ac7000,0x00007f6bd8bc8000)]
  0x00007f6bec0c6800 JavaThread "JDWP Transport Listener: dt_socket" daemon [_thread_blocked, id=10912, stack(0x00007f6bd8bc8000,0x00007f6bd8cc9000)]
  0x00007f6bec0b8800 JavaThread "Signal Dispatcher" daemon [_thread_blocked, id=10910, stack(0x00007f6bd8ece000,0x00007f6bd8fcf000)]
  0x00007f6bec086800 JavaThread "Finalizer" daemon [_thread_blocked, id=10909, stack(0x00007f6bd8fcf000,0x00007f6bd90d0000)]
  0x00007f6bec082000 JavaThread "Reference Handler" daemon [_thread_blocked, id=10908, stack(0x00007f6bd90d0000,0x00007f6bd91d1000)]
  0x00007f6bec011000 JavaThread "main" [_thread_blocked, id=10899, stack(0x00007f6bf3617000,0x00007f6bf3718000)]

Other Threads:
  0x00007f6bec07a000 VMThread [stack: 0x00007f6bd91d1000,0x00007f6bd92d2000] [id=10907]
  0x00007f6bec0d5800 WatcherThread [stack: 0x00007f6bd85c2000,0x00007f6bd86c3000] [id=10919]

VM state:not at safepoint (normal execution)

VM Mutex/Monitor currently owned by a thread: None

Heap:
 PSYoungGen      total 18432K, used 7509K [0x00000000ebf80000, 0x00000000ed400000, 0x0000000100000000)
  eden space 15872K, 31% used [0x00000000ebf80000,0x00000000ec457660,0x00000000ecf00000)
  from space 2560K, 99% used [0x00000000ecf00000,0x00000000ed17dfc8,0x00000000ed180000)
  to   space 2560K, 0% used [0x00000000ed180000,0x00000000ed180000,0x00000000ed400000)
 ParOldGen       total 42496K, used 2351K [0x00000000c3e00000, 0x00000000c6780000, 0x00000000ebf80000)
  object space 42496K, 5% used [0x00000000c3e00000,0x00000000c404bf78,0x00000000c6780000)
 Metaspace       used 12163K, capacity 12418K, committed 12544K, reserved 1060864K
  class space    used 1435K, capacity 1517K, committed 1536K, reserved 1048576K

Card table byte_map: [0x00007f6bdc855000,0x00007f6bdca37000] byte_map_base: 0x00007f6bdc236000

Marking Bits: (ParMarkBitMap*) 0x00007f6bf291a260
 Begin Bits: [0x00007f6bda843000, 0x00007f6bdb74b000)
 End Bits:   [0x00007f6bdb74b000, 0x00007f6bdc653000)

Polling page: 0x00007f6bf3741000

CodeCache: size=245760Kb used=3653Kb max_used=3665Kb free=242106Kb
 bounds [0x00007f6bdcdf7000, 0x00007f6bdd197000, 0x00007f6bebdf7000]
 total_blobs=1286 nmethods=870 adapters=340
 compilation: enabled

Compilation events (10 events):
Event: 11.785 Thread 0x00007f6bec0cc800 nmethod 877 0x00007f6bdd181cd0 code [0x00007f6bdd181e40, 0x00007f6bdd182028]
Event: 11.785 Thread 0x00007f6bec0cc800  881       4       java.io.UnixFileSystem::resolve (103 bytes)
Event: 11.789 Thread 0x00007f6bec0cf800 nmethod 880 0x00007f6bdd185b10 code [0x00007f6bdd185e60, 0x00007f6bdd1878d8]
Event: 11.789 Thread 0x00007f6bec0cf800  876       3       java.lang.StringCoding::deref (19 bytes)
Event: 11.790 Thread 0x00007f6bec0cf800 nmethod 876 0x00007f6bdd181510 code [0x00007f6bdd1816a0, 0x00007f6bdd181b68]
Event: 11.790 Thread 0x00007f6bec0cf800  882       3       java.util.ArrayList::subListRangeCheck (110 bytes)
Event: 11.792 Thread 0x00007f6bec0cf800 nmethod 882 0x00007f6bdd1888d0 code [0x00007f6bdd188c20, 0x00007f6bdd18a588]
Event: 11.792 Thread 0x00007f6bec0cf800  878       3       java.net.URI::<init> (53 bytes)
Event: 11.793 Thread 0x00007f6bec0cf800 nmethod 878 0x00007f6bdd182fd0 code [0x00007f6bdd183160, 0x00007f6bdd1835e8]
Event: 11.816 Thread 0x00007f6bec0cc800 nmethod 881 0x00007f6bdd182490 code [0x00007f6bdd182620, 0x00007f6bdd182cb8]

GC Heap History (6 events):
Event: 3.774 GC heap before
{Heap before GC invocations=1 (full 0):
 PSYoungGen      total 18432K, used 15872K [0x00000000ebf80000, 0x00000000ed400000, 0x0000000100000000)
  eden space 15872K, 100% used [0x00000000ebf80000,0x00000000ecf00000,0x00000000ecf00000)
  from space 2560K, 0% used [0x00000000ed180000,0x00000000ed180000,0x00000000ed400000)
  to   space 2560K, 0% used [0x00000000ecf00000,0x00000000ecf00000,0x00000000ed180000)
 ParOldGen       total 42496K, used 0K [0x00000000c3e00000, 0x00000000c6780000, 0x00000000ebf80000)
  object space 42496K, 0% used [0x00000000c3e00000,0x00000000c3e00000,0x00000000c6780000)
 Metaspace       used 7594K, capacity 7768K, committed 7808K, reserved 1056768K
  class space    used 795K, capacity 858K, committed 896K, reserved 1048576K
Event: 3.783 GC heap after
Heap after GC invocations=1 (full 0):
 PSYoungGen      total 18432K, used 2552K [0x00000000ebf80000, 0x00000000ed400000, 0x0000000100000000)
  eden space 15872K, 0% used [0x00000000ebf80000,0x00000000ebf80000,0x00000000ecf00000)
  from space 2560K, 99% used [0x00000000ecf00000,0x00000000ed17e0b0,0x00000000ed180000)
  to   space 2560K, 0% used [0x00000000ed180000,0x00000000ed180000,0x00000000ed400000)
 ParOldGen       total 42496K, used 1040K [0x00000000c3e00000, 0x00000000c6780000, 0x00000000ebf80000)
  object space 42496K, 2% used [0x00000000c3e00000,0x00000000c3f04210,0x00000000c6780000)
 Metaspace       used 7594K, capacity 7768K, committed 7808K, reserved 1056768K
  class space    used 795K, capacity 858K, committed 896K, reserved 1048576K
}
Event: 5.824 GC heap before
{Heap before GC invocations=2 (full 0):
 PSYoungGen      total 18432K, used 18424K [0x00000000ebf80000, 0x00000000ed400000, 0x0000000100000000)
  eden space 15872K, 100% used [0x00000000ebf80000,0x00000000ecf00000,0x00000000ecf00000)
  from space 2560K, 99% used [0x00000000ecf00000,0x00000000ed17e0b0,0x00000000ed180000)
  to   space 2560K, 0% used [0x00000000ed180000,0x00000000ed180000,0x00000000ed400000)
 ParOldGen       total 42496K, used 1040K [0x00000000c3e00000, 0x00000000c6780000, 0x00000000ebf80000)
  object space 42496K, 2% used [0x00000000c3e00000,0x00000000c3f04210,0x00000000c6780000)
 Metaspace       used 9264K, capacity 9374K, committed 9600K, reserved 1058816K
  class space    used 999K, capacity 1051K, committed 1152K, reserved 1048576K
Event: 5.836 GC heap after
Heap after GC invocations=2 (full 0):
 PSYoungGen      total 18432K, used 2543K [0x00000000ebf80000, 0x00000000ed400000, 0x0000000100000000)
  eden space 15872K, 0% used [0x00000000ebf80000,0x00000000ebf80000,0x00000000ecf00000)
  from space 2560K, 99% used [0x00000000ed180000,0x00000000ed3fbc20,0x00000000ed400000)
  to   space 2560K, 0% used [0x00000000ecf00000,0x00000000ecf00000,0x00000000ed180000)
 ParOldGen       total 42496K, used 1380K [0x00000000c3e00000, 0x00000000c6780000, 0x00000000ebf80000)
  object space 42496K, 3% used [0x00000000c3e00000,0x00000000c3f59078,0x00000000c6780000)
 Metaspace       used 9264K, capacity 9374K, committed 9600K, reserved 1058816K
  class space    used 999K, capacity 1051K, committed 1152K, reserved 1048576K
}
Event: 11.470 GC heap before
{Heap before GC invocations=3 (full 0):
 PSYoungGen      total 18432K, used 18415K [0x00000000ebf80000, 0x00000000ed400000, 0x0000000100000000)
  eden space 15872K, 100% used [0x00000000ebf80000,0x00000000ecf00000,0x00000000ecf00000)
  from space 2560K, 99% used [0x00000000ed180000,0x00000000ed3fbc20,0x00000000ed400000)
  to   space 2560K, 0% used [0x00000000ecf00000,0x00000000ecf00000,0x00000000ed180000)
 ParOldGen       total 42496K, used 1380K [0x00000000c3e00000, 0x00000000c6780000, 0x00000000ebf80000)
  object space 42496K, 3% used [0x00000000c3e00000,0x00000000c3f59078,0x00000000c6780000)
 Metaspace       used 11253K, capacity 11424K, committed 11776K, reserved 1058816K
  class space    used 1343K, capacity 1410K, committed 1536K, reserved 1048576K
Event: 11.479 GC heap after
Heap after GC invocations=3 (full 0):
 PSYoungGen      total 18432K, used 2551K [0x00000000ebf80000, 0x00000000ed400000, 0x0000000100000000)
  eden space 15872K, 0% used [0x00000000ebf80000,0x00000000ebf80000,0x00000000ecf00000)
  from space 2560K, 99% used [0x00000000ecf00000,0x00000000ed17dfc8,0x00000000ed180000)
  to   space 2560K, 0% used [0x00000000ed180000,0x00000000ed180000,0x00000000ed400000)
 ParOldGen       total 42496K, used 2351K [0x00000000c3e00000, 0x00000000c6780000, 0x00000000ebf80000)
  object space 42496K, 5% used [0x00000000c3e00000,0x00000000c404bf78,0x00000000c6780000)
 Metaspace       used 11253K, capacity 11424K, committed 11776K, reserved 1058816K
  class space    used 1343K, capacity 1410K, committed 1536K, reserved 1048576K
}

Deoptimization events (5 events):
Event: 0.773 Thread 0x00007f6bec011000 Uncommon trap: reason=unstable_if action=reinterpret pc=0x00007f6bdcf155bc method=java.lang.String.hashCode()I @ 14
Event: 3.084 Thread 0x00007f6bec011000 Uncommon trap: reason=unstable_if action=reinterpret pc=0x00007f6bdcff923c method=java.util.HashMap.getNode(ILjava/lang/Object;)Ljava/util/HashMap$Node; @ 116
Event: 3.169 Thread 0x00007f6bec011000 Uncommon trap: reason=unstable_if action=reinterpret pc=0x00007f6bdd003970 method=java.util.HashMap.getNode(ILjava/lang/Object;)Ljava/util/HashMap$Node; @ 129
Event: 11.733 Thread 0x00007f6bee72b000 Uncommon trap: reason=unstable_if action=reinterpret pc=0x00007f6bdd14e680 method=java.lang.ThreadLocal.get()Ljava/lang/Object; @ 11
Event: 11.765 Thread 0x0000000001116000 Uncommon trap: reason=unstable_if action=reinterpret pc=0x00007f6bdd0c4ae8 method=java.lang.ThreadLocal.get()Ljava/lang/Object; @ 11

Internal exceptions (10 events):
Event: 3.445 Thread 0x00007f6bec011000 Exception <a 'java/security/PrivilegedActionException'> (0x00000000ecd84048) thrown at [/build/java8-openjdk/src/jdk8u-jdk8u121-b13/hotspot/src/share/vm/prims/jvm.cpp, line 1390]
Event: 11.733 Thread 0x00007f6bee72b000 Implicit null exception at 0x00007f6bdd14de52 to 0x00007f6bdd14e669
Event: 11.740 Thread 0x00007f6bee72b000 Exception <a 'java/lang/NoSuchMethodError': java.lang.Object.$anonfun$$plus$plus$eq$1(Lscala/collection/generic/Growable;Ljava/lang/Object;)Lscala/collection/generic/Growable;> (0x00000000ec1ef9d0) thrown at [/build/java8-openjdk/src/jdk8u-jdk8u121-b13/ho
Event: 11.742 Thread 0x00007f6bee72b000 Exception <a 'java/lang/NoSuchMethodError': java.lang.Object.$anonfun$splitWithSignalling$2$adapted(Lscala/collection/parallel/SeqSplitter;Lscala/collection/parallel/SeqSplitter;)Ljava/lang/Object;> (0x00000000ec1f5370) thrown at [/build/java8-openjdk/src
Event: 11.745 Thread 0x00007f6bee72b000 Exception <a 'java/lang/NoSuchMethodError': java.lang.Object.$anonfun$split$1(Lscala/collection/parallel/ParIterableLike$Accessor;Lscala/collection/parallel/IterableSplitter;)Lscala/collection/parallel/ParIterableLike$Accessor;> (0x00000000ec1fad30) throw
Event: 11.748 Thread 0x00007f6bee72b000 Exception <a 'java/lang/NoSuchMethodError': java.lang.Object.$anonfun$map$1(Lscala/Function1;Lscala/collection/mutable/Builder;Ljava/lang/Object;)Lscala/collection/mutable/Builder;> (0x00000000ec201de0) thrown at [/build/java8-openjdk/src/jdk8u-jdk8u121-b
Event: 11.753 Thread 0x00007f6bee72b000 Exception <a 'java/lang/NoSuchMethodError': java.lang.Object.$anonfun$spawnSubtasks$1$adapted(Lscala/runtime/ObjectRef;Lscala/collection/parallel/AdaptiveWorkStealingTasks$WrappedTask;)Ljava/lang/Object;> (0x00000000ec20eb38) thrown at [/build/java8-openj
Event: 11.759 Thread 0x00007f6bee72b000 Exception <a 'java/lang/NoSuchMethodError': java.lang.Object.$anonfun$tryLeaf$1(Lscala/collection/parallel/Task;Lscala/Option;)V> (0x00000000ec2158c0) thrown at [/build/java8-openjdk/src/jdk8u-jdk8u121-b13/hotspot/src/share/vm/interpreter/linkResolver.cpp
Event: 11.765 Thread 0x0000000001116000 Implicit null exception at 0x00007f6bdd0c4981 to 0x00007f6bdd0c4ac9
Event: 11.767 Thread 0x00007f6bee72b000 Exception <a 'java/lang/NoSuchMethodError': java.lang.Object.$anonfun$tryLeaf$2(Lscala/collection/parallel/Task;)V> (0x00000000ec21d490) thrown at [/build/java8-openjdk/src/jdk8u-jdk8u121-b13/hotspot/src/share/vm/interpreter/linkResolver.cpp, line 582]

Events (10 events):
Event: 11.786 Thread 0x0000000001116000 DEOPT PACKING pc=0x00007f6bdd0185b4 sp=0x00007f6b93741a00
Event: 11.786 Thread 0x0000000001116000 DEOPT UNPACKING pc=0x00007f6bdce3df73 sp=0x00007f6b937417b0 mode 1
Event: 11.789 Thread 0x0000000001116000 DEOPT PACKING pc=0x00007f6bdd0185b4 sp=0x00007f6b93741a00
Event: 11.789 Thread 0x0000000001116000 DEOPT UNPACKING pc=0x00007f6bdce3df73 sp=0x00007f6b937417b0 mode 1
Event: 11.792 Thread 0x0000000001116000 DEOPT PACKING pc=0x00007f6bdd0185b4 sp=0x00007f6b93741a00
Event: 11.792 Thread 0x0000000001116000 DEOPT UNPACKING pc=0x00007f6bdce3df73 sp=0x00007f6b937417b0 mode 1
Event: 11.794 Thread 0x0000000001116000 DEOPT PACKING pc=0x00007f6bdd0185b4 sp=0x00007f6b93741a00
Event: 11.794 Thread 0x0000000001116000 DEOPT UNPACKING pc=0x00007f6bdce3df73 sp=0x00007f6b937417b0 mode 1
Event: 11.796 Thread 0x0000000001116000 DEOPT PACKING pc=0x00007f6bdd0185b4 sp=0x00007f6b93741a00
Event: 11.796 Thread 0x0000000001116000 DEOPT UNPACKING pc=0x00007f6bdce3df73 sp=0x00007f6b937417b0 mode 1


Dynamic libraries:
00400000-00401000 r-xp 00000000 00:13 1620704                            /usr/lib/jvm/java-8-openjdk/jre/bin/java
00600000-00601000 r--p 00000000 00:13 1620704                            /usr/lib/jvm/java-8-openjdk/jre/bin/java
00601000-00602000 rw-p 00001000 00:13 1620704                            /usr/lib/jvm/java-8-openjdk/jre/bin/java
010f5000-034b9000 rw-p 00000000 00:00 0                                  [heap]
c3e00000-c6780000 rw-p 00000000 00:00 0 
c6780000-ebf80000 ---p 00000000 00:00 0 
ebf80000-ed400000 rw-p 00000000 00:00 0 
ed400000-100000000 ---p 00000000 00:00 0 
100000000-100180000 rw-p 00000000 00:00 0 
100180000-140000000 ---p 00000000 00:00 0 
7f6b8cbc1000-7f6b8d390000 rw-p 00000000 00:00 0 
7f6b8eafd000-7f6b8eafe000 ---p 00000000 00:00 0 
7f6b8eafe000-7f6b8f2fe000 rwxp 00000000 00:00 0 
7f6b90a6a000-7f6b921d7000 rw-p 00000000 00:00 0 
7f6b92e42000-7f6b92e43000 ---p 00000000 00:00 0 
7f6b92e43000-7f6b93643000 rwxp 00000000 00:00 0 
7f6b93643000-7f6b93646000 ---p 00000000 00:00 0 
7f6b93646000-7f6b93744000 rwxp 00000000 00:00 0 
7f6b93744000-7f6b93804000 rw-p 00000000 00:00 0 
7f6b93804000-7f6b93944000 ---p 00000000 00:00 0 
7f6b93944000-7f6b939b0000 r-xp 00000000 00:13 2418409                    /home/andrey/.javacpp/cache/opencv-3.2.0-1.3-linux-x86_64.jar/org/bytedeco/javacpp/linux-x86_64/libjniopencv_text.so
7f6b939b0000-7f6b93baf000 ---p 0006c000 00:13 2418409                    /home/andrey/.javacpp/cache/opencv-3.2.0-1.3-linux-x86_64.jar/org/bytedeco/javacpp/linux-x86_64/libjniopencv_text.so
7f6b93baf000-7f6b93bb0000 rw-p 0006b000 00:13 2418409                    /home/andrey/.javacpp/cache/opencv-3.2.0-1.3-linux-x86_64.jar/org/bytedeco/javacpp/linux-x86_64/libjniopencv_text.so
7f6b93bb0000-7f6b93be7000 r-xp 00000000 00:13 2420372                    /usr/lib/libtbb.so.2
7f6b93be7000-7f6b93de6000 ---p 00037000 00:13 2420372                    /usr/lib/libtbb.so.2
7f6b93de6000-7f6b93de8000 r--p 00036000 00:13 2420372                    /usr/lib/libtbb.so.2
7f6b93de8000-7f6b93dea000 rw-p 00038000 00:13 2420372                    /usr/lib/libtbb.so.2
7f6b93dea000-7f6b93ded000 rw-p 00000000 00:00 0 
7f6b93ded000-7f6b93e3e000 r-xp 00000000 00:13 2421218                    /usr/lib/libopencv_flann.so.3.2.0
7f6b93e3e000-7f6b9403e000 ---p 00051000 00:13 2421218                    /usr/lib/libopencv_flann.so.3.2.0
7f6b9403e000-7f6b94040000 r--p 00051000 00:13 2421218                    /usr/lib/libopencv_flann.so.3.2.0
7f6b94040000-7f6b94041000 rw-p 00053000 00:13 2421218                    /usr/lib/libopencv_flann.so.3.2.0
7f6b94041000-7f6b940f5000 r-xp 00000000 00:13 2421242                    /usr/lib/libopencv_features2d.so.3.2.0
7f6b940f5000-7f6b942f4000 ---p 000b4000 00:13 2421242                    /usr/lib/libopencv_features2d.so.3.2.0
7f6b942f4000-7f6b942f7000 r--p 000b3000 00:13 2421242                    /usr/lib/libopencv_features2d.so.3.2.0
7f6b942f7000-7f6b942f9000 rw-p 000b6000 00:13 2421242                    /usr/lib/libopencv_features2d.so.3.2.0
7f6b942f9000-7f6b9435c000 r-xp 00000000 00:13 2418408                    /home/andrey/.javacpp/cache/opencv-3.2.0-1.3-linux-x86_64.jar/org/bytedeco/javacpp/linux-x86_64/libopencv_text.so.3.2
7f6b9435c000-7f6b9455c000 ---p 00063000 00:13 2418408                    /home/andrey/.javacpp/cache/opencv-3.2.0-1.3-linux-x86_64.jar/org/bytedeco/javacpp/linux-x86_64/libopencv_text.so.3.2
7f6b9455c000-7f6b9455e000 rw-p 00063000 00:13 2418408                    /home/andrey/.javacpp/cache/opencv-3.2.0-1.3-linux-x86_64.jar/org/bytedeco/javacpp/linux-x86_64/libopencv_text.so.3.2
7f6b9455e000-7f6b94621000 rw-p 00000000 00:00 0 
7f6b94621000-7f6b94667000 r-xp 00000000 00:13 2418407                    /home/andrey/.javacpp/cache/opencv-3.2.0-1.3-linux-x86_64.jar/org/bytedeco/javacpp/linux-x86_64/libjniopencv_ml.so
7f6b94667000-7f6b94867000 ---p 00046000 00:13 2418407                    /home/andrey/.javacpp/cache/opencv-3.2.0-1.3-linux-x86_64.jar/org/bytedeco/javacpp/linux-x86_64/libjniopencv_ml.so
7f6b94867000-7f6b94868000 rw-p 00046000 00:13 2418407                    /home/andrey/.javacpp/cache/opencv-3.2.0-1.3-linux-x86_64.jar/org/bytedeco/javacpp/linux-x86_64/libjniopencv_ml.so
7f6b94868000-7f6b94900000 r-xp 00000000 00:13 2418406                    /home/andrey/.javacpp/cache/opencv-3.2.0-1.3-linux-x86_64.jar/org/bytedeco/javacpp/linux-x86_64/libopencv_ml.so.3.2
7f6b94900000-7f6b94aff000 ---p 00098000 00:13 2418406                    /home/andrey/.javacpp/cache/opencv-3.2.0-1.3-linux-x86_64.jar/org/bytedeco/javacpp/linux-x86_64/libopencv_ml.so.3.2
7f6b94aff000-7f6b94b03000 rw-p 00097000 00:13 2418406                    /home/andrey/.javacpp/cache/opencv-3.2.0-1.3-linux-x86_64.jar/org/bytedeco/javacpp/linux-x86_64/libopencv_ml.so.3.2
7f6b94b03000-7f6b94b44000 r-xp 00000000 00:13 2418405                    /home/andrey/.javacpp/cache/opencv-3.2.0-1.3-linux-x86_64.jar/org/bytedeco/javacpp/linux-x86_64/libjniopencv_highgui.so
7f6b94b44000-7f6b94d44000 ---p 00041000 00:13 2418405                    /home/andrey/.javacpp/cache/opencv-3.2.0-1.3-linux-x86_64.jar/org/bytedeco/javacpp/linux-x86_64/libjniopencv_highgui.so
7f6b94d44000-7f6b94d45000 rw-p 00041000 00:13 2418405                    /home/andrey/.javacpp/cache/opencv-3.2.0-1.3-linux-x86_64.jar/org/bytedeco/javacpp/linux-x86_64/libjniopencv_highgui.so
7f6b94d45000-7f6b94d50000 r-xp 00000000 00:13 2418404                    /home/andrey/.javacpp/cache/opencv-3.2.0-1.3-linux-x86_64.jar/org/bytedeco/javacpp/linux-x86_64/libopencv_highgui.so.3.2
7f6b94d50000-7f6b94f4f000 ---p 0000b000 00:13 2418404                    /home/andrey/.javacpp/cache/opencv-3.2.0-1.3-linux-x86_64.jar/org/bytedeco/javacpp/linux-x86_64/libopencv_highgui.so.3.2
7f6b94f4f000-7f6b94f50000 rw-p 0000a000 00:13 2418404                    /home/andrey/.javacpp/cache/opencv-3.2.0-1.3-linux-x86_64.jar/org/bytedeco/javacpp/linux-x86_64/libopencv_highgui.so.3.2
7f6b94f50000-7f6b94f65000 r-xp 00000000 00:13 2418403                    /home/andrey/.javacpp/cache/opencv-3.2.0-1.3-linux-x86_64.jar/org/bytedeco/javacpp/linux-x86_64/libjniopencv_videoio.so
7f6b94f65000-7f6b95165000 ---p 00015000 00:13 2418403                    /home/andrey/.javacpp/cache/opencv-3.2.0-1.3-linux-x86_64.jar/org/bytedeco/javacpp/linux-x86_64/libjniopencv_videoio.so
7f6b95165000-7f6b95166000 rw-p 00015000 00:13 2418403                    /home/andrey/.javacpp/cache/opencv-3.2.0-1.3-linux-x86_64.jar/org/bytedeco/javacpp/linux-x86_64/libjniopencv_videoio.so
7f6b95166000-7f6b9516d000 r-xp 00000000 00:13 2026335                    /usr/lib/libdatrie.so.1.3.3
7f6b9516d000-7f6b9536c000 ---p 00007000 00:13 2026335                    /usr/lib/libdatrie.so.1.3.3
7f6b9536c000-7f6b9536d000 r--p 00006000 00:13 2026335                    /usr/lib/libdatrie.so.1.3.3
7f6b9536d000-7f6b9536e000 rw-p 00007000 00:13 2026335                    /usr/lib/libdatrie.so.1.3.3
7f6b9536e000-7f6b9537e000 r-xp 00000000 00:13 2117097                    /usr/lib/libGLX.so.0.0.0
7f6b9537e000-7f6b9557d000 ---p 00010000 00:13 2117097                    /usr/lib/libGLX.so.0.0.0
7f6b9557d000-7f6b9557e000 r--p 0000f000 00:13 2117097                    /usr/lib/libGLX.so.0.0.0
7f6b9557e000-7f6b9557f000 rw-p 00010000 00:13 2117097                    /usr/lib/libGLX.so.0.0.0
7f6b9557f000-7f6b9559f000 rw-p 00000000 00:00 0 
7f6b9559f000-7f6b955a4000 r-xp 00000000 00:13 42076                      /usr/lib/libXdmcp.so.6.0.0
7f6b955a4000-7f6b957a3000 ---p 00005000 00:13 42076                      /usr/lib/libXdmcp.so.6.0.0
7f6b957a3000-7f6b957a4000 r--p 00004000 00:13 42076                      /usr/lib/libXdmcp.so.6.0.0
7f6b957a4000-7f6b957a5000 rw-p 00005000 00:13 42076                      /usr/lib/libXdmcp.so.6.0.0
7f6b957a5000-7f6b957a7000 r-xp 00000000 00:13 42085                      /usr/lib/libXau.so.6.0.0
7f6b957a7000-7f6b959a7000 ---p 00002000 00:13 42085                      /usr/lib/libXau.so.6.0.0
7f6b959a7000-7f6b959a8000 r--p 00002000 00:13 42085                      /usr/lib/libXau.so.6.0.0
7f6b959a8000-7f6b959a9000 rw-p 00003000 00:13 42085                      /usr/lib/libXau.so.6.0.0
7f6b959a9000-7f6b95a17000 r-xp 00000000 00:13 2117094                    /usr/lib/libGLdispatch.so.0.0.0
7f6b95a17000-7f6b95c16000 ---p 0006e000 00:13 2117094                    /usr/lib/libGLdispatch.so.0.0.0
7f6b95c16000-7f6b95c3e000 r--p 0006d000 00:13 2117094                    /usr/lib/libGLdispatch.so.0.0.0
7f6b95c3e000-7f6b95c3f000 rw-p 00095000 00:13 2117094                    /usr/lib/libGLdispatch.so.0.0.0
7f6b95c3f000-7f6b95c5f000 rw-p 00000000 00:00 0 
7f6b95c5f000-7f6b95c89000 r-xp 00000000 00:13 586151                     /usr/lib/libgraphite2.so.3.0.1
7f6b95c89000-7f6b95e88000 ---p 0002a000 00:13 586151                     /usr/lib/libgraphite2.so.3.0.1
7f6b95e88000-7f6b95e8a000 r--p 00029000 00:13 586151                     /usr/lib/libgraphite2.so.3.0.1
7f6b95e8a000-7f6b95e8b000 rw-p 0002b000 00:13 586151                     /usr/lib/libgraphite2.so.3.0.1
7f6b95e8b000-7f6b95e8f000 r-xp 00000000 00:13 2024957                    /usr/lib/libuuid.so.1.3.0
7f6b95e8f000-7f6b9608e000 ---p 00004000 00:13 2024957                    /usr/lib/libuuid.so.1.3.0
7f6b9608e000-7f6b9608f000 r--p 00003000 00:13 2024957                    /usr/lib/libuuid.so.1.3.0
7f6b9608f000-7f6b96090000 rw-p 00004000 00:13 2024957                    /usr/lib/libuuid.so.1.3.0
7f6b96090000-7f6b960d1000 r-xp 00000000 00:13 2024958                    /usr/lib/libblkid.so.1.1.0
7f6b960d1000-7f6b962d0000 ---p 00041000 00:13 2024958                    /usr/lib/libblkid.so.1.1.0
7f6b962d0000-7f6b962d4000 r--p 00040000 00:13 2024958                    /usr/lib/libblkid.so.1.1.0
7f6b962d4000-7f6b962d5000 rw-p 00044000 00:13 2024958                    /usr/lib/libblkid.so.1.1.0
7f6b962d5000-7f6b962d6000 rw-p 00000000 00:00 0 
7f6b962d6000-7f6b96348000 r-xp 00000000 00:13 1605008                    /usr/lib/libpcre.so.1.2.8
7f6b96348000-7f6b96547000 ---p 00072000 00:13 1605008                    /usr/lib/libpcre.so.1.2.8
7f6b96547000-7f6b96548000 r--p 00071000 00:13 1605008                    /usr/lib/libpcre.so.1.2.8
7f6b96548000-7f6b96549000 rw-p 00072000 00:13 1605008                    /usr/lib/libpcre.so.1.2.8
7f6b96549000-7f6b96550000 r-xp 00000000 00:13 17402                      /usr/lib/libffi.so.6.0.4
7f6b96550000-7f6b96750000 ---p 00007000 00:13 17402                      /usr/lib/libffi.so.6.0.4
7f6b96750000-7f6b96751000 r--p 00007000 00:13 17402                      /usr/lib/libffi.so.6.0.4
7f6b96751000-7f6b96752000 rw-p 00008000 00:13 17402                      /usr/lib/libffi.so.6.0.4
7f6b96752000-7f6b96779000 r-xp 00000000 00:13 12033                      /usr/lib/libexpat.so.1.6.2
7f6b96779000-7f6b96979000 ---p 00027000 00:13 12033                      /usr/lib/libexpat.so.1.6.2
7f6b96979000-7f6b9697b000 r--p 00027000 00:13 12033                      /usr/lib/libexpat.so.1.6.2
7f6b9697b000-7f6b9697c000 rw-p 00029000 00:13 12033                      /usr/lib/libexpat.so.1.6.2
7f6b9697c000-7f6b9698b000 r-xp 00000000 00:13 1313099                    /usr/lib/libbz2.so.1.0.6
7f6b9698b000-7f6b96b8a000 ---p 0000f000 00:13 1313099                    /usr/lib/libbz2.so.1.0.6
7f6b96b8a000-7f6b96b8b000 r--p 0000e000 00:13 1313099                    /usr/lib/libbz2.so.1.0.6
7f6b96b8b000-7f6b96b8c000 rw-p 0000f000 00:13 1313099                    /usr/lib/libbz2.so.1.0.6
7f6b96b8c000-7f6b96b94000 r-xp 00000000 00:13 1621406                    /usr/lib/libthai.so.0.3.0
7f6b96b94000-7f6b96d94000 ---p 00008000 00:13 1621406                    /usr/lib/libthai.so.0.3.0
7f6b96d94000-7f6b96d95000 r--p 00008000 00:13 1621406                    /usr/lib/libthai.so.0.3.0
7f6b96d95000-7f6b96d96000 rw-p 00009000 00:13 1621406                    /usr/lib/libthai.so.0.3.0
7f6b96d96000-7f6b96e06000 r-xp 00000000 00:13 2117098                    /usr/lib/libGL.so.1.0.0
7f6b96e06000-7f6b97005000 ---p 00070000 00:13 2117098                    /usr/lib/libGL.so.1.0.0
7f6b97005000-7f6b9701f000 r--p 0006f000 00:13 2117098                    /usr/lib/libGL.so.1.0.0
7f6b9701f000-7f6b97020000 rw-p 00089000 00:13 2117098                    /usr/lib/libGL.so.1.0.0
7f6b97020000-7f6b97021000 rw-p 00000000 00:00 0 
7f6b97021000-7f6b9702d000 r-xp 00000000 00:13 42162                      /usr/lib/libxcb-render.so.0.0.0
7f6b9702d000-7f6b9722d000 ---p 0000c000 00:13 42162                      /usr/lib/libxcb-render.so.0.0.0
7f6b9722d000-7f6b9722e000 r--p 0000c000 00:13 42162                      /usr/lib/libxcb-render.so.0.0.0
7f6b9722e000-7f6b9722f000 rw-p 0000d000 00:13 42162                      /usr/lib/libxcb-render.so.0.0.0
7f6b9722f000-7f6b97257000 r-xp 00000000 00:13 42152                      /usr/lib/libxcb.so.1.1.0
7f6b97257000-7f6b97456000 ---p 00028000 00:13 42152                      /usr/lib/libxcb.so.1.1.0
7f6b97456000-7f6b97457000 r--p 00027000 00:13 42152                      /usr/lib/libxcb.so.1.1.0
7f6b97457000-7f6b97458000 rw-p 00028000 00:13 42152                      /usr/lib/libxcb.so.1.1.0
7f6b97458000-7f6b9745a000 r-xp 00000000 00:13 42166                      /usr/lib/libxcb-shm.so.0.0.0
7f6b9745a000-7f6b9765a000 ---p 00002000 00:13 42166                      /usr/lib/libxcb-shm.so.0.0.0
7f6b9765a000-7f6b9765b000 r--p 00002000 00:13 42166                      /usr/lib/libxcb-shm.so.0.0.0
7f6b9765b000-7f6b9765c000 rw-p 00003000 00:13 42166                      /usr/lib/libxcb-shm.so.0.0.0
7f6b9765c000-7f6b9766e000 r-xp 00000000 00:13 2117096                    /usr/lib/libEGL.so.1.0.0
7f6b9766e000-7f6b9786d000 ---p 00012000 00:13 2117096                    /usr/lib/libEGL.so.1.0.0
7f6b9786d000-7f6b9786e000 r--p 00011000 00:13 2117096                    /usr/lib/libEGL.so.1.0.0
7f6b9786e000-7f6b9786f000 rw-p 00012000 00:13 2117096                    /usr/lib/libEGL.so.1.0.0
7f6b9786f000-7f6b9790e000 r-xp 00000000 00:13 46386                      /usr/lib/libpixman-1.so.0.34.0
7f6b9790e000-7f6b97b0e000 ---p 0009f000 00:13 46386                      /usr/lib/libpixman-1.so.0.34.0
7f6b97b0e000-7f6b97b16000 r--p 0009f000 00:13 46386                      /usr/lib/libpixman-1.so.0.34.0
7f6b97b16000-7f6b97b17000 rw-p 000a7000 00:13 46386                      /usr/lib/libpixman-1.so.0.34.0
7f6b97b17000-7f6b97b4c000 r-xp 00000000 00:13 1420659                    /usr/lib/libpng16.so.16.28.0
7f6b97b4c000-7f6b97d4b000 ---p 00035000 00:13 1420659                    /usr/lib/libpng16.so.16.28.0
7f6b97d4b000-7f6b97d4c000 r--p 00034000 00:13 1420659                    /usr/lib/libpng16.so.16.28.0
7f6b97d4c000-7f6b97d4d000 rw-p 00035000 00:13 1420659                    /usr/lib/libpng16.so.16.28.0
7f6b97d4d000-7f6b97ddb000 r-xp 00000000 00:13 2362619                    /usr/lib/libharfbuzz.so.0.10400.5
7f6b97ddb000-7f6b97fda000 ---p 0008e000 00:13 2362619                    /usr/lib/libharfbuzz.so.0.10400.5
7f6b97fda000-7f6b97fdc000 r--p 0008d000 00:13 2362619                    /usr/lib/libharfbuzz.so.0.10400.5
7f6b97fdc000-7f6b97fdd000 rw-p 0008f000 00:13 2362619                    /usr/lib/libharfbuzz.so.0.10400.5
7f6b97fdd000-7f6b98027000 r-xp 00000000 00:13 2024959                    /usr/lib/libmount.so.1.1.0
7f6b98027000-7f6b98227000 ---p 0004a000 00:13 2024959                    /usr/lib/libmount.so.1.1.0
7f6b98227000-7f6b98228000 r--p 0004a000 00:13 2024959                    /usr/lib/libmount.so.1.1.0
7f6b98228000-7f6b98229000 rw-p 0004b000 00:13 2024959                    /usr/lib/libmount.so.1.1.0
7f6b98229000-7f6b9822b000 rw-p 00000000 00:00 0 
7f6b9822b000-7f6b9823e000 r-xp 00000000 00:13 2157401                    /usr/lib/libresolv-2.25.so
7f6b9823e000-7f6b9843d000 ---p 00013000 00:13 2157401                    /usr/lib/libresolv-2.25.so
7f6b9843d000-7f6b9843e000 r--p 00012000 00:13 2157401                    /usr/lib/libresolv-2.25.so
7f6b9843e000-7f6b9843f000 rw-p 00013000 00:13 2157401                    /usr/lib/libresolv-2.25.so
7f6b9843f000-7f6b98441000 rw-p 00000000 00:00 0 
7f6b98441000-7f6b98452000 r-xp 00000000 00:13 45923                      /usr/lib/libXext.so.6.4.0
7f6b98452000-7f6b98651000 ---p 00011000 00:13 45923                      /usr/lib/libXext.so.6.4.0
7f6b98651000-7f6b98652000 r--p 00010000 00:13 45923                      /usr/lib/libXext.so.6.4.0
7f6b98652000-7f6b98653000 rw-p 00011000 00:13 45923                      /usr/lib/libXext.so.6.4.0
7f6b98653000-7f6b98655000 r-xp 00000000 00:13 46013                      /usr/lib/libXdamage.so.1.1.0
7f6b98655000-7f6b98854000 ---p 00002000 00:13 46013                      /usr/lib/libXdamage.so.1.1.0
7f6b98854000-7f6b98855000 r--p 00001000 00:13 46013                      /usr/lib/libXdamage.so.1.1.0
7f6b98855000-7f6b98856000 rw-p 00002000 00:13 46013                      /usr/lib/libXdamage.so.1.1.0
7f6b98856000-7f6b98858000 r-xp 00000000 00:13 49664                      /usr/lib/libXcomposite.so.1.0.0
7f6b98858000-7f6b98a57000 ---p 00002000 00:13 49664                      /usr/lib/libXcomposite.so.1.0.0
7f6b98a57000-7f6b98a58000 r--p 00001000 00:13 49664                      /usr/lib/libXcomposite.so.1.0.0
7f6b98a58000-7f6b98a59000 rw-p 00002000 00:13 49664                      /usr/lib/libXcomposite.so.1.0.0
7f6b98a59000-7f6b98a63000 r-xp 00000000 00:13 49470                      /usr/lib/libXcursor.so.1.0.2
7f6b98a63000-7f6b98c62000 ---p 0000a000 00:13 49470                      /usr/lib/libXcursor.so.1.0.2
7f6b98c62000-7f6b98c63000 r--p 00009000 00:13 49470                      /usr/lib/libXcursor.so.1.0.2
7f6b98c63000-7f6b98c64000 rw-p 0000a000 00:13 49470                      /usr/lib/libXcursor.so.1.0.2
7f6b98c64000-7f6b98c6e000 r-xp 00000000 00:13 49332                      /usr/lib/libXrandr.so.2.2.0
7f6b98c6e000-7f6b98e6d000 ---p 0000a000 00:13 49332                      /usr/lib/libXrandr.so.2.2.0
7f6b98e6d000-7f6b98e6e000 r--p 00009000 00:13 49332                      /usr/lib/libXrandr.so.2.2.0
7f6b98e6e000-7f6b98e6f000 rw-p 0000a000 00:13 49332                      /usr/lib/libXrandr.so.2.2.0
7f6b98e6f000-7f6b98e7e000 r-xp 00000000 00:13 1621381                    /usr/lib/libXi.so.6.1.0
7f6b98e7e000-7f6b9907e000 ---p 0000f000 00:13 1621381                    /usr/lib/libXi.so.6.1.0
7f6b9907e000-7f6b9907f000 r--p 0000f000 00:13 1621381                    /usr/lib/libXi.so.6.1.0
7f6b9907f000-7f6b99080000 rw-p 00010000 00:13 1621381                    /usr/lib/libXi.so.6.1.0
7f6b99080000-7f6b99082000 r-xp 00000000 00:13 49376                      /usr/lib/libXinerama.so.1.0.0
7f6b99082000-7f6b99281000 ---p 00002000 00:13 49376                      /usr/lib/libXinerama.so.1.0.0
7f6b99281000-7f6b99282000 r--p 00001000 00:13 49376                      /usr/lib/libXinerama.so.1.0.0
7f6b99282000-7f6b99283000 rw-p 00002000 00:13 49376                      /usr/lib/libXinerama.so.1.0.0
7f6b99283000-7f6b9928c000 r-xp 00000000 00:13 49308                      /usr/lib/libXrender.so.1.3.0
7f6b9928c000-7f6b9948c000 ---p 00009000 00:13 49308                      /usr/lib/libXrender.so.1.3.0
7f6b9948c000-7f6b9948d000 r--p 00009000 00:13 49308                      /usr/lib/libXrender.so.1.3.0
7f6b9948d000-7f6b9948e000 rw-p 0000a000 00:13 49308                      /usr/lib/libXrender.so.1.3.0
7f6b9948e000-7f6b99493000 r-xp 00000000 00:13 45985                      /usr/lib/libXfixes.so.3.1.0
7f6b99493000-7f6b99692000 ---p 00005000 00:13 45985                      /usr/lib/libXfixes.so.3.1.0
7f6b99692000-7f6b99693000 r--p 00004000 00:13 45985                      /usr/lib/libXfixes.so.3.1.0
7f6b99693000-7f6b99694000 rw-p 00005000 00:13 45985                      /usr/lib/libXfixes.so.3.1.0
7f6b99694000-7f6b997cd000 r-xp 00000000 00:13 2117005                    /usr/lib/libX11.so.6.3.0
7f6b997cd000-7f6b999cd000 ---p 00139000 00:13 2117005                    /usr/lib/libX11.so.6.3.0
7f6b999cd000-7f6b999ce000 r--p 00139000 00:13 2117005                    /usr/lib/libX11.so.6.3.0
7f6b999ce000-7f6b999d3000 rw-p 0013a000 00:13 2117005                    /usr/lib/libX11.so.6.3.0
7f6b999d3000-7f6b99ae4000 r-xp 00000000 00:13 1944044                    /usr/lib/libglib-2.0.so.0.5000.3
7f6b99ae4000-7f6b99ce3000 ---p 00111000 00:13 1944044                    /usr/lib/libglib-2.0.so.0.5000.3
7f6b99ce3000-7f6b99ce4000 r--p 00110000 00:13 1944044                    /usr/lib/libglib-2.0.so.0.5000.3
7f6b99ce4000-7f6b99ce5000 rw-p 00111000 00:13 1944044                    /usr/lib/libglib-2.0.so.0.5000.3
7f6b99ce5000-7f6b99ce6000 rw-p 00000000 00:00 0 
7f6b99ce6000-7f6b99ce7000 r-xp 00000000 00:13 1944046                    /usr/lib/libgthread-2.0.so.0.5000.3
7f6b99ce7000-7f6b99ee6000 ---p 00001000 00:13 1944046                    /usr/lib/libgthread-2.0.so.0.5000.3
7f6b99ee6000-7f6b99ee7000 r--p 00000000 00:13 1944046                    /usr/lib/libgthread-2.0.so.0.5000.3
7f6b99ee7000-7f6b99ee8000 rw-p 00001000 00:13 1944046                    /usr/lib/libgthread-2.0.so.0.5000.3
7f6b99ee8000-7f6b99eeb000 r-xp 00000000 00:13 1944045                    /usr/lib/libgmodule-2.0.so.0.5000.3
7f6b99eeb000-7f6b9a0ea000 ---p 00003000 00:13 1944045                    /usr/lib/libgmodule-2.0.so.0.5000.3
7f6b9a0ea000-7f6b9a0eb000 r--p 00002000 00:13 1944045                    /usr/lib/libgmodule-2.0.so.0.5000.3
7f6b9a0eb000-7f6b9a0ec000 rw-p 00003000 00:13 1944045                    /usr/lib/libgmodule-2.0.so.0.5000.3
7f6b9a0ec000-7f6b9a13d000 r-xp 00000000 00:13 1944047                    /usr/lib/libgobject-2.0.so.0.5000.3
7f6b9a13d000-7f6b9a33c000 ---p 00051000 00:13 1944047                    /usr/lib/libgobject-2.0.so.0.5000.3
7f6b9a33c000-7f6b9a33d000 r--p 00050000 00:13 1944047                    /usr/lib/libgobject-2.0.so.0.5000.3
7f6b9a33d000-7f6b9a33e000 rw-p 00051000 00:13 1944047                    /usr/lib/libgobject-2.0.so.0.5000.3
7f6b9a33e000-7f6b9a37c000 r-xp 00000000 00:13 1466723                    /usr/lib/libfontconfig.so.1.9.2
7f6b9a37c000-7f6b9a57b000 ---p 0003e000 00:13 1466723                    /usr/lib/libfontconfig.so.1.9.2
7f6b9a57b000-7f6b9a57d000 r--p 0003d000 00:13 1466723                    /usr/lib/libfontconfig.so.1.9.2
7f6b9a57d000-7f6b9a582000 rw-p 0003f000 00:13 1466723                    /usr/lib/libfontconfig.so.1.9.2
7f6b9a582000-7f6b9a63c000 r-xp 00000000 00:13 1313415                    /usr/lib/libfreetype.so.6.13.0
7f6b9a63c000-7f6b9a83c000 ---p 000ba000 00:13 1313415                    /usr/lib/libfreetype.so.6.13.0
7f6b9a83c000-7f6b9a842000 r--p 000ba000 00:13 1313415                    /usr/lib/libfreetype.so.6.13.0
7f6b9a842000-7f6b9a843000 rw-p 000c0000 00:13 1313415                    /usr/lib/libfreetype.so.6.13.0
7f6b9a843000-7f6b9a88c000 r-xp 00000000 00:13 2118048                    /usr/lib/libpango-1.0.so.0.4000.4
7f6b9a88c000-7f6b9aa8c000 ---p 00049000 00:13 2118048                    /usr/lib/libpango-1.0.so.0.4000.4
7f6b9aa8c000-7f6b9aa8e000 r--p 00049000 00:13 2118048                    /usr/lib/libpango-1.0.so.0.4000.4
7f6b9aa8e000-7f6b9aa8f000 rw-p 0004b000 00:13 2118048                    /usr/lib/libpango-1.0.so.0.4000.4
7f6b9aa8f000-7f6b9abb8000 r-xp 00000000 00:13 953451                     /usr/lib/libcairo.so.2.11400.8
7f6b9abb8000-7f6b9adb7000 ---p 00129000 00:13 953451                     /usr/lib/libcairo.so.2.11400.8
7f6b9adb7000-7f6b9adba000 r--p 00128000 00:13 953451                     /usr/lib/libcairo.so.2.11400.8
7f6b9adba000-7f6b9adbc000 rw-p 0012b000 00:13 953451                     /usr/lib/libcairo.so.2.11400.8
7f6b9adbc000-7f6b9adbd000 rw-p 00000000 00:00 0 
7f6b9adbd000-7f6b9ade3000 r-xp 00000000 00:13 1944921                    /usr/lib/libgdk_pixbuf-2.0.so.0.3600.5
7f6b9ade3000-7f6b9afe2000 ---p 00026000 00:13 1944921                    /usr/lib/libgdk_pixbuf-2.0.so.0.3600.5
7f6b9afe2000-7f6b9afe3000 r--p 00025000 00:13 1944921                    /usr/lib/libgdk_pixbuf-2.0.so.0.3600.5
7f6b9afe3000-7f6b9afe4000 rw-p 00026000 00:13 1944921                    /usr/lib/libgdk_pixbuf-2.0.so.0.3600.5
7f6b9afe4000-7f6b9aff0000 r-xp 00000000 00:13 2118051                    /usr/lib/libpangocairo-1.0.so.0.4000.4
7f6b9aff0000-7f6b9b1ef000 ---p 0000c000 00:13 2118051                    /usr/lib/libpangocairo-1.0.so.0.4000.4
7f6b9b1ef000-7f6b9b1f0000 r--p 0000b000 00:13 2118051                    /usr/lib/libpangocairo-1.0.so.0.4000.4
7f6b9b1f0000-7f6b9b1f1000 rw-p 0000c000 00:13 2118051                    /usr/lib/libpangocairo-1.0.so.0.4000.4
7f6b9b1f1000-7f6b9b205000 r-xp 00000000 00:13 2118049                    /usr/lib/libpangoft2-1.0.so.0.4000.4
7f6b9b205000-7f6b9b404000 ---p 00014000 00:13 2118049                    /usr/lib/libpangoft2-1.0.so.0.4000.4
7f6b9b404000-7f6b9b405000 r--p 00013000 00:13 2118049                    /usr/lib/libpangoft2-1.0.so.0.4000.4
7f6b9b405000-7f6b9b406000 rw-p 00014000 00:13 2118049                    /usr/lib/libpangoft2-1.0.so.0.4000.4
7f6b9b406000-7f6b9b591000 r-xp 00000000 00:13 1944048                    /usr/lib/libgio-2.0.so.0.5000.3
7f6b9b591000-7f6b9b791000 ---p 0018b000 00:13 1944048                    /usr/lib/libgio-2.0.so.0.5000.3
7f6b9b791000-7f6b9b796000 r--p 0018b000 00:13 1944048                    /usr/lib/libgio-2.0.so.0.5000.3
7f6b9b796000-7f6b9b798000 rw-p 00190000 00:13 1944048                    /usr/lib/libgio-2.0.so.0.5000.3
7f6b9b798000-7f6b9b79a000 rw-p 00000000 00:00 0 
7f6b9b79a000-7f6b9b7bd000 r-xp 00000000 00:13 2399192                    /usr/lib/libatk-1.0.so.0.22409.1
7f6b9b7bd000-7f6b9b9bc000 ---p 00023000 00:13 2399192                    /usr/lib/libatk-1.0.so.0.22409.1
7f6b9b9bc000-7f6b9b9bf000 r--p 00022000 00:13 2399192                    /usr/lib/libatk-1.0.so.0.22409.1
7f6b9b9bf000-7f6b9b9c0000 rw-p 00025000 00:13 2399192                    /usr/lib/libatk-1.0.so.0.22409.1
7f6b9b9c0000-7f6b9bdf3000 r-xp 00000000 00:13 62700                      /usr/lib/libgtk-x11-2.0.so.0.2400.31
7f6b9bdf3000-7f6b9bff2000 ---p 00433000 00:13 62700                      /usr/lib/libgtk-x11-2.0.so.0.2400.31
7f6b9bff2000-7f6b9bff9000 r--p 00432000 00:13 62700                      /usr/lib/libgtk-x11-2.0.so.0.2400.31
7f6b9bff9000-7f6b9bffd000 rw-p 00439000 00:13 62700                      /usr/lib/libgtk-x11-2.0.so.0.2400.31
7f6b9bffd000-7f6b9c000000 rw-p 00000000 00:00 0 
7f6b9c000000-7f6b9c021000 rw-p 00000000 00:00 0 
7f6b9c021000-7f6ba0000000 ---p 00000000 00:00 0 
7f6ba0000000-7f6ba18b8000 rw-p 00000000 00:00 0 
7f6ba18b8000-7f6ba4000000 ---p 00000000 00:00 0 
7f6ba4000000-7f6ba42c2000 rw-p 00000000 00:00 0 
7f6ba42c2000-7f6ba8000000 ---p 00000000 00:00 0 
7f6ba8000000-7f6ba8021000 rw-p 00000000 00:00 0 
7f6ba8021000-7f6bac000000 ---p 00000000 00:00 0 
7f6bac000000-7f6bac021000 rw-p 00000000 00:00 0 
7f6bac021000-7f6bb0000000 ---p 00000000 00:00 0 
7f6bb0000000-7f6bb0927000 rw-p 00000000 00:00 0 
7f6bb0927000-7f6bb4000000 ---p 00000000 00:00 0 
7f6bb4000000-7f6bb4021000 rw-p 00000000 00:00 0 
7f6bb4021000-7f6bb8000000 ---p 00000000 00:00 0 
7f6bb8000000-7f6bb8021000 rw-p 00000000 00:00 0 
7f6bb8021000-7f6bbc000000 ---p 00000000 00:00 0 
7f6bbc000000-7f6bbc021000 rw-p 00000000 00:00 0 
7f6bbc021000-7f6bc0000000 ---p 00000000 00:00 0 
7f6bc0000000-7f6bc0021000 rw-p 00000000 00:00 0 
7f6bc0021000-7f6bc4000000 ---p 00000000 00:00 0 
7f6bc4000000-7f6bc4021000 rw-p 00000000 00:00 0 
7f6bc4021000-7f6bc8000000 ---p 00000000 00:00 0 
7f6bc8000000-7f6bc8021000 rw-p 00000000 00:00 0 
7f6bc8021000-7f6bcc000000 ---p 00000000 00:00 0 
7f6bcc000000-7f6bcc021000 rw-p 00000000 00:00 0 
7f6bcc021000-7f6bd0000000 ---p 00000000 00:00 0 
7f6bd00eb000-7f6bd00ee000 ---p 00000000 00:00 0 
7f6bd00ee000-7f6bd01ec000 rwxp 00000000 00:00 0 
7f6bd01ec000-7f6bd029c000 r-xp 00000000 00:13 62699                      /usr/lib/libgdk-x11-2.0.so.0.2400.31
7f6bd029c000-7f6bd049b000 ---p 000b0000 00:13 62699                      /usr/lib/libgdk-x11-2.0.so.0.2400.31
7f6bd049b000-7f6bd049f000 r--p 000af000 00:13 62699                      /usr/lib/libgdk-x11-2.0.so.0.2400.31
7f6bd049f000-7f6bd04a1000 rw-p 000b3000 00:13 62699                      /usr/lib/libgdk-x11-2.0.so.0.2400.31
7f6bd04a1000-7f6bd04bb000 r-xp 00000000 00:13 2418402                    /home/andrey/.javacpp/cache/opencv-3.2.0-1.3-linux-x86_64.jar/org/bytedeco/javacpp/linux-x86_64/libopencv_videoio.so.3.2
7f6bd04bb000-7f6bd06bb000 ---p 0001a000 00:13 2418402                    /home/andrey/.javacpp/cache/opencv-3.2.0-1.3-linux-x86_64.jar/org/bytedeco/javacpp/linux-x86_64/libopencv_videoio.so.3.2
7f6bd06bb000-7f6bd06bc000 rw-p 0001a000 00:13 2418402                    /home/andrey/.javacpp/cache/opencv-3.2.0-1.3-linux-x86_64.jar/org/bytedeco/javacpp/linux-x86_64/libopencv_videoio.so.3.2
7f6bd06bc000-7f6bd08bf000 rw-p 00000000 00:00 0 
7f6bd08bf000-7f6bd202b000 rw-p 00000000 00:00 0 
7f6bd202b000-7f6bd2050000 r-xp 00000000 00:13 2418401                    /home/andrey/.javacpp/cache/opencv-3.2.0-1.3-linux-x86_64.jar/org/bytedeco/javacpp/linux-x86_64/libjniopencv_imgcodecs.so
7f6bd2050000-7f6bd224f000 ---p 00025000 00:13 2418401                    /home/andrey/.javacpp/cache/opencv-3.2.0-1.3-linux-x86_64.jar/org/bytedeco/javacpp/linux-x86_64/libjniopencv_imgcodecs.so
7f6bd224f000-7f6bd2250000 rw-p 00024000 00:13 2418401                    /home/andrey/.javacpp/cache/opencv-3.2.0-1.3-linux-x86_64.jar/org/bytedeco/javacpp/linux-x86_64/libjniopencv_imgcodecs.so
7f6bd2250000-7f6bd248a000 r-xp 00000000 00:13 2418400                    /home/andrey/.javacpp/cache/opencv-3.2.0-1.3-linux-x86_64.jar/org/bytedeco/javacpp/linux-x86_64/libopencv_imgcodecs.so.3.2
7f6bd248a000-7f6bd268a000 ---p 0023a000 00:13 2418400                    /home/andrey/.javacpp/cache/opencv-3.2.0-1.3-linux-x86_64.jar/org/bytedeco/javacpp/linux-x86_64/libopencv_imgcodecs.so.3.2
7f6bd268a000-7f6bd2698000 rw-p 0023a000 00:13 2418400                    /home/andrey/.javacpp/cache/opencv-3.2.0-1.3-linux-x86_64.jar/org/bytedeco/javacpp/linux-x86_64/libopencv_imgcodecs.so.3.2
7f6bd2698000-7f6bd26a3000 rw-p 00000000 00:00 0 
7f6bd26a3000-7f6bd27ad000 r-xp 00000000 00:13 2418399                    /home/andrey/.javacpp/cache/opencv-3.2.0-1.3-linux-x86_64.jar/org/bytedeco/javacpp/linux-x86_64/libjniopencv_imgproc.so
7f6bd27ad000-7f6bd29ac000 ---p 0010a000 00:13 2418399                    /home/andrey/.javacpp/cache/opencv-3.2.0-1.3-linux-x86_64.jar/org/bytedeco/javacpp/linux-x86_64/libjniopencv_imgproc.so
7f6bd29ac000-7f6bd29ae000 rw-p 00109000 00:13 2418399                    /home/andrey/.javacpp/cache/opencv-3.2.0-1.3-linux-x86_64.jar/org/bytedeco/javacpp/linux-x86_64/libjniopencv_imgproc.so
7f6bd29ae000-7f6bd2aaf000 rwxp 00000000 00:00 0 
7f6bd2aaf000-7f6bd2d3e000 r-xp 00000000 00:13 2418398                    /home/andrey/.javacpp/cache/opencv-3.2.0-1.3-linux-x86_64.jar/org/bytedeco/javacpp/linux-x86_64/libjniopencv_core.so
7f6bd2d3e000-7f6bd2f3d000 ---p 0028f000 00:13 2418398                    /home/andrey/.javacpp/cache/opencv-3.2.0-1.3-linux-x86_64.jar/org/bytedeco/javacpp/linux-x86_64/libjniopencv_core.so
7f6bd2f3d000-7f6bd2f40000 rw-p 0028e000 00:13 2418398                    /home/andrey/.javacpp/cache/opencv-3.2.0-1.3-linux-x86_64.jar/org/bytedeco/javacpp/linux-x86_64/libjniopencv_core.so
7f6bd2f40000-7f6bd2f41000 rw-p 00000000 00:00 0 
7f6bd2f41000-7f6bd3182000 r-xp 00000000 00:13 2418397                    /home/andrey/.javacpp/cache/opencv-3.2.0-1.3-linux-x86_64.jar/org/bytedeco/javacpp/linux-x86_64/libopencv_imgproc.so.3.2
7f6bd3182000-7f6bd3382000 ---p 00241000 00:13 2418397                    /home/andrey/.javacpp/cache/opencv-3.2.0-1.3-linux-x86_64.jar/org/bytedeco/javacpp/linux-x86_64/libopencv_imgproc.so.3.2
7f6bd3382000-7f6bd3394000 rw-p 00241000 00:13 2418397                    /home/andrey/.javacpp/cache/opencv-3.2.0-1.3-linux-x86_64.jar/org/bytedeco/javacpp/linux-x86_64/libopencv_imgproc.so.3.2
7f6bd3394000-7f6bd3429000 rw-p 00000000 00:00 0 
7f6bd3429000-7f6bd343f000 r-xp 00000000 00:13 2159154                    /usr/lib/libgcc_s.so.1
7f6bd343f000-7f6bd363e000 ---p 00016000 00:13 2159154                    /usr/lib/libgcc_s.so.1
7f6bd363e000-7f6bd363f000 r--p 00015000 00:13 2159154                    /usr/lib/libgcc_s.so.1
7f6bd363f000-7f6bd3640000 rw-p 00016000 00:13 2159154                    /usr/lib/libgcc_s.so.1
7f6bd3640000-7f6bd37b8000 r-xp 00000000 00:13 2159122                    /usr/lib/libstdc++.so.6.0.22
7f6bd37b8000-7f6bd39b8000 ---p 00178000 00:13 2159122                    /usr/lib/libstdc++.so.6.0.22
7f6bd39b8000-7f6bd39c2000 r--p 00178000 00:13 2159122                    /usr/lib/libstdc++.so.6.0.22
7f6bd39c2000-7f6bd39c4000 rw-p 00182000 00:13 2159122                    /usr/lib/libstdc++.so.6.0.22
7f6bd39c4000-7f6bd39c8000 rw-p 00000000 00:00 0 
7f6bd39c8000-7f6bd3be0000 r-xp 00000000 00:13 2418396                    /home/andrey/.javacpp/cache/opencv-3.2.0-1.3-linux-x86_64.jar/org/bytedeco/javacpp/linux-x86_64/libopencv_core.so.3.2
7f6bd3be0000-7f6bd3de0000 ---p 00218000 00:13 2418396                    /home/andrey/.javacpp/cache/opencv-3.2.0-1.3-linux-x86_64.jar/org/bytedeco/javacpp/linux-x86_64/libopencv_core.so.3.2
7f6bd3de0000-7f6bd3de7000 rw-p 00218000 00:13 2418396                    /home/andrey/.javacpp/cache/opencv-3.2.0-1.3-linux-x86_64.jar/org/bytedeco/javacpp/linux-x86_64/libopencv_core.so.3.2
7f6bd3de7000-7f6bd3de9000 rw-p 00000000 00:00 0 
7f6bd3de9000-7f6bd3dff000 r-xp 00000000 00:13 1620790                    /usr/lib/jvm/java-8-openjdk/jre/lib/amd64/libnet.so
7f6bd3dff000-7f6bd3ffe000 ---p 00016000 00:13 1620790                    /usr/lib/jvm/java-8-openjdk/jre/lib/amd64/libnet.so
7f6bd3ffe000-7f6bd3fff000 r--p 00015000 00:13 1620790                    /usr/lib/jvm/java-8-openjdk/jre/lib/amd64/libnet.so
7f6bd3fff000-7f6bd4000000 rw-p 00016000 00:13 1620790                    /usr/lib/jvm/java-8-openjdk/jre/lib/amd64/libnet.so
7f6bd4000000-7f6bd4021000 rw-p 00000000 00:00 0 
7f6bd4021000-7f6bd8000000 ---p 00000000 00:00 0 
7f6bd803d000-7f6bd804e000 r-xp 00000000 00:13 1620779                    /usr/lib/jvm/java-8-openjdk/jre/lib/amd64/libnio.so
7f6bd804e000-7f6bd824d000 ---p 00011000 00:13 1620779                    /usr/lib/jvm/java-8-openjdk/jre/lib/amd64/libnio.so
7f6bd824d000-7f6bd824e000 r--p 00010000 00:13 1620779                    /usr/lib/jvm/java-8-openjdk/jre/lib/amd64/libnio.so
7f6bd824e000-7f6bd824f000 rw-p 00011000 00:13 1620779                    /usr/lib/jvm/java-8-openjdk/jre/lib/amd64/libnio.so
7f6bd824f000-7f6bd8264000 r-xp 00000000 00:13 2418395                    /home/andrey/.javacpp/cache/opencv-3.2.0-1.3-linux-x86_64.jar/org/bytedeco/javacpp/linux-x86_64/libgomp.so.1
7f6bd8264000-7f6bd8463000 ---p 00015000 00:13 2418395                    /home/andrey/.javacpp/cache/opencv-3.2.0-1.3-linux-x86_64.jar/org/bytedeco/javacpp/linux-x86_64/libgomp.so.1
7f6bd8463000-7f6bd8464000 rw-p 00014000 00:13 2418395                    /home/andrey/.javacpp/cache/opencv-3.2.0-1.3-linux-x86_64.jar/org/bytedeco/javacpp/linux-x86_64/libgomp.so.1
7f6bd8464000-7f6bd8466000 r--s 00019000 00:13 2167305                    /usr/share/intellijidea-ce/lib/idea_rt.jar
7f6bd8466000-7f6bd8467000 r--s 00000000 00:13 2419227                    /home/andrey/.ivy2/cache/org.bytedeco.javacpp-presets/videoinput-platform/jars/videoinput-platform-0.200-1.3.jar
7f6bd8467000-7f6bd8468000 r--s 0000b000 00:13 2419189                    /home/andrey/.ivy2/cache/org.bytedeco.javacpp-presets/videoinput/jars/videoinput-0.200-1.3-windows-x86_64.jar
7f6bd8468000-7f6bd8469000 r--s 00009000 00:13 2419191                    /home/andrey/.ivy2/cache/org.bytedeco.javacpp-presets/videoinput/jars/videoinput-0.200-1.3-windows-x86.jar
7f6bd8469000-7f6bd846a000 r--s 00003000 00:13 2419190                    /home/andrey/.ivy2/cache/org.bytedeco.javacpp-presets/videoinput/jars/videoinput-0.200-1.3.jar
7f6bd846a000-7f6bd846b000 r--s 00000000 00:13 2419225                    /home/andrey/.ivy2/cache/org.bytedeco.javacpp-presets/librealsense-platform/jars/librealsense-platform-1.9.6-1.3.jar
7f6bd846b000-7f6bd846c000 r--s 00076000 00:13 2419186                    /home/andrey/.ivy2/cache/org.bytedeco.javacpp-presets/librealsense/jars/librealsense-1.9.6-1.3-linux-x86_64.jar
7f6bd846c000-7f6bd846d000 r--s 00074000 00:13 2419185                    /home/andrey/.ivy2/cache/org.bytedeco.javacpp-presets/librealsense/jars/librealsense-1.9.6-1.3-linux-x86.jar
7f6bd846d000-7f6bd8470000 r--s 00009000 00:13 2419187                    /home/andrey/.ivy2/cache/org.bytedeco.javacpp-presets/librealsense/jars/librealsense-1.9.6-1.3.jar
7f6bd8470000-7f6bd8471000 r--s 00000000 00:13 2419223                    /home/andrey/.ivy2/cache/org.bytedeco.javacpp-presets/libfreenect2-platform/jars/libfreenect2-platform-0.2.0-1.3.jar
7f6bd8471000-7f6bd8472000 r--s 00061000 00:13 2419181                    /home/andrey/.ivy2/cache/org.bytedeco.javacpp-presets/libfreenect2/jars/libfreenect2-0.2.0-1.3-linux-x86_64.jar
7f6bd8472000-7f6bd8474000 r--s 00065000 00:13 2419183                    /home/andrey/.ivy2/cache/org.bytedeco.javacpp-presets/libfreenect2/jars/libfreenect2-0.2.0-1.3-linux-x86.jar
7f6bd8474000-7f6bd8475000 r--s 00005000 00:13 2419182                    /home/andrey/.ivy2/cache/org.bytedeco.javacpp-presets/libfreenect2/jars/libfreenect2-0.2.0-1.3.jar
7f6bd8475000-7f6bd8476000 r--s 00000000 00:13 2419221                    /home/andrey/.ivy2/cache/org.bytedeco.javacpp-presets/libfreenect-platform/jars/libfreenect-platform-0.5.3-1.3.jar
7f6bd8476000-7f6bd8477000 r--s 0002e000 00:13 2419174                    /home/andrey/.ivy2/cache/org.bytedeco.javacpp-presets/libfreenect/jars/libfreenect-0.5.3-1.3-windows-x86_64.jar
7f6bd8477000-7f6bd8478000 r--s 00028000 00:13 2419177                    /home/andrey/.ivy2/cache/org.bytedeco.javacpp-presets/libfreenect/jars/libfreenect-0.5.3-1.3-windows-x86.jar
7f6bd8478000-7f6bd847a000 r--s 0001a000 00:13 2419178                    /home/andrey/.ivy2/cache/org.bytedeco.javacpp-presets/libfreenect/jars/libfreenect-0.5.3-1.3-macosx-x86_64.jar
7f6bd847a000-7f6bd847b000 r--s 0001c000 00:13 2419175                    /home/andrey/.ivy2/cache/org.bytedeco.javacpp-presets/libfreenect/jars/libfreenect-0.5.3-1.3-linux-x86_64.jar
7f6bd847b000-7f6bd847c000 r--s 0001b000 00:13 2419176                    /home/andrey/.ivy2/cache/org.bytedeco.javacpp-presets/libfreenect/jars/libfreenect-0.5.3-1.3-linux-x86.jar
7f6bd847c000-7f6bd847d000 r--s 00015000 00:13 2419179                    /home/andrey/.ivy2/cache/org.bytedeco.javacpp-presets/libfreenect/jars/libfreenect-0.5.3-1.3-linux-ppc64le.jar
7f6bd847d000-7f6bd847f000 r--s 00011000 00:13 2419172                    /home/andrey/.ivy2/cache/org.bytedeco.javacpp-presets/libfreenect/jars/libfreenect-0.5.3-1.3-linux-armhf.jar
7f6bd847f000-7f6bd8481000 r--s 00004000 00:13 2419173                    /home/andrey/.ivy2/cache/org.bytedeco.javacpp-presets/libfreenect/jars/libfreenect-0.5.3-1.3.jar
7f6bd8481000-7f6bd8482000 r--s 00000000 00:13 2419219                    /home/andrey/.ivy2/cache/org.bytedeco.javacpp-presets/libdc1394-platform/jars/libdc1394-platform-2.2.4-1.3.jar
7f6bd8482000-7f6bd8483000 r--s 0002d000 00:13 2419168                    /home/andrey/.ivy2/cache/org.bytedeco.javacpp-presets/libdc1394/jars/libdc1394-2.2.4-1.3-windows-x86_64.jar
7f6bd8483000-7f6bd8485000 r--s 00032000 00:13 2419163                    /home/andrey/.ivy2/cache/org.bytedeco.javacpp-presets/libdc1394/jars/libdc1394-2.2.4-1.3-windows-x86.jar
7f6bd8485000-7f6bd8486000 r--s 00031000 00:13 2419165                    /home/andrey/.ivy2/cache/org.bytedeco.javacpp-presets/libdc1394/jars/libdc1394-2.2.4-1.3-macosx-x86_64.jar
7f6bd8486000-7f6bd8488000 r--s 0002f000 00:13 2419164                    /home/andrey/.ivy2/cache/org.bytedeco.javacpp-presets/libdc1394/jars/libdc1394-2.2.4-1.3-linux-x86_64.jar
7f6bd8488000-7f6bd8489000 r--s 0002d000 00:13 2419167                    /home/andrey/.ivy2/cache/org.bytedeco.javacpp-presets/libdc1394/jars/libdc1394-2.2.4-1.3-linux-x86.jar
7f6bd8489000-7f6bd848a000 r--s 00034000 00:13 2419170                    /home/andrey/.ivy2/cache/org.bytedeco.javacpp-presets/libdc1394/jars/libdc1394-2.2.4-1.3-linux-ppc64le.jar
7f6bd848a000-7f6bd848b000 r--s 0001f000 00:13 2419166                    /home/andrey/.ivy2/cache/org.bytedeco.javacpp-presets/libdc1394/jars/libdc1394-2.2.4-1.3-linux-armhf.jar
7f6bd848b000-7f6bd848d000 r--s 00006000 00:13 2419169                    /home/andrey/.ivy2/cache/org.bytedeco.javacpp-presets/libdc1394/jars/libdc1394-2.2.4-1.3.jar
7f6bd848d000-7f6bd848e000 r--s 00000000 00:13 2419217                    /home/andrey/.ivy2/cache/org.bytedeco.javacpp-presets/flycapture-platform/jars/flycapture-platform-2.9.3.43-1.3.jar
7f6bd848e000-7f6bd848f000 r--s 0003a000 00:13 2419159                    /home/andrey/.ivy2/cache/org.bytedeco.javacpp-presets/flycapture/jars/flycapture-2.9.3.43-1.3-windows-x86_64.jar
7f6bd848f000-7f6bd8491000 r--s 0002d000 00:13 2419161                    /home/andrey/.ivy2/cache/org.bytedeco.javacpp-presets/flycapture/jars/flycapture-2.9.3.43-1.3-windows-x86.jar
7f6bd8491000-7f6bd8493000 r--s 0003a000 00:13 2419158                    /home/andrey/.ivy2/cache/org.bytedeco.javacpp-presets/flycapture/jars/flycapture-2.9.3.43-1.3-linux-x86_64.jar
7f6bd8493000-7f6bd8495000 r--s 00035000 00:13 2419160                    /home/andrey/.ivy2/cache/org.bytedeco.javacpp-presets/flycapture/jars/flycapture-2.9.3.43-1.3-linux-x86.jar
7f6bd8495000-7f6bd8496000 r--s 0002d000 00:13 2419157                    /home/andrey/.ivy2/cache/org.bytedeco.javacpp-presets/flycapture/jars/flycapture-2.9.3.43-1.3-linux-armhf.jar
7f6bd8496000-7f6bd849a000 r--s 0001f000 00:13 2419156                    /home/andrey/.ivy2/cache/org.bytedeco.javacpp-presets/flycapture/jars/flycapture-2.9.3.43-1.3.jar
7f6bd849a000-7f6bd849b000 r--s 00000000 00:13 2419231                    /home/andrey/.ivy2/cache/org.bytedeco.javacpp-presets/flandmark-platform/jars/flandmark-platform-1.07-1.3.jar
7f6bd849b000-7f6bd849d000 r--s 00009000 00:13 2419213                    /home/andrey/.ivy2/cache/org.bytedeco.javacpp-presets/flandmark/jars/flandmark-1.07-1.3-windows-x86_64.jar
7f6bd849d000-7f6bd849f000 r--s 00007000 00:13 2419205                    /home/andrey/.ivy2/cache/org.bytedeco.javacpp-presets/flandmark/jars/flandmark-1.07-1.3-windows-x86.jar
7f6bd849f000-7f6bd84a0000 r--s 00009000 00:13 2419206                    /home/andrey/.ivy2/cache/org.bytedeco.javacpp-presets/flandmark/jars/flandmark-1.07-1.3-macosx-x86_64.jar
7f6bd84a0000-7f6bd84a2000 r--s 00009000 00:13 2419212                    /home/andrey/.ivy2/cache/org.bytedeco.javacpp-presets/flandmark/jars/flandmark-1.07-1.3-linux-x86_64.jar
7f6bd84a2000-7f6bd84a3000 r--s 00009000 00:13 2419209                    /home/andrey/.ivy2/cache/org.bytedeco.javacpp-presets/flandmark/jars/flandmark-1.07-1.3-linux-x86.jar
7f6bd84a3000-7f6bd84a5000 r--s 0000a000 00:13 2419204                    /home/andrey/.ivy2/cache/org.bytedeco.javacpp-presets/flandmark/jars/flandmark-1.07-1.3-linux-ppc64le.jar
7f6bd84a5000-7f6bd84a6000 r--s 00008000 00:13 2419210                    /home/andrey/.ivy2/cache/org.bytedeco.javacpp-presets/flandmark/jars/flandmark-1.07-1.3-linux-armhf.jar
7f6bd84a6000-7f6bd84a7000 r--s 0000a000 00:13 2419207                    /home/andrey/.ivy2/cache/org.bytedeco.javacpp-presets/flandmark/jars/flandmark-1.07-1.3-android-x86.jar
7f6bd84a7000-7f6bd84a8000 r--s 00009000 00:13 2419211                    /home/andrey/.ivy2/cache/org.bytedeco.javacpp-presets/flandmark/jars/flandmark-1.07-1.3-android-arm.jar
7f6bd84a8000-7f6bd84a9000 r--s 00002000 00:13 2419208                    /home/andrey/.ivy2/cache/org.bytedeco.javacpp-presets/flandmark/jars/flandmark-1.07-1.3.jar
7f6bd84a9000-7f6bd84aa000 r--s 00000000 00:13 2419215                    /home/andrey/.ivy2/cache/org.bytedeco.javacpp-presets/ffmpeg-platform/jars/ffmpeg-platform-3.2.1-1.3.jar
7f6bd84aa000-7f6bd84ab000 r--s 00bdb000 00:13 2419154                    /home/andrey/.ivy2/cache/org.bytedeco.javacpp-presets/ffmpeg/jars/ffmpeg-3.2.1-1.3-windows-x86_64.jar
7f6bd84ab000-7f6bd84ad000 r--s 00b6f000 00:13 2419141                    /home/andrey/.ivy2/cache/org.bytedeco.javacpp-presets/ffmpeg/jars/ffmpeg-3.2.1-1.3-windows-x86.jar
7f6bd84ad000-7f6bd84ae000 r--s 00a78000 00:13 2419147                    /home/andrey/.ivy2/cache/org.bytedeco.javacpp-presets/ffmpeg/jars/ffmpeg-3.2.1-1.3-macosx-x86_64.jar
7f6bd84ae000-7f6bd84b0000 r--s 00b72000 00:13 2419146                    /home/andrey/.ivy2/cache/org.bytedeco.javacpp-presets/ffmpeg/jars/ffmpeg-3.2.1-1.3-linux-x86_64.jar
7f6bd84b0000-7f6bd84b2000 r--s 00aa6000 00:13 2419151                    /home/andrey/.ivy2/cache/org.bytedeco.javacpp-presets/ffmpeg/jars/ffmpeg-3.2.1-1.3-linux-x86.jar
7f6bd84b2000-7f6bd84b4000 r--s 00cf7000 00:13 2419150                    /home/andrey/.ivy2/cache/org.bytedeco.javacpp-presets/ffmpeg/jars/ffmpeg-3.2.1-1.3-linux-ppc64le.jar
7f6bd84b4000-7f6bd84b6000 r--s 00a12000 00:13 2419149                    /home/andrey/.ivy2/cache/org.bytedeco.javacpp-presets/ffmpeg/jars/ffmpeg-3.2.1-1.3-linux-armhf.jar
7f6bd84b6000-7f6bd84b8000 r--s 00c3e000 00:13 2419152                    /home/andrey/.ivy2/cache/org.bytedeco.javacpp-presets/ffmpeg/jars/ffmpeg-3.2.1-1.3-android-x86.jar
7f6bd84b8000-7f6bd84b9000 r--s 00b15000 00:13 2419148                    /home/andrey/.ivy2/cache/org.bytedeco.javacpp-presets/ffmpeg/jars/ffmpeg-3.2.1-1.3-android-arm.jar
7f6bd84b9000-7f6bd84c0000 r--s 00033000 00:13 2419153                    /home/andrey/.ivy2/cache/org.bytedeco.javacpp-presets/ffmpeg/jars/ffmpeg-3.2.1-1.3.jar
7f6bd84c0000-7f6bd84c1000 r--s 00000000 00:13 2419229                    /home/andrey/.ivy2/cache/org.bytedeco.javacpp-presets/artoolkitplus-platform/jars/artoolkitplus-platform-2.3.1-1.3.jar
7f6bd84c1000-7f6bd84c2000 r--s 00025000 00:13 2419199                    /home/andrey/.ivy2/cache/org.bytedeco.javacpp-presets/artoolkitplus/jars/artoolkitplus-2.3.1-1.3-windows-x86_64.jar
7f6bd84c2000-7f6bd84c4000 r--s 0001d000 00:13 2419196                    /home/andrey/.ivy2/cache/org.bytedeco.javacpp-presets/artoolkitplus/jars/artoolkitplus-2.3.1-1.3-windows-x86.jar
7f6bd84c4000-7f6bd84c5000 r--s 00029000 00:13 2419197                    /home/andrey/.ivy2/cache/org.bytedeco.javacpp-presets/artoolkitplus/jars/artoolkitplus-2.3.1-1.3-macosx-x86_64.jar
7f6bd84c5000-7f6bd84c6000 r--s 0002a000 00:13 2419194                    /home/andrey/.ivy2/cache/org.bytedeco.javacpp-presets/artoolkitplus/jars/artoolkitplus-2.3.1-1.3-linux-x86_64.jar
7f6bd84c6000-7f6bd84c7000 r--s 00026000 00:13 2419202                    /home/andrey/.ivy2/cache/org.bytedeco.javacpp-presets/artoolkitplus/jars/artoolkitplus-2.3.1-1.3-linux-x86.jar
7f6bd84c7000-7f6bd84c9000 r--s 0002e000 00:13 2419200                    /home/andrey/.ivy2/cache/org.bytedeco.javacpp-presets/artoolkitplus/jars/artoolkitplus-2.3.1-1.3-linux-ppc64le.jar
7f6bd84c9000-7f6bd84cb000 r--s 00022000 00:13 2419193                    /home/andrey/.ivy2/cache/org.bytedeco.javacpp-presets/artoolkitplus/jars/artoolkitplus-2.3.1-1.3-linux-armhf.jar
7f6bd84cb000-7f6bd84cc000 r--s 00062000 00:13 2419201                    /home/andrey/.ivy2/cache/org.bytedeco.javacpp-presets/artoolkitplus/jars/artoolkitplus-2.3.1-1.3-android-x86.jar
7f6bd84cc000-7f6bd84cd000 r--s 0004d000 00:13 2419195                    /home/andrey/.ivy2/cache/org.bytedeco.javacpp-presets/artoolkitplus/jars/artoolkitplus-2.3.1-1.3-android-arm.jar
7f6bd84cd000-7f6bd84ce000 r--s 00005000 00:13 2419198                    /home/andrey/.ivy2/cache/org.bytedeco.javacpp-presets/artoolkitplus/jars/artoolkitplus-2.3.1-1.3.jar
7f6bd84ce000-7f6bd84cf000 r--s 00000000 00:13 2419138                    /home/andrey/.ivy2/cache/org.bytedeco/javacv-platform/jars/javacv-platform-1.3.2.jar
7f6bd84cf000-7f6bd84d3000 r--s 0005b000 00:13 2419136                    /home/andrey/.ivy2/cache/org.bytedeco/javacv/jars/javacv-1.3.2.jar
7f6bd84d3000-7f6bd84d8000 r--s 00049000 00:13 2419139                    /home/andrey/.ivy2/cache/org.bytedeco/javacpp/jars/javacpp-1.3.2.jar
7f6bd84d8000-7f6bd84e9000 r--s 000a6000 00:13 2417700                    /home/andrey/.ivy2/cache/org.bytedeco.javacpp-presets/opencv/jars/opencv-3.2.0-1.3.jar
7f6bd84e9000-7f6bd84eb000 r--s 00b87000 00:13 2417704                    /home/andrey/.ivy2/cache/org.bytedeco.javacpp-presets/opencv/jars/opencv-3.2.0-1.3-android-arm.jar
7f6bd84eb000-7f6bd84ee000 r--s 00a26000 00:13 2417696                    /home/andrey/.ivy2/cache/org.bytedeco.javacpp-presets/opencv/jars/opencv-3.2.0-1.3-linux-armhf.jar
7f6bd84ee000-7f6bd84f1000 r--s 00c39000 00:13 2417705                    /home/andrey/.ivy2/cache/org.bytedeco.javacpp-presets/opencv/jars/opencv-3.2.0-1.3-linux-ppc64le.jar
7f6bd84f1000-7f6bd84f4000 r--s 00a10000 00:13 2417701                    /home/andrey/.ivy2/cache/org.bytedeco.javacpp-presets/opencv/jars/opencv-3.2.0-1.3-linux-x86.jar
7f6bd84f4000-7f6bd852c000 r--s 004d0000 00:13 2417162                    /home/andrey/.ivy2/cache/org.scala-lang/scala-library/jars/scala-library-2.12.1.jar
7f6bd852c000-7f6bd85c2000 r--s 008d8000 00:13 1876787                    /usr/lib/jvm/java-8-openjdk/jre/lib/ext/jfxrt.jar
7f6bd85c2000-7f6bd85c3000 ---p 00000000 00:00 0 
7f6bd85c3000-7f6bd87c4000 rwxp 00000000 00:00 0 
7f6bd87c4000-7f6bd87c5000 ---p 00000000 00:00 0 
7f6bd87c5000-7f6bd88c5000 rwxp 00000000 00:00 0 
7f6bd88c5000-7f6bd88c6000 ---p 00000000 00:00 0 
7f6bd88c6000-7f6bd8cc9000 rwxp 00000000 00:00 0 
7f6bd8cc9000-7f6bd8ccd000 r-xp 00000000 00:13 1620791                    /usr/lib/jvm/java-8-openjdk/jre/lib/amd64/libdt_socket.so
7f6bd8ccd000-7f6bd8ecc000 ---p 00004000 00:13 1620791                    /usr/lib/jvm/java-8-openjdk/jre/lib/amd64/libdt_socket.so
7f6bd8ecc000-7f6bd8ecd000 r--p 00003000 00:13 1620791                    /usr/lib/jvm/java-8-openjdk/jre/lib/amd64/libdt_socket.so
7f6bd8ecd000-7f6bd8ece000 rw-p 00004000 00:13 1620791                    /usr/lib/jvm/java-8-openjdk/jre/lib/amd64/libdt_socket.so
7f6bd8ece000-7f6bd91d1000 rwxp 00000000 00:00 0 
7f6bd91d1000-7f6bd91d2000 ---p 00000000 00:00 0 
7f6bd91d2000-7f6bd92d2000 rwxp 00000000 00:00 0 
7f6bd92d2000-7f6bd9c1d000 rw-p 00000000 00:00 0 
7f6bd9c1d000-7f6bd9dec000 r--s 03c05000 00:13 1620731                    /usr/lib/jvm/java-8-openjdk/jre/lib/rt.jar
7f6bd9dec000-7f6bdc653000 rw-p 00000000 00:00 0 
7f6bdc653000-7f6bdc654000 ---p 00000000 00:00 0 
7f6bdc654000-7f6bdc754000 rwxp 00000000 00:00 0 
7f6bdc754000-7f6bdc755000 ---p 00000000 00:00 0 
7f6bdc755000-7f6bdc855000 rwxp 00000000 00:00 0 
7f6bdc855000-7f6bdc86a000 rw-p 00000000 00:00 0 
7f6bdc86a000-7f6bdc995000 ---p 00000000 00:00 0 
7f6bdc995000-7f6bdc9a0000 rw-p 00000000 00:00 0 
7f6bdc9a0000-7f6bdca36000 ---p 00000000 00:00 0 
7f6bdca36000-7f6bdca46000 rw-p 00000000 00:00 0 
7f6bdca46000-7f6bdcdf7000 ---p 00000000 00:00 0 
7f6bdcdf7000-7f6bdd197000 rwxp 00000000 00:00 0 
7f6bdd197000-7f6bebdf7000 ---p 00000000 00:00 0 
7f6bebdf7000-7f6bebdff000 r-xp 00000000 00:13 1620792                    /usr/lib/jvm/java-8-openjdk/jre/lib/amd64/libzip.so
7f6bebdff000-7f6bebffe000 ---p 00008000 00:13 1620792                    /usr/lib/jvm/java-8-openjdk/jre/lib/amd64/libzip.so
7f6bebffe000-7f6bebfff000 r--p 00007000 00:13 1620792                    /usr/lib/jvm/java-8-openjdk/jre/lib/amd64/libzip.so
7f6bebfff000-7f6bec000000 rw-p 00008000 00:13 1620792                    /usr/lib/jvm/java-8-openjdk/jre/lib/amd64/libzip.so
7f6bec000000-7f6bee73b000 rw-p 00000000 00:00 0 
7f6bee73b000-7f6bf0000000 ---p 00000000 00:00 0 
7f6bf0000000-7f6bf0002000 r--s 00efe000 00:13 2417706                    /home/andrey/.ivy2/cache/org.bytedeco.javacpp-presets/opencv/jars/opencv-3.2.0-1.3-android-x86.jar
7f6bf0002000-7f6bf0004000 r--s 00a3c000 00:13 2417697                    /home/andrey/.ivy2/cache/org.bytedeco.javacpp-presets/opencv/jars/opencv-3.2.0-1.3-linux-x86_64.jar
7f6bf0004000-7f6bf0006000 r--s 00aa7000 00:13 2417698                    /home/andrey/.ivy2/cache/org.bytedeco.javacpp-presets/opencv/jars/opencv-3.2.0-1.3-macosx-x86_64.jar
7f6bf0006000-7f6bf0008000 r--s 00a5c000 00:13 2417707                    /home/andrey/.ivy2/cache/org.bytedeco.javacpp-presets/opencv/jars/opencv-3.2.0-1.3-windows-x86.jar
7f6bf0008000-7f6bf001b000 r--s 00346000 00:13 1620724                    /usr/lib/jvm/java-8-openjdk/jre/lib/resources.jar
7f6bf001b000-7f6bf001f000 r--s 0009a000 00:13 1620727                    /usr/lib/jvm/java-8-openjdk/jre/lib/jsse.jar
7f6bf001f000-7f6bf0055000 rw-p 00000000 00:00 0 
7f6bf0055000-7f6bf0181000 ---p 00000000 00:00 0 
7f6bf0181000-7f6bf018c000 r-xp 00000000 00:13 2157408                    /usr/lib/libnss_files-2.25.so
7f6bf018c000-7f6bf038b000 ---p 0000b000 00:13 2157408                    /usr/lib/libnss_files-2.25.so
7f6bf038b000-7f6bf038c000 r--p 0000a000 00:13 2157408                    /usr/lib/libnss_files-2.25.so
7f6bf038c000-7f6bf038d000 rw-p 0000b000 00:13 2157408                    /usr/lib/libnss_files-2.25.so
7f6bf038d000-7f6bf0393000 rw-p 00000000 00:00 0 
7f6bf0393000-7f6bf039e000 r-xp 00000000 00:13 2157406                    /usr/lib/libnss_nis-2.25.so
7f6bf039e000-7f6bf059d000 ---p 0000b000 00:13 2157406                    /usr/lib/libnss_nis-2.25.so
7f6bf059d000-7f6bf059e000 r--p 0000a000 00:13 2157406                    /usr/lib/libnss_nis-2.25.so
7f6bf059e000-7f6bf059f000 rw-p 0000b000 00:13 2157406                    /usr/lib/libnss_nis-2.25.so
7f6bf059f000-7f6bf05b4000 r-xp 00000000 00:13 2157402                    /usr/lib/libnsl-2.25.so
7f6bf05b4000-7f6bf07b3000 ---p 00015000 00:13 2157402                    /usr/lib/libnsl-2.25.so
7f6bf07b3000-7f6bf07b4000 r--p 00014000 00:13 2157402                    /usr/lib/libnsl-2.25.so
7f6bf07b4000-7f6bf07b5000 rw-p 00015000 00:13 2157402                    /usr/lib/libnsl-2.25.so
7f6bf07b5000-7f6bf07b7000 rw-p 00000000 00:00 0 
7f6bf07b7000-7f6bf07be000 r-xp 00000000 00:13 2157411                    /usr/lib/libnss_compat-2.25.so
7f6bf07be000-7f6bf09bd000 ---p 00007000 00:13 2157411                    /usr/lib/libnss_compat-2.25.so
7f6bf09bd000-7f6bf09be000 r--p 00006000 00:13 2157411                    /usr/lib/libnss_compat-2.25.so
7f6bf09be000-7f6bf09bf000 rw-p 00007000 00:13 2157411                    /usr/lib/libnss_compat-2.25.so
7f6bf09bf000-7f6bf0c88000 r--p 00000000 00:13 2158829                    /usr/lib/locale/locale-archive
7f6bf0c88000-7f6bf0c8a000 r-xp 00000000 00:13 1620789                    /usr/lib/jvm/java-8-openjdk/jre/lib/amd64/libnpt.so
7f6bf0c8a000-7f6bf0e8a000 ---p 00002000 00:13 1620789                    /usr/lib/jvm/java-8-openjdk/jre/lib/amd64/libnpt.so
7f6bf0e8a000-7f6bf0e8b000 r--p 00002000 00:13 1620789                    /usr/lib/jvm/java-8-openjdk/jre/lib/amd64/libnpt.so
7f6bf0e8b000-7f6bf0e8c000 rw-p 00003000 00:13 1620789                    /usr/lib/jvm/java-8-openjdk/jre/lib/amd64/libnpt.so
7f6bf0e8c000-7f6bf0ec6000 r-xp 00000000 00:13 1620766                    /usr/lib/jvm/java-8-openjdk/jre/lib/amd64/libjdwp.so
7f6bf0ec6000-7f6bf10c5000 ---p 0003a000 00:13 1620766                    /usr/lib/jvm/java-8-openjdk/jre/lib/amd64/libjdwp.so
7f6bf10c5000-7f6bf10c6000 r--p 00039000 00:13 1620766                    /usr/lib/jvm/java-8-openjdk/jre/lib/amd64/libjdwp.so
7f6bf10c6000-7f6bf10c7000 rw-p 0003a000 00:13 1620766                    /usr/lib/jvm/java-8-openjdk/jre/lib/amd64/libjdwp.so
7f6bf10c7000-7f6bf10f4000 r-xp 00000000 00:13 1620788                    /usr/lib/jvm/java-8-openjdk/jre/lib/amd64/libjava.so
7f6bf10f4000-7f6bf12f3000 ---p 0002d000 00:13 1620788                    /usr/lib/jvm/java-8-openjdk/jre/lib/amd64/libjava.so
7f6bf12f3000-7f6bf12f4000 r--p 0002c000 00:13 1620788                    /usr/lib/jvm/java-8-openjdk/jre/lib/amd64/libjava.so
7f6bf12f4000-7f6bf12f6000 rw-p 0002d000 00:13 1620788                    /usr/lib/jvm/java-8-openjdk/jre/lib/amd64/libjava.so
7f6bf12f6000-7f6bf1303000 r-xp 00000000 00:13 1620771                    /usr/lib/jvm/java-8-openjdk/jre/lib/amd64/libverify.so
7f6bf1303000-7f6bf1502000 ---p 0000d000 00:13 1620771                    /usr/lib/jvm/java-8-openjdk/jre/lib/amd64/libverify.so
7f6bf1502000-7f6bf1504000 r--p 0000c000 00:13 1620771                    /usr/lib/jvm/java-8-openjdk/jre/lib/amd64/libverify.so
7f6bf1504000-7f6bf1505000 rw-p 0000e000 00:13 1620771                    /usr/lib/jvm/java-8-openjdk/jre/lib/amd64/libverify.so
7f6bf1505000-7f6bf150c000 r-xp 00000000 00:13 2157400                    /usr/lib/librt-2.25.so
7f6bf150c000-7f6bf170b000 ---p 00007000 00:13 2157400                    /usr/lib/librt-2.25.so
7f6bf170b000-7f6bf170c000 r--p 00006000 00:13 2157400                    /usr/lib/librt-2.25.so
7f6bf170c000-7f6bf170d000 rw-p 00007000 00:13 2157400                    /usr/lib/librt-2.25.so
7f6bf170d000-7f6bf181f000 r-xp 00000000 00:13 2157403                    /usr/lib/libm-2.25.so
7f6bf181f000-7f6bf1a1e000 ---p 00112000 00:13 2157403                    /usr/lib/libm-2.25.so
7f6bf1a1e000-7f6bf1a1f000 r--p 00111000 00:13 2157403                    /usr/lib/libm-2.25.so
7f6bf1a1f000-7f6bf1a20000 rw-p 00112000 00:13 2157403                    /usr/lib/libm-2.25.so
7f6bf1a20000-7f6bf264b000 r-xp 00000000 00:13 1620797                    /usr/lib/jvm/java-8-openjdk/jre/lib/amd64/server/libjvm.so
7f6bf264b000-7f6bf284a000 ---p 00c2b000 00:13 1620797                    /usr/lib/jvm/java-8-openjdk/jre/lib/amd64/server/libjvm.so
7f6bf284a000-7f6bf28de000 r--p 00c2a000 00:13 1620797                    /usr/lib/jvm/java-8-openjdk/jre/lib/amd64/server/libjvm.so
7f6bf28de000-7f6bf2907000 rw-p 00cbe000 00:13 1620797                    /usr/lib/jvm/java-8-openjdk/jre/lib/amd64/server/libjvm.so
7f6bf2907000-7f6bf2937000 rw-p 00000000 00:00 0 
7f6bf2937000-7f6bf2ad2000 r-xp 00000000 00:13 2157454                    /usr/lib/libc-2.25.so
7f6bf2ad2000-7f6bf2cd1000 ---p 0019b000 00:13 2157454                    /usr/lib/libc-2.25.so
7f6bf2cd1000-7f6bf2cd5000 r--p 0019a000 00:13 2157454                    /usr/lib/libc-2.25.so
7f6bf2cd5000-7f6bf2cd7000 rw-p 0019e000 00:13 2157454                    /usr/lib/libc-2.25.so
7f6bf2cd7000-7f6bf2cdb000 rw-p 00000000 00:00 0 
7f6bf2cdb000-7f6bf2cde000 r-xp 00000000 00:13 2157404                    /usr/lib/libdl-2.25.so
7f6bf2cde000-7f6bf2edd000 ---p 00003000 00:13 2157404                    /usr/lib/libdl-2.25.so
7f6bf2edd000-7f6bf2ede000 r--p 00002000 00:13 2157404                    /usr/lib/libdl-2.25.so
7f6bf2ede000-7f6bf2edf000 rw-p 00003000 00:13 2157404                    /usr/lib/libdl-2.25.so
7f6bf2edf000-7f6bf2eec000 r-xp 00000000 00:13 1620800                    /usr/lib/jvm/java-8-openjdk/jre/lib/amd64/jli/libjli.so
7f6bf2eec000-7f6bf30eb000 ---p 0000d000 00:13 1620800                    /usr/lib/jvm/java-8-openjdk/jre/lib/amd64/jli/libjli.so
7f6bf30eb000-7f6bf30ec000 r--p 0000c000 00:13 1620800                    /usr/lib/jvm/java-8-openjdk/jre/lib/amd64/jli/libjli.so
7f6bf30ec000-7f6bf30ed000 rw-p 0000d000 00:13 1620800                    /usr/lib/jvm/java-8-openjdk/jre/lib/amd64/jli/libjli.so
7f6bf30ed000-7f6bf3103000 r-xp 00000000 00:13 1552182                    /usr/lib/libz.so.1.2.11
7f6bf3103000-7f6bf3302000 ---p 00016000 00:13 1552182                    /usr/lib/libz.so.1.2.11
7f6bf3302000-7f6bf3303000 r--p 00015000 00:13 1552182                    /usr/lib/libz.so.1.2.11
7f6bf3303000-7f6bf3304000 rw-p 00016000 00:13 1552182                    /usr/lib/libz.so.1.2.11
7f6bf3304000-7f6bf331d000 r-xp 00000000 00:13 2157473                    /usr/lib/libpthread-2.25.so
7f6bf331d000-7f6bf351c000 ---p 00019000 00:13 2157473                    /usr/lib/libpthread-2.25.so
7f6bf351c000-7f6bf351d000 r--p 00018000 00:13 2157473                    /usr/lib/libpthread-2.25.so
7f6bf351d000-7f6bf351e000 rw-p 00019000 00:13 2157473                    /usr/lib/libpthread-2.25.so
7f6bf351e000-7f6bf3522000 rw-p 00000000 00:00 0 
7f6bf3522000-7f6bf3545000 r-xp 00000000 00:13 2157455                    /usr/lib/ld-2.25.so
7f6bf3545000-7f6bf3547000 r--s 00c6c000 00:13 2417699                    /home/andrey/.ivy2/cache/org.bytedeco.javacpp-presets/opencv/jars/opencv-3.2.0-1.3-windows-x86_64.jar
7f6bf3547000-7f6bf3617000 rw-p 00000000 00:00 0 
7f6bf3617000-7f6bf3618000 ---p 00000000 00:00 0 
7f6bf3618000-7f6bf3718000 rwxp 00000000 00:00 0 
7f6bf3718000-7f6bf371a000 rw-p 00000000 00:00 0 
7f6bf371a000-7f6bf371b000 r--s 00000000 00:13 2417709                    /home/andrey/.ivy2/cache/org.bytedeco.javacpp-presets/opencv-platform/jars/opencv-platform-3.2.0-1.3.jar
7f6bf371b000-7f6bf371c000 r--s 00000000 00:13 1620725                    /usr/lib/jvm/java-8-openjdk/jre/lib/management-agent.jar
7f6bf371c000-7f6bf371d000 r--s 00009000 00:13 1876771                    /usr/lib/jvm/java-8-openjdk/jre/lib/jfxswt.jar
7f6bf371d000-7f6bf3720000 r--s 00015000 00:13 1620722                    /usr/lib/jvm/java-8-openjdk/jre/lib/jce.jar
7f6bf3720000-7f6bf3725000 r--s 002f9000 00:13 1620726                    /usr/lib/jvm/java-8-openjdk/jre/lib/charsets.jar
7f6bf3725000-7f6bf3738000 rw-p 00000000 00:00 0 
7f6bf3738000-7f6bf3740000 rw-s 00000000 00:2a 255677                     /tmp/hsperfdata_andrey/10898
7f6bf3740000-7f6bf3741000 rw-p 00000000 00:00 0 
7f6bf3741000-7f6bf3742000 r--p 00000000 00:00 0 
7f6bf3742000-7f6bf3744000 rw-p 00000000 00:00 0 
7f6bf3744000-7f6bf3745000 r--p 00022000 00:13 2157455                    /usr/lib/ld-2.25.so
7f6bf3745000-7f6bf3746000 rw-p 00023000 00:13 2157455                    /usr/lib/ld-2.25.so
7f6bf3746000-7f6bf3747000 rw-p 00000000 00:00 0 
7ffc6d090000-7ffc6d0af000 rwxp 00000000 00:00 0                          [stack]
7ffc6d0af000-7ffc6d0b3000 rw-p 00000000 00:00 0 
7ffc6d12c000-7ffc6d12e000 r--p 00000000 00:00 0                          [vvar]
7ffc6d12e000-7ffc6d130000 r-xp 00000000 00:00 0                          [vdso]
ffffffffff600000-ffffffffff601000 r-xp 00000000 00:00 0                  [vsyscall]

VM Arguments:
jvm_args: -agentlib:jdwp=transport=dt_socket,address=127.0.0.1:41381,suspend=y,server=n -Dfile.encoding=UTF-8 -Dawt.useSystemAAFontSettings=on -Dswing.aatext=true 
java_command: ImageTextDetectionApp IMG_2090.JPG
java_class_path (initial): /usr/lib/jvm/java-8-openjdk/jre/lib/charsets.jar:/usr/lib/jvm/java-8-openjdk/jre/lib/ext/cldrdata.jar:/usr/lib/jvm/java-8-openjdk/jre/lib/ext/dnsns.jar:/usr/lib/jvm/java-8-openjdk/jre/lib/ext/jaccess.jar:/usr/lib/jvm/java-8-openjdk/jre/lib/ext/jfxrt.jar:/usr/lib/jvm/java-8-openjdk/jre/lib/ext/localedata.jar:/usr/lib/jvm/java-8-openjdk/jre/lib/ext/nashorn.jar:/usr/lib/jvm/java-8-openjdk/jre/lib/ext/sunec.jar:/usr/lib/jvm/java-8-openjdk/jre/lib/ext/sunjce_provider.jar:/usr/lib/jvm/java-8-openjdk/jre/lib/ext/sunpkcs11.jar:/usr/lib/jvm/java-8-openjdk/jre/lib/ext/zipfs.jar:/usr/lib/jvm/java-8-openjdk/jre/lib/jce.jar:/usr/lib/jvm/java-8-openjdk/jre/lib/jfxswt.jar:/usr/lib/jvm/java-8-openjdk/jre/lib/jsse.jar:/usr/lib/jvm/java-8-openjdk/jre/lib/management-agent.jar:/usr/lib/jvm/java-8-openjdk/jre/lib/resources.jar:/usr/lib/jvm/java-8-openjdk/jre/lib/rt.jar:/home/andrey/IdeaProjects/scala-javacv/target/scala-2.12/classes:/home/andrey/.ivy2/cache/org.scala-lang/scala-library/jars/scala-library-2.12.1.jar:/home/andrey/.ivy2/cache/org.bytedeco.javacpp-presets/opencv-platform/jars/opencv-platform-3.2.0-1.3.jar:/home/andrey/.ivy2/cache/org.bytedeco.javacpp-presets/opencv/jars/opencv-3.2.0-1.3-windows-x86_64.jar:/home/andrey/.ivy2/cache/org.bytedeco.javacpp-presets/opencv/jars/opencv-3.2.0-1.3-windows-x86.jar:/home/andrey/.ivy2/cache/org.bytedeco.javacpp-presets/opencv/jars/opencv-3.2.0-1.3-macosx-x86_64.jar:/home/andrey/.ivy2/cache/org.bytedeco.javacpp-presets/opencv/jars/opencv-3.2.0-1.3-linux-x86_64.jar:/home/andrey/.ivy2/cache/org.bytedeco.javacpp-presets/opencv/jars/opencv-3.2.0-1.3-linux-x86.jar:/home/andrey/.ivy2/cache/org.bytedeco.javacpp-presets/opencv/jars/opencv-3.2.0-1.3-linux-ppc64le.jar:/home/andrey/.ivy2/cache/org.bytedeco.javacpp-presets/opencv/jars/opencv-3.2.0-1.3-linux-armhf.jar:/home/andrey/.ivy2/cache/org.bytedeco.javacpp-presets/opencv/jars/opencv-3.2.0-1.3-android-x86.jar:/home/andrey/.ivy2/cache/org.bytedeco.javacpp-presets/open
Launcher Type: SUN_STANDARD

Environment Variables:
_JAVA_OPTIONS=-Dawt.useSystemAAFontSettings=on -Dswing.aatext=true
PATH=/usr/local/sbin:/usr/local/bin:/usr/bin:/opt/depot_tools:/usr/lib/jvm/default/bin:/usr/bin/site_perl:/usr/bin/vendor_perl:/usr/bin/core_perl
LD_LIBRARY_PATH=/usr/share/intellijidea-ce/bin:
SHELL=/bin/bash
DISPLAY=:1

Signal Handlers:
SIGSEGV: [libjvm.so+0xa2d880], sa_mask[0]=11111111011111111101111111111110, sa_flags=SA_RESTART|SA_SIGINFO
SIGBUS: [libjvm.so+0xa2d880], sa_mask[0]=11111111011111111101111111111110, sa_flags=SA_RESTART|SA_SIGINFO
SIGFPE: [libjvm.so+0x881d40], sa_mask[0]=11111111011111111101111111111110, sa_flags=SA_RESTART|SA_SIGINFO
SIGPIPE: [libjvm.so+0x881d40], sa_mask[0]=11111111011111111101111111111110, sa_flags=SA_RESTART|SA_SIGINFO
SIGXFSZ: [libjvm.so+0x881d40], sa_mask[0]=11111111011111111101111111111110, sa_flags=SA_RESTART|SA_SIGINFO
SIGILL: [libjvm.so+0x881d40], sa_mask[0]=11111111011111111101111111111110, sa_flags=SA_RESTART|SA_SIGINFO
SIGUSR1: SIG_DFL, sa_mask[0]=00000000000000000000000000000000, sa_flags=none
SIGUSR2: [libjvm.so+0x881c10], sa_mask[0]=00100000000000000000000000000000, sa_flags=SA_RESTART|SA_SIGINFO
SIGHUP: [libjvm.so+0x882080], sa_mask[0]=11111111011111111101111111111110, sa_flags=SA_RESTART|SA_SIGINFO
SIGINT: SIG_IGN, sa_mask[0]=00000000000000000000000000000000, sa_flags=none
SIGTERM: [libjvm.so+0x882080], sa_mask[0]=11111111011111111101111111111110, sa_flags=SA_RESTART|SA_SIGINFO
SIGQUIT: [libjvm.so+0x882080], sa_mask[0]=11111111011111111101111111111110, sa_flags=SA_RESTART|SA_SIGINFO


---------------  S Y S T E M  ---------------

OS:NAME="Arch Linux"
PRETTY_NAME="Arch Linux"
ID=arch
ID_LIKE=archlinux
ANSI_COLOR="0;36"
HOME_URL="https://www.archlinux.org/"
SUPPORT_URL="https://bbs.archlinux.org/"
BUG_REPORT_URL="https://bugs.archlinux.org/"


uname:Linux 4.10.3-1-ARCH #1 SMP PREEMPT Wed Mar 15 09:17:17 CET 2017 x86_64
libc:glibc 2.25 NPTL 2.25 
rlimit: STACK 8192k, CORE infinity, NPROC 14408, NOFILE 4096, AS infinity
load average:2.46 1.62 1.32

/proc/meminfo:
MemTotal:        3935600 kB
MemFree:          334572 kB
MemAvailable:     702388 kB
Buffers:              12 kB
Cached:           616676 kB
SwapCached:         7632 kB
Active:          2650216 kB
Inactive:         777144 kB
Active(anon):    2290188 kB
Inactive(anon):   596644 kB
Active(file):     360028 kB
Inactive(file):   180500 kB
Unevictable:           0 kB
Mlocked:               0 kB
SwapTotal:       8388604 kB
SwapFree:        8315904 kB
Dirty:             17536 kB
Writeback:             0 kB
AnonPages:       2788260 kB
Mapped:           159848 kB
Shmem:             76160 kB
Slab:              94660 kB
SReclaimable:      64412 kB
SUnreclaim:        30248 kB
KernelStack:        5440 kB
PageTables:        16436 kB
NFS_Unstable:          0 kB
Bounce:                0 kB
WritebackTmp:          0 kB
CommitLimit:    10356404 kB
Committed_AS:    3935272 kB
VmallocTotal:   34359738367 kB
VmallocUsed:           0 kB
VmallocChunk:          0 kB
HardwareCorrupted:     0 kB
AnonHugePages:    718848 kB
ShmemHugePages:        0 kB
ShmemPmdMapped:        0 kB
HugePages_Total:       0
HugePages_Free:        0
HugePages_Rsvd:        0
HugePages_Surp:        0
Hugepagesize:       2048 kB
DirectMap4k:      273500 kB
DirectMap2M:     3805184 kB


CPU:total 2 (2 cores per cpu, 1 threads per core) family 6 model 55 stepping 8, cmov, cx8, fxsr, mmx, sse, sse2, sse3, ssse3, sse4.1, sse4.2, popcnt, clmul, erms, 3dnowpref, tsc, tscinvbit

/proc/cpuinfo:
processor	: 0
vendor_id	: GenuineIntel
cpu family	: 6
model		: 55
model name	: Intel(R) Celeron(R) CPU  N2830  @ 2.16GHz
stepping	: 8
microcode	: 0x815
cpu MHz		: 2415.638
cache size	: 1024 KB
physical id	: 0
siblings	: 2
core id		: 0
cpu cores	: 2
apicid		: 0
initial apicid	: 0
fpu		: yes
fpu_exception	: yes
cpuid level	: 11
wp		: yes
flags		: fpu vme de pse tsc msr pae mce cx8 apic sep mtrr pge mca cmov pat pse36 clflush dts acpi mmx fxsr sse sse2 ss ht tm pbe syscall nx rdtscp lm constant_tsc arch_perfmon pebs bts rep_good nopl xtopology tsc_reliable nonstop_tsc aperfmperf tsc_known_freq pni pclmulqdq dtes64 monitor ds_cpl vmx est tm2 ssse3 cx16 xtpr pdcm sse4_1 sse4_2 movbe popcnt tsc_deadline_timer rdrand lahf_lm 3dnowprefetch epb tpr_shadow vnmi flexpriority ept vpid tsc_adjust smep erms dtherm ida arat
bugs		:
bogomips	: 4333.08
clflush size	: 64
cache_alignment	: 64
address sizes	: 36 bits physical, 48 bits virtual
power management:

processor	: 1
vendor_id	: GenuineIntel
cpu family	: 6
model		: 55
model name	: Intel(R) Celeron(R) CPU  N2830  @ 2.16GHz
stepping	: 8
microcode	: 0x815
cpu MHz		: 2415.638
cache size	: 1024 KB
physical id	: 0
siblings	: 2
core id		: 1
cpu cores	: 2
apicid		: 2
initial apicid	: 2
fpu		: yes
fpu_exception	: yes
cpuid level	: 11
wp		: yes
flags		: fpu vme de pse tsc msr pae mce cx8 apic sep mtrr pge mca cmov pat pse36 clflush dts acpi mmx fxsr sse sse2 ss ht tm pbe syscall nx rdtscp lm constant_tsc arch_perfmon pebs bts rep_good nopl xtopology tsc_reliable nonstop_tsc aperfmperf tsc_known_freq pni pclmulqdq dtes64 monitor ds_cpl vmx est tm2 ssse3 cx16 xtpr pdcm sse4_1 sse4_2 movbe popcnt tsc_deadline_timer rdrand lahf_lm 3dnowprefetch epb tpr_shadow vnmi flexpriority ept vpid tsc_adjust smep erms dtherm ida arat
bugs		:
bogomips	: 4335.82
clflush size	: 64
cache_alignment	: 64
address sizes	: 36 bits physical, 48 bits virtual
power management:



Memory: 4k page, physical 3935600k(334572k free), swap 8388604k(8315904k free)

vm_info: OpenJDK 64-Bit Server VM (25.121-b13) for linux-amd64 JRE (1.8.0_121-b13), built on Jan 22 2017 09:22:31 by "builduser" with gcc 6.3.1 20170109

time: Sun Mar 19 01:13:28 2017
elapsed time: 17 seconds (0d 0h 0m 17s)

