#
# A fatal error has been detected by the Java Runtime Environment:
#
#  SIGSEGV (0xb) at pc=0x00007fe61155f542, pid=10825, tid=0x00007fe610986700
#
# JRE version: OpenJDK Runtime Environment (8.0_121-b13) (build 1.8.0_121-b13)
# Java VM: OpenJDK 64-Bit Server VM (25.121-b13 mixed mode linux-amd64 compressed oops)
# Problematic frame:
# C  [libopencv_text.so.3.2+0x23542]  cv::text::ERFilterNM::er_tree_filter(cv::_InputArray const&, cv::text::ERStat*, cv::text::ERStat*, cv::text::ERStat*)+0x5f2
#
# Core dump written. Default location: /home/andrey/IdeaProjects/scala-javacv/core or core.10825
#
# If you would like to submit a bug report, please visit:
#   http://bugreport.java.com/bugreport/crash.jsp
# The crash happened outside the Java Virtual Machine in native code.
# See problematic frame for where to report the bug.
#

---------------  T H R E A D  ---------------

Current thread (0x00007fe66adfd800):  JavaThread "scala-execution-context-global-12" daemon [_thread_in_native, id=10865, stack(0x00007fe610886000,0x00007fe610987000)]

siginfo: si_signo: 11 (SIGSEGV), si_code: 1 (SEGV_MAPERR), si_addr: 0x0000000000000008

Registers:
RAX=0x00007fe6109846c0, RBX=0x000000000097a3f0, RCX=0x0000000000000000, RDX=0x00007fe610983fb0
RSP=0x00007fe6109841e0, RBP=0x00007fe668f879e0, RSI=0x0000000000000003, RDI=0x0000000000000005
R8 =0x00000000007849c0, R9 =0x00007fe610984268, R10=0x00007fe66fde62a8, R11=0x0000000000000000
R12=0x00007fe610985110, R13=0x0000000000784110, R14=0x00007fe610984380, R15=0x00007fe610984260
RIP=0x00007fe61155f542, EFLAGS=0x0000000000010202, CSGSFS=0x002b000000000033, ERR=0x0000000000000004
  TRAPNO=0x000000000000000e

Top of Stack: (sp=0x00007fe6109841e0)
0x00007fe6109841e0:   00007fe6109844a0 000000000003ff04
0x00007fe6109841f0:   401921fb54442d18 0000000000000000
0x00007fe610984200:   40a7fe0000000000 0000000000000000
0x00007fe610984210:   453ff00000000000 00007fe6109845a0
0x00007fe610984220:   00007fe6109843e0 00007fe600000b45
0x00007fe610984230:   0000000000784560 00007fe6109846c0
0x00007fe610984240:   00007fe6109846e0 000000000097a338
0x00007fe610984250:   0000000000784110 00007fe610984380
0x00007fe610984260:   0000000242ff400c 0000000000000000
0x00007fe610984270:   0000000000000000 0000000000000000
0x00007fe610984280:   0000000000000000 0000000000000000
0x00007fe610984290:   0000000000000000 0000000000000000
0x00007fe6109842a0:   00007fe610984268 00007fe6109842b0
0x00007fe6109842b0:   0000000000000008 0000000000000008
0x00007fe6109842c0:   0000000242ff8000 0000000000000000
0x00007fe6109842d0:   0000000000000000 0000000000000000
0x00007fe6109842e0:   0000000000000000 0000000000000000
0x00007fe6109842f0:   0000000000000000 0000000000000000
0x00007fe610984300:   00007fe6109842c8 00007fe610984310
0x00007fe610984310:   0000000000000db2 0000000000000001
0x00007fe610984320:   0000000242ff8000 0000000000000000
0x00007fe610984330:   0000000000000000 0000000000000000
0x00007fe610984340:   0000000000000000 0000000000000000
0x00007fe610984350:   0000000000000000 0000000000000000
0x00007fe610984360:   00007fe610984328 00007fe610984370
0x00007fe610984370:   0000000000000db0 0000000000000001
0x00007fe610984380:   0000000242ff8000 0000000500000003
0x00007fe610984390:   00007fe618cabc0c 00007fe618a060f0
0x00007fe6109843a0:   00007fe6191d7494 00007fe6191d7494
0x00007fe6109843b0:   0000000000000000 00007fe6189f3f00
0x00007fe6109843c0:   00007fe610984388 00007fe6109843d0
0x00007fe6109843d0:   0000000000000db2 0000000000000001 

Instructions: (pc=0x00007fe61155f542)
0x00007fe61155f522:   00 8b b4 24 7c 05 00 00 8b bc 24 78 05 00 00 4d
0x00007fe61155f532:   8d 4f 08 48 89 44 24 58 48 89 84 24 28 04 00 00
0x00007fe61155f542:   4c 8b 41 08 48 8b 11 4c 89 8c 24 c0 00 00 00 4d
0x00007fe61155f552:   8d 4f 50 c7 84 24 30 04 00 00 00 00 00 00 c7 84 

Register to memory mapping:

RAX=0x00007fe6109846c0 is pointing into the stack for thread: 0x00007fe66adfd800
RBX=0x000000000097a3f0 is an unknown value
RCX=0x0000000000000000 is an unknown value
RDX=0x00007fe610983fb0 is pointing into the stack for thread: 0x00007fe66adfd800
RSP=0x00007fe6109841e0 is pointing into the stack for thread: 0x00007fe66adfd800
RBP=0x00007fe668f879e0 is an unknown value
RSI=0x0000000000000003 is an unknown value
RDI=0x0000000000000005 is an unknown value
R8 =0x00000000007849c0 is an unknown value
R9 =0x00007fe610984268 is pointing into the stack for thread: 0x00007fe66adfd800
R10=0x00007fe66fde62a8: <offset 0x39f2a8> in /usr/lib/libc.so.6 at 0x00007fe66fa47000
R11=0x0000000000000000 is an unknown value
R12=0x00007fe610985110 is pointing into the stack for thread: 0x00007fe66adfd800
R13=0x0000000000784110 is an unknown value
R14=0x00007fe610984380 is pointing into the stack for thread: 0x00007fe66adfd800
R15=0x00007fe610984260 is pointing into the stack for thread: 0x00007fe66adfd800


Stack: [0x00007fe610886000,0x00007fe610987000],  sp=0x00007fe6109841e0,  free space=1016k
Native frames: (J=compiled Java code, j=interpreted, Vv=VM code, C=native code)
C  [libopencv_text.so.3.2+0x23542]  cv::text::ERFilterNM::er_tree_filter(cv::_InputArray const&, cv::text::ERStat*, cv::text::ERStat*, cv::text::ERStat*)+0x5f2

Java frames: (J=compiled Java code, j=interpreted, Vv=VM code)
j  org.bytedeco.javacpp.opencv_text$ERFilter.run(Lorg/bytedeco/javacpp/opencv_core$Mat;Lorg/bytedeco/javacpp/opencv_text$ERStatVector;)V+0
j  ImageTextDetectionApp$.$anonfun$new$1(LImageTextDetectionApp$;I)V+47
j  ImageTextDetectionApp$$$Lambda$11.apply$mcVI$sp(I)V+5
j  scala.collection.parallel.immutable.ParRange$ParRangeIterator.foreach(Lscala/Function1;)V+25
j  scala.collection.parallel.ParIterableLike$Foreach.leaf(Lscala/Option;)V+8
j  scala.collection.parallel.Task.$anonfun$tryLeaf$1(Lscala/collection/parallel/Task;Lscala/Option;)V+2
j  scala.collection.parallel.Task$$Lambda$18.apply$mcV$sp()V+8
j  scala.runtime.java8.JFunction0$mcV$sp.apply()Ljava/lang/Object;+1
j  scala.util.control.Breaks$$anon$1.catchBreak(Lscala/Function0;)Ljava/lang/Object;+4
j  scala.collection.parallel.Task.tryLeaf(Lscala/Option;)V+35
j  scala.collection.parallel.Task.tryLeaf$(Lscala/collection/parallel/Task;Lscala/Option;)V+2
j  scala.collection.parallel.ParIterableLike$Foreach.tryLeaf(Lscala/Option;)V+2
j  scala.collection.parallel.AdaptiveWorkStealingTasks$WrappedTask.internal()V+16
j  scala.collection.parallel.AdaptiveWorkStealingTasks$WrappedTask.internal$(Lscala/collection/parallel/AdaptiveWorkStealingTasks$WrappedTask;)V+1
j  scala.collection.parallel.AdaptiveWorkStealingForkJoinTasks$WrappedTask.internal()V+1
j  scala.collection.parallel.AdaptiveWorkStealingTasks$WrappedTask.compute()V+15
j  scala.collection.parallel.AdaptiveWorkStealingTasks$WrappedTask.compute$(Lscala/collection/parallel/AdaptiveWorkStealingTasks$WrappedTask;)V+1
j  scala.collection.parallel.AdaptiveWorkStealingForkJoinTasks$WrappedTask.compute()V+1
j  java.util.concurrent.RecursiveAction.exec()Z+1
j  java.util.concurrent.ForkJoinTask.doExec()I+10
j  java.util.concurrent.ForkJoinPool$WorkQueue.runTask(Ljava/util/concurrent/ForkJoinTask;)V+21
j  java.util.concurrent.ForkJoinPool.runWorker(Ljava/util/concurrent/ForkJoinPool$WorkQueue;)V+35
j  java.util.concurrent.ForkJoinWorkerThread.run()V+24
v  ~StubRoutines::call_stub

---------------  P R O C E S S  ---------------

Java Threads: ( => current thread )
  0x0000000000781000 JavaThread "scala-execution-context-global-13" daemon [_thread_in_native, id=10866, stack(0x00007fe610785000,0x00007fe610886000)]
=>0x00007fe66adfd800 JavaThread "scala-execution-context-global-12" daemon [_thread_in_native, id=10865, stack(0x00007fe610886000,0x00007fe610987000)]
  0x00007fe668f8c000 JavaThread "JavaCPP Deallocator" daemon [_thread_blocked, id=10860, stack(0x00007fe61fa6d000,0x00007fe61fb6e000)]
  0x00007fe6680e5000 JavaThread "Service Thread" daemon [_thread_blocked, id=10854, stack(0x00007fe6557db000,0x00007fe6558dc000)]
  0x00007fe6680cf800 JavaThread "C1 CompilerThread1" daemon [_thread_blocked, id=10853, stack(0x00007fe6558dc000,0x00007fe6559dd000)]
  0x00007fe6680cc800 JavaThread "C2 CompilerThread0" daemon [_thread_blocked, id=10852, stack(0x00007fe6559dd000,0x00007fe655ade000)]
  0x00007fe63c001000 JavaThread "JDWP Command Reader" daemon [_thread_in_native, id=10851, stack(0x00007fe655ade000,0x00007fe655bdf000)]
  0x00007fe6680ca000 JavaThread "JDWP Event Helper Thread" daemon [_thread_blocked, id=10850, stack(0x00007fe655bdf000,0x00007fe655ce0000)]
  0x00007fe6680c6800 JavaThread "JDWP Transport Listener: dt_socket" daemon [_thread_blocked, id=10848, stack(0x00007fe655ce0000,0x00007fe655de1000)]
  0x00007fe6680b8800 JavaThread "Signal Dispatcher" daemon [_thread_blocked, id=10846, stack(0x00007fe655fe6000,0x00007fe6560e7000)]
  0x00007fe668086800 JavaThread "Finalizer" daemon [_thread_blocked, id=10843, stack(0x00007fe6560e7000,0x00007fe6561e8000)]
  0x00007fe668082000 JavaThread "Reference Handler" daemon [_thread_blocked, id=10842, stack(0x00007fe6561e8000,0x00007fe6562e9000)]
  0x00007fe668011000 JavaThread "main" [_thread_blocked, id=10829, stack(0x00007fe670727000,0x00007fe670828000)]

Other Threads:
  0x00007fe66807a000 VMThread [stack: 0x00007fe6562e9000,0x00007fe6563ea000] [id=10841]
  0x00007fe6680e7000 WatcherThread [stack: 0x00007fe6556da000,0x00007fe6557db000] [id=10855]

VM state:not at safepoint (normal execution)

VM Mutex/Monitor currently owned by a thread: None

Heap:
 PSYoungGen      total 18432K, used 7122K [0x00000000ebf80000, 0x00000000ed400000, 0x0000000100000000)
  eden space 15872K, 28% used [0x00000000ebf80000,0x00000000ec3f7fc0,0x00000000ecf00000)
  from space 2560K, 99% used [0x00000000ecf00000,0x00000000ed17cc30,0x00000000ed180000)
  to   space 2560K, 0% used [0x00000000ed180000,0x00000000ed180000,0x00000000ed400000)
 ParOldGen       total 42496K, used 2522K [0x00000000c3e00000, 0x00000000c6780000, 0x00000000ebf80000)
  object space 42496K, 5% used [0x00000000c3e00000,0x00000000c4076bb8,0x00000000c6780000)
 Metaspace       used 12142K, capacity 12412K, committed 12544K, reserved 1060864K
  class space    used 1434K, capacity 1516K, committed 1536K, reserved 1048576K

Card table byte_map: [0x00007fe66cae6000,0x00007fe66ccc8000] byte_map_base: 0x00007fe66c4c7000

Marking Bits: (ParMarkBitMap*) 0x00007fe66fa2a260
 Begin Bits: [0x00007fe6571f0000, 0x00007fe6580f8000)
 End Bits:   [0x00007fe6580f8000, 0x00007fe659000000)

Polling page: 0x00007fe670851000

CodeCache: size=245760Kb used=3679Kb max_used=3692Kb free=242080Kb
 bounds [0x00007fe659000000, 0x00007fe6593a0000, 0x00007fe668000000]
 total_blobs=1282 nmethods=866 adapters=340
 compilation: enabled

Compilation events (10 events):
Event: 7.342 Thread 0x00007fe6680cc800 nmethod 867 0x00007fe65938a690 code [0x00007fe65938a7e0, 0x00007fe65938a878]
Event: 7.344 Thread 0x00007fe6680cf800 nmethod 865 0x00007fe659386210 code [0x00007fe659386560, 0x00007fe659387fd8]
Event: 7.344 Thread 0x00007fe6680cf800  866       3       java.lang.StringCoding::deref (19 bytes)
Event: 7.344 Thread 0x00007fe6680cf800 nmethod 866 0x00007fe659389ed0 code [0x00007fe65938a060, 0x00007fe65938a528]
Event: 7.345 Thread 0x00007fe6680cf800  861       3       jdk.internal.org.objectweb.asm.ClassWriter::put122 (15 bytes)
Event: 7.345 Thread 0x00007fe6680cf800 nmethod 861 0x00007fe659389a10 code [0x00007fe659389ba0, 0x00007fe659389db8]
Event: 7.345 Thread 0x00007fe6680cf800  860       3       jdk.internal.org.objectweb.asm.ClassWriter::newClass (9 bytes)
Event: 7.345 Thread 0x00007fe6680cf800 nmethod 860 0x00007fe659389610 code [0x00007fe659389780, 0x00007fe659389948]
Event: 7.345 Thread 0x00007fe6680cf800  862       3       java.lang.invoke.MethodType::equals (29 bytes)
Event: 7.349 Thread 0x00007fe6680cf800 nmethod 862 0x00007fe65938b610 code [0x00007fe65938b7a0, 0x00007fe65938bce8]

GC Heap History (6 events):
Event: 3.428 GC heap before
{Heap before GC invocations=1 (full 0):
 PSYoungGen      total 18432K, used 15872K [0x00000000ebf80000, 0x00000000ed400000, 0x0000000100000000)
  eden space 15872K, 100% used [0x00000000ebf80000,0x00000000ecf00000,0x00000000ecf00000)
  from space 2560K, 0% used [0x00000000ed180000,0x00000000ed180000,0x00000000ed400000)
  to   space 2560K, 0% used [0x00000000ecf00000,0x00000000ecf00000,0x00000000ed180000)
 ParOldGen       total 42496K, used 0K [0x00000000c3e00000, 0x00000000c6780000, 0x00000000ebf80000)
  object space 42496K, 0% used [0x00000000c3e00000,0x00000000c3e00000,0x00000000c6780000)
 Metaspace       used 7569K, capacity 7768K, committed 7808K, reserved 1056768K
  class space    used 793K, capacity 858K, committed 896K, reserved 1048576K
Event: 3.444 GC heap after
Heap after GC invocations=1 (full 0):
 PSYoungGen      total 18432K, used 2542K [0x00000000ebf80000, 0x00000000ed400000, 0x0000000100000000)
  eden space 15872K, 0% used [0x00000000ebf80000,0x00000000ebf80000,0x00000000ecf00000)
  from space 2560K, 99% used [0x00000000ecf00000,0x00000000ed17bad8,0x00000000ed180000)
  to   space 2560K, 0% used [0x00000000ed180000,0x00000000ed180000,0x00000000ed400000)
 ParOldGen       total 42496K, used 1132K [0x00000000c3e00000, 0x00000000c6780000, 0x00000000ebf80000)
  object space 42496K, 2% used [0x00000000c3e00000,0x00000000c3f1b258,0x00000000c6780000)
 Metaspace       used 7569K, capacity 7768K, committed 7808K, reserved 1056768K
  class space    used 793K, capacity 858K, committed 896K, reserved 1048576K
}
Event: 5.372 GC heap before
{Heap before GC invocations=2 (full 0):
 PSYoungGen      total 18432K, used 18414K [0x00000000ebf80000, 0x00000000ed400000, 0x0000000100000000)
  eden space 15872K, 100% used [0x00000000ebf80000,0x00000000ecf00000,0x00000000ecf00000)
  from space 2560K, 99% used [0x00000000ecf00000,0x00000000ed17bad8,0x00000000ed180000)
  to   space 2560K, 0% used [0x00000000ed180000,0x00000000ed180000,0x00000000ed400000)
 ParOldGen       total 42496K, used 1132K [0x00000000c3e00000, 0x00000000c6780000, 0x00000000ebf80000)
  object space 42496K, 2% used [0x00000000c3e00000,0x00000000c3f1b258,0x00000000c6780000)
 Metaspace       used 9273K, capacity 9438K, committed 9600K, reserved 1058816K
  class space    used 999K, capacity 1051K, committed 1152K, reserved 1048576K
Event: 5.388 GC heap after
Heap after GC invocations=2 (full 0):
 PSYoungGen      total 18432K, used 2549K [0x00000000ebf80000, 0x00000000ed400000, 0x0000000100000000)
  eden space 15872K, 0% used [0x00000000ebf80000,0x00000000ebf80000,0x00000000ecf00000)
  from space 2560K, 99% used [0x00000000ed180000,0x00000000ed3fd4e0,0x00000000ed400000)
  to   space 2560K, 0% used [0x00000000ecf00000,0x00000000ecf00000,0x00000000ed180000)
 ParOldGen       total 42496K, used 1517K [0x00000000c3e00000, 0x00000000c6780000, 0x00000000ebf80000)
  object space 42496K, 3% used [0x00000000c3e00000,0x00000000c3f7b738,0x00000000c6780000)
 Metaspace       used 9273K, capacity 9438K, committed 9600K, reserved 1058816K
  class space    used 999K, capacity 1051K, committed 1152K, reserved 1048576K
}
Event: 7.038 GC heap before
{Heap before GC invocations=3 (full 0):
 PSYoungGen      total 18432K, used 18421K [0x00000000ebf80000, 0x00000000ed400000, 0x0000000100000000)
  eden space 15872K, 100% used [0x00000000ebf80000,0x00000000ecf00000,0x00000000ecf00000)
  from space 2560K, 99% used [0x00000000ed180000,0x00000000ed3fd4e0,0x00000000ed400000)
  to   space 2560K, 0% used [0x00000000ecf00000,0x00000000ecf00000,0x00000000ed180000)
 ParOldGen       total 42496K, used 1517K [0x00000000c3e00000, 0x00000000c6780000, 0x00000000ebf80000)
  object space 42496K, 3% used [0x00000000c3e00000,0x00000000c3f7b738,0x00000000c6780000)
 Metaspace       used 11423K, capacity 11648K, committed 11776K, reserved 1058816K
  class space    used 1351K, capacity 1442K, committed 1536K, reserved 1048576K
Event: 7.048 GC heap after
Heap after GC invocations=3 (full 0):
 PSYoungGen      total 18432K, used 2547K [0x00000000ebf80000, 0x00000000ed400000, 0x0000000100000000)
  eden space 15872K, 0% used [0x00000000ebf80000,0x00000000ebf80000,0x00000000ecf00000)
  from space 2560K, 99% used [0x00000000ecf00000,0x00000000ed17cc30,0x00000000ed180000)
  to   space 2560K, 0% used [0x00000000ed180000,0x00000000ed180000,0x00000000ed400000)
 ParOldGen       total 42496K, used 2522K [0x00000000c3e00000, 0x00000000c6780000, 0x00000000ebf80000)
  object space 42496K, 5% used [0x00000000c3e00000,0x00000000c4076bb8,0x00000000c6780000)
 Metaspace       used 11423K, capacity 11648K, committed 11776K, reserved 1058816K
  class space    used 1351K, capacity 1442K, committed 1536K, reserved 1048576K
}

Deoptimization events (7 events):
Event: 1.062 Thread 0x00007fe668011000 Uncommon trap: reason=unstable_if action=reinterpret pc=0x00007fe65911b33c method=java.lang.String.hashCode()I @ 14
Event: 2.746 Thread 0x00007fe668011000 Uncommon trap: reason=unstable_if action=reinterpret pc=0x00007fe6591f7f78 method=java.util.HashMap.getNode(ILjava/lang/Object;)Ljava/util/HashMap$Node; @ 62
Event: 2.810 Thread 0x00007fe668011000 Uncommon trap: reason=unstable_if action=reinterpret pc=0x00007fe6591ffa30 method=java.util.HashMap.getNode(ILjava/lang/Object;)Ljava/util/HashMap$Node; @ 129
Event: 3.140 Thread 0x00007fe668011000 Uncommon trap: reason=class_check action=maybe_recompile pc=0x00007fe659242f00 method=sun.misc.URLClassPath.getLoader(I)Lsun/misc/URLClassPath$Loader; @ 94
Event: 3.155 Thread 0x00007fe668011000 Uncommon trap: reason=class_check action=maybe_recompile pc=0x00007fe659242f00 method=sun.misc.URLClassPath.getLoader(I)Lsun/misc/URLClassPath$Loader; @ 94
Event: 3.173 Thread 0x00007fe668011000 Uncommon trap: reason=class_check action=maybe_recompile pc=0x00007fe659242f00 method=sun.misc.URLClassPath.getLoader(I)Lsun/misc/URLClassPath$Loader; @ 94
Event: 7.285 Thread 0x00007fe66adfd800 Uncommon trap: reason=unstable_if action=reinterpret pc=0x00007fe65935b200 method=java.lang.ThreadLocal.get()Ljava/lang/Object; @ 11

Internal exceptions (10 events):
Event: 3.186 Thread 0x00007fe668011000 Exception <a 'java/security/PrivilegedActionException'> (0x00000000ecd85750) thrown at [/build/java8-openjdk/src/jdk8u-jdk8u121-b13/hotspot/src/share/vm/prims/jvm.cpp, line 1390]
Event: 3.186 Thread 0x00007fe668011000 Exception <a 'java/security/PrivilegedActionException'> (0x00000000ecd85b48) thrown at [/build/java8-openjdk/src/jdk8u-jdk8u121-b13/hotspot/src/share/vm/prims/jvm.cpp, line 1390]
Event: 7.285 Thread 0x00007fe66adfd800 Implicit null exception at 0x00007fe65935a9d2 to 0x00007fe65935b1e9
Event: 7.298 Thread 0x00007fe66adfd800 Exception <a 'java/lang/NoSuchMethodError': java.lang.Object.$anonfun$$plus$plus$eq$1(Lscala/collection/generic/Growable;Ljava/lang/Object;)Lscala/collection/generic/Growable;> (0x00000000ec1a0f40) thrown at [/build/java8-openjdk/src/jdk8u-jdk8u121-b13/ho
Event: 7.300 Thread 0x00007fe66adfd800 Exception <a 'java/lang/NoSuchMethodError': java.lang.Object.$anonfun$splitWithSignalling$2$adapted(Lscala/collection/parallel/SeqSplitter;Lscala/collection/parallel/SeqSplitter;)Ljava/lang/Object;> (0x00000000ec1a68e0) thrown at [/build/java8-openjdk/src
Event: 7.303 Thread 0x00007fe66adfd800 Exception <a 'java/lang/NoSuchMethodError': java.lang.Object.$anonfun$split$1(Lscala/collection/parallel/ParIterableLike$Accessor;Lscala/collection/parallel/IterableSplitter;)Lscala/collection/parallel/ParIterableLike$Accessor;> (0x00000000ec1ac2a0) throw
Event: 7.305 Thread 0x00007fe66adfd800 Exception <a 'java/lang/NoSuchMethodError': java.lang.Object.$anonfun$map$1(Lscala/Function1;Lscala/collection/mutable/Builder;Ljava/lang/Object;)Lscala/collection/mutable/Builder;> (0x00000000ec1b3350) thrown at [/build/java8-openjdk/src/jdk8u-jdk8u121-b
Event: 7.310 Thread 0x00007fe66adfd800 Exception <a 'java/lang/NoSuchMethodError': java.lang.Object.$anonfun$spawnSubtasks$1$adapted(Lscala/runtime/ObjectRef;Lscala/collection/parallel/AdaptiveWorkStealingTasks$WrappedTask;)Ljava/lang/Object;> (0x00000000ec1c00a8) thrown at [/build/java8-openj
Event: 7.313 Thread 0x00007fe66adfd800 Exception <a 'java/lang/NoSuchMethodError': java.lang.Object.$anonfun$tryLeaf$1(Lscala/collection/parallel/Task;Lscala/Option;)V> (0x00000000ec1c6e50) thrown at [/build/java8-openjdk/src/jdk8u-jdk8u121-b13/hotspot/src/share/vm/interpreter/linkResolver.cpp
Event: 7.319 Thread 0x00007fe66adfd800 Exception <a 'java/lang/NoSuchMethodError': java.lang.Object.$anonfun$tryLeaf$2(Lscala/collection/parallel/Task;)V> (0x00000000ec1d2900) thrown at [/build/java8-openjdk/src/jdk8u-jdk8u121-b13/hotspot/src/share/vm/interpreter/linkResolver.cpp, line 582]

Events (10 events):
Event: 7.339 Thread 0x00007fe66adfd800 DEOPT PACKING pc=0x00007fe6592163b4 sp=0x00007fe610984a00
Event: 7.339 Thread 0x00007fe66adfd800 DEOPT UNPACKING pc=0x00007fe659046f73 sp=0x00007fe6109847b0 mode 1
Event: 7.342 Thread 0x00007fe66adfd800 DEOPT PACKING pc=0x00007fe6592163b4 sp=0x00007fe610984a00
Event: 7.342 Thread 0x00007fe66adfd800 DEOPT UNPACKING pc=0x00007fe659046f73 sp=0x00007fe6109847b0 mode 1
Event: 7.345 Thread 0x00007fe66adfd800 DEOPT PACKING pc=0x00007fe6592163b4 sp=0x00007fe610984a00
Event: 7.345 Thread 0x00007fe66adfd800 DEOPT UNPACKING pc=0x00007fe659046f73 sp=0x00007fe6109847b0 mode 1
Event: 7.349 Thread 0x00007fe66adfd800 DEOPT PACKING pc=0x00007fe6592163b4 sp=0x00007fe610984a00
Event: 7.349 Thread 0x00007fe66adfd800 DEOPT UNPACKING pc=0x00007fe659046f73 sp=0x00007fe6109847b0 mode 1
Event: 7.350 Thread 0x00007fe66adfd800 DEOPT PACKING pc=0x00007fe6592163b4 sp=0x00007fe610984a00
Event: 7.350 Thread 0x00007fe66adfd800 DEOPT UNPACKING pc=0x00007fe659046f73 sp=0x00007fe6109847b0 mode 1


Dynamic libraries:
00400000-00401000 r-xp 00000000 00:13 1620704                            /usr/lib/jvm/java-8-openjdk/jre/bin/java
00600000-00601000 r--p 00000000 00:13 1620704                            /usr/lib/jvm/java-8-openjdk/jre/bin/java
00601000-00602000 rw-p 00001000 00:13 1620704                            /usr/lib/jvm/java-8-openjdk/jre/bin/java
00760000-02293000 rw-p 00000000 00:00 0                                  [heap]
c3e00000-c6780000 rw-p 00000000 00:00 0 
c6780000-ebf80000 ---p 00000000 00:00 0 
ebf80000-ed400000 rw-p 00000000 00:00 0 
ed400000-100000000 ---p 00000000 00:00 0 
100000000-100180000 rw-p 00000000 00:00 0 
100180000-140000000 ---p 00000000 00:00 0 
7fe609e04000-7fe60a5d3000 rw-p 00000000 00:00 0 
7fe60bd40000-7fe60bd41000 ---p 00000000 00:00 0 
7fe60bd41000-7fe60c541000 rwxp 00000000 00:00 0 
7fe60dcad000-7fe60f41a000 rw-p 00000000 00:00 0 
7fe60ff84000-7fe60ff85000 ---p 00000000 00:00 0 
7fe60ff85000-7fe610785000 rwxp 00000000 00:00 0 
7fe610785000-7fe610788000 ---p 00000000 00:00 0 
7fe610788000-7fe610886000 rwxp 00000000 00:00 0 
7fe610886000-7fe610889000 ---p 00000000 00:00 0 
7fe610889000-7fe610987000 rwxp 00000000 00:00 0 
7fe610987000-7fe610a47000 rw-p 00000000 00:00 0 
7fe610a47000-7fe610b87000 ---p 00000000 00:00 0 
7fe610b87000-7fe610bf3000 r-xp 00000000 00:13 2418409                    /home/andrey/.javacpp/cache/opencv-3.2.0-1.3-linux-x86_64.jar/org/bytedeco/javacpp/linux-x86_64/libjniopencv_text.so
7fe610bf3000-7fe610df2000 ---p 0006c000 00:13 2418409                    /home/andrey/.javacpp/cache/opencv-3.2.0-1.3-linux-x86_64.jar/org/bytedeco/javacpp/linux-x86_64/libjniopencv_text.so
7fe610df2000-7fe610df3000 rw-p 0006b000 00:13 2418409                    /home/andrey/.javacpp/cache/opencv-3.2.0-1.3-linux-x86_64.jar/org/bytedeco/javacpp/linux-x86_64/libjniopencv_text.so
7fe610df3000-7fe610e2a000 r-xp 00000000 00:13 2420372                    /usr/lib/libtbb.so.2
7fe610e2a000-7fe611029000 ---p 00037000 00:13 2420372                    /usr/lib/libtbb.so.2
7fe611029000-7fe61102b000 r--p 00036000 00:13 2420372                    /usr/lib/libtbb.so.2
7fe61102b000-7fe61102d000 rw-p 00038000 00:13 2420372                    /usr/lib/libtbb.so.2
7fe61102d000-7fe611030000 rw-p 00000000 00:00 0 
7fe611030000-7fe611081000 r-xp 00000000 00:13 2421218                    /usr/lib/libopencv_flann.so.3.2.0
7fe611081000-7fe611281000 ---p 00051000 00:13 2421218                    /usr/lib/libopencv_flann.so.3.2.0
7fe611281000-7fe611283000 r--p 00051000 00:13 2421218                    /usr/lib/libopencv_flann.so.3.2.0
7fe611283000-7fe611284000 rw-p 00053000 00:13 2421218                    /usr/lib/libopencv_flann.so.3.2.0
7fe611284000-7fe611338000 r-xp 00000000 00:13 2421242                    /usr/lib/libopencv_features2d.so.3.2.0
7fe611338000-7fe611537000 ---p 000b4000 00:13 2421242                    /usr/lib/libopencv_features2d.so.3.2.0
7fe611537000-7fe61153a000 r--p 000b3000 00:13 2421242                    /usr/lib/libopencv_features2d.so.3.2.0
7fe61153a000-7fe61153c000 rw-p 000b6000 00:13 2421242                    /usr/lib/libopencv_features2d.so.3.2.0
7fe61153c000-7fe61159f000 r-xp 00000000 00:13 2418408                    /home/andrey/.javacpp/cache/opencv-3.2.0-1.3-linux-x86_64.jar/org/bytedeco/javacpp/linux-x86_64/libopencv_text.so.3.2
7fe61159f000-7fe61179f000 ---p 00063000 00:13 2418408                    /home/andrey/.javacpp/cache/opencv-3.2.0-1.3-linux-x86_64.jar/org/bytedeco/javacpp/linux-x86_64/libopencv_text.so.3.2
7fe61179f000-7fe6117a1000 rw-p 00063000 00:13 2418408                    /home/andrey/.javacpp/cache/opencv-3.2.0-1.3-linux-x86_64.jar/org/bytedeco/javacpp/linux-x86_64/libopencv_text.so.3.2
7fe6117a1000-7fe611864000 rw-p 00000000 00:00 0 
7fe611864000-7fe6118aa000 r-xp 00000000 00:13 2418407                    /home/andrey/.javacpp/cache/opencv-3.2.0-1.3-linux-x86_64.jar/org/bytedeco/javacpp/linux-x86_64/libjniopencv_ml.so
7fe6118aa000-7fe611aaa000 ---p 00046000 00:13 2418407                    /home/andrey/.javacpp/cache/opencv-3.2.0-1.3-linux-x86_64.jar/org/bytedeco/javacpp/linux-x86_64/libjniopencv_ml.so
7fe611aaa000-7fe611aab000 rw-p 00046000 00:13 2418407                    /home/andrey/.javacpp/cache/opencv-3.2.0-1.3-linux-x86_64.jar/org/bytedeco/javacpp/linux-x86_64/libjniopencv_ml.so
7fe611aab000-7fe611b43000 r-xp 00000000 00:13 2418406                    /home/andrey/.javacpp/cache/opencv-3.2.0-1.3-linux-x86_64.jar/org/bytedeco/javacpp/linux-x86_64/libopencv_ml.so.3.2
7fe611b43000-7fe611d42000 ---p 00098000 00:13 2418406                    /home/andrey/.javacpp/cache/opencv-3.2.0-1.3-linux-x86_64.jar/org/bytedeco/javacpp/linux-x86_64/libopencv_ml.so.3.2
7fe611d42000-7fe611d46000 rw-p 00097000 00:13 2418406                    /home/andrey/.javacpp/cache/opencv-3.2.0-1.3-linux-x86_64.jar/org/bytedeco/javacpp/linux-x86_64/libopencv_ml.so.3.2
7fe611d46000-7fe611d87000 r-xp 00000000 00:13 2418405                    /home/andrey/.javacpp/cache/opencv-3.2.0-1.3-linux-x86_64.jar/org/bytedeco/javacpp/linux-x86_64/libjniopencv_highgui.so
7fe611d87000-7fe611f87000 ---p 00041000 00:13 2418405                    /home/andrey/.javacpp/cache/opencv-3.2.0-1.3-linux-x86_64.jar/org/bytedeco/javacpp/linux-x86_64/libjniopencv_highgui.so
7fe611f87000-7fe611f88000 rw-p 00041000 00:13 2418405                    /home/andrey/.javacpp/cache/opencv-3.2.0-1.3-linux-x86_64.jar/org/bytedeco/javacpp/linux-x86_64/libjniopencv_highgui.so
7fe611f88000-7fe611f93000 r-xp 00000000 00:13 2418404                    /home/andrey/.javacpp/cache/opencv-3.2.0-1.3-linux-x86_64.jar/org/bytedeco/javacpp/linux-x86_64/libopencv_highgui.so.3.2
7fe611f93000-7fe612192000 ---p 0000b000 00:13 2418404                    /home/andrey/.javacpp/cache/opencv-3.2.0-1.3-linux-x86_64.jar/org/bytedeco/javacpp/linux-x86_64/libopencv_highgui.so.3.2
7fe612192000-7fe612193000 rw-p 0000a000 00:13 2418404                    /home/andrey/.javacpp/cache/opencv-3.2.0-1.3-linux-x86_64.jar/org/bytedeco/javacpp/linux-x86_64/libopencv_highgui.so.3.2
7fe612193000-7fe6121a8000 r-xp 00000000 00:13 2418403                    /home/andrey/.javacpp/cache/opencv-3.2.0-1.3-linux-x86_64.jar/org/bytedeco/javacpp/linux-x86_64/libjniopencv_videoio.so
7fe6121a8000-7fe6123a8000 ---p 00015000 00:13 2418403                    /home/andrey/.javacpp/cache/opencv-3.2.0-1.3-linux-x86_64.jar/org/bytedeco/javacpp/linux-x86_64/libjniopencv_videoio.so
7fe6123a8000-7fe6123a9000 rw-p 00015000 00:13 2418403                    /home/andrey/.javacpp/cache/opencv-3.2.0-1.3-linux-x86_64.jar/org/bytedeco/javacpp/linux-x86_64/libjniopencv_videoio.so
7fe6123a9000-7fe6123b0000 r-xp 00000000 00:13 2026335                    /usr/lib/libdatrie.so.1.3.3
7fe6123b0000-7fe6125af000 ---p 00007000 00:13 2026335                    /usr/lib/libdatrie.so.1.3.3
7fe6125af000-7fe6125b0000 r--p 00006000 00:13 2026335                    /usr/lib/libdatrie.so.1.3.3
7fe6125b0000-7fe6125b1000 rw-p 00007000 00:13 2026335                    /usr/lib/libdatrie.so.1.3.3
7fe6125b1000-7fe6125c1000 r-xp 00000000 00:13 2117097                    /usr/lib/libGLX.so.0.0.0
7fe6125c1000-7fe6127c0000 ---p 00010000 00:13 2117097                    /usr/lib/libGLX.so.0.0.0
7fe6127c0000-7fe6127c1000 r--p 0000f000 00:13 2117097                    /usr/lib/libGLX.so.0.0.0
7fe6127c1000-7fe6127c2000 rw-p 00010000 00:13 2117097                    /usr/lib/libGLX.so.0.0.0
7fe6127c2000-7fe6127e2000 rw-p 00000000 00:00 0 
7fe6127e2000-7fe6127e7000 r-xp 00000000 00:13 42076                      /usr/lib/libXdmcp.so.6.0.0
7fe6127e7000-7fe6129e6000 ---p 00005000 00:13 42076                      /usr/lib/libXdmcp.so.6.0.0
7fe6129e6000-7fe6129e7000 r--p 00004000 00:13 42076                      /usr/lib/libXdmcp.so.6.0.0
7fe6129e7000-7fe6129e8000 rw-p 00005000 00:13 42076                      /usr/lib/libXdmcp.so.6.0.0
7fe6129e8000-7fe6129ea000 r-xp 00000000 00:13 42085                      /usr/lib/libXau.so.6.0.0
7fe6129ea000-7fe612bea000 ---p 00002000 00:13 42085                      /usr/lib/libXau.so.6.0.0
7fe612bea000-7fe612beb000 r--p 00002000 00:13 42085                      /usr/lib/libXau.so.6.0.0
7fe612beb000-7fe612bec000 rw-p 00003000 00:13 42085                      /usr/lib/libXau.so.6.0.0
7fe612bec000-7fe612c5a000 r-xp 00000000 00:13 2117094                    /usr/lib/libGLdispatch.so.0.0.0
7fe612c5a000-7fe612e59000 ---p 0006e000 00:13 2117094                    /usr/lib/libGLdispatch.so.0.0.0
7fe612e59000-7fe612e81000 r--p 0006d000 00:13 2117094                    /usr/lib/libGLdispatch.so.0.0.0
7fe612e81000-7fe612e82000 rw-p 00095000 00:13 2117094                    /usr/lib/libGLdispatch.so.0.0.0
7fe612e82000-7fe612ea2000 rw-p 00000000 00:00 0 
7fe612ea2000-7fe612ecc000 r-xp 00000000 00:13 586151                     /usr/lib/libgraphite2.so.3.0.1
7fe612ecc000-7fe6130cb000 ---p 0002a000 00:13 586151                     /usr/lib/libgraphite2.so.3.0.1
7fe6130cb000-7fe6130cd000 r--p 00029000 00:13 586151                     /usr/lib/libgraphite2.so.3.0.1
7fe6130cd000-7fe6130ce000 rw-p 0002b000 00:13 586151                     /usr/lib/libgraphite2.so.3.0.1
7fe6130ce000-7fe6130d2000 r-xp 00000000 00:13 2024957                    /usr/lib/libuuid.so.1.3.0
7fe6130d2000-7fe6132d1000 ---p 00004000 00:13 2024957                    /usr/lib/libuuid.so.1.3.0
7fe6132d1000-7fe6132d2000 r--p 00003000 00:13 2024957                    /usr/lib/libuuid.so.1.3.0
7fe6132d2000-7fe6132d3000 rw-p 00004000 00:13 2024957                    /usr/lib/libuuid.so.1.3.0
7fe6132d3000-7fe613314000 r-xp 00000000 00:13 2024958                    /usr/lib/libblkid.so.1.1.0
7fe613314000-7fe613513000 ---p 00041000 00:13 2024958                    /usr/lib/libblkid.so.1.1.0
7fe613513000-7fe613517000 r--p 00040000 00:13 2024958                    /usr/lib/libblkid.so.1.1.0
7fe613517000-7fe613518000 rw-p 00044000 00:13 2024958                    /usr/lib/libblkid.so.1.1.0
7fe613518000-7fe613519000 rw-p 00000000 00:00 0 
7fe613519000-7fe61358b000 r-xp 00000000 00:13 1605008                    /usr/lib/libpcre.so.1.2.8
7fe61358b000-7fe61378a000 ---p 00072000 00:13 1605008                    /usr/lib/libpcre.so.1.2.8
7fe61378a000-7fe61378b000 r--p 00071000 00:13 1605008                    /usr/lib/libpcre.so.1.2.8
7fe61378b000-7fe61378c000 rw-p 00072000 00:13 1605008                    /usr/lib/libpcre.so.1.2.8
7fe61378c000-7fe613793000 r-xp 00000000 00:13 17402                      /usr/lib/libffi.so.6.0.4
7fe613793000-7fe613993000 ---p 00007000 00:13 17402                      /usr/lib/libffi.so.6.0.4
7fe613993000-7fe613994000 r--p 00007000 00:13 17402                      /usr/lib/libffi.so.6.0.4
7fe613994000-7fe613995000 rw-p 00008000 00:13 17402                      /usr/lib/libffi.so.6.0.4
7fe613995000-7fe6139bc000 r-xp 00000000 00:13 12033                      /usr/lib/libexpat.so.1.6.2
7fe6139bc000-7fe613bbc000 ---p 00027000 00:13 12033                      /usr/lib/libexpat.so.1.6.2
7fe613bbc000-7fe613bbe000 r--p 00027000 00:13 12033                      /usr/lib/libexpat.so.1.6.2
7fe613bbe000-7fe613bbf000 rw-p 00029000 00:13 12033                      /usr/lib/libexpat.so.1.6.2
7fe613bbf000-7fe613bce000 r-xp 00000000 00:13 1313099                    /usr/lib/libbz2.so.1.0.6
7fe613bce000-7fe613dcd000 ---p 0000f000 00:13 1313099                    /usr/lib/libbz2.so.1.0.6
7fe613dcd000-7fe613dce000 r--p 0000e000 00:13 1313099                    /usr/lib/libbz2.so.1.0.6
7fe613dce000-7fe613dcf000 rw-p 0000f000 00:13 1313099                    /usr/lib/libbz2.so.1.0.6
7fe613dcf000-7fe613dd7000 r-xp 00000000 00:13 1621406                    /usr/lib/libthai.so.0.3.0
7fe613dd7000-7fe613fd7000 ---p 00008000 00:13 1621406                    /usr/lib/libthai.so.0.3.0
7fe613fd7000-7fe613fd8000 r--p 00008000 00:13 1621406                    /usr/lib/libthai.so.0.3.0
7fe613fd8000-7fe613fd9000 rw-p 00009000 00:13 1621406                    /usr/lib/libthai.so.0.3.0
7fe613fd9000-7fe614049000 r-xp 00000000 00:13 2117098                    /usr/lib/libGL.so.1.0.0
7fe614049000-7fe614248000 ---p 00070000 00:13 2117098                    /usr/lib/libGL.so.1.0.0
7fe614248000-7fe614262000 r--p 0006f000 00:13 2117098                    /usr/lib/libGL.so.1.0.0
7fe614262000-7fe614263000 rw-p 00089000 00:13 2117098                    /usr/lib/libGL.so.1.0.0
7fe614263000-7fe614264000 rw-p 00000000 00:00 0 
7fe614264000-7fe614270000 r-xp 00000000 00:13 42162                      /usr/lib/libxcb-render.so.0.0.0
7fe614270000-7fe614470000 ---p 0000c000 00:13 42162                      /usr/lib/libxcb-render.so.0.0.0
7fe614470000-7fe614471000 r--p 0000c000 00:13 42162                      /usr/lib/libxcb-render.so.0.0.0
7fe614471000-7fe614472000 rw-p 0000d000 00:13 42162                      /usr/lib/libxcb-render.so.0.0.0
7fe614472000-7fe61449a000 r-xp 00000000 00:13 42152                      /usr/lib/libxcb.so.1.1.0
7fe61449a000-7fe614699000 ---p 00028000 00:13 42152                      /usr/lib/libxcb.so.1.1.0
7fe614699000-7fe61469a000 r--p 00027000 00:13 42152                      /usr/lib/libxcb.so.1.1.0
7fe61469a000-7fe61469b000 rw-p 00028000 00:13 42152                      /usr/lib/libxcb.so.1.1.0
7fe61469b000-7fe61469d000 r-xp 00000000 00:13 42166                      /usr/lib/libxcb-shm.so.0.0.0
7fe61469d000-7fe61489d000 ---p 00002000 00:13 42166                      /usr/lib/libxcb-shm.so.0.0.0
7fe61489d000-7fe61489e000 r--p 00002000 00:13 42166                      /usr/lib/libxcb-shm.so.0.0.0
7fe61489e000-7fe61489f000 rw-p 00003000 00:13 42166                      /usr/lib/libxcb-shm.so.0.0.0
7fe61489f000-7fe6148b1000 r-xp 00000000 00:13 2117096                    /usr/lib/libEGL.so.1.0.0
7fe6148b1000-7fe614ab0000 ---p 00012000 00:13 2117096                    /usr/lib/libEGL.so.1.0.0
7fe614ab0000-7fe614ab1000 r--p 00011000 00:13 2117096                    /usr/lib/libEGL.so.1.0.0
7fe614ab1000-7fe614ab2000 rw-p 00012000 00:13 2117096                    /usr/lib/libEGL.so.1.0.0
7fe614ab2000-7fe614b51000 r-xp 00000000 00:13 46386                      /usr/lib/libpixman-1.so.0.34.0
7fe614b51000-7fe614d51000 ---p 0009f000 00:13 46386                      /usr/lib/libpixman-1.so.0.34.0
7fe614d51000-7fe614d59000 r--p 0009f000 00:13 46386                      /usr/lib/libpixman-1.so.0.34.0
7fe614d59000-7fe614d5a000 rw-p 000a7000 00:13 46386                      /usr/lib/libpixman-1.so.0.34.0
7fe614d5a000-7fe614d8f000 r-xp 00000000 00:13 1420659                    /usr/lib/libpng16.so.16.28.0
7fe614d8f000-7fe614f8e000 ---p 00035000 00:13 1420659                    /usr/lib/libpng16.so.16.28.0
7fe614f8e000-7fe614f8f000 r--p 00034000 00:13 1420659                    /usr/lib/libpng16.so.16.28.0
7fe614f8f000-7fe614f90000 rw-p 00035000 00:13 1420659                    /usr/lib/libpng16.so.16.28.0
7fe614f90000-7fe61501e000 r-xp 00000000 00:13 2362619                    /usr/lib/libharfbuzz.so.0.10400.5
7fe61501e000-7fe61521d000 ---p 0008e000 00:13 2362619                    /usr/lib/libharfbuzz.so.0.10400.5
7fe61521d000-7fe61521f000 r--p 0008d000 00:13 2362619                    /usr/lib/libharfbuzz.so.0.10400.5
7fe61521f000-7fe615220000 rw-p 0008f000 00:13 2362619                    /usr/lib/libharfbuzz.so.0.10400.5
7fe615220000-7fe61526a000 r-xp 00000000 00:13 2024959                    /usr/lib/libmount.so.1.1.0
7fe61526a000-7fe61546a000 ---p 0004a000 00:13 2024959                    /usr/lib/libmount.so.1.1.0
7fe61546a000-7fe61546b000 r--p 0004a000 00:13 2024959                    /usr/lib/libmount.so.1.1.0
7fe61546b000-7fe61546c000 rw-p 0004b000 00:13 2024959                    /usr/lib/libmount.so.1.1.0
7fe61546c000-7fe61546e000 rw-p 00000000 00:00 0 
7fe61546e000-7fe615481000 r-xp 00000000 00:13 2157401                    /usr/lib/libresolv-2.25.so
7fe615481000-7fe615680000 ---p 00013000 00:13 2157401                    /usr/lib/libresolv-2.25.so
7fe615680000-7fe615681000 r--p 00012000 00:13 2157401                    /usr/lib/libresolv-2.25.so
7fe615681000-7fe615682000 rw-p 00013000 00:13 2157401                    /usr/lib/libresolv-2.25.so
7fe615682000-7fe615684000 rw-p 00000000 00:00 0 
7fe615684000-7fe615695000 r-xp 00000000 00:13 45923                      /usr/lib/libXext.so.6.4.0
7fe615695000-7fe615894000 ---p 00011000 00:13 45923                      /usr/lib/libXext.so.6.4.0
7fe615894000-7fe615895000 r--p 00010000 00:13 45923                      /usr/lib/libXext.so.6.4.0
7fe615895000-7fe615896000 rw-p 00011000 00:13 45923                      /usr/lib/libXext.so.6.4.0
7fe615896000-7fe615898000 r-xp 00000000 00:13 46013                      /usr/lib/libXdamage.so.1.1.0
7fe615898000-7fe615a97000 ---p 00002000 00:13 46013                      /usr/lib/libXdamage.so.1.1.0
7fe615a97000-7fe615a98000 r--p 00001000 00:13 46013                      /usr/lib/libXdamage.so.1.1.0
7fe615a98000-7fe615a99000 rw-p 00002000 00:13 46013                      /usr/lib/libXdamage.so.1.1.0
7fe615a99000-7fe615a9b000 r-xp 00000000 00:13 49664                      /usr/lib/libXcomposite.so.1.0.0
7fe615a9b000-7fe615c9a000 ---p 00002000 00:13 49664                      /usr/lib/libXcomposite.so.1.0.0
7fe615c9a000-7fe615c9b000 r--p 00001000 00:13 49664                      /usr/lib/libXcomposite.so.1.0.0
7fe615c9b000-7fe615c9c000 rw-p 00002000 00:13 49664                      /usr/lib/libXcomposite.so.1.0.0
7fe615c9c000-7fe615ca6000 r-xp 00000000 00:13 49470                      /usr/lib/libXcursor.so.1.0.2
7fe615ca6000-7fe615ea5000 ---p 0000a000 00:13 49470                      /usr/lib/libXcursor.so.1.0.2
7fe615ea5000-7fe615ea6000 r--p 00009000 00:13 49470                      /usr/lib/libXcursor.so.1.0.2
7fe615ea6000-7fe615ea7000 rw-p 0000a000 00:13 49470                      /usr/lib/libXcursor.so.1.0.2
7fe615ea7000-7fe615eb1000 r-xp 00000000 00:13 49332                      /usr/lib/libXrandr.so.2.2.0
7fe615eb1000-7fe6160b0000 ---p 0000a000 00:13 49332                      /usr/lib/libXrandr.so.2.2.0
7fe6160b0000-7fe6160b1000 r--p 00009000 00:13 49332                      /usr/lib/libXrandr.so.2.2.0
7fe6160b1000-7fe6160b2000 rw-p 0000a000 00:13 49332                      /usr/lib/libXrandr.so.2.2.0
7fe6160b2000-7fe6160c1000 r-xp 00000000 00:13 1621381                    /usr/lib/libXi.so.6.1.0
7fe6160c1000-7fe6162c1000 ---p 0000f000 00:13 1621381                    /usr/lib/libXi.so.6.1.0
7fe6162c1000-7fe6162c2000 r--p 0000f000 00:13 1621381                    /usr/lib/libXi.so.6.1.0
7fe6162c2000-7fe6162c3000 rw-p 00010000 00:13 1621381                    /usr/lib/libXi.so.6.1.0
7fe6162c3000-7fe6162c5000 r-xp 00000000 00:13 49376                      /usr/lib/libXinerama.so.1.0.0
7fe6162c5000-7fe6164c4000 ---p 00002000 00:13 49376                      /usr/lib/libXinerama.so.1.0.0
7fe6164c4000-7fe6164c5000 r--p 00001000 00:13 49376                      /usr/lib/libXinerama.so.1.0.0
7fe6164c5000-7fe6164c6000 rw-p 00002000 00:13 49376                      /usr/lib/libXinerama.so.1.0.0
7fe6164c6000-7fe6164cf000 r-xp 00000000 00:13 49308                      /usr/lib/libXrender.so.1.3.0
7fe6164cf000-7fe6166cf000 ---p 00009000 00:13 49308                      /usr/lib/libXrender.so.1.3.0
7fe6166cf000-7fe6166d0000 r--p 00009000 00:13 49308                      /usr/lib/libXrender.so.1.3.0
7fe6166d0000-7fe6166d1000 rw-p 0000a000 00:13 49308                      /usr/lib/libXrender.so.1.3.0
7fe6166d1000-7fe6166d6000 r-xp 00000000 00:13 45985                      /usr/lib/libXfixes.so.3.1.0
7fe6166d6000-7fe6168d5000 ---p 00005000 00:13 45985                      /usr/lib/libXfixes.so.3.1.0
7fe6168d5000-7fe6168d6000 r--p 00004000 00:13 45985                      /usr/lib/libXfixes.so.3.1.0
7fe6168d6000-7fe6168d7000 rw-p 00005000 00:13 45985                      /usr/lib/libXfixes.so.3.1.0
7fe6168d7000-7fe616a10000 r-xp 00000000 00:13 2117005                    /usr/lib/libX11.so.6.3.0
7fe616a10000-7fe616c10000 ---p 00139000 00:13 2117005                    /usr/lib/libX11.so.6.3.0
7fe616c10000-7fe616c11000 r--p 00139000 00:13 2117005                    /usr/lib/libX11.so.6.3.0
7fe616c11000-7fe616c16000 rw-p 0013a000 00:13 2117005                    /usr/lib/libX11.so.6.3.0
7fe616c16000-7fe616d27000 r-xp 00000000 00:13 1944044                    /usr/lib/libglib-2.0.so.0.5000.3
7fe616d27000-7fe616f26000 ---p 00111000 00:13 1944044                    /usr/lib/libglib-2.0.so.0.5000.3
7fe616f26000-7fe616f27000 r--p 00110000 00:13 1944044                    /usr/lib/libglib-2.0.so.0.5000.3
7fe616f27000-7fe616f28000 rw-p 00111000 00:13 1944044                    /usr/lib/libglib-2.0.so.0.5000.3
7fe616f28000-7fe616f29000 rw-p 00000000 00:00 0 
7fe616f29000-7fe616f2a000 r-xp 00000000 00:13 1944046                    /usr/lib/libgthread-2.0.so.0.5000.3
7fe616f2a000-7fe617129000 ---p 00001000 00:13 1944046                    /usr/lib/libgthread-2.0.so.0.5000.3
7fe617129000-7fe61712a000 r--p 00000000 00:13 1944046                    /usr/lib/libgthread-2.0.so.0.5000.3
7fe61712a000-7fe61712b000 rw-p 00001000 00:13 1944046                    /usr/lib/libgthread-2.0.so.0.5000.3
7fe61712b000-7fe61712e000 r-xp 00000000 00:13 1944045                    /usr/lib/libgmodule-2.0.so.0.5000.3
7fe61712e000-7fe61732d000 ---p 00003000 00:13 1944045                    /usr/lib/libgmodule-2.0.so.0.5000.3
7fe61732d000-7fe61732e000 r--p 00002000 00:13 1944045                    /usr/lib/libgmodule-2.0.so.0.5000.3
7fe61732e000-7fe61732f000 rw-p 00003000 00:13 1944045                    /usr/lib/libgmodule-2.0.so.0.5000.3
7fe61732f000-7fe617380000 r-xp 00000000 00:13 1944047                    /usr/lib/libgobject-2.0.so.0.5000.3
7fe617380000-7fe61757f000 ---p 00051000 00:13 1944047                    /usr/lib/libgobject-2.0.so.0.5000.3
7fe61757f000-7fe617580000 r--p 00050000 00:13 1944047                    /usr/lib/libgobject-2.0.so.0.5000.3
7fe617580000-7fe617581000 rw-p 00051000 00:13 1944047                    /usr/lib/libgobject-2.0.so.0.5000.3
7fe617581000-7fe6175bf000 r-xp 00000000 00:13 1466723                    /usr/lib/libfontconfig.so.1.9.2
7fe6175bf000-7fe6177be000 ---p 0003e000 00:13 1466723                    /usr/lib/libfontconfig.so.1.9.2
7fe6177be000-7fe6177c0000 r--p 0003d000 00:13 1466723                    /usr/lib/libfontconfig.so.1.9.2
7fe6177c0000-7fe6177c5000 rw-p 0003f000 00:13 1466723                    /usr/lib/libfontconfig.so.1.9.2
7fe6177c5000-7fe61787f000 r-xp 00000000 00:13 1313415                    /usr/lib/libfreetype.so.6.13.0
7fe61787f000-7fe617a7f000 ---p 000ba000 00:13 1313415                    /usr/lib/libfreetype.so.6.13.0
7fe617a7f000-7fe617a85000 r--p 000ba000 00:13 1313415                    /usr/lib/libfreetype.so.6.13.0
7fe617a85000-7fe617a86000 rw-p 000c0000 00:13 1313415                    /usr/lib/libfreetype.so.6.13.0
7fe617a86000-7fe617acf000 r-xp 00000000 00:13 2118048                    /usr/lib/libpango-1.0.so.0.4000.4
7fe617acf000-7fe617ccf000 ---p 00049000 00:13 2118048                    /usr/lib/libpango-1.0.so.0.4000.4
7fe617ccf000-7fe617cd1000 r--p 00049000 00:13 2118048                    /usr/lib/libpango-1.0.so.0.4000.4
7fe617cd1000-7fe617cd2000 rw-p 0004b000 00:13 2118048                    /usr/lib/libpango-1.0.so.0.4000.4
7fe617cd2000-7fe617dfb000 r-xp 00000000 00:13 953451                     /usr/lib/libcairo.so.2.11400.8
7fe617dfb000-7fe617ffa000 ---p 00129000 00:13 953451                     /usr/lib/libcairo.so.2.11400.8
7fe617ffa000-7fe617ffd000 r--p 00128000 00:13 953451                     /usr/lib/libcairo.so.2.11400.8
7fe617ffd000-7fe617fff000 rw-p 0012b000 00:13 953451                     /usr/lib/libcairo.so.2.11400.8
7fe617fff000-7fe618000000 rw-p 00000000 00:00 0 
7fe618000000-7fe61a057000 rw-p 00000000 00:00 0 
7fe61a057000-7fe61c000000 ---p 00000000 00:00 0 
7fe61c068000-7fe61c08e000 r-xp 00000000 00:13 1944921                    /usr/lib/libgdk_pixbuf-2.0.so.0.3600.5
7fe61c08e000-7fe61c28d000 ---p 00026000 00:13 1944921                    /usr/lib/libgdk_pixbuf-2.0.so.0.3600.5
7fe61c28d000-7fe61c28e000 r--p 00025000 00:13 1944921                    /usr/lib/libgdk_pixbuf-2.0.so.0.3600.5
7fe61c28e000-7fe61c28f000 rw-p 00026000 00:13 1944921                    /usr/lib/libgdk_pixbuf-2.0.so.0.3600.5
7fe61c28f000-7fe61c29b000 r-xp 00000000 00:13 2118051                    /usr/lib/libpangocairo-1.0.so.0.4000.4
7fe61c29b000-7fe61c49a000 ---p 0000c000 00:13 2118051                    /usr/lib/libpangocairo-1.0.so.0.4000.4
7fe61c49a000-7fe61c49b000 r--p 0000b000 00:13 2118051                    /usr/lib/libpangocairo-1.0.so.0.4000.4
7fe61c49b000-7fe61c49c000 rw-p 0000c000 00:13 2118051                    /usr/lib/libpangocairo-1.0.so.0.4000.4
7fe61c49c000-7fe61c4b0000 r-xp 00000000 00:13 2118049                    /usr/lib/libpangoft2-1.0.so.0.4000.4
7fe61c4b0000-7fe61c6af000 ---p 00014000 00:13 2118049                    /usr/lib/libpangoft2-1.0.so.0.4000.4
7fe61c6af000-7fe61c6b0000 r--p 00013000 00:13 2118049                    /usr/lib/libpangoft2-1.0.so.0.4000.4
7fe61c6b0000-7fe61c6b1000 rw-p 00014000 00:13 2118049                    /usr/lib/libpangoft2-1.0.so.0.4000.4
7fe61c6b1000-7fe61c83c000 r-xp 00000000 00:13 1944048                    /usr/lib/libgio-2.0.so.0.5000.3
7fe61c83c000-7fe61ca3c000 ---p 0018b000 00:13 1944048                    /usr/lib/libgio-2.0.so.0.5000.3
7fe61ca3c000-7fe61ca41000 r--p 0018b000 00:13 1944048                    /usr/lib/libgio-2.0.so.0.5000.3
7fe61ca41000-7fe61ca43000 rw-p 00190000 00:13 1944048                    /usr/lib/libgio-2.0.so.0.5000.3
7fe61ca43000-7fe61ca45000 rw-p 00000000 00:00 0 
7fe61ca45000-7fe61ca68000 r-xp 00000000 00:13 2399192                    /usr/lib/libatk-1.0.so.0.22409.1
7fe61ca68000-7fe61cc67000 ---p 00023000 00:13 2399192                    /usr/lib/libatk-1.0.so.0.22409.1
7fe61cc67000-7fe61cc6a000 r--p 00022000 00:13 2399192                    /usr/lib/libatk-1.0.so.0.22409.1
7fe61cc6a000-7fe61cc6b000 rw-p 00025000 00:13 2399192                    /usr/lib/libatk-1.0.so.0.22409.1
7fe61cc6b000-7fe61cd1b000 r-xp 00000000 00:13 62699                      /usr/lib/libgdk-x11-2.0.so.0.2400.31
7fe61cd1b000-7fe61cf1a000 ---p 000b0000 00:13 62699                      /usr/lib/libgdk-x11-2.0.so.0.2400.31
7fe61cf1a000-7fe61cf1e000 r--p 000af000 00:13 62699                      /usr/lib/libgdk-x11-2.0.so.0.2400.31
7fe61cf1e000-7fe61cf20000 rw-p 000b3000 00:13 62699                      /usr/lib/libgdk-x11-2.0.so.0.2400.31
7fe61cf20000-7fe61d353000 r-xp 00000000 00:13 62700                      /usr/lib/libgtk-x11-2.0.so.0.2400.31
7fe61d353000-7fe61d552000 ---p 00433000 00:13 62700                      /usr/lib/libgtk-x11-2.0.so.0.2400.31
7fe61d552000-7fe61d559000 r--p 00432000 00:13 62700                      /usr/lib/libgtk-x11-2.0.so.0.2400.31
7fe61d559000-7fe61d55d000 rw-p 00439000 00:13 62700                      /usr/lib/libgtk-x11-2.0.so.0.2400.31
7fe61d55d000-7fe61d560000 rw-p 00000000 00:00 0 
7fe61d560000-7fe61d57a000 r-xp 00000000 00:13 2418402                    /home/andrey/.javacpp/cache/opencv-3.2.0-1.3-linux-x86_64.jar/org/bytedeco/javacpp/linux-x86_64/libopencv_videoio.so.3.2
7fe61d57a000-7fe61d77a000 ---p 0001a000 00:13 2418402                    /home/andrey/.javacpp/cache/opencv-3.2.0-1.3-linux-x86_64.jar/org/bytedeco/javacpp/linux-x86_64/libopencv_videoio.so.3.2
7fe61d77a000-7fe61d77b000 rw-p 0001a000 00:13 2418402                    /home/andrey/.javacpp/cache/opencv-3.2.0-1.3-linux-x86_64.jar/org/bytedeco/javacpp/linux-x86_64/libopencv_videoio.so.3.2
7fe61d77b000-7fe61d97e000 rw-p 00000000 00:00 0 
7fe61d97e000-7fe61f0ea000 rw-p 00000000 00:00 0 
7fe61f0ea000-7fe61f10f000 r-xp 00000000 00:13 2418401                    /home/andrey/.javacpp/cache/opencv-3.2.0-1.3-linux-x86_64.jar/org/bytedeco/javacpp/linux-x86_64/libjniopencv_imgcodecs.so
7fe61f10f000-7fe61f30e000 ---p 00025000 00:13 2418401                    /home/andrey/.javacpp/cache/opencv-3.2.0-1.3-linux-x86_64.jar/org/bytedeco/javacpp/linux-x86_64/libjniopencv_imgcodecs.so
7fe61f30e000-7fe61f30f000 rw-p 00024000 00:13 2418401                    /home/andrey/.javacpp/cache/opencv-3.2.0-1.3-linux-x86_64.jar/org/bytedeco/javacpp/linux-x86_64/libjniopencv_imgcodecs.so
7fe61f30f000-7fe61f549000 r-xp 00000000 00:13 2418400                    /home/andrey/.javacpp/cache/opencv-3.2.0-1.3-linux-x86_64.jar/org/bytedeco/javacpp/linux-x86_64/libopencv_imgcodecs.so.3.2
7fe61f549000-7fe61f749000 ---p 0023a000 00:13 2418400                    /home/andrey/.javacpp/cache/opencv-3.2.0-1.3-linux-x86_64.jar/org/bytedeco/javacpp/linux-x86_64/libopencv_imgcodecs.so.3.2
7fe61f749000-7fe61f757000 rw-p 0023a000 00:13 2418400                    /home/andrey/.javacpp/cache/opencv-3.2.0-1.3-linux-x86_64.jar/org/bytedeco/javacpp/linux-x86_64/libopencv_imgcodecs.so.3.2
7fe61f757000-7fe61f762000 rw-p 00000000 00:00 0 
7fe61f762000-7fe61f86c000 r-xp 00000000 00:13 2418399                    /home/andrey/.javacpp/cache/opencv-3.2.0-1.3-linux-x86_64.jar/org/bytedeco/javacpp/linux-x86_64/libjniopencv_imgproc.so
7fe61f86c000-7fe61fa6b000 ---p 0010a000 00:13 2418399                    /home/andrey/.javacpp/cache/opencv-3.2.0-1.3-linux-x86_64.jar/org/bytedeco/javacpp/linux-x86_64/libjniopencv_imgproc.so
7fe61fa6b000-7fe61fa6d000 rw-p 00109000 00:13 2418399                    /home/andrey/.javacpp/cache/opencv-3.2.0-1.3-linux-x86_64.jar/org/bytedeco/javacpp/linux-x86_64/libjniopencv_imgproc.so
7fe61fa6d000-7fe61fb6e000 rwxp 00000000 00:00 0 
7fe61fb6e000-7fe61fdfd000 r-xp 00000000 00:13 2418398                    /home/andrey/.javacpp/cache/opencv-3.2.0-1.3-linux-x86_64.jar/org/bytedeco/javacpp/linux-x86_64/libjniopencv_core.so
7fe61fdfd000-7fe61fffc000 ---p 0028f000 00:13 2418398                    /home/andrey/.javacpp/cache/opencv-3.2.0-1.3-linux-x86_64.jar/org/bytedeco/javacpp/linux-x86_64/libjniopencv_core.so
7fe61fffc000-7fe61ffff000 rw-p 0028e000 00:13 2418398                    /home/andrey/.javacpp/cache/opencv-3.2.0-1.3-linux-x86_64.jar/org/bytedeco/javacpp/linux-x86_64/libjniopencv_core.so
7fe61ffff000-7fe620000000 rw-p 00000000 00:00 0 
7fe620000000-7fe620021000 rw-p 00000000 00:00 0 
7fe620021000-7fe624000000 ---p 00000000 00:00 0 
7fe624000000-7fe624021000 rw-p 00000000 00:00 0 
7fe624021000-7fe628000000 ---p 00000000 00:00 0 
7fe628000000-7fe628863000 rw-p 00000000 00:00 0 
7fe628863000-7fe62c000000 ---p 00000000 00:00 0 
7fe62c000000-7fe62c207000 rw-p 00000000 00:00 0 
7fe62c207000-7fe630000000 ---p 00000000 00:00 0 
7fe630000000-7fe630021000 rw-p 00000000 00:00 0 
7fe630021000-7fe634000000 ---p 00000000 00:00 0 
7fe634000000-7fe634021000 rw-p 00000000 00:00 0 
7fe634021000-7fe638000000 ---p 00000000 00:00 0 
7fe638000000-7fe638021000 rw-p 00000000 00:00 0 
7fe638021000-7fe63c000000 ---p 00000000 00:00 0 
7fe63c000000-7fe63c021000 rw-p 00000000 00:00 0 
7fe63c021000-7fe640000000 ---p 00000000 00:00 0 
7fe640000000-7fe640021000 rw-p 00000000 00:00 0 
7fe640021000-7fe644000000 ---p 00000000 00:00 0 
7fe644000000-7fe644021000 rw-p 00000000 00:00 0 
7fe644021000-7fe648000000 ---p 00000000 00:00 0 
7fe648000000-7fe648021000 rw-p 00000000 00:00 0 
7fe648021000-7fe64c000000 ---p 00000000 00:00 0 
7fe64c000000-7fe64c021000 rw-p 00000000 00:00 0 
7fe64c021000-7fe650000000 ---p 00000000 00:00 0 
7fe650000000-7fe650021000 rw-p 00000000 00:00 0 
7fe650021000-7fe654000000 ---p 00000000 00:00 0 
7fe65405a000-7fe65429b000 r-xp 00000000 00:13 2418397                    /home/andrey/.javacpp/cache/opencv-3.2.0-1.3-linux-x86_64.jar/org/bytedeco/javacpp/linux-x86_64/libopencv_imgproc.so.3.2
7fe65429b000-7fe65449b000 ---p 00241000 00:13 2418397                    /home/andrey/.javacpp/cache/opencv-3.2.0-1.3-linux-x86_64.jar/org/bytedeco/javacpp/linux-x86_64/libopencv_imgproc.so.3.2
7fe65449b000-7fe6544ad000 rw-p 00241000 00:13 2418397                    /home/andrey/.javacpp/cache/opencv-3.2.0-1.3-linux-x86_64.jar/org/bytedeco/javacpp/linux-x86_64/libopencv_imgproc.so.3.2
7fe6544ad000-7fe654542000 rw-p 00000000 00:00 0 
7fe654542000-7fe654558000 r-xp 00000000 00:13 2159154                    /usr/lib/libgcc_s.so.1
7fe654558000-7fe654757000 ---p 00016000 00:13 2159154                    /usr/lib/libgcc_s.so.1
7fe654757000-7fe654758000 r--p 00015000 00:13 2159154                    /usr/lib/libgcc_s.so.1
7fe654758000-7fe654759000 rw-p 00016000 00:13 2159154                    /usr/lib/libgcc_s.so.1
7fe654759000-7fe6548d1000 r-xp 00000000 00:13 2159122                    /usr/lib/libstdc++.so.6.0.22
7fe6548d1000-7fe654ad1000 ---p 00178000 00:13 2159122                    /usr/lib/libstdc++.so.6.0.22
7fe654ad1000-7fe654adb000 r--p 00178000 00:13 2159122                    /usr/lib/libstdc++.so.6.0.22
7fe654adb000-7fe654add000 rw-p 00182000 00:13 2159122                    /usr/lib/libstdc++.so.6.0.22
7fe654add000-7fe654ae1000 rw-p 00000000 00:00 0 
7fe654b09000-7fe654d21000 r-xp 00000000 00:13 2418396                    /home/andrey/.javacpp/cache/opencv-3.2.0-1.3-linux-x86_64.jar/org/bytedeco/javacpp/linux-x86_64/libopencv_core.so.3.2
7fe654d21000-7fe654f21000 ---p 00218000 00:13 2418396                    /home/andrey/.javacpp/cache/opencv-3.2.0-1.3-linux-x86_64.jar/org/bytedeco/javacpp/linux-x86_64/libopencv_core.so.3.2
7fe654f21000-7fe654f28000 rw-p 00218000 00:13 2418396                    /home/andrey/.javacpp/cache/opencv-3.2.0-1.3-linux-x86_64.jar/org/bytedeco/javacpp/linux-x86_64/libopencv_core.so.3.2
7fe654f28000-7fe654f2a000 rw-p 00000000 00:00 0 
7fe654f2a000-7fe654f40000 r-xp 00000000 00:13 1620790                    /usr/lib/jvm/java-8-openjdk/jre/lib/amd64/libnet.so
7fe654f40000-7fe65513f000 ---p 00016000 00:13 1620790                    /usr/lib/jvm/java-8-openjdk/jre/lib/amd64/libnet.so
7fe65513f000-7fe655140000 r--p 00015000 00:13 1620790                    /usr/lib/jvm/java-8-openjdk/jre/lib/amd64/libnet.so
7fe655140000-7fe655141000 rw-p 00016000 00:13 1620790                    /usr/lib/jvm/java-8-openjdk/jre/lib/amd64/libnet.so
7fe655141000-7fe655152000 r-xp 00000000 00:13 1620779                    /usr/lib/jvm/java-8-openjdk/jre/lib/amd64/libnio.so
7fe655152000-7fe655351000 ---p 00011000 00:13 1620779                    /usr/lib/jvm/java-8-openjdk/jre/lib/amd64/libnio.so
7fe655351000-7fe655352000 r--p 00010000 00:13 1620779                    /usr/lib/jvm/java-8-openjdk/jre/lib/amd64/libnio.so
7fe655352000-7fe655353000 rw-p 00011000 00:13 1620779                    /usr/lib/jvm/java-8-openjdk/jre/lib/amd64/libnio.so
7fe655353000-7fe655368000 r-xp 00000000 00:13 2418395                    /home/andrey/.javacpp/cache/opencv-3.2.0-1.3-linux-x86_64.jar/org/bytedeco/javacpp/linux-x86_64/libgomp.so.1
7fe655368000-7fe655567000 ---p 00015000 00:13 2418395                    /home/andrey/.javacpp/cache/opencv-3.2.0-1.3-linux-x86_64.jar/org/bytedeco/javacpp/linux-x86_64/libgomp.so.1
7fe655567000-7fe655568000 rw-p 00014000 00:13 2418395                    /home/andrey/.javacpp/cache/opencv-3.2.0-1.3-linux-x86_64.jar/org/bytedeco/javacpp/linux-x86_64/libgomp.so.1
7fe655568000-7fe655569000 r--s 00000000 00:13 2419215                    /home/andrey/.ivy2/cache/org.bytedeco.javacpp-presets/ffmpeg-platform/jars/ffmpeg-platform-3.2.1-1.3.jar
7fe655569000-7fe65556a000 r--s 00bdb000 00:13 2419154                    /home/andrey/.ivy2/cache/org.bytedeco.javacpp-presets/ffmpeg/jars/ffmpeg-3.2.1-1.3-windows-x86_64.jar
7fe65556a000-7fe65556c000 r--s 00b6f000 00:13 2419141                    /home/andrey/.ivy2/cache/org.bytedeco.javacpp-presets/ffmpeg/jars/ffmpeg-3.2.1-1.3-windows-x86.jar
7fe65556c000-7fe65556d000 r--s 00a78000 00:13 2419147                    /home/andrey/.ivy2/cache/org.bytedeco.javacpp-presets/ffmpeg/jars/ffmpeg-3.2.1-1.3-macosx-x86_64.jar
7fe65556d000-7fe65556f000 r--s 00b72000 00:13 2419146                    /home/andrey/.ivy2/cache/org.bytedeco.javacpp-presets/ffmpeg/jars/ffmpeg-3.2.1-1.3-linux-x86_64.jar
7fe65556f000-7fe655571000 r--s 00aa6000 00:13 2419151                    /home/andrey/.ivy2/cache/org.bytedeco.javacpp-presets/ffmpeg/jars/ffmpeg-3.2.1-1.3-linux-x86.jar
7fe655571000-7fe655573000 r--s 00cf7000 00:13 2419150                    /home/andrey/.ivy2/cache/org.bytedeco.javacpp-presets/ffmpeg/jars/ffmpeg-3.2.1-1.3-linux-ppc64le.jar
7fe655573000-7fe655575000 r--s 00a12000 00:13 2419149                    /home/andrey/.ivy2/cache/org.bytedeco.javacpp-presets/ffmpeg/jars/ffmpeg-3.2.1-1.3-linux-armhf.jar
7fe655575000-7fe655577000 r--s 00c3e000 00:13 2419152                    /home/andrey/.ivy2/cache/org.bytedeco.javacpp-presets/ffmpeg/jars/ffmpeg-3.2.1-1.3-android-x86.jar
7fe655577000-7fe655578000 r--s 00b15000 00:13 2419148                    /home/andrey/.ivy2/cache/org.bytedeco.javacpp-presets/ffmpeg/jars/ffmpeg-3.2.1-1.3-android-arm.jar
7fe655578000-7fe65557f000 r--s 00033000 00:13 2419153                    /home/andrey/.ivy2/cache/org.bytedeco.javacpp-presets/ffmpeg/jars/ffmpeg-3.2.1-1.3.jar
7fe65558b000-7fe65558d000 r--s 00019000 00:13 2167305                    /usr/share/intellijidea-ce/lib/idea_rt.jar
7fe65558d000-7fe65558e000 r--s 00000000 00:13 2419227                    /home/andrey/.ivy2/cache/org.bytedeco.javacpp-presets/videoinput-platform/jars/videoinput-platform-0.200-1.3.jar
7fe65558e000-7fe65558f000 r--s 0000b000 00:13 2419189                    /home/andrey/.ivy2/cache/org.bytedeco.javacpp-presets/videoinput/jars/videoinput-0.200-1.3-windows-x86_64.jar
7fe65558f000-7fe655590000 r--s 00009000 00:13 2419191                    /home/andrey/.ivy2/cache/org.bytedeco.javacpp-presets/videoinput/jars/videoinput-0.200-1.3-windows-x86.jar
7fe655590000-7fe655591000 r--s 00003000 00:13 2419190                    /home/andrey/.ivy2/cache/org.bytedeco.javacpp-presets/videoinput/jars/videoinput-0.200-1.3.jar
7fe655591000-7fe655592000 r--s 00000000 00:13 2419225                    /home/andrey/.ivy2/cache/org.bytedeco.javacpp-presets/librealsense-platform/jars/librealsense-platform-1.9.6-1.3.jar
7fe655592000-7fe655593000 r--s 00076000 00:13 2419186                    /home/andrey/.ivy2/cache/org.bytedeco.javacpp-presets/librealsense/jars/librealsense-1.9.6-1.3-linux-x86_64.jar
7fe655593000-7fe655594000 r--s 00074000 00:13 2419185                    /home/andrey/.ivy2/cache/org.bytedeco.javacpp-presets/librealsense/jars/librealsense-1.9.6-1.3-linux-x86.jar
7fe655594000-7fe655597000 r--s 00009000 00:13 2419187                    /home/andrey/.ivy2/cache/org.bytedeco.javacpp-presets/librealsense/jars/librealsense-1.9.6-1.3.jar
7fe655597000-7fe655598000 r--s 00000000 00:13 2419223                    /home/andrey/.ivy2/cache/org.bytedeco.javacpp-presets/libfreenect2-platform/jars/libfreenect2-platform-0.2.0-1.3.jar
7fe655598000-7fe655599000 r--s 00061000 00:13 2419181                    /home/andrey/.ivy2/cache/org.bytedeco.javacpp-presets/libfreenect2/jars/libfreenect2-0.2.0-1.3-linux-x86_64.jar
7fe655599000-7fe65559b000 r--s 00065000 00:13 2419183                    /home/andrey/.ivy2/cache/org.bytedeco.javacpp-presets/libfreenect2/jars/libfreenect2-0.2.0-1.3-linux-x86.jar
7fe65559b000-7fe65559c000 r--s 00005000 00:13 2419182                    /home/andrey/.ivy2/cache/org.bytedeco.javacpp-presets/libfreenect2/jars/libfreenect2-0.2.0-1.3.jar
7fe65559c000-7fe65559d000 r--s 00000000 00:13 2419221                    /home/andrey/.ivy2/cache/org.bytedeco.javacpp-presets/libfreenect-platform/jars/libfreenect-platform-0.5.3-1.3.jar
7fe65559d000-7fe65559e000 r--s 0002e000 00:13 2419174                    /home/andrey/.ivy2/cache/org.bytedeco.javacpp-presets/libfreenect/jars/libfreenect-0.5.3-1.3-windows-x86_64.jar
7fe65559e000-7fe65559f000 r--s 00028000 00:13 2419177                    /home/andrey/.ivy2/cache/org.bytedeco.javacpp-presets/libfreenect/jars/libfreenect-0.5.3-1.3-windows-x86.jar
7fe65559f000-7fe6555a1000 r--s 0001a000 00:13 2419178                    /home/andrey/.ivy2/cache/org.bytedeco.javacpp-presets/libfreenect/jars/libfreenect-0.5.3-1.3-macosx-x86_64.jar
7fe6555a1000-7fe6555a2000 r--s 0001c000 00:13 2419175                    /home/andrey/.ivy2/cache/org.bytedeco.javacpp-presets/libfreenect/jars/libfreenect-0.5.3-1.3-linux-x86_64.jar
7fe6555a2000-7fe6555a3000 r--s 0001b000 00:13 2419176                    /home/andrey/.ivy2/cache/org.bytedeco.javacpp-presets/libfreenect/jars/libfreenect-0.5.3-1.3-linux-x86.jar
7fe6555a3000-7fe6555a4000 r--s 00015000 00:13 2419179                    /home/andrey/.ivy2/cache/org.bytedeco.javacpp-presets/libfreenect/jars/libfreenect-0.5.3-1.3-linux-ppc64le.jar
7fe6555a4000-7fe6555a6000 r--s 00011000 00:13 2419172                    /home/andrey/.ivy2/cache/org.bytedeco.javacpp-presets/libfreenect/jars/libfreenect-0.5.3-1.3-linux-armhf.jar
7fe6555a6000-7fe6555a8000 r--s 00004000 00:13 2419173                    /home/andrey/.ivy2/cache/org.bytedeco.javacpp-presets/libfreenect/jars/libfreenect-0.5.3-1.3.jar
7fe6555a8000-7fe6555a9000 r--s 00000000 00:13 2419219                    /home/andrey/.ivy2/cache/org.bytedeco.javacpp-presets/libdc1394-platform/jars/libdc1394-platform-2.2.4-1.3.jar
7fe6555a9000-7fe6555aa000 r--s 0002d000 00:13 2419168                    /home/andrey/.ivy2/cache/org.bytedeco.javacpp-presets/libdc1394/jars/libdc1394-2.2.4-1.3-windows-x86_64.jar
7fe6555aa000-7fe6555ac000 r--s 00032000 00:13 2419163                    /home/andrey/.ivy2/cache/org.bytedeco.javacpp-presets/libdc1394/jars/libdc1394-2.2.4-1.3-windows-x86.jar
7fe6555ac000-7fe6555ad000 r--s 00031000 00:13 2419165                    /home/andrey/.ivy2/cache/org.bytedeco.javacpp-presets/libdc1394/jars/libdc1394-2.2.4-1.3-macosx-x86_64.jar
7fe6555ad000-7fe6555af000 r--s 0002f000 00:13 2419164                    /home/andrey/.ivy2/cache/org.bytedeco.javacpp-presets/libdc1394/jars/libdc1394-2.2.4-1.3-linux-x86_64.jar
7fe6555af000-7fe6555b0000 r--s 0002d000 00:13 2419167                    /home/andrey/.ivy2/cache/org.bytedeco.javacpp-presets/libdc1394/jars/libdc1394-2.2.4-1.3-linux-x86.jar
7fe6555b0000-7fe6555b1000 r--s 00034000 00:13 2419170                    /home/andrey/.ivy2/cache/org.bytedeco.javacpp-presets/libdc1394/jars/libdc1394-2.2.4-1.3-linux-ppc64le.jar
7fe6555b1000-7fe6555b2000 r--s 0001f000 00:13 2419166                    /home/andrey/.ivy2/cache/org.bytedeco.javacpp-presets/libdc1394/jars/libdc1394-2.2.4-1.3-linux-armhf.jar
7fe6555b2000-7fe6555b4000 r--s 00006000 00:13 2419169                    /home/andrey/.ivy2/cache/org.bytedeco.javacpp-presets/libdc1394/jars/libdc1394-2.2.4-1.3.jar
7fe6555b4000-7fe6555b5000 r--s 00000000 00:13 2419217                    /home/andrey/.ivy2/cache/org.bytedeco.javacpp-presets/flycapture-platform/jars/flycapture-platform-2.9.3.43-1.3.jar
7fe6555b5000-7fe6555b6000 r--s 0003a000 00:13 2419159                    /home/andrey/.ivy2/cache/org.bytedeco.javacpp-presets/flycapture/jars/flycapture-2.9.3.43-1.3-windows-x86_64.jar
7fe6555b6000-7fe6555b8000 r--s 0002d000 00:13 2419161                    /home/andrey/.ivy2/cache/org.bytedeco.javacpp-presets/flycapture/jars/flycapture-2.9.3.43-1.3-windows-x86.jar
7fe6555b8000-7fe6555ba000 r--s 0003a000 00:13 2419158                    /home/andrey/.ivy2/cache/org.bytedeco.javacpp-presets/flycapture/jars/flycapture-2.9.3.43-1.3-linux-x86_64.jar
7fe6555ba000-7fe6555bc000 r--s 00035000 00:13 2419160                    /home/andrey/.ivy2/cache/org.bytedeco.javacpp-presets/flycapture/jars/flycapture-2.9.3.43-1.3-linux-x86.jar
7fe6555bc000-7fe6555bd000 r--s 0002d000 00:13 2419157                    /home/andrey/.ivy2/cache/org.bytedeco.javacpp-presets/flycapture/jars/flycapture-2.9.3.43-1.3-linux-armhf.jar
7fe6555bd000-7fe6555c1000 r--s 0001f000 00:13 2419156                    /home/andrey/.ivy2/cache/org.bytedeco.javacpp-presets/flycapture/jars/flycapture-2.9.3.43-1.3.jar
7fe6555c1000-7fe6555c2000 r--s 00000000 00:13 2419231                    /home/andrey/.ivy2/cache/org.bytedeco.javacpp-presets/flandmark-platform/jars/flandmark-platform-1.07-1.3.jar
7fe6555c2000-7fe6555c4000 r--s 00009000 00:13 2419213                    /home/andrey/.ivy2/cache/org.bytedeco.javacpp-presets/flandmark/jars/flandmark-1.07-1.3-windows-x86_64.jar
7fe6555c4000-7fe6555c6000 r--s 00007000 00:13 2419205                    /home/andrey/.ivy2/cache/org.bytedeco.javacpp-presets/flandmark/jars/flandmark-1.07-1.3-windows-x86.jar
7fe6555c6000-7fe6555c7000 r--s 00009000 00:13 2419206                    /home/andrey/.ivy2/cache/org.bytedeco.javacpp-presets/flandmark/jars/flandmark-1.07-1.3-macosx-x86_64.jar
7fe6555c7000-7fe6555c9000 r--s 00009000 00:13 2419212                    /home/andrey/.ivy2/cache/org.bytedeco.javacpp-presets/flandmark/jars/flandmark-1.07-1.3-linux-x86_64.jar
7fe6555c9000-7fe6555ca000 r--s 00009000 00:13 2419209                    /home/andrey/.ivy2/cache/org.bytedeco.javacpp-presets/flandmark/jars/flandmark-1.07-1.3-linux-x86.jar
7fe6555ca000-7fe6555cc000 r--s 0000a000 00:13 2419204                    /home/andrey/.ivy2/cache/org.bytedeco.javacpp-presets/flandmark/jars/flandmark-1.07-1.3-linux-ppc64le.jar
7fe6555cc000-7fe6555cd000 r--s 00008000 00:13 2419210                    /home/andrey/.ivy2/cache/org.bytedeco.javacpp-presets/flandmark/jars/flandmark-1.07-1.3-linux-armhf.jar
7fe6555cd000-7fe6555ce000 r--s 0000a000 00:13 2419207                    /home/andrey/.ivy2/cache/org.bytedeco.javacpp-presets/flandmark/jars/flandmark-1.07-1.3-android-x86.jar
7fe6555ce000-7fe6555cf000 r--s 00009000 00:13 2419211                    /home/andrey/.ivy2/cache/org.bytedeco.javacpp-presets/flandmark/jars/flandmark-1.07-1.3-android-arm.jar
7fe6555cf000-7fe6555d0000 r--s 00002000 00:13 2419208                    /home/andrey/.ivy2/cache/org.bytedeco.javacpp-presets/flandmark/jars/flandmark-1.07-1.3.jar
7fe6555d0000-7fe6555d1000 r--s 00000000 00:13 2419229                    /home/andrey/.ivy2/cache/org.bytedeco.javacpp-presets/artoolkitplus-platform/jars/artoolkitplus-platform-2.3.1-1.3.jar
7fe6555d1000-7fe6555d2000 r--s 00025000 00:13 2419199                    /home/andrey/.ivy2/cache/org.bytedeco.javacpp-presets/artoolkitplus/jars/artoolkitplus-2.3.1-1.3-windows-x86_64.jar
7fe6555d2000-7fe6555d4000 r--s 0001d000 00:13 2419196                    /home/andrey/.ivy2/cache/org.bytedeco.javacpp-presets/artoolkitplus/jars/artoolkitplus-2.3.1-1.3-windows-x86.jar
7fe6555d4000-7fe6555d5000 r--s 00029000 00:13 2419197                    /home/andrey/.ivy2/cache/org.bytedeco.javacpp-presets/artoolkitplus/jars/artoolkitplus-2.3.1-1.3-macosx-x86_64.jar
7fe6555d5000-7fe6555d6000 r--s 0002a000 00:13 2419194                    /home/andrey/.ivy2/cache/org.bytedeco.javacpp-presets/artoolkitplus/jars/artoolkitplus-2.3.1-1.3-linux-x86_64.jar
7fe6555d6000-7fe6555d7000 r--s 00026000 00:13 2419202                    /home/andrey/.ivy2/cache/org.bytedeco.javacpp-presets/artoolkitplus/jars/artoolkitplus-2.3.1-1.3-linux-x86.jar
7fe6555d7000-7fe6555d9000 r--s 0002e000 00:13 2419200                    /home/andrey/.ivy2/cache/org.bytedeco.javacpp-presets/artoolkitplus/jars/artoolkitplus-2.3.1-1.3-linux-ppc64le.jar
7fe6555d9000-7fe6555db000 r--s 00022000 00:13 2419193                    /home/andrey/.ivy2/cache/org.bytedeco.javacpp-presets/artoolkitplus/jars/artoolkitplus-2.3.1-1.3-linux-armhf.jar
7fe6555db000-7fe6555dc000 r--s 00062000 00:13 2419201                    /home/andrey/.ivy2/cache/org.bytedeco.javacpp-presets/artoolkitplus/jars/artoolkitplus-2.3.1-1.3-android-x86.jar
7fe6555dc000-7fe6555dd000 r--s 0004d000 00:13 2419195                    /home/andrey/.ivy2/cache/org.bytedeco.javacpp-presets/artoolkitplus/jars/artoolkitplus-2.3.1-1.3-android-arm.jar
7fe6555dd000-7fe6555de000 r--s 00005000 00:13 2419198                    /home/andrey/.ivy2/cache/org.bytedeco.javacpp-presets/artoolkitplus/jars/artoolkitplus-2.3.1-1.3.jar
7fe6555de000-7fe6555df000 r--s 00000000 00:13 2419138                    /home/andrey/.ivy2/cache/org.bytedeco/javacv-platform/jars/javacv-platform-1.3.2.jar
7fe6555df000-7fe6555e3000 r--s 0005b000 00:13 2419136                    /home/andrey/.ivy2/cache/org.bytedeco/javacv/jars/javacv-1.3.2.jar
7fe6555e3000-7fe6555e8000 r--s 00049000 00:13 2419139                    /home/andrey/.ivy2/cache/org.bytedeco/javacpp/jars/javacpp-1.3.2.jar
7fe6555e8000-7fe6555f9000 r--s 000a6000 00:13 2417700                    /home/andrey/.ivy2/cache/org.bytedeco.javacpp-presets/opencv/jars/opencv-3.2.0-1.3.jar
7fe6555f9000-7fe6555fb000 r--s 00b87000 00:13 2417704                    /home/andrey/.ivy2/cache/org.bytedeco.javacpp-presets/opencv/jars/opencv-3.2.0-1.3-android-arm.jar
7fe6555fb000-7fe6555fd000 r--s 00efe000 00:13 2417706                    /home/andrey/.ivy2/cache/org.bytedeco.javacpp-presets/opencv/jars/opencv-3.2.0-1.3-android-x86.jar
7fe6555fd000-7fe655600000 r--s 00a26000 00:13 2417696                    /home/andrey/.ivy2/cache/org.bytedeco.javacpp-presets/opencv/jars/opencv-3.2.0-1.3-linux-armhf.jar
7fe655600000-7fe655603000 r--s 00c39000 00:13 2417705                    /home/andrey/.ivy2/cache/org.bytedeco.javacpp-presets/opencv/jars/opencv-3.2.0-1.3-linux-ppc64le.jar
7fe655603000-7fe655606000 r--s 00a10000 00:13 2417701                    /home/andrey/.ivy2/cache/org.bytedeco.javacpp-presets/opencv/jars/opencv-3.2.0-1.3-linux-x86.jar
7fe655606000-7fe655608000 r--s 00a3c000 00:13 2417697                    /home/andrey/.ivy2/cache/org.bytedeco.javacpp-presets/opencv/jars/opencv-3.2.0-1.3-linux-x86_64.jar
7fe655608000-7fe65560a000 r--s 00aa7000 00:13 2417698                    /home/andrey/.ivy2/cache/org.bytedeco.javacpp-presets/opencv/jars/opencv-3.2.0-1.3-macosx-x86_64.jar
7fe65560a000-7fe65560c000 r--s 00a5c000 00:13 2417707                    /home/andrey/.ivy2/cache/org.bytedeco.javacpp-presets/opencv/jars/opencv-3.2.0-1.3-windows-x86.jar
7fe65560c000-7fe655644000 r--s 004d0000 00:13 2417162                    /home/andrey/.ivy2/cache/org.scala-lang/scala-library/jars/scala-library-2.12.1.jar
7fe655644000-7fe6556da000 r--s 008d8000 00:13 1876787                    /usr/lib/jvm/java-8-openjdk/jre/lib/ext/jfxrt.jar
7fe6556da000-7fe6556db000 ---p 00000000 00:00 0 
7fe6556db000-7fe6558dc000 rwxp 00000000 00:00 0 
7fe6558dc000-7fe6558dd000 ---p 00000000 00:00 0 
7fe6558dd000-7fe6559dd000 rwxp 00000000 00:00 0 
7fe6559dd000-7fe6559de000 ---p 00000000 00:00 0 
7fe6559de000-7fe655de1000 rwxp 00000000 00:00 0 
7fe655de1000-7fe655de5000 r-xp 00000000 00:13 1620791                    /usr/lib/jvm/java-8-openjdk/jre/lib/amd64/libdt_socket.so
7fe655de5000-7fe655fe4000 ---p 00004000 00:13 1620791                    /usr/lib/jvm/java-8-openjdk/jre/lib/amd64/libdt_socket.so
7fe655fe4000-7fe655fe5000 r--p 00003000 00:13 1620791                    /usr/lib/jvm/java-8-openjdk/jre/lib/amd64/libdt_socket.so
7fe655fe5000-7fe655fe6000 rw-p 00004000 00:13 1620791                    /usr/lib/jvm/java-8-openjdk/jre/lib/amd64/libdt_socket.so
7fe655fe6000-7fe6562e9000 rwxp 00000000 00:00 0 
7fe6562e9000-7fe6562ea000 ---p 00000000 00:00 0 
7fe6562ea000-7fe6563ea000 rwxp 00000000 00:00 0 
7fe6563ea000-7fe659000000 rw-p 00000000 00:00 0 
7fe659000000-7fe6593a0000 rwxp 00000000 00:00 0 
7fe6593a0000-7fe668000000 ---p 00000000 00:00 0 
7fe668000000-7fe66ae08000 rw-p 00000000 00:00 0 
7fe66ae08000-7fe66c000000 ---p 00000000 00:00 0 
7fe66c000000-7fe66c013000 r--s 00346000 00:13 1620724                    /usr/lib/jvm/java-8-openjdk/jre/lib/resources.jar
7fe66c013000-7fe66c017000 r--s 0009a000 00:13 1620727                    /usr/lib/jvm/java-8-openjdk/jre/lib/jsse.jar
7fe66c017000-7fe66c37d000 rw-p 00000000 00:00 0 
7fe66c37d000-7fe66c54c000 r--s 03c05000 00:13 1620731                    /usr/lib/jvm/java-8-openjdk/jre/lib/rt.jar
7fe66c54c000-7fe66c7a3000 rw-p 00000000 00:00 0 
7fe66c7a3000-7fe66c7a4000 ---p 00000000 00:00 0 
7fe66c7a4000-7fe66c8a4000 rwxp 00000000 00:00 0 
7fe66c8a4000-7fe66c8a5000 ---p 00000000 00:00 0 
7fe66c8a5000-7fe66c9a5000 rwxp 00000000 00:00 0 
7fe66c9a5000-7fe66c9ba000 rw-p 00000000 00:00 0 
7fe66c9ba000-7fe66cae6000 ---p 00000000 00:00 0 
7fe66cae6000-7fe66cafb000 rw-p 00000000 00:00 0 
7fe66cafb000-7fe66cc26000 ---p 00000000 00:00 0 
7fe66cc26000-7fe66cc31000 rw-p 00000000 00:00 0 
7fe66cc31000-7fe66ccc7000 ---p 00000000 00:00 0 
7fe66ccc7000-7fe66ccd7000 rw-p 00000000 00:00 0 
7fe66ccd7000-7fe66d088000 ---p 00000000 00:00 0 
7fe66d088000-7fe66d090000 r-xp 00000000 00:13 1620792                    /usr/lib/jvm/java-8-openjdk/jre/lib/amd64/libzip.so
7fe66d090000-7fe66d28f000 ---p 00008000 00:13 1620792                    /usr/lib/jvm/java-8-openjdk/jre/lib/amd64/libzip.so
7fe66d28f000-7fe66d290000 r--p 00007000 00:13 1620792                    /usr/lib/jvm/java-8-openjdk/jre/lib/amd64/libzip.so
7fe66d290000-7fe66d291000 rw-p 00008000 00:13 1620792                    /usr/lib/jvm/java-8-openjdk/jre/lib/amd64/libzip.so
7fe66d291000-7fe66d29c000 r-xp 00000000 00:13 2157408                    /usr/lib/libnss_files-2.25.so
7fe66d29c000-7fe66d49b000 ---p 0000b000 00:13 2157408                    /usr/lib/libnss_files-2.25.so
7fe66d49b000-7fe66d49c000 r--p 0000a000 00:13 2157408                    /usr/lib/libnss_files-2.25.so
7fe66d49c000-7fe66d49d000 rw-p 0000b000 00:13 2157408                    /usr/lib/libnss_files-2.25.so
7fe66d49d000-7fe66d4a3000 rw-p 00000000 00:00 0 
7fe66d4a3000-7fe66d4ae000 r-xp 00000000 00:13 2157406                    /usr/lib/libnss_nis-2.25.so
7fe66d4ae000-7fe66d6ad000 ---p 0000b000 00:13 2157406                    /usr/lib/libnss_nis-2.25.so
7fe66d6ad000-7fe66d6ae000 r--p 0000a000 00:13 2157406                    /usr/lib/libnss_nis-2.25.so
7fe66d6ae000-7fe66d6af000 rw-p 0000b000 00:13 2157406                    /usr/lib/libnss_nis-2.25.so
7fe66d6af000-7fe66d6c4000 r-xp 00000000 00:13 2157402                    /usr/lib/libnsl-2.25.so
7fe66d6c4000-7fe66d8c3000 ---p 00015000 00:13 2157402                    /usr/lib/libnsl-2.25.so
7fe66d8c3000-7fe66d8c4000 r--p 00014000 00:13 2157402                    /usr/lib/libnsl-2.25.so
7fe66d8c4000-7fe66d8c5000 rw-p 00015000 00:13 2157402                    /usr/lib/libnsl-2.25.so
7fe66d8c5000-7fe66d8c7000 rw-p 00000000 00:00 0 
7fe66d8c7000-7fe66d8ce000 r-xp 00000000 00:13 2157411                    /usr/lib/libnss_compat-2.25.so
7fe66d8ce000-7fe66dacd000 ---p 00007000 00:13 2157411                    /usr/lib/libnss_compat-2.25.so
7fe66dacd000-7fe66dace000 r--p 00006000 00:13 2157411                    /usr/lib/libnss_compat-2.25.so
7fe66dace000-7fe66dacf000 rw-p 00007000 00:13 2157411                    /usr/lib/libnss_compat-2.25.so
7fe66dacf000-7fe66dd98000 r--p 00000000 00:13 2158829                    /usr/lib/locale/locale-archive
7fe66dd98000-7fe66dd9a000 r-xp 00000000 00:13 1620789                    /usr/lib/jvm/java-8-openjdk/jre/lib/amd64/libnpt.so
7fe66dd9a000-7fe66df9a000 ---p 00002000 00:13 1620789                    /usr/lib/jvm/java-8-openjdk/jre/lib/amd64/libnpt.so
7fe66df9a000-7fe66df9b000 r--p 00002000 00:13 1620789                    /usr/lib/jvm/java-8-openjdk/jre/lib/amd64/libnpt.so
7fe66df9b000-7fe66df9c000 rw-p 00003000 00:13 1620789                    /usr/lib/jvm/java-8-openjdk/jre/lib/amd64/libnpt.so
7fe66df9c000-7fe66dfd6000 r-xp 00000000 00:13 1620766                    /usr/lib/jvm/java-8-openjdk/jre/lib/amd64/libjdwp.so
7fe66dfd6000-7fe66e1d5000 ---p 0003a000 00:13 1620766                    /usr/lib/jvm/java-8-openjdk/jre/lib/amd64/libjdwp.so
7fe66e1d5000-7fe66e1d6000 r--p 00039000 00:13 1620766                    /usr/lib/jvm/java-8-openjdk/jre/lib/amd64/libjdwp.so
7fe66e1d6000-7fe66e1d7000 rw-p 0003a000 00:13 1620766                    /usr/lib/jvm/java-8-openjdk/jre/lib/amd64/libjdwp.so
7fe66e1d7000-7fe66e204000 r-xp 00000000 00:13 1620788                    /usr/lib/jvm/java-8-openjdk/jre/lib/amd64/libjava.so
7fe66e204000-7fe66e403000 ---p 0002d000 00:13 1620788                    /usr/lib/jvm/java-8-openjdk/jre/lib/amd64/libjava.so
7fe66e403000-7fe66e404000 r--p 0002c000 00:13 1620788                    /usr/lib/jvm/java-8-openjdk/jre/lib/amd64/libjava.so
7fe66e404000-7fe66e406000 rw-p 0002d000 00:13 1620788                    /usr/lib/jvm/java-8-openjdk/jre/lib/amd64/libjava.so
7fe66e406000-7fe66e413000 r-xp 00000000 00:13 1620771                    /usr/lib/jvm/java-8-openjdk/jre/lib/amd64/libverify.so
7fe66e413000-7fe66e612000 ---p 0000d000 00:13 1620771                    /usr/lib/jvm/java-8-openjdk/jre/lib/amd64/libverify.so
7fe66e612000-7fe66e614000 r--p 0000c000 00:13 1620771                    /usr/lib/jvm/java-8-openjdk/jre/lib/amd64/libverify.so
7fe66e614000-7fe66e615000 rw-p 0000e000 00:13 1620771                    /usr/lib/jvm/java-8-openjdk/jre/lib/amd64/libverify.so
7fe66e615000-7fe66e61c000 r-xp 00000000 00:13 2157400                    /usr/lib/librt-2.25.so
7fe66e61c000-7fe66e81b000 ---p 00007000 00:13 2157400                    /usr/lib/librt-2.25.so
7fe66e81b000-7fe66e81c000 r--p 00006000 00:13 2157400                    /usr/lib/librt-2.25.so
7fe66e81c000-7fe66e81d000 rw-p 00007000 00:13 2157400                    /usr/lib/librt-2.25.so
7fe66e81d000-7fe66e92f000 r-xp 00000000 00:13 2157403                    /usr/lib/libm-2.25.so
7fe66e92f000-7fe66eb2e000 ---p 00112000 00:13 2157403                    /usr/lib/libm-2.25.so
7fe66eb2e000-7fe66eb2f000 r--p 00111000 00:13 2157403                    /usr/lib/libm-2.25.so
7fe66eb2f000-7fe66eb30000 rw-p 00112000 00:13 2157403                    /usr/lib/libm-2.25.so
7fe66eb30000-7fe66f75b000 r-xp 00000000 00:13 1620797                    /usr/lib/jvm/java-8-openjdk/jre/lib/amd64/server/libjvm.so
7fe66f75b000-7fe66f95a000 ---p 00c2b000 00:13 1620797                    /usr/lib/jvm/java-8-openjdk/jre/lib/amd64/server/libjvm.so
7fe66f95a000-7fe66f9ee000 r--p 00c2a000 00:13 1620797                    /usr/lib/jvm/java-8-openjdk/jre/lib/amd64/server/libjvm.so
7fe66f9ee000-7fe66fa17000 rw-p 00cbe000 00:13 1620797                    /usr/lib/jvm/java-8-openjdk/jre/lib/amd64/server/libjvm.so
7fe66fa17000-7fe66fa47000 rw-p 00000000 00:00 0 
7fe66fa47000-7fe66fbe2000 r-xp 00000000 00:13 2157454                    /usr/lib/libc-2.25.so
7fe66fbe2000-7fe66fde1000 ---p 0019b000 00:13 2157454                    /usr/lib/libc-2.25.so
7fe66fde1000-7fe66fde5000 r--p 0019a000 00:13 2157454                    /usr/lib/libc-2.25.so
7fe66fde5000-7fe66fde7000 rw-p 0019e000 00:13 2157454                    /usr/lib/libc-2.25.so
7fe66fde7000-7fe66fdeb000 rw-p 00000000 00:00 0 
7fe66fdeb000-7fe66fdee000 r-xp 00000000 00:13 2157404                    /usr/lib/libdl-2.25.so
7fe66fdee000-7fe66ffed000 ---p 00003000 00:13 2157404                    /usr/lib/libdl-2.25.so
7fe66ffed000-7fe66ffee000 r--p 00002000 00:13 2157404                    /usr/lib/libdl-2.25.so
7fe66ffee000-7fe66ffef000 rw-p 00003000 00:13 2157404                    /usr/lib/libdl-2.25.so
7fe66ffef000-7fe66fffc000 r-xp 00000000 00:13 1620800                    /usr/lib/jvm/java-8-openjdk/jre/lib/amd64/jli/libjli.so
7fe66fffc000-7fe6701fb000 ---p 0000d000 00:13 1620800                    /usr/lib/jvm/java-8-openjdk/jre/lib/amd64/jli/libjli.so
7fe6701fb000-7fe6701fc000 r--p 0000c000 00:13 1620800                    /usr/lib/jvm/java-8-openjdk/jre/lib/amd64/jli/libjli.so
7fe6701fc000-7fe6701fd000 rw-p 0000d000 00:13 1620800                    /usr/lib/jvm/java-8-openjdk/jre/lib/amd64/jli/libjli.so
7fe6701fd000-7fe670213000 r-xp 00000000 00:13 1552182                    /usr/lib/libz.so.1.2.11
7fe670213000-7fe670412000 ---p 00016000 00:13 1552182                    /usr/lib/libz.so.1.2.11
7fe670412000-7fe670413000 r--p 00015000 00:13 1552182                    /usr/lib/libz.so.1.2.11
7fe670413000-7fe670414000 rw-p 00016000 00:13 1552182                    /usr/lib/libz.so.1.2.11
7fe670414000-7fe67042d000 r-xp 00000000 00:13 2157473                    /usr/lib/libpthread-2.25.so
7fe67042d000-7fe67062c000 ---p 00019000 00:13 2157473                    /usr/lib/libpthread-2.25.so
7fe67062c000-7fe67062d000 r--p 00018000 00:13 2157473                    /usr/lib/libpthread-2.25.so
7fe67062d000-7fe67062e000 rw-p 00019000 00:13 2157473                    /usr/lib/libpthread-2.25.so
7fe67062e000-7fe670632000 rw-p 00000000 00:00 0 
7fe670632000-7fe670655000 r-xp 00000000 00:13 2157455                    /usr/lib/ld-2.25.so
7fe670655000-7fe670657000 r--s 00c6c000 00:13 2417699                    /home/andrey/.ivy2/cache/org.bytedeco.javacpp-presets/opencv/jars/opencv-3.2.0-1.3-windows-x86_64.jar
7fe670657000-7fe670727000 rw-p 00000000 00:00 0 
7fe670727000-7fe670728000 ---p 00000000 00:00 0 
7fe670728000-7fe670828000 rwxp 00000000 00:00 0 
7fe670828000-7fe67082a000 rw-p 00000000 00:00 0 
7fe67082a000-7fe67082b000 r--s 00000000 00:13 2417709                    /home/andrey/.ivy2/cache/org.bytedeco.javacpp-presets/opencv-platform/jars/opencv-platform-3.2.0-1.3.jar
7fe67082b000-7fe67082c000 r--s 00000000 00:13 1620725                    /usr/lib/jvm/java-8-openjdk/jre/lib/management-agent.jar
7fe67082c000-7fe67082d000 r--s 00009000 00:13 1876771                    /usr/lib/jvm/java-8-openjdk/jre/lib/jfxswt.jar
7fe67082d000-7fe670830000 r--s 00015000 00:13 1620722                    /usr/lib/jvm/java-8-openjdk/jre/lib/jce.jar
7fe670830000-7fe670835000 r--s 002f9000 00:13 1620726                    /usr/lib/jvm/java-8-openjdk/jre/lib/charsets.jar
7fe670835000-7fe670848000 rw-p 00000000 00:00 0 
7fe670848000-7fe670850000 rw-s 00000000 00:2a 254132                     /tmp/hsperfdata_andrey/10825
7fe670850000-7fe670851000 rw-p 00000000 00:00 0 
7fe670851000-7fe670852000 r--p 00000000 00:00 0 
7fe670852000-7fe670854000 rw-p 00000000 00:00 0 
7fe670854000-7fe670855000 r--p 00022000 00:13 2157455                    /usr/lib/ld-2.25.so
7fe670855000-7fe670856000 rw-p 00023000 00:13 2157455                    /usr/lib/ld-2.25.so
7fe670856000-7fe670857000 rw-p 00000000 00:00 0 
7ffd8225f000-7ffd8227f000 rwxp 00000000 00:00 0                          [stack]
7ffd8227f000-7ffd82282000 rw-p 00000000 00:00 0 
7ffd823aa000-7ffd823ac000 r--p 00000000 00:00 0                          [vvar]
7ffd823ac000-7ffd823ae000 r-xp 00000000 00:00 0                          [vdso]
ffffffffff600000-ffffffffff601000 r-xp 00000000 00:00 0                  [vsyscall]

VM Arguments:
jvm_args: -agentlib:jdwp=transport=dt_socket,address=127.0.0.1:35541,suspend=y,server=n -Dfile.encoding=UTF-8 -Dawt.useSystemAAFontSettings=on -Dswing.aatext=true 
java_command: ImageTextDetectionApp IMG_2090.JPG
java_class_path (initial): /usr/lib/jvm/java-8-openjdk/jre/lib/charsets.jar:/usr/lib/jvm/java-8-openjdk/jre/lib/ext/cldrdata.jar:/usr/lib/jvm/java-8-openjdk/jre/lib/ext/dnsns.jar:/usr/lib/jvm/java-8-openjdk/jre/lib/ext/jaccess.jar:/usr/lib/jvm/java-8-openjdk/jre/lib/ext/jfxrt.jar:/usr/lib/jvm/java-8-openjdk/jre/lib/ext/localedata.jar:/usr/lib/jvm/java-8-openjdk/jre/lib/ext/nashorn.jar:/usr/lib/jvm/java-8-openjdk/jre/lib/ext/sunec.jar:/usr/lib/jvm/java-8-openjdk/jre/lib/ext/sunjce_provider.jar:/usr/lib/jvm/java-8-openjdk/jre/lib/ext/sunpkcs11.jar:/usr/lib/jvm/java-8-openjdk/jre/lib/ext/zipfs.jar:/usr/lib/jvm/java-8-openjdk/jre/lib/jce.jar:/usr/lib/jvm/java-8-openjdk/jre/lib/jfxswt.jar:/usr/lib/jvm/java-8-openjdk/jre/lib/jsse.jar:/usr/lib/jvm/java-8-openjdk/jre/lib/management-agent.jar:/usr/lib/jvm/java-8-openjdk/jre/lib/resources.jar:/usr/lib/jvm/java-8-openjdk/jre/lib/rt.jar:/home/andrey/IdeaProjects/scala-javacv/target/scala-2.12/classes:/home/andrey/.ivy2/cache/org.scala-lang/scala-library/jars/scala-library-2.12.1.jar:/home/andrey/.ivy2/cache/org.bytedeco.javacpp-presets/opencv-platform/jars/opencv-platform-3.2.0-1.3.jar:/home/andrey/.ivy2/cache/org.bytedeco.javacpp-presets/opencv/jars/opencv-3.2.0-1.3-windows-x86_64.jar:/home/andrey/.ivy2/cache/org.bytedeco.javacpp-presets/opencv/jars/opencv-3.2.0-1.3-windows-x86.jar:/home/andrey/.ivy2/cache/org.bytedeco.javacpp-presets/opencv/jars/opencv-3.2.0-1.3-macosx-x86_64.jar:/home/andrey/.ivy2/cache/org.bytedeco.javacpp-presets/opencv/jars/opencv-3.2.0-1.3-linux-x86_64.jar:/home/andrey/.ivy2/cache/org.bytedeco.javacpp-presets/opencv/jars/opencv-3.2.0-1.3-linux-x86.jar:/home/andrey/.ivy2/cache/org.bytedeco.javacpp-presets/opencv/jars/opencv-3.2.0-1.3-linux-ppc64le.jar:/home/andrey/.ivy2/cache/org.bytedeco.javacpp-presets/opencv/jars/opencv-3.2.0-1.3-linux-armhf.jar:/home/andrey/.ivy2/cache/org.bytedeco.javacpp-presets/opencv/jars/opencv-3.2.0-1.3-android-x86.jar:/home/andrey/.ivy2/cache/org.bytedeco.javacpp-presets/open
Launcher Type: SUN_STANDARD

Environment Variables:
_JAVA_OPTIONS=-Dawt.useSystemAAFontSettings=on -Dswing.aatext=true
PATH=/usr/local/sbin:/usr/local/bin:/usr/bin:/opt/depot_tools:/usr/lib/jvm/default/bin:/usr/bin/site_perl:/usr/bin/vendor_perl:/usr/bin/core_perl
LD_LIBRARY_PATH=/usr/share/intellijidea-ce/bin:
SHELL=/bin/bash
DISPLAY=:1

Signal Handlers:
SIGSEGV: [libjvm.so+0xa2d880], sa_mask[0]=11111111011111111101111111111110, sa_flags=SA_RESTART|SA_SIGINFO
SIGBUS: [libjvm.so+0xa2d880], sa_mask[0]=11111111011111111101111111111110, sa_flags=SA_RESTART|SA_SIGINFO
SIGFPE: [libjvm.so+0x881d40], sa_mask[0]=11111111011111111101111111111110, sa_flags=SA_RESTART|SA_SIGINFO
SIGPIPE: [libjvm.so+0x881d40], sa_mask[0]=11111111011111111101111111111110, sa_flags=SA_RESTART|SA_SIGINFO
SIGXFSZ: [libjvm.so+0x881d40], sa_mask[0]=11111111011111111101111111111110, sa_flags=SA_RESTART|SA_SIGINFO
SIGILL: [libjvm.so+0x881d40], sa_mask[0]=11111111011111111101111111111110, sa_flags=SA_RESTART|SA_SIGINFO
SIGUSR1: SIG_DFL, sa_mask[0]=00000000000000000000000000000000, sa_flags=none
SIGUSR2: [libjvm.so+0x881c10], sa_mask[0]=00100000000000000000000000000000, sa_flags=SA_RESTART|SA_SIGINFO
SIGHUP: [libjvm.so+0x882080], sa_mask[0]=11111111011111111101111111111110, sa_flags=SA_RESTART|SA_SIGINFO
SIGINT: SIG_IGN, sa_mask[0]=00000000000000000000000000000000, sa_flags=none
SIGTERM: [libjvm.so+0x882080], sa_mask[0]=11111111011111111101111111111110, sa_flags=SA_RESTART|SA_SIGINFO
SIGQUIT: [libjvm.so+0x882080], sa_mask[0]=11111111011111111101111111111110, sa_flags=SA_RESTART|SA_SIGINFO


---------------  S Y S T E M  ---------------

OS:NAME="Arch Linux"
PRETTY_NAME="Arch Linux"
ID=arch
ID_LIKE=archlinux
ANSI_COLOR="0;36"
HOME_URL="https://www.archlinux.org/"
SUPPORT_URL="https://bbs.archlinux.org/"
BUG_REPORT_URL="https://bugs.archlinux.org/"


uname:Linux 4.10.3-1-ARCH #1 SMP PREEMPT Wed Mar 15 09:17:17 CET 2017 x86_64
libc:glibc 2.25 NPTL 2.25 
rlimit: STACK 8192k, CORE infinity, NPROC 14408, NOFILE 4096, AS infinity
load average:2.15 1.29 1.20

/proc/meminfo:
MemTotal:        3935600 kB
MemFree:          242284 kB
MemAvailable:     697636 kB
Buffers:              12 kB
Cached:           700620 kB
SwapCached:         7588 kB
Active:          2624200 kB
Inactive:         884028 kB
Active(anon):    2287100 kB
Inactive(anon):   599468 kB
Active(file):     337100 kB
Inactive(file):   284560 kB
Unevictable:           0 kB
Mlocked:               0 kB
SwapTotal:       8388604 kB
SwapFree:        8315836 kB
Dirty:             14856 kB
Writeback:             0 kB
AnonPages:       2785240 kB
Mapped:           172244 kB
Shmem:             78924 kB
Slab:             107384 kB
SReclaimable:      77220 kB
SUnreclaim:        30164 kB
KernelStack:        5392 kB
PageTables:        16452 kB
NFS_Unstable:          0 kB
Bounce:                0 kB
WritebackTmp:          0 kB
CommitLimit:    10356404 kB
Committed_AS:    3914144 kB
VmallocTotal:   34359738367 kB
VmallocUsed:           0 kB
VmallocChunk:          0 kB
HardwareCorrupted:     0 kB
AnonHugePages:    716800 kB
ShmemHugePages:        0 kB
ShmemPmdMapped:        0 kB
HugePages_Total:       0
HugePages_Free:        0
HugePages_Rsvd:        0
HugePages_Surp:        0
Hugepagesize:       2048 kB
DirectMap4k:      273500 kB
DirectMap2M:     3805184 kB


CPU:total 2 (2 cores per cpu, 1 threads per core) family 6 model 55 stepping 8, cmov, cx8, fxsr, mmx, sse, sse2, sse3, ssse3, sse4.1, sse4.2, popcnt, clmul, erms, 3dnowpref, tsc, tscinvbit

/proc/cpuinfo:
processor	: 0
vendor_id	: GenuineIntel
cpu family	: 6
model		: 55
model name	: Intel(R) Celeron(R) CPU  N2830  @ 2.16GHz
stepping	: 8
microcode	: 0x815
cpu MHz		: 2415.638
cache size	: 1024 KB
physical id	: 0
siblings	: 2
core id		: 0
cpu cores	: 2
apicid		: 0
initial apicid	: 0
fpu		: yes
fpu_exception	: yes
cpuid level	: 11
wp		: yes
flags		: fpu vme de pse tsc msr pae mce cx8 apic sep mtrr pge mca cmov pat pse36 clflush dts acpi mmx fxsr sse sse2 ss ht tm pbe syscall nx rdtscp lm constant_tsc arch_perfmon pebs bts rep_good nopl xtopology tsc_reliable nonstop_tsc aperfmperf tsc_known_freq pni pclmulqdq dtes64 monitor ds_cpl vmx est tm2 ssse3 cx16 xtpr pdcm sse4_1 sse4_2 movbe popcnt tsc_deadline_timer rdrand lahf_lm 3dnowprefetch epb tpr_shadow vnmi flexpriority ept vpid tsc_adjust smep erms dtherm ida arat
bugs		:
bogomips	: 4333.08
clflush size	: 64
cache_alignment	: 64
address sizes	: 36 bits physical, 48 bits virtual
power management:

processor	: 1
vendor_id	: GenuineIntel
cpu family	: 6
model		: 55
model name	: Intel(R) Celeron(R) CPU  N2830  @ 2.16GHz
stepping	: 8
microcode	: 0x815
cpu MHz		: 2415.638
cache size	: 1024 KB
physical id	: 0
siblings	: 2
core id		: 1
cpu cores	: 2
apicid		: 2
initial apicid	: 2
fpu		: yes
fpu_exception	: yes
cpuid level	: 11
wp		: yes
flags		: fpu vme de pse tsc msr pae mce cx8 apic sep mtrr pge mca cmov pat pse36 clflush dts acpi mmx fxsr sse sse2 ss ht tm pbe syscall nx rdtscp lm constant_tsc arch_perfmon pebs bts rep_good nopl xtopology tsc_reliable nonstop_tsc aperfmperf tsc_known_freq pni pclmulqdq dtes64 monitor ds_cpl vmx est tm2 ssse3 cx16 xtpr pdcm sse4_1 sse4_2 movbe popcnt tsc_deadline_timer rdrand lahf_lm 3dnowprefetch epb tpr_shadow vnmi flexpriority ept vpid tsc_adjust smep erms dtherm ida arat
bugs		:
bogomips	: 4335.82
clflush size	: 64
cache_alignment	: 64
address sizes	: 36 bits physical, 48 bits virtual
power management:



Memory: 4k page, physical 3935600k(242284k free), swap 8388604k(8315836k free)

vm_info: OpenJDK 64-Bit Server VM (25.121-b13) for linux-amd64 JRE (1.8.0_121-b13), built on Jan 22 2017 09:22:31 by "builduser" with gcc 6.3.1 20170109

time: Sun Mar 19 01:12:28 2017
elapsed time: 12 seconds (0d 0h 0m 12s)

