#
# A fatal error has been detected by the Java Runtime Environment:
#
#  SIGSEGV (0xb) at pc=0x00007f8cf8e73dde, pid=17507, tid=0x00007f8d15a15700
#
# JRE version: OpenJDK Runtime Environment (8.0_121-b13) (build 1.8.0_121-b13)
# Java VM: OpenJDK 64-Bit Server VM (25.121-b13 mixed mode linux-amd64 compressed oops)
# Problematic frame:
# C  [libjniopencv_core.so+0x1f1dde]  Java_org_bytedeco_javacpp_opencv_1core_00024MatVector_put__JLorg_bytedeco_javacpp_opencv_1core_00024Mat_2+0xde
#
# Core dump written. Default location: /home/andrey/IdeaProjects/scala-javacv/core or core.17507
#
# If you would like to submit a bug report, please visit:
#   http://bugreport.java.com/bugreport/crash.jsp
# The crash happened outside the Java Virtual Machine in native code.
# See problematic frame for where to report the bug.
#

---------------  T H R E A D  ---------------

Current thread (0x00007f8d0c011000):  JavaThread "main" [_thread_in_native, id=17508, stack(0x00007f8d15915000,0x00007f8d15a16000)]

siginfo: si_signo: 11 (SIGSEGV), si_code: 128 (SI_KERNEL), si_addr: 0x0000000000000000

Registers:
RAX=0x65747942666f2473, RBX=0x00007f8d0c980910, RCX=0x00007f8d0c980550, RDX=0x00000000ffffffff
RSP=0x00007f8d15a14360, RBP=0x00007f8d15a14448, RSI=0x00007f8d14bf0980, RDI=0x00007f8d0c011000
R8 =0x00007f8d113bc4b0, R9 =0x0000000000000004, R10=0x00007f8cfd01f418, R11=0x00007f8d14647880
R12=0x000000000000000a, R13=0x00007f8d0c980550, R14=0x00007f8d0c0e11c0, R15=0x0000000000000000
RIP=0x00007f8cf8e73dde, EFLAGS=0x0000000000010202, CSGSFS=0x002b000000000033, ERR=0x0000000000000000
  TRAPNO=0x000000000000000d

Top of Stack: (sp=0x00007f8d15a14360)
0x00007f8d15a14360:   00007f8d113bc4b0 00007f8d0c980550
0x00007f8d15a14370:   00007f8d15a14448 00007f8d113bc4b0
0x00007f8d15a14380:   00007f8d15a14410 0000000000000000
0x00007f8d15a14390:   00007f8d113bc4a8 00007f8d15a14448
0x00007f8d15a143a0:   00007f8d0c011000 00007f8cfd01f444
0x00007f8d15a143b0:   00007f8d15a14410 00007f8cfd01eef9
0x00007f8d15a143c0:   0000001f00000001 00007f8cfd01eec2
0x00007f8d15a143d0:   00007f8d15a143d0 00007f8d113bc4a8
0x00007f8d15a143e0:   00007f8d15a14448 00007f8d117873b8
0x00007f8d15a143f0:   0000000000000000 00007f8d113bc4b0
0x00007f8d15a14400:   0000000000000000 00007f8d15a14430
0x00007f8d15a14410:   00007f8d15a14490 00007f8cfd007e00
0x00007f8d15a14420:   0000000000000000 00007f8cfd0161bb
0x00007f8d15a14430:   00000000ec9bb528 000000000000000a
0x00007f8d15a14440:   00007f8cfd007e00 00000000ed1ff9e8
0x00007f8d15a14450:   00007f8d15a14450 00007f8d113cf724
0x00007f8d15a14460:   00007f8d15a144a8 00007f8d1140caa8
0x00007f8d15a14470:   0000000000000000 00007f8d113cf758
0x00007f8d15a14480:   00007f8d15a14430 00007f8d15a144a0
0x00007f8d15a14490:   00007f8d15a144f0 00007f8cfd007e00
0x00007f8d15a144a0:   0000000000000000 00000000ed1ff928
0x00007f8d15a144b0:   00007f8d15a144b0 00007f8d113cfc35
0x00007f8d15a144c0:   00007f8d15a14508 00007f8d1140caa8
0x00007f8d15a144d0:   0000000000000000 00007f8d113cfc68
0x00007f8d15a144e0:   00007f8d15a144a0 00007f8d15a14500
0x00007f8d15a144f0:   00007f8d15a14550 00007f8cfd007e00
0x00007f8d15a14500:   00000000ed1e7648 00000000ed1ff928
0x00007f8d15a14510:   00007f8d15a14510 00007f8cc27da85d
0x00007f8d15a14520:   00007f8d15a14568 00007f8cc27daaa0
0x00007f8d15a14530:   0000000000000000 00007f8cc27da870
0x00007f8d15a14540:   00007f8d15a14500 00007f8d15a14560
0x00007f8d15a14550:   00007f8d15a145b0 00007f8cfd007ed4 

Instructions: (pc=0x00007f8cf8e73dde)
0x00007f8cf8e73dbe:   cb 00 00 00 49 8b 45 38 48 85 c0 74 05 f0 83 40
0x00007f8cf8e73dce:   14 01 48 8b 43 38 48 85 c0 74 13 ba ff ff ff ff
0x00007f8cf8e73dde:   f0 0f c1 50 14 83 fa 01 0f 84 e4 00 00 00 44 8b
0x00007f8cf8e73dee:   5b 04 48 c7 43 38 00 00 00 00 48 c7 43 10 00 00 

Register to memory mapping:

RAX=0x65747942666f2473 is an unknown value
RBX=0x00007f8d0c980910 is an unknown value
RCX=0x00007f8d0c980550 is an unknown value
RDX=0x00000000ffffffff is an unallocated location in the heap
RSP=0x00007f8d15a14360 is pointing into the stack for thread: 0x00007f8d0c011000
RBP=0x00007f8d15a14448 is pointing into the stack for thread: 0x00007f8d0c011000
RSI=0x00007f8d14bf0980: <offset 0xed2980> in /usr/lib/jvm/java-8-openjdk/jre/lib/amd64/server/libjvm.so at 0x00007f8d13d1e000
RDI=0x00007f8d0c011000 is a thread
R8 ={method} {0x00007f8d113bc4b0} 'put' '(JLorg/bytedeco/javacpp/opencv_core$Mat;)Lorg/bytedeco/javacpp/opencv_core$MatVector;' in 'org/bytedeco/javacpp/opencv_core$MatVector'
R9 =0x0000000000000004 is an unknown value
R10=0x00007f8cfd01f418 is at code_begin+1528 in an Interpreter codelet
method entry point (kind = native)  [0x00007f8cfd01ee20, 0x00007f8cfd01fd60]  3904 bytes
R11=0x00007f8d14647880: <offset 0x929880> in /usr/lib/jvm/java-8-openjdk/jre/lib/amd64/server/libjvm.so at 0x00007f8d13d1e000
R12=0x000000000000000a is an unknown value
R13=0x00007f8d0c980550 is an unknown value
R14=0x00007f8d0c0e11c0 is an unknown value
R15=0x0000000000000000 is an unknown value


Stack: [0x00007f8d15915000,0x00007f8d15a16000],  sp=0x00007f8d15a14360,  free space=1020k
Native frames: (J=compiled Java code, j=interpreted, Vv=VM code, C=native code)
C  [libjniopencv_core.so+0x1f1dde]  Java_org_bytedeco_javacpp_opencv_1core_00024MatVector_put__JLorg_bytedeco_javacpp_opencv_1core_00024Mat_2+0xde
C  0x00007f8d15a14450

Java frames: (J=compiled Java code, j=interpreted, Vv=VM code)
j  org.bytedeco.javacpp.opencv_core$MatVector.put(JLorg/bytedeco/javacpp/opencv_core$Mat;)Lorg/bytedeco/javacpp/opencv_core$MatVector;+0
j  ImageTextDetectionApp$.$anonfun$new$1(LImageTextDetectionApp$;I)Lorg/bytedeco/javacpp/opencv_core$MatVector;+44
j  ImageTextDetectionApp$.$anonfun$new$1$adapted(LImageTextDetectionApp$;Ljava/lang/Object;)Lorg/bytedeco/javacpp/opencv_core$MatVector;+5
j  ImageTextDetectionApp$$$Lambda$10.apply(Ljava/lang/Object;)Ljava/lang/Object;+5
j  scala.collection.immutable.Range.foreach(Lscala/Function1;)V+17
j  ImageTextDetectionApp$.delayedEndpoint$ImageTextDetectionApp$1()V+100
j  ImageTextDetectionApp$delayedInit$body.apply()Ljava/lang/Object;+4
j  scala.Function0.apply$mcV$sp()V+1
j  scala.Function0.apply$mcV$sp$(Lscala/Function0;)V+1
j  scala.runtime.AbstractFunction0.apply$mcV$sp()V+1
j  scala.App.$anonfun$main$1$adapted(Lscala/Function0;)Ljava/lang/Object;+1
j  scala.App$$Lambda$5.apply(Ljava/lang/Object;)Ljava/lang/Object;+4
j  scala.collection.immutable.List.foreach(Lscala/Function1;)V+14
j  scala.App.main([Ljava/lang/String;)V+33
j  scala.App.main$(Lscala/App;[Ljava/lang/String;)V+2
j  ImageTextDetectionApp$.main([Ljava/lang/String;)V+2
j  ImageTextDetectionApp.main([Ljava/lang/String;)V+4
v  ~StubRoutines::call_stub

---------------  P R O C E S S  ---------------

Java Threads: ( => current thread )
  0x00007f8d0c9e6000 JavaThread "JavaCPP Deallocator" daemon [_thread_blocked, id=17536, stack(0x00007f8cf8b81000,0x00007f8cf8c82000)]
  0x00007f8d0c0d3000 JavaThread "Service Thread" daemon [_thread_blocked, id=17534, stack(0x00007f8cfa8e4000,0x00007f8cfa9e5000)]
  0x00007f8d0c0cf800 JavaThread "C1 CompilerThread1" daemon [_thread_blocked, id=17533, stack(0x00007f8cfa9e5000,0x00007f8cfaae6000)]
  0x00007f8d0c0cc800 JavaThread "C2 CompilerThread0" daemon [_thread_in_native, id=17532, stack(0x00007f8cfaae6000,0x00007f8cfabe7000)]
  0x00007f8ce0001000 JavaThread "JDWP Command Reader" daemon [_thread_in_native, id=17531, stack(0x00007f8cfabe7000,0x00007f8cface8000)]
  0x00007f8d0c0ca000 JavaThread "JDWP Event Helper Thread" daemon [_thread_blocked, id=17528, stack(0x00007f8cface8000,0x00007f8cfade9000)]
  0x00007f8d0c0c6800 JavaThread "JDWP Transport Listener: dt_socket" daemon [_thread_blocked, id=17525, stack(0x00007f8cfade9000,0x00007f8cfaeea000)]
  0x00007f8d0c0b8000 JavaThread "Signal Dispatcher" daemon [_thread_blocked, id=17521, stack(0x00007f8cfb0ef000,0x00007f8cfb1f0000)]
  0x00007f8d0c086800 JavaThread "Finalizer" daemon [_thread_blocked, id=17517, stack(0x00007f8d100fc000,0x00007f8d101fd000)]
  0x00007f8d0c082000 JavaThread "Reference Handler" daemon [_thread_blocked, id=17516, stack(0x00007f8d101fd000,0x00007f8d102fe000)]
=>0x00007f8d0c011000 JavaThread "main" [_thread_in_native, id=17508, stack(0x00007f8d15915000,0x00007f8d15a16000)]

Other Threads:
  0x00007f8d0c07a000 VMThread [stack: 0x00007f8d102fe000,0x00007f8d103ff000] [id=17515]
  0x00007f8d0c0d5000 WatcherThread [stack: 0x00007f8cfa7e3000,0x00007f8cfa8e4000] [id=17535]

VM state:not at safepoint (normal execution)

VM Mutex/Monitor currently owned by a thread: None

Heap:
 PSYoungGen      total 18432K, used 13062K [0x00000000ebf80000, 0x00000000ed400000, 0x0000000100000000)
  eden space 15872K, 66% used [0x00000000ebf80000,0x00000000ec9c71f0,0x00000000ecf00000)
  from space 2560K, 99% used [0x00000000ed180000,0x00000000ed3fa750,0x00000000ed400000)
  to   space 2560K, 0% used [0x00000000ecf00000,0x00000000ecf00000,0x00000000ed180000)
 ParOldGen       total 42496K, used 1502K [0x00000000c3e00000, 0x00000000c6780000, 0x00000000ebf80000)
  object space 42496K, 3% used [0x00000000c3e00000,0x00000000c3f77aa0,0x00000000c6780000)
 Metaspace       used 10749K, capacity 10880K, committed 11136K, reserved 1058816K
  class space    used 1328K, capacity 1378K, committed 1408K, reserved 1048576K

Card table byte_map: [0x00007f8d11cd4000,0x00007f8d11eb6000] byte_map_base: 0x00007f8d116b5000

Marking Bits: (ParMarkBitMap*) 0x00007f8d14c18260
 Begin Bits: [0x00007f8cfb1f0000, 0x00007f8cfc0f8000)
 End Bits:   [0x00007f8cfc0f8000, 0x00007f8cfd000000)

Polling page: 0x00007f8d15a3f000

CodeCache: size=245760Kb used=3539Kb max_used=3552Kb free=242220Kb
 bounds [0x00007f8cfd000000, 0x00007f8cfd380000, 0x00007f8d0c000000]
 total_blobs=1235 nmethods=826 adapters=333
 compilation: enabled

Compilation events (10 events):
Event: 115.066 Thread 0x00007f8d0c0cf800  823       3       java.util.Hashtable$Enumerator::hasMoreElements (53 bytes)
Event: 115.066 Thread 0x00007f8d0c0cf800 nmethod 823 0x00007f8cfd3649d0 code [0x00007f8cfd364b40, 0x00007f8cfd364e10]
Event: 115.066 Thread 0x00007f8d0c0cf800  824       3       java.util.Hashtable$Enumerator::nextElement (111 bytes)
Event: 115.067 Thread 0x00007f8d0c0cf800 nmethod 824 0x00007f8cfd364150 code [0x00007f8cfd364300, 0x00007f8cfd3647a8]
Event: 115.072 Thread 0x00007f8d0c0cf800  826       3       java.nio.Bits::byteOrder (20 bytes)
Event: 115.072 Thread 0x00007f8d0c0cf800 nmethod 826 0x00007f8cfd374410 code [0x00007f8cfd374580, 0x00007f8cfd3746d0]
Event: 115.075 Thread 0x00007f8d0c0cc800 nmethod 820 0x00007f8cfd3788d0 code [0x00007f8cfd378aa0, 0x00007f8cfd379428]
Event: 115.076 Thread 0x00007f8d0c0cc800  821   !   4       java.lang.StringCoding::encode (120 bytes)
Event: 115.079 Thread 0x00007f8d0c0cf800  828       1       java.io.FilePermission::access$000 (5 bytes)
Event: 115.079 Thread 0x00007f8d0c0cf800 nmethod 828 0x00007f8cfd374150 code [0x00007f8cfd3742a0, 0x00007f8cfd374390]

GC Heap History (4 events):
Event: 6.243 GC heap before
{Heap before GC invocations=1 (full 0):
 PSYoungGen      total 18432K, used 15872K [0x00000000ebf80000, 0x00000000ed400000, 0x0000000100000000)
  eden space 15872K, 100% used [0x00000000ebf80000,0x00000000ecf00000,0x00000000ecf00000)
  from space 2560K, 0% used [0x00000000ed180000,0x00000000ed180000,0x00000000ed400000)
  to   space 2560K, 0% used [0x00000000ecf00000,0x00000000ecf00000,0x00000000ed180000)
 ParOldGen       total 42496K, used 0K [0x00000000c3e00000, 0x00000000c6780000, 0x00000000ebf80000)
  object space 42496K, 0% used [0x00000000c3e00000,0x00000000c3e00000,0x00000000c6780000)
 Metaspace       used 7549K, capacity 7704K, committed 7808K, reserved 1056768K
  class space    used 787K, capacity 858K, committed 896K, reserved 1048576K
Event: 6.266 GC heap after
Heap after GC invocations=1 (full 0):
 PSYoungGen      total 18432K, used 2537K [0x00000000ebf80000, 0x00000000ed400000, 0x0000000100000000)
  eden space 15872K, 0% used [0x00000000ebf80000,0x00000000ebf80000,0x00000000ecf00000)
  from space 2560K, 99% used [0x00000000ecf00000,0x00000000ed17a4b8,0x00000000ed180000)
  to   space 2560K, 0% used [0x00000000ed180000,0x00000000ed180000,0x00000000ed400000)
 ParOldGen       total 42496K, used 1047K [0x00000000c3e00000, 0x00000000c6780000, 0x00000000ebf80000)
  object space 42496K, 2% used [0x00000000c3e00000,0x00000000c3f05f28,0x00000000c6780000)
 Metaspace       used 7549K, capacity 7704K, committed 7808K, reserved 1056768K
  class space    used 787K, capacity 858K, committed 896K, reserved 1048576K
}
Event: 9.077 GC heap before
{Heap before GC invocations=2 (full 0):
 PSYoungGen      total 18432K, used 18409K [0x00000000ebf80000, 0x00000000ed400000, 0x0000000100000000)
  eden space 15872K, 100% used [0x00000000ebf80000,0x00000000ecf00000,0x00000000ecf00000)
  from space 2560K, 99% used [0x00000000ecf00000,0x00000000ed17a4b8,0x00000000ed180000)
  to   space 2560K, 0% used [0x00000000ed180000,0x00000000ed180000,0x00000000ed400000)
 ParOldGen       total 42496K, used 1047K [0x00000000c3e00000, 0x00000000c6780000, 0x00000000ebf80000)
  object space 42496K, 2% used [0x00000000c3e00000,0x00000000c3f05f28,0x00000000c6780000)
 Metaspace       used 9301K, capacity 9438K, committed 9600K, reserved 1058816K
  class space    used 1000K, capacity 1051K, committed 1152K, reserved 1048576K
Event: 9.090 GC heap after
Heap after GC invocations=2 (full 0):
 PSYoungGen      total 18432K, used 2537K [0x00000000ebf80000, 0x00000000ed400000, 0x0000000100000000)
  eden space 15872K, 0% used [0x00000000ebf80000,0x00000000ebf80000,0x00000000ecf00000)
  from space 2560K, 99% used [0x00000000ed180000,0x00000000ed3fa750,0x00000000ed400000)
  to   space 2560K, 0% used [0x00000000ecf00000,0x00000000ecf00000,0x00000000ed180000)
 ParOldGen       total 42496K, used 1502K [0x00000000c3e00000, 0x00000000c6780000, 0x00000000ebf80000)
  object space 42496K, 3% used [0x00000000c3e00000,0x00000000c3f77aa0,0x00000000c6780000)
 Metaspace       used 9301K, capacity 9438K, committed 9600K, reserved 1058816K
  class space    used 1000K, capacity 1051K, committed 1152K, reserved 1048576K
}

Deoptimization events (7 events):
Event: 1.269 Thread 0x00007f8d0c011000 Uncommon trap: reason=unstable_if action=reinterpret pc=0x00007f8cfd1153bc method=java.lang.String.hashCode()I @ 14
Event: 3.810 Thread 0x00007f8d0c011000 Uncommon trap: reason=unstable_if action=reinterpret pc=0x00007f8cfd1f627c method=java.util.HashMap.getNode(ILjava/lang/Object;)Ljava/util/HashMap$Node; @ 116
Event: 3.902 Thread 0x00007f8d0c011000 Uncommon trap: reason=unstable_if action=reinterpret pc=0x00007f8cfd2035b0 method=java.util.HashMap.getNode(ILjava/lang/Object;)Ljava/util/HashMap$Node; @ 129
Event: 4.426 Thread 0x00007f8d0c011000 Uncommon trap: reason=class_check action=maybe_recompile pc=0x00007f8cfd2455f0 method=sun.misc.URLClassPath.getLoader(I)Lsun/misc/URLClassPath$Loader; @ 94
Event: 4.727 Thread 0x00007f8d0c011000 Uncommon trap: reason=class_check action=maybe_recompile pc=0x00007f8cfd2455f0 method=sun.misc.URLClassPath.getLoader(I)Lsun/misc/URLClassPath$Loader; @ 94
Event: 4.842 Thread 0x00007f8d0c011000 Uncommon trap: reason=class_check action=maybe_recompile pc=0x00007f8cfd2455f0 method=sun.misc.URLClassPath.getLoader(I)Lsun/misc/URLClassPath$Loader; @ 94
Event: 4.935 Thread 0x00007f8d0c011000 Uncommon trap: reason=class_check action=maybe_recompile pc=0x00007f8cfd2455f0 method=sun.misc.URLClassPath.getLoader(I)Lsun/misc/URLClassPath$Loader; @ 94

Internal exceptions (10 events):
Event: 5.630 Thread 0x00007f8d0c011000 Exception <a 'java/security/PrivilegedActionException'> (0x00000000ecd6e308) thrown at [/build/java8-openjdk/src/jdk8u-jdk8u121-b13/hotspot/src/share/vm/prims/jvm.cpp, line 1390]
Event: 5.631 Thread 0x00007f8d0c011000 Exception <a 'java/security/PrivilegedActionException'> (0x00000000ecd6e700) thrown at [/build/java8-openjdk/src/jdk8u-jdk8u121-b13/hotspot/src/share/vm/prims/jvm.cpp, line 1390]
Event: 5.657 Thread 0x00007f8d0c011000 Exception <a 'java/security/PrivilegedActionException'> (0x00000000ecd767a8) thrown at [/build/java8-openjdk/src/jdk8u-jdk8u121-b13/hotspot/src/share/vm/prims/jvm.cpp, line 1390]
Event: 5.657 Thread 0x00007f8d0c011000 Exception <a 'java/security/PrivilegedActionException'> (0x00000000ecd76ba0) thrown at [/build/java8-openjdk/src/jdk8u-jdk8u121-b13/hotspot/src/share/vm/prims/jvm.cpp, line 1390]
Event: 5.679 Thread 0x00007f8d0c011000 Exception <a 'java/security/PrivilegedActionException'> (0x00000000ecd81578) thrown at [/build/java8-openjdk/src/jdk8u-jdk8u121-b13/hotspot/src/share/vm/prims/jvm.cpp, line 1390]
Event: 5.679 Thread 0x00007f8d0c011000 Exception <a 'java/security/PrivilegedActionException'> (0x00000000ecd81970) thrown at [/build/java8-openjdk/src/jdk8u-jdk8u121-b13/hotspot/src/share/vm/prims/jvm.cpp, line 1390]
Event: 5.679 Thread 0x00007f8d0c011000 Exception <a 'java/security/PrivilegedActionException'> (0x00000000ecd82b10) thrown at [/build/java8-openjdk/src/jdk8u-jdk8u121-b13/hotspot/src/share/vm/prims/jvm.cpp, line 1390]
Event: 5.680 Thread 0x00007f8d0c011000 Exception <a 'java/security/PrivilegedActionException'> (0x00000000ecd82f08) thrown at [/build/java8-openjdk/src/jdk8u-jdk8u121-b13/hotspot/src/share/vm/prims/jvm.cpp, line 1390]
Event: 5.680 Thread 0x00007f8d0c011000 Exception <a 'java/security/PrivilegedActionException'> (0x00000000ecd840f0) thrown at [/build/java8-openjdk/src/jdk8u-jdk8u121-b13/hotspot/src/share/vm/prims/jvm.cpp, line 1390]
Event: 5.680 Thread 0x00007f8d0c011000 Exception <a 'java/security/PrivilegedActionException'> (0x00000000ecd844e8) thrown at [/build/java8-openjdk/src/jdk8u-jdk8u121-b13/hotspot/src/share/vm/prims/jvm.cpp, line 1390]

Events (10 events):
Event: 115.051 Thread 0x00007f8d0c011000 DEOPT PACKING pc=0x00007f8cfd218db4 sp=0x00007f8d15a13d20
Event: 115.051 Thread 0x00007f8d0c011000 DEOPT UNPACKING pc=0x00007f8cfd046f73 sp=0x00007f8d15a13ad0 mode 1
Event: 115.068 Thread 0x00007f8d0c011000 DEOPT PACKING pc=0x00007f8cfd218db4 sp=0x00007f8d15a13c60
Event: 115.068 Thread 0x00007f8d0c011000 DEOPT UNPACKING pc=0x00007f8cfd046f73 sp=0x00007f8d15a13a10 mode 1
Event: 115.071 Thread 0x00007f8d0c011000 DEOPT PACKING pc=0x00007f8cfd218db4 sp=0x00007f8d15a13c60
Event: 115.071 Thread 0x00007f8d0c011000 DEOPT UNPACKING pc=0x00007f8cfd046f73 sp=0x00007f8d15a13a10 mode 1
Event: 115.077 Thread 0x00007f8d0c011000 DEOPT PACKING pc=0x00007f8cfd218db4 sp=0x00007f8d15a13c60
Event: 115.077 Thread 0x00007f8d0c011000 DEOPT UNPACKING pc=0x00007f8cfd046f73 sp=0x00007f8d15a13a10 mode 1
Event: 115.079 Thread 0x00007f8d0c011000 DEOPT PACKING pc=0x00007f8cfd218db4 sp=0x00007f8d15a13c60
Event: 115.079 Thread 0x00007f8d0c011000 DEOPT UNPACKING pc=0x00007f8cfd046f73 sp=0x00007f8d15a13a10 mode 1


Dynamic libraries:
00400000-00401000 r-xp 00000000 00:13 1620704                            /usr/lib/jvm/java-8-openjdk/jre/bin/java
00600000-00601000 r--p 00000000 00:13 1620704                            /usr/lib/jvm/java-8-openjdk/jre/bin/java
00601000-00602000 rw-p 00001000 00:13 1620704                            /usr/lib/jvm/java-8-openjdk/jre/bin/java
018a8000-018c9000 rw-p 00000000 00:00 0                                  [heap]
c3e00000-c6780000 rw-p 00000000 00:00 0 
c6780000-ebf80000 ---p 00000000 00:00 0 
ebf80000-ed400000 rw-p 00000000 00:00 0 
ed400000-100000000 ---p 00000000 00:00 0 
100000000-100160000 rw-p 00000000 00:00 0 
100160000-140000000 ---p 00000000 00:00 0 
7f8caecd9000-7f8caf4a8000 rw-p 00000000 00:00 0 
7f8cb0c15000-7f8cb0c16000 ---p 00000000 00:00 0 
7f8cb0c16000-7f8cb1416000 rwxp 00000000 00:00 0 
7f8cb2b82000-7f8cb42ef000 rw-p 00000000 00:00 0 
7f8cb5a5c000-7f8cb5ac8000 r-xp 00000000 00:13 2418409                    /home/andrey/.javacpp/cache/opencv-3.2.0-1.3-linux-x86_64.jar/org/bytedeco/javacpp/linux-x86_64/libjniopencv_text.so
7f8cb5ac8000-7f8cb5cc7000 ---p 0006c000 00:13 2418409                    /home/andrey/.javacpp/cache/opencv-3.2.0-1.3-linux-x86_64.jar/org/bytedeco/javacpp/linux-x86_64/libjniopencv_text.so
7f8cb5cc7000-7f8cb5cc8000 rw-p 0006b000 00:13 2418409                    /home/andrey/.javacpp/cache/opencv-3.2.0-1.3-linux-x86_64.jar/org/bytedeco/javacpp/linux-x86_64/libjniopencv_text.so
7f8cb5cc8000-7f8cb5cff000 r-xp 00000000 00:13 2420372                    /usr/lib/libtbb.so.2
7f8cb5cff000-7f8cb5efe000 ---p 00037000 00:13 2420372                    /usr/lib/libtbb.so.2
7f8cb5efe000-7f8cb5f00000 r--p 00036000 00:13 2420372                    /usr/lib/libtbb.so.2
7f8cb5f00000-7f8cb5f02000 rw-p 00038000 00:13 2420372                    /usr/lib/libtbb.so.2
7f8cb5f02000-7f8cb5f05000 rw-p 00000000 00:00 0 
7f8cb5f05000-7f8cb5f56000 r-xp 00000000 00:13 2421218                    /usr/lib/libopencv_flann.so.3.2.0
7f8cb5f56000-7f8cb6156000 ---p 00051000 00:13 2421218                    /usr/lib/libopencv_flann.so.3.2.0
7f8cb6156000-7f8cb6158000 r--p 00051000 00:13 2421218                    /usr/lib/libopencv_flann.so.3.2.0
7f8cb6158000-7f8cb6159000 rw-p 00053000 00:13 2421218                    /usr/lib/libopencv_flann.so.3.2.0
7f8cb6159000-7f8cb620d000 r-xp 00000000 00:13 2421242                    /usr/lib/libopencv_features2d.so.3.2.0
7f8cb620d000-7f8cb640c000 ---p 000b4000 00:13 2421242                    /usr/lib/libopencv_features2d.so.3.2.0
7f8cb640c000-7f8cb640f000 r--p 000b3000 00:13 2421242                    /usr/lib/libopencv_features2d.so.3.2.0
7f8cb640f000-7f8cb6411000 rw-p 000b6000 00:13 2421242                    /usr/lib/libopencv_features2d.so.3.2.0
7f8cb6411000-7f8cb6474000 r-xp 00000000 00:13 2418408                    /home/andrey/.javacpp/cache/opencv-3.2.0-1.3-linux-x86_64.jar/org/bytedeco/javacpp/linux-x86_64/libopencv_text.so.3.2
7f8cb6474000-7f8cb6674000 ---p 00063000 00:13 2418408                    /home/andrey/.javacpp/cache/opencv-3.2.0-1.3-linux-x86_64.jar/org/bytedeco/javacpp/linux-x86_64/libopencv_text.so.3.2
7f8cb6674000-7f8cb6676000 rw-p 00063000 00:13 2418408                    /home/andrey/.javacpp/cache/opencv-3.2.0-1.3-linux-x86_64.jar/org/bytedeco/javacpp/linux-x86_64/libopencv_text.so.3.2
7f8cb6676000-7f8cb6739000 rw-p 00000000 00:00 0 
7f8cb6739000-7f8cb677f000 r-xp 00000000 00:13 2418407                    /home/andrey/.javacpp/cache/opencv-3.2.0-1.3-linux-x86_64.jar/org/bytedeco/javacpp/linux-x86_64/libjniopencv_ml.so
7f8cb677f000-7f8cb697f000 ---p 00046000 00:13 2418407                    /home/andrey/.javacpp/cache/opencv-3.2.0-1.3-linux-x86_64.jar/org/bytedeco/javacpp/linux-x86_64/libjniopencv_ml.so
7f8cb697f000-7f8cb6980000 rw-p 00046000 00:13 2418407                    /home/andrey/.javacpp/cache/opencv-3.2.0-1.3-linux-x86_64.jar/org/bytedeco/javacpp/linux-x86_64/libjniopencv_ml.so
7f8cb6980000-7f8cb6a18000 r-xp 00000000 00:13 2418406                    /home/andrey/.javacpp/cache/opencv-3.2.0-1.3-linux-x86_64.jar/org/bytedeco/javacpp/linux-x86_64/libopencv_ml.so.3.2
7f8cb6a18000-7f8cb6c17000 ---p 00098000 00:13 2418406                    /home/andrey/.javacpp/cache/opencv-3.2.0-1.3-linux-x86_64.jar/org/bytedeco/javacpp/linux-x86_64/libopencv_ml.so.3.2
7f8cb6c17000-7f8cb6c1b000 rw-p 00097000 00:13 2418406                    /home/andrey/.javacpp/cache/opencv-3.2.0-1.3-linux-x86_64.jar/org/bytedeco/javacpp/linux-x86_64/libopencv_ml.so.3.2
7f8cb6c1b000-7f8cb6c5c000 r-xp 00000000 00:13 2418405                    /home/andrey/.javacpp/cache/opencv-3.2.0-1.3-linux-x86_64.jar/org/bytedeco/javacpp/linux-x86_64/libjniopencv_highgui.so
7f8cb6c5c000-7f8cb6e5c000 ---p 00041000 00:13 2418405                    /home/andrey/.javacpp/cache/opencv-3.2.0-1.3-linux-x86_64.jar/org/bytedeco/javacpp/linux-x86_64/libjniopencv_highgui.so
7f8cb6e5c000-7f8cb6e5d000 rw-p 00041000 00:13 2418405                    /home/andrey/.javacpp/cache/opencv-3.2.0-1.3-linux-x86_64.jar/org/bytedeco/javacpp/linux-x86_64/libjniopencv_highgui.so
7f8cb6e5d000-7f8cb6e68000 r-xp 00000000 00:13 2418404                    /home/andrey/.javacpp/cache/opencv-3.2.0-1.3-linux-x86_64.jar/org/bytedeco/javacpp/linux-x86_64/libopencv_highgui.so.3.2
7f8cb6e68000-7f8cb7067000 ---p 0000b000 00:13 2418404                    /home/andrey/.javacpp/cache/opencv-3.2.0-1.3-linux-x86_64.jar/org/bytedeco/javacpp/linux-x86_64/libopencv_highgui.so.3.2
7f8cb7067000-7f8cb7068000 rw-p 0000a000 00:13 2418404                    /home/andrey/.javacpp/cache/opencv-3.2.0-1.3-linux-x86_64.jar/org/bytedeco/javacpp/linux-x86_64/libopencv_highgui.so.3.2
7f8cb7068000-7f8cb707d000 r-xp 00000000 00:13 2418403                    /home/andrey/.javacpp/cache/opencv-3.2.0-1.3-linux-x86_64.jar/org/bytedeco/javacpp/linux-x86_64/libjniopencv_videoio.so
7f8cb707d000-7f8cb727d000 ---p 00015000 00:13 2418403                    /home/andrey/.javacpp/cache/opencv-3.2.0-1.3-linux-x86_64.jar/org/bytedeco/javacpp/linux-x86_64/libjniopencv_videoio.so
7f8cb727d000-7f8cb727e000 rw-p 00015000 00:13 2418403                    /home/andrey/.javacpp/cache/opencv-3.2.0-1.3-linux-x86_64.jar/org/bytedeco/javacpp/linux-x86_64/libjniopencv_videoio.so
7f8cb727e000-7f8cb7285000 r-xp 00000000 00:13 2026335                    /usr/lib/libdatrie.so.1.3.3
7f8cb7285000-7f8cb7484000 ---p 00007000 00:13 2026335                    /usr/lib/libdatrie.so.1.3.3
7f8cb7484000-7f8cb7485000 r--p 00006000 00:13 2026335                    /usr/lib/libdatrie.so.1.3.3
7f8cb7485000-7f8cb7486000 rw-p 00007000 00:13 2026335                    /usr/lib/libdatrie.so.1.3.3
7f8cb7486000-7f8cb7496000 r-xp 00000000 00:13 2117097                    /usr/lib/libGLX.so.0.0.0
7f8cb7496000-7f8cb7695000 ---p 00010000 00:13 2117097                    /usr/lib/libGLX.so.0.0.0
7f8cb7695000-7f8cb7696000 r--p 0000f000 00:13 2117097                    /usr/lib/libGLX.so.0.0.0
7f8cb7696000-7f8cb7697000 rw-p 00010000 00:13 2117097                    /usr/lib/libGLX.so.0.0.0
7f8cb7697000-7f8cb76b7000 rw-p 00000000 00:00 0 
7f8cb76b7000-7f8cb76bc000 r-xp 00000000 00:13 42076                      /usr/lib/libXdmcp.so.6.0.0
7f8cb76bc000-7f8cb78bb000 ---p 00005000 00:13 42076                      /usr/lib/libXdmcp.so.6.0.0
7f8cb78bb000-7f8cb78bc000 r--p 00004000 00:13 42076                      /usr/lib/libXdmcp.so.6.0.0
7f8cb78bc000-7f8cb78bd000 rw-p 00005000 00:13 42076                      /usr/lib/libXdmcp.so.6.0.0
7f8cb78bd000-7f8cb78bf000 r-xp 00000000 00:13 42085                      /usr/lib/libXau.so.6.0.0
7f8cb78bf000-7f8cb7abf000 ---p 00002000 00:13 42085                      /usr/lib/libXau.so.6.0.0
7f8cb7abf000-7f8cb7ac0000 r--p 00002000 00:13 42085                      /usr/lib/libXau.so.6.0.0
7f8cb7ac0000-7f8cb7ac1000 rw-p 00003000 00:13 42085                      /usr/lib/libXau.so.6.0.0
7f8cb7ac1000-7f8cb7b2f000 r-xp 00000000 00:13 2117094                    /usr/lib/libGLdispatch.so.0.0.0
7f8cb7b2f000-7f8cb7d2e000 ---p 0006e000 00:13 2117094                    /usr/lib/libGLdispatch.so.0.0.0
7f8cb7d2e000-7f8cb7d56000 r--p 0006d000 00:13 2117094                    /usr/lib/libGLdispatch.so.0.0.0
7f8cb7d56000-7f8cb7d57000 rw-p 00095000 00:13 2117094                    /usr/lib/libGLdispatch.so.0.0.0
7f8cb7d57000-7f8cb7d77000 rw-p 00000000 00:00 0 
7f8cb7d77000-7f8cb7da1000 r-xp 00000000 00:13 586151                     /usr/lib/libgraphite2.so.3.0.1
7f8cb7da1000-7f8cb7fa0000 ---p 0002a000 00:13 586151                     /usr/lib/libgraphite2.so.3.0.1
7f8cb7fa0000-7f8cb7fa2000 r--p 00029000 00:13 586151                     /usr/lib/libgraphite2.so.3.0.1
7f8cb7fa2000-7f8cb7fa3000 rw-p 0002b000 00:13 586151                     /usr/lib/libgraphite2.so.3.0.1
7f8cb7fa3000-7f8cb7fa7000 r-xp 00000000 00:13 2024957                    /usr/lib/libuuid.so.1.3.0
7f8cb7fa7000-7f8cb81a6000 ---p 00004000 00:13 2024957                    /usr/lib/libuuid.so.1.3.0
7f8cb81a6000-7f8cb81a7000 r--p 00003000 00:13 2024957                    /usr/lib/libuuid.so.1.3.0
7f8cb81a7000-7f8cb81a8000 rw-p 00004000 00:13 2024957                    /usr/lib/libuuid.so.1.3.0
7f8cb81a8000-7f8cb81e9000 r-xp 00000000 00:13 2024958                    /usr/lib/libblkid.so.1.1.0
7f8cb81e9000-7f8cb83e8000 ---p 00041000 00:13 2024958                    /usr/lib/libblkid.so.1.1.0
7f8cb83e8000-7f8cb83ec000 r--p 00040000 00:13 2024958                    /usr/lib/libblkid.so.1.1.0
7f8cb83ec000-7f8cb83ed000 rw-p 00044000 00:13 2024958                    /usr/lib/libblkid.so.1.1.0
7f8cb83ed000-7f8cb83ee000 rw-p 00000000 00:00 0 
7f8cb83ee000-7f8cb8460000 r-xp 00000000 00:13 1605008                    /usr/lib/libpcre.so.1.2.8
7f8cb8460000-7f8cb865f000 ---p 00072000 00:13 1605008                    /usr/lib/libpcre.so.1.2.8
7f8cb865f000-7f8cb8660000 r--p 00071000 00:13 1605008                    /usr/lib/libpcre.so.1.2.8
7f8cb8660000-7f8cb8661000 rw-p 00072000 00:13 1605008                    /usr/lib/libpcre.so.1.2.8
7f8cb8661000-7f8cb8668000 r-xp 00000000 00:13 17402                      /usr/lib/libffi.so.6.0.4
7f8cb8668000-7f8cb8868000 ---p 00007000 00:13 17402                      /usr/lib/libffi.so.6.0.4
7f8cb8868000-7f8cb8869000 r--p 00007000 00:13 17402                      /usr/lib/libffi.so.6.0.4
7f8cb8869000-7f8cb886a000 rw-p 00008000 00:13 17402                      /usr/lib/libffi.so.6.0.4
7f8cb886a000-7f8cb8891000 r-xp 00000000 00:13 12033                      /usr/lib/libexpat.so.1.6.2
7f8cb8891000-7f8cb8a91000 ---p 00027000 00:13 12033                      /usr/lib/libexpat.so.1.6.2
7f8cb8a91000-7f8cb8a93000 r--p 00027000 00:13 12033                      /usr/lib/libexpat.so.1.6.2
7f8cb8a93000-7f8cb8a94000 rw-p 00029000 00:13 12033                      /usr/lib/libexpat.so.1.6.2
7f8cb8a94000-7f8cb8aa3000 r-xp 00000000 00:13 1313099                    /usr/lib/libbz2.so.1.0.6
7f8cb8aa3000-7f8cb8ca2000 ---p 0000f000 00:13 1313099                    /usr/lib/libbz2.so.1.0.6
7f8cb8ca2000-7f8cb8ca3000 r--p 0000e000 00:13 1313099                    /usr/lib/libbz2.so.1.0.6
7f8cb8ca3000-7f8cb8ca4000 rw-p 0000f000 00:13 1313099                    /usr/lib/libbz2.so.1.0.6
7f8cb8ca4000-7f8cb8cac000 r-xp 00000000 00:13 1621406                    /usr/lib/libthai.so.0.3.0
7f8cb8cac000-7f8cb8eac000 ---p 00008000 00:13 1621406                    /usr/lib/libthai.so.0.3.0
7f8cb8eac000-7f8cb8ead000 r--p 00008000 00:13 1621406                    /usr/lib/libthai.so.0.3.0
7f8cb8ead000-7f8cb8eae000 rw-p 00009000 00:13 1621406                    /usr/lib/libthai.so.0.3.0
7f8cb8eae000-7f8cb8f1e000 r-xp 00000000 00:13 2117098                    /usr/lib/libGL.so.1.0.0
7f8cb8f1e000-7f8cb911d000 ---p 00070000 00:13 2117098                    /usr/lib/libGL.so.1.0.0
7f8cb911d000-7f8cb9137000 r--p 0006f000 00:13 2117098                    /usr/lib/libGL.so.1.0.0
7f8cb9137000-7f8cb9138000 rw-p 00089000 00:13 2117098                    /usr/lib/libGL.so.1.0.0
7f8cb9138000-7f8cb9139000 rw-p 00000000 00:00 0 
7f8cb9139000-7f8cb9145000 r-xp 00000000 00:13 42162                      /usr/lib/libxcb-render.so.0.0.0
7f8cb9145000-7f8cb9345000 ---p 0000c000 00:13 42162                      /usr/lib/libxcb-render.so.0.0.0
7f8cb9345000-7f8cb9346000 r--p 0000c000 00:13 42162                      /usr/lib/libxcb-render.so.0.0.0
7f8cb9346000-7f8cb9347000 rw-p 0000d000 00:13 42162                      /usr/lib/libxcb-render.so.0.0.0
7f8cb9347000-7f8cb936f000 r-xp 00000000 00:13 42152                      /usr/lib/libxcb.so.1.1.0
7f8cb936f000-7f8cb956e000 ---p 00028000 00:13 42152                      /usr/lib/libxcb.so.1.1.0
7f8cb956e000-7f8cb956f000 r--p 00027000 00:13 42152                      /usr/lib/libxcb.so.1.1.0
7f8cb956f000-7f8cb9570000 rw-p 00028000 00:13 42152                      /usr/lib/libxcb.so.1.1.0
7f8cb9570000-7f8cb9572000 r-xp 00000000 00:13 42166                      /usr/lib/libxcb-shm.so.0.0.0
7f8cb9572000-7f8cb9772000 ---p 00002000 00:13 42166                      /usr/lib/libxcb-shm.so.0.0.0
7f8cb9772000-7f8cb9773000 r--p 00002000 00:13 42166                      /usr/lib/libxcb-shm.so.0.0.0
7f8cb9773000-7f8cb9774000 rw-p 00003000 00:13 42166                      /usr/lib/libxcb-shm.so.0.0.0
7f8cb9774000-7f8cb9786000 r-xp 00000000 00:13 2117096                    /usr/lib/libEGL.so.1.0.0
7f8cb9786000-7f8cb9985000 ---p 00012000 00:13 2117096                    /usr/lib/libEGL.so.1.0.0
7f8cb9985000-7f8cb9986000 r--p 00011000 00:13 2117096                    /usr/lib/libEGL.so.1.0.0
7f8cb9986000-7f8cb9987000 rw-p 00012000 00:13 2117096                    /usr/lib/libEGL.so.1.0.0
7f8cb9987000-7f8cb9a26000 r-xp 00000000 00:13 46386                      /usr/lib/libpixman-1.so.0.34.0
7f8cb9a26000-7f8cb9c26000 ---p 0009f000 00:13 46386                      /usr/lib/libpixman-1.so.0.34.0
7f8cb9c26000-7f8cb9c2e000 r--p 0009f000 00:13 46386                      /usr/lib/libpixman-1.so.0.34.0
7f8cb9c2e000-7f8cb9c2f000 rw-p 000a7000 00:13 46386                      /usr/lib/libpixman-1.so.0.34.0
7f8cb9c2f000-7f8cb9c64000 r-xp 00000000 00:13 1420659                    /usr/lib/libpng16.so.16.28.0
7f8cb9c64000-7f8cb9e63000 ---p 00035000 00:13 1420659                    /usr/lib/libpng16.so.16.28.0
7f8cb9e63000-7f8cb9e64000 r--p 00034000 00:13 1420659                    /usr/lib/libpng16.so.16.28.0
7f8cb9e64000-7f8cb9e65000 rw-p 00035000 00:13 1420659                    /usr/lib/libpng16.so.16.28.0
7f8cb9e65000-7f8cb9ef3000 r-xp 00000000 00:13 2362619                    /usr/lib/libharfbuzz.so.0.10400.5
7f8cb9ef3000-7f8cba0f2000 ---p 0008e000 00:13 2362619                    /usr/lib/libharfbuzz.so.0.10400.5
7f8cba0f2000-7f8cba0f4000 r--p 0008d000 00:13 2362619                    /usr/lib/libharfbuzz.so.0.10400.5
7f8cba0f4000-7f8cba0f5000 rw-p 0008f000 00:13 2362619                    /usr/lib/libharfbuzz.so.0.10400.5
7f8cba0f5000-7f8cba13f000 r-xp 00000000 00:13 2024959                    /usr/lib/libmount.so.1.1.0
7f8cba13f000-7f8cba33f000 ---p 0004a000 00:13 2024959                    /usr/lib/libmount.so.1.1.0
7f8cba33f000-7f8cba340000 r--p 0004a000 00:13 2024959                    /usr/lib/libmount.so.1.1.0
7f8cba340000-7f8cba341000 rw-p 0004b000 00:13 2024959                    /usr/lib/libmount.so.1.1.0
7f8cba341000-7f8cba343000 rw-p 00000000 00:00 0 
7f8cba343000-7f8cba356000 r-xp 00000000 00:13 2157401                    /usr/lib/libresolv-2.25.so
7f8cba356000-7f8cba555000 ---p 00013000 00:13 2157401                    /usr/lib/libresolv-2.25.so
7f8cba555000-7f8cba556000 r--p 00012000 00:13 2157401                    /usr/lib/libresolv-2.25.so
7f8cba556000-7f8cba557000 rw-p 00013000 00:13 2157401                    /usr/lib/libresolv-2.25.so
7f8cba557000-7f8cba559000 rw-p 00000000 00:00 0 
7f8cba559000-7f8cba56a000 r-xp 00000000 00:13 45923                      /usr/lib/libXext.so.6.4.0
7f8cba56a000-7f8cba769000 ---p 00011000 00:13 45923                      /usr/lib/libXext.so.6.4.0
7f8cba769000-7f8cba76a000 r--p 00010000 00:13 45923                      /usr/lib/libXext.so.6.4.0
7f8cba76a000-7f8cba76b000 rw-p 00011000 00:13 45923                      /usr/lib/libXext.so.6.4.0
7f8cba76b000-7f8cba76d000 r-xp 00000000 00:13 46013                      /usr/lib/libXdamage.so.1.1.0
7f8cba76d000-7f8cba96c000 ---p 00002000 00:13 46013                      /usr/lib/libXdamage.so.1.1.0
7f8cba96c000-7f8cba96d000 r--p 00001000 00:13 46013                      /usr/lib/libXdamage.so.1.1.0
7f8cba96d000-7f8cba96e000 rw-p 00002000 00:13 46013                      /usr/lib/libXdamage.so.1.1.0
7f8cba96e000-7f8cba970000 r-xp 00000000 00:13 49664                      /usr/lib/libXcomposite.so.1.0.0
7f8cba970000-7f8cbab6f000 ---p 00002000 00:13 49664                      /usr/lib/libXcomposite.so.1.0.0
7f8cbab6f000-7f8cbab70000 r--p 00001000 00:13 49664                      /usr/lib/libXcomposite.so.1.0.0
7f8cbab70000-7f8cbab71000 rw-p 00002000 00:13 49664                      /usr/lib/libXcomposite.so.1.0.0
7f8cbab71000-7f8cbab7b000 r-xp 00000000 00:13 49470                      /usr/lib/libXcursor.so.1.0.2
7f8cbab7b000-7f8cbad7a000 ---p 0000a000 00:13 49470                      /usr/lib/libXcursor.so.1.0.2
7f8cbad7a000-7f8cbad7b000 r--p 00009000 00:13 49470                      /usr/lib/libXcursor.so.1.0.2
7f8cbad7b000-7f8cbad7c000 rw-p 0000a000 00:13 49470                      /usr/lib/libXcursor.so.1.0.2
7f8cbad7c000-7f8cbad86000 r-xp 00000000 00:13 49332                      /usr/lib/libXrandr.so.2.2.0
7f8cbad86000-7f8cbaf85000 ---p 0000a000 00:13 49332                      /usr/lib/libXrandr.so.2.2.0
7f8cbaf85000-7f8cbaf86000 r--p 00009000 00:13 49332                      /usr/lib/libXrandr.so.2.2.0
7f8cbaf86000-7f8cbaf87000 rw-p 0000a000 00:13 49332                      /usr/lib/libXrandr.so.2.2.0
7f8cbaf87000-7f8cbaf96000 r-xp 00000000 00:13 1621381                    /usr/lib/libXi.so.6.1.0
7f8cbaf96000-7f8cbb196000 ---p 0000f000 00:13 1621381                    /usr/lib/libXi.so.6.1.0
7f8cbb196000-7f8cbb197000 r--p 0000f000 00:13 1621381                    /usr/lib/libXi.so.6.1.0
7f8cbb197000-7f8cbb198000 rw-p 00010000 00:13 1621381                    /usr/lib/libXi.so.6.1.0
7f8cbb198000-7f8cbb19a000 r-xp 00000000 00:13 49376                      /usr/lib/libXinerama.so.1.0.0
7f8cbb19a000-7f8cbb399000 ---p 00002000 00:13 49376                      /usr/lib/libXinerama.so.1.0.0
7f8cbb399000-7f8cbb39a000 r--p 00001000 00:13 49376                      /usr/lib/libXinerama.so.1.0.0
7f8cbb39a000-7f8cbb39b000 rw-p 00002000 00:13 49376                      /usr/lib/libXinerama.so.1.0.0
7f8cbb39b000-7f8cbb3a4000 r-xp 00000000 00:13 49308                      /usr/lib/libXrender.so.1.3.0
7f8cbb3a4000-7f8cbb5a4000 ---p 00009000 00:13 49308                      /usr/lib/libXrender.so.1.3.0
7f8cbb5a4000-7f8cbb5a5000 r--p 00009000 00:13 49308                      /usr/lib/libXrender.so.1.3.0
7f8cbb5a5000-7f8cbb5a6000 rw-p 0000a000 00:13 49308                      /usr/lib/libXrender.so.1.3.0
7f8cbb5a6000-7f8cbb5ab000 r-xp 00000000 00:13 45985                      /usr/lib/libXfixes.so.3.1.0
7f8cbb5ab000-7f8cbb7aa000 ---p 00005000 00:13 45985                      /usr/lib/libXfixes.so.3.1.0
7f8cbb7aa000-7f8cbb7ab000 r--p 00004000 00:13 45985                      /usr/lib/libXfixes.so.3.1.0
7f8cbb7ab000-7f8cbb7ac000 rw-p 00005000 00:13 45985                      /usr/lib/libXfixes.so.3.1.0
7f8cbb7ac000-7f8cbb8e5000 r-xp 00000000 00:13 2117005                    /usr/lib/libX11.so.6.3.0
7f8cbb8e5000-7f8cbbae5000 ---p 00139000 00:13 2117005                    /usr/lib/libX11.so.6.3.0
7f8cbbae5000-7f8cbbae6000 r--p 00139000 00:13 2117005                    /usr/lib/libX11.so.6.3.0
7f8cbbae6000-7f8cbbaeb000 rw-p 0013a000 00:13 2117005                    /usr/lib/libX11.so.6.3.0
7f8cbbaeb000-7f8cbbbfc000 r-xp 00000000 00:13 1944044                    /usr/lib/libglib-2.0.so.0.5000.3
7f8cbbbfc000-7f8cbbdfb000 ---p 00111000 00:13 1944044                    /usr/lib/libglib-2.0.so.0.5000.3
7f8cbbdfb000-7f8cbbdfc000 r--p 00110000 00:13 1944044                    /usr/lib/libglib-2.0.so.0.5000.3
7f8cbbdfc000-7f8cbbdfd000 rw-p 00111000 00:13 1944044                    /usr/lib/libglib-2.0.so.0.5000.3
7f8cbbdfd000-7f8cbbdfe000 rw-p 00000000 00:00 0 
7f8cbbdfe000-7f8cbbdff000 r-xp 00000000 00:13 1944046                    /usr/lib/libgthread-2.0.so.0.5000.3
7f8cbbdff000-7f8cbbffe000 ---p 00001000 00:13 1944046                    /usr/lib/libgthread-2.0.so.0.5000.3
7f8cbbffe000-7f8cbbfff000 r--p 00000000 00:13 1944046                    /usr/lib/libgthread-2.0.so.0.5000.3
7f8cbbfff000-7f8cbc000000 rw-p 00001000 00:13 1944046                    /usr/lib/libgthread-2.0.so.0.5000.3
7f8cbc000000-7f8cbc021000 rw-p 00000000 00:00 0 
7f8cbc021000-7f8cc0000000 ---p 00000000 00:00 0 
7f8cc00a9000-7f8cc00ac000 r-xp 00000000 00:13 1944045                    /usr/lib/libgmodule-2.0.so.0.5000.3
7f8cc00ac000-7f8cc02ab000 ---p 00003000 00:13 1944045                    /usr/lib/libgmodule-2.0.so.0.5000.3
7f8cc02ab000-7f8cc02ac000 r--p 00002000 00:13 1944045                    /usr/lib/libgmodule-2.0.so.0.5000.3
7f8cc02ac000-7f8cc02ad000 rw-p 00003000 00:13 1944045                    /usr/lib/libgmodule-2.0.so.0.5000.3
7f8cc02ad000-7f8cc02fe000 r-xp 00000000 00:13 1944047                    /usr/lib/libgobject-2.0.so.0.5000.3
7f8cc02fe000-7f8cc04fd000 ---p 00051000 00:13 1944047                    /usr/lib/libgobject-2.0.so.0.5000.3
7f8cc04fd000-7f8cc04fe000 r--p 00050000 00:13 1944047                    /usr/lib/libgobject-2.0.so.0.5000.3
7f8cc04fe000-7f8cc04ff000 rw-p 00051000 00:13 1944047                    /usr/lib/libgobject-2.0.so.0.5000.3
7f8cc04ff000-7f8cc053d000 r-xp 00000000 00:13 1466723                    /usr/lib/libfontconfig.so.1.9.2
7f8cc053d000-7f8cc073c000 ---p 0003e000 00:13 1466723                    /usr/lib/libfontconfig.so.1.9.2
7f8cc073c000-7f8cc073e000 r--p 0003d000 00:13 1466723                    /usr/lib/libfontconfig.so.1.9.2
7f8cc073e000-7f8cc0743000 rw-p 0003f000 00:13 1466723                    /usr/lib/libfontconfig.so.1.9.2
7f8cc0743000-7f8cc07fd000 r-xp 00000000 00:13 1313415                    /usr/lib/libfreetype.so.6.13.0
7f8cc07fd000-7f8cc09fd000 ---p 000ba000 00:13 1313415                    /usr/lib/libfreetype.so.6.13.0
7f8cc09fd000-7f8cc0a03000 r--p 000ba000 00:13 1313415                    /usr/lib/libfreetype.so.6.13.0
7f8cc0a03000-7f8cc0a04000 rw-p 000c0000 00:13 1313415                    /usr/lib/libfreetype.so.6.13.0
7f8cc0a04000-7f8cc0a4d000 r-xp 00000000 00:13 2118048                    /usr/lib/libpango-1.0.so.0.4000.4
7f8cc0a4d000-7f8cc0c4d000 ---p 00049000 00:13 2118048                    /usr/lib/libpango-1.0.so.0.4000.4
7f8cc0c4d000-7f8cc0c4f000 r--p 00049000 00:13 2118048                    /usr/lib/libpango-1.0.so.0.4000.4
7f8cc0c4f000-7f8cc0c50000 rw-p 0004b000 00:13 2118048                    /usr/lib/libpango-1.0.so.0.4000.4
7f8cc0c50000-7f8cc0d79000 r-xp 00000000 00:13 953451                     /usr/lib/libcairo.so.2.11400.8
7f8cc0d79000-7f8cc0f78000 ---p 00129000 00:13 953451                     /usr/lib/libcairo.so.2.11400.8
7f8cc0f78000-7f8cc0f7b000 r--p 00128000 00:13 953451                     /usr/lib/libcairo.so.2.11400.8
7f8cc0f7b000-7f8cc0f7d000 rw-p 0012b000 00:13 953451                     /usr/lib/libcairo.so.2.11400.8
7f8cc0f7d000-7f8cc0f7e000 rw-p 00000000 00:00 0 
7f8cc0f7e000-7f8cc0fa4000 r-xp 00000000 00:13 1944921                    /usr/lib/libgdk_pixbuf-2.0.so.0.3600.5
7f8cc0fa4000-7f8cc11a3000 ---p 00026000 00:13 1944921                    /usr/lib/libgdk_pixbuf-2.0.so.0.3600.5
7f8cc11a3000-7f8cc11a4000 r--p 00025000 00:13 1944921                    /usr/lib/libgdk_pixbuf-2.0.so.0.3600.5
7f8cc11a4000-7f8cc11a5000 rw-p 00026000 00:13 1944921                    /usr/lib/libgdk_pixbuf-2.0.so.0.3600.5
7f8cc11a5000-7f8cc11b1000 r-xp 00000000 00:13 2118051                    /usr/lib/libpangocairo-1.0.so.0.4000.4
7f8cc11b1000-7f8cc13b0000 ---p 0000c000 00:13 2118051                    /usr/lib/libpangocairo-1.0.so.0.4000.4
7f8cc13b0000-7f8cc13b1000 r--p 0000b000 00:13 2118051                    /usr/lib/libpangocairo-1.0.so.0.4000.4
7f8cc13b1000-7f8cc13b2000 rw-p 0000c000 00:13 2118051                    /usr/lib/libpangocairo-1.0.so.0.4000.4
7f8cc13b2000-7f8cc13c6000 r-xp 00000000 00:13 2118049                    /usr/lib/libpangoft2-1.0.so.0.4000.4
7f8cc13c6000-7f8cc15c5000 ---p 00014000 00:13 2118049                    /usr/lib/libpangoft2-1.0.so.0.4000.4
7f8cc15c5000-7f8cc15c6000 r--p 00013000 00:13 2118049                    /usr/lib/libpangoft2-1.0.so.0.4000.4
7f8cc15c6000-7f8cc15c7000 rw-p 00014000 00:13 2118049                    /usr/lib/libpangoft2-1.0.so.0.4000.4
7f8cc15c7000-7f8cc1752000 r-xp 00000000 00:13 1944048                    /usr/lib/libgio-2.0.so.0.5000.3
7f8cc1752000-7f8cc1952000 ---p 0018b000 00:13 1944048                    /usr/lib/libgio-2.0.so.0.5000.3
7f8cc1952000-7f8cc1957000 r--p 0018b000 00:13 1944048                    /usr/lib/libgio-2.0.so.0.5000.3
7f8cc1957000-7f8cc1959000 rw-p 00190000 00:13 1944048                    /usr/lib/libgio-2.0.so.0.5000.3
7f8cc1959000-7f8cc195b000 rw-p 00000000 00:00 0 
7f8cc195b000-7f8cc197e000 r-xp 00000000 00:13 2399192                    /usr/lib/libatk-1.0.so.0.22409.1
7f8cc197e000-7f8cc1b7d000 ---p 00023000 00:13 2399192                    /usr/lib/libatk-1.0.so.0.22409.1
7f8cc1b7d000-7f8cc1b80000 r--p 00022000 00:13 2399192                    /usr/lib/libatk-1.0.so.0.22409.1
7f8cc1b80000-7f8cc1b81000 rw-p 00025000 00:13 2399192                    /usr/lib/libatk-1.0.so.0.22409.1
7f8cc1b81000-7f8cc1c31000 r-xp 00000000 00:13 62699                      /usr/lib/libgdk-x11-2.0.so.0.2400.31
7f8cc1c31000-7f8cc1e30000 ---p 000b0000 00:13 62699                      /usr/lib/libgdk-x11-2.0.so.0.2400.31
7f8cc1e30000-7f8cc1e34000 r--p 000af000 00:13 62699                      /usr/lib/libgdk-x11-2.0.so.0.2400.31
7f8cc1e34000-7f8cc1e36000 rw-p 000b3000 00:13 62699                      /usr/lib/libgdk-x11-2.0.so.0.2400.31
7f8cc1e36000-7f8cc2269000 r-xp 00000000 00:13 62700                      /usr/lib/libgtk-x11-2.0.so.0.2400.31
7f8cc2269000-7f8cc2468000 ---p 00433000 00:13 62700                      /usr/lib/libgtk-x11-2.0.so.0.2400.31
7f8cc2468000-7f8cc246f000 r--p 00432000 00:13 62700                      /usr/lib/libgtk-x11-2.0.so.0.2400.31
7f8cc246f000-7f8cc2473000 rw-p 00439000 00:13 62700                      /usr/lib/libgtk-x11-2.0.so.0.2400.31
7f8cc2473000-7f8cc2476000 rw-p 00000000 00:00 0 
7f8cc2476000-7f8cc2490000 r-xp 00000000 00:13 2418402                    /home/andrey/.javacpp/cache/opencv-3.2.0-1.3-linux-x86_64.jar/org/bytedeco/javacpp/linux-x86_64/libopencv_videoio.so.3.2
7f8cc2490000-7f8cc2690000 ---p 0001a000 00:13 2418402                    /home/andrey/.javacpp/cache/opencv-3.2.0-1.3-linux-x86_64.jar/org/bytedeco/javacpp/linux-x86_64/libopencv_videoio.so.3.2
7f8cc2690000-7f8cc2691000 rw-p 0001a000 00:13 2418402                    /home/andrey/.javacpp/cache/opencv-3.2.0-1.3-linux-x86_64.jar/org/bytedeco/javacpp/linux-x86_64/libopencv_videoio.so.3.2
7f8cc2691000-7f8cc2814000 rw-p 00000000 00:00 0 
7f8cc2814000-7f8cc2894000 ---p 00000000 00:00 0 
7f8cc2894000-7f8cc4000000 rw-p 00000000 00:00 0 
7f8cc4000000-7f8cc4021000 rw-p 00000000 00:00 0 
7f8cc4021000-7f8cc8000000 ---p 00000000 00:00 0 
7f8cc8000000-7f8cc8021000 rw-p 00000000 00:00 0 
7f8cc8021000-7f8ccc000000 ---p 00000000 00:00 0 
7f8ccc000000-7f8ccc2d1000 rw-p 00000000 00:00 0 
7f8ccc2d1000-7f8cd0000000 ---p 00000000 00:00 0 
7f8cd0000000-7f8cd01e7000 rw-p 00000000 00:00 0 
7f8cd01e7000-7f8cd4000000 ---p 00000000 00:00 0 
7f8cd4000000-7f8cd4021000 rw-p 00000000 00:00 0 
7f8cd4021000-7f8cd8000000 ---p 00000000 00:00 0 
7f8cd8000000-7f8cd8021000 rw-p 00000000 00:00 0 
7f8cd8021000-7f8cdc000000 ---p 00000000 00:00 0 
7f8cdc000000-7f8cdc021000 rw-p 00000000 00:00 0 
7f8cdc021000-7f8ce0000000 ---p 00000000 00:00 0 
7f8ce0000000-7f8ce0025000 rw-p 00000000 00:00 0 
7f8ce0025000-7f8ce4000000 ---p 00000000 00:00 0 
7f8ce4000000-7f8ce4021000 rw-p 00000000 00:00 0 
7f8ce4021000-7f8ce8000000 ---p 00000000 00:00 0 
7f8ce8000000-7f8ce8021000 rw-p 00000000 00:00 0 
7f8ce8021000-7f8cec000000 ---p 00000000 00:00 0 
7f8cec000000-7f8cec021000 rw-p 00000000 00:00 0 
7f8cec021000-7f8cf0000000 ---p 00000000 00:00 0 
7f8cf0000000-7f8cf0021000 rw-p 00000000 00:00 0 
7f8cf0021000-7f8cf4000000 ---p 00000000 00:00 0 
7f8cf4000000-7f8cf4021000 rw-p 00000000 00:00 0 
7f8cf4021000-7f8cf8000000 ---p 00000000 00:00 0 
7f8cf81fe000-7f8cf8223000 r-xp 00000000 00:13 2418401                    /home/andrey/.javacpp/cache/opencv-3.2.0-1.3-linux-x86_64.jar/org/bytedeco/javacpp/linux-x86_64/libjniopencv_imgcodecs.so
7f8cf8223000-7f8cf8422000 ---p 00025000 00:13 2418401                    /home/andrey/.javacpp/cache/opencv-3.2.0-1.3-linux-x86_64.jar/org/bytedeco/javacpp/linux-x86_64/libjniopencv_imgcodecs.so
7f8cf8422000-7f8cf8423000 rw-p 00024000 00:13 2418401                    /home/andrey/.javacpp/cache/opencv-3.2.0-1.3-linux-x86_64.jar/org/bytedeco/javacpp/linux-x86_64/libjniopencv_imgcodecs.so
7f8cf8423000-7f8cf865d000 r-xp 00000000 00:13 2418400                    /home/andrey/.javacpp/cache/opencv-3.2.0-1.3-linux-x86_64.jar/org/bytedeco/javacpp/linux-x86_64/libopencv_imgcodecs.so.3.2
7f8cf865d000-7f8cf885d000 ---p 0023a000 00:13 2418400                    /home/andrey/.javacpp/cache/opencv-3.2.0-1.3-linux-x86_64.jar/org/bytedeco/javacpp/linux-x86_64/libopencv_imgcodecs.so.3.2
7f8cf885d000-7f8cf886b000 rw-p 0023a000 00:13 2418400                    /home/andrey/.javacpp/cache/opencv-3.2.0-1.3-linux-x86_64.jar/org/bytedeco/javacpp/linux-x86_64/libopencv_imgcodecs.so.3.2
7f8cf886b000-7f8cf8876000 rw-p 00000000 00:00 0 
7f8cf8876000-7f8cf8980000 r-xp 00000000 00:13 2418399                    /home/andrey/.javacpp/cache/opencv-3.2.0-1.3-linux-x86_64.jar/org/bytedeco/javacpp/linux-x86_64/libjniopencv_imgproc.so
7f8cf8980000-7f8cf8b7f000 ---p 0010a000 00:13 2418399                    /home/andrey/.javacpp/cache/opencv-3.2.0-1.3-linux-x86_64.jar/org/bytedeco/javacpp/linux-x86_64/libjniopencv_imgproc.so
7f8cf8b7f000-7f8cf8b81000 rw-p 00109000 00:13 2418399                    /home/andrey/.javacpp/cache/opencv-3.2.0-1.3-linux-x86_64.jar/org/bytedeco/javacpp/linux-x86_64/libjniopencv_imgproc.so
7f8cf8b81000-7f8cf8c82000 rwxp 00000000 00:00 0 
7f8cf8c82000-7f8cf8f11000 r-xp 00000000 00:13 2418398                    /home/andrey/.javacpp/cache/opencv-3.2.0-1.3-linux-x86_64.jar/org/bytedeco/javacpp/linux-x86_64/libjniopencv_core.so
7f8cf8f11000-7f8cf9110000 ---p 0028f000 00:13 2418398                    /home/andrey/.javacpp/cache/opencv-3.2.0-1.3-linux-x86_64.jar/org/bytedeco/javacpp/linux-x86_64/libjniopencv_core.so
7f8cf9110000-7f8cf9113000 rw-p 0028e000 00:13 2418398                    /home/andrey/.javacpp/cache/opencv-3.2.0-1.3-linux-x86_64.jar/org/bytedeco/javacpp/linux-x86_64/libjniopencv_core.so
7f8cf9113000-7f8cf9114000 rw-p 00000000 00:00 0 
7f8cf9114000-7f8cf9355000 r-xp 00000000 00:13 2418397                    /home/andrey/.javacpp/cache/opencv-3.2.0-1.3-linux-x86_64.jar/org/bytedeco/javacpp/linux-x86_64/libopencv_imgproc.so.3.2
7f8cf9355000-7f8cf9555000 ---p 00241000 00:13 2418397                    /home/andrey/.javacpp/cache/opencv-3.2.0-1.3-linux-x86_64.jar/org/bytedeco/javacpp/linux-x86_64/libopencv_imgproc.so.3.2
7f8cf9555000-7f8cf9567000 rw-p 00241000 00:13 2418397                    /home/andrey/.javacpp/cache/opencv-3.2.0-1.3-linux-x86_64.jar/org/bytedeco/javacpp/linux-x86_64/libopencv_imgproc.so.3.2
7f8cf9567000-7f8cf95fc000 rw-p 00000000 00:00 0 
7f8cf95fc000-7f8cf9612000 r-xp 00000000 00:13 2159154                    /usr/lib/libgcc_s.so.1
7f8cf9612000-7f8cf9811000 ---p 00016000 00:13 2159154                    /usr/lib/libgcc_s.so.1
7f8cf9811000-7f8cf9812000 r--p 00015000 00:13 2159154                    /usr/lib/libgcc_s.so.1
7f8cf9812000-7f8cf9813000 rw-p 00016000 00:13 2159154                    /usr/lib/libgcc_s.so.1
7f8cf9891000-7f8cf9a09000 r-xp 00000000 00:13 2159122                    /usr/lib/libstdc++.so.6.0.22
7f8cf9a09000-7f8cf9c09000 ---p 00178000 00:13 2159122                    /usr/lib/libstdc++.so.6.0.22
7f8cf9c09000-7f8cf9c13000 r--p 00178000 00:13 2159122                    /usr/lib/libstdc++.so.6.0.22
7f8cf9c13000-7f8cf9c15000 rw-p 00182000 00:13 2159122                    /usr/lib/libstdc++.so.6.0.22
7f8cf9c15000-7f8cf9c19000 rw-p 00000000 00:00 0 
7f8cf9c19000-7f8cf9e31000 r-xp 00000000 00:13 2418396                    /home/andrey/.javacpp/cache/opencv-3.2.0-1.3-linux-x86_64.jar/org/bytedeco/javacpp/linux-x86_64/libopencv_core.so.3.2
7f8cf9e31000-7f8cfa031000 ---p 00218000 00:13 2418396                    /home/andrey/.javacpp/cache/opencv-3.2.0-1.3-linux-x86_64.jar/org/bytedeco/javacpp/linux-x86_64/libopencv_core.so.3.2
7f8cfa031000-7f8cfa038000 rw-p 00218000 00:13 2418396                    /home/andrey/.javacpp/cache/opencv-3.2.0-1.3-linux-x86_64.jar/org/bytedeco/javacpp/linux-x86_64/libopencv_core.so.3.2
7f8cfa038000-7f8cfa03a000 rw-p 00000000 00:00 0 
7f8cfa0b6000-7f8cfa0cc000 r-xp 00000000 00:13 1620790                    /usr/lib/jvm/java-8-openjdk/jre/lib/amd64/libnet.so
7f8cfa0cc000-7f8cfa2cb000 ---p 00016000 00:13 1620790                    /usr/lib/jvm/java-8-openjdk/jre/lib/amd64/libnet.so
7f8cfa2cb000-7f8cfa2cc000 r--p 00015000 00:13 1620790                    /usr/lib/jvm/java-8-openjdk/jre/lib/amd64/libnet.so
7f8cfa2cc000-7f8cfa2cd000 rw-p 00016000 00:13 1620790                    /usr/lib/jvm/java-8-openjdk/jre/lib/amd64/libnet.so
7f8cfa2cd000-7f8cfa2de000 r-xp 00000000 00:13 1620779                    /usr/lib/jvm/java-8-openjdk/jre/lib/amd64/libnio.so
7f8cfa2de000-7f8cfa4dd000 ---p 00011000 00:13 1620779                    /usr/lib/jvm/java-8-openjdk/jre/lib/amd64/libnio.so
7f8cfa4dd000-7f8cfa4de000 r--p 00010000 00:13 1620779                    /usr/lib/jvm/java-8-openjdk/jre/lib/amd64/libnio.so
7f8cfa4de000-7f8cfa4df000 rw-p 00011000 00:13 1620779                    /usr/lib/jvm/java-8-openjdk/jre/lib/amd64/libnio.so
7f8cfa4df000-7f8cfa4f4000 r-xp 00000000 00:13 2418395                    /home/andrey/.javacpp/cache/opencv-3.2.0-1.3-linux-x86_64.jar/org/bytedeco/javacpp/linux-x86_64/libgomp.so.1
7f8cfa4f4000-7f8cfa6f3000 ---p 00015000 00:13 2418395                    /home/andrey/.javacpp/cache/opencv-3.2.0-1.3-linux-x86_64.jar/org/bytedeco/javacpp/linux-x86_64/libgomp.so.1
7f8cfa6f3000-7f8cfa6f4000 rw-p 00014000 00:13 2418395                    /home/andrey/.javacpp/cache/opencv-3.2.0-1.3-linux-x86_64.jar/org/bytedeco/javacpp/linux-x86_64/libgomp.so.1
7f8cfa762000-7f8cfa764000 r--s 00019000 00:13 2167305                    /usr/share/intellijidea-ce/lib/idea_rt.jar
7f8cfa764000-7f8cfa765000 r--s 00000000 00:13 2419227                    /home/andrey/.ivy2/cache/org.bytedeco.javacpp-presets/videoinput-platform/jars/videoinput-platform-0.200-1.3.jar
7f8cfa765000-7f8cfa766000 r--s 0000b000 00:13 2419189                    /home/andrey/.ivy2/cache/org.bytedeco.javacpp-presets/videoinput/jars/videoinput-0.200-1.3-windows-x86_64.jar
7f8cfa766000-7f8cfa767000 r--s 00009000 00:13 2419191                    /home/andrey/.ivy2/cache/org.bytedeco.javacpp-presets/videoinput/jars/videoinput-0.200-1.3-windows-x86.jar
7f8cfa767000-7f8cfa768000 r--s 00003000 00:13 2419190                    /home/andrey/.ivy2/cache/org.bytedeco.javacpp-presets/videoinput/jars/videoinput-0.200-1.3.jar
7f8cfa768000-7f8cfa769000 r--s 00000000 00:13 2419225                    /home/andrey/.ivy2/cache/org.bytedeco.javacpp-presets/librealsense-platform/jars/librealsense-platform-1.9.6-1.3.jar
7f8cfa769000-7f8cfa76a000 r--s 00076000 00:13 2419186                    /home/andrey/.ivy2/cache/org.bytedeco.javacpp-presets/librealsense/jars/librealsense-1.9.6-1.3-linux-x86_64.jar
7f8cfa76a000-7f8cfa76b000 r--s 00074000 00:13 2419185                    /home/andrey/.ivy2/cache/org.bytedeco.javacpp-presets/librealsense/jars/librealsense-1.9.6-1.3-linux-x86.jar
7f8cfa76b000-7f8cfa76e000 r--s 00009000 00:13 2419187                    /home/andrey/.ivy2/cache/org.bytedeco.javacpp-presets/librealsense/jars/librealsense-1.9.6-1.3.jar
7f8cfa76e000-7f8cfa76f000 r--s 00000000 00:13 2419223                    /home/andrey/.ivy2/cache/org.bytedeco.javacpp-presets/libfreenect2-platform/jars/libfreenect2-platform-0.2.0-1.3.jar
7f8cfa76f000-7f8cfa770000 r--s 00061000 00:13 2419181                    /home/andrey/.ivy2/cache/org.bytedeco.javacpp-presets/libfreenect2/jars/libfreenect2-0.2.0-1.3-linux-x86_64.jar
7f8cfa770000-7f8cfa772000 r--s 00065000 00:13 2419183                    /home/andrey/.ivy2/cache/org.bytedeco.javacpp-presets/libfreenect2/jars/libfreenect2-0.2.0-1.3-linux-x86.jar
7f8cfa772000-7f8cfa773000 r--s 00005000 00:13 2419182                    /home/andrey/.ivy2/cache/org.bytedeco.javacpp-presets/libfreenect2/jars/libfreenect2-0.2.0-1.3.jar
7f8cfa773000-7f8cfa774000 r--s 00000000 00:13 2419221                    /home/andrey/.ivy2/cache/org.bytedeco.javacpp-presets/libfreenect-platform/jars/libfreenect-platform-0.5.3-1.3.jar
7f8cfa774000-7f8cfa775000 r--s 0002e000 00:13 2419174                    /home/andrey/.ivy2/cache/org.bytedeco.javacpp-presets/libfreenect/jars/libfreenect-0.5.3-1.3-windows-x86_64.jar
7f8cfa775000-7f8cfa776000 r--s 00028000 00:13 2419177                    /home/andrey/.ivy2/cache/org.bytedeco.javacpp-presets/libfreenect/jars/libfreenect-0.5.3-1.3-windows-x86.jar
7f8cfa776000-7f8cfa778000 r--s 0001a000 00:13 2419178                    /home/andrey/.ivy2/cache/org.bytedeco.javacpp-presets/libfreenect/jars/libfreenect-0.5.3-1.3-macosx-x86_64.jar
7f8cfa778000-7f8cfa779000 r--s 0001c000 00:13 2419175                    /home/andrey/.ivy2/cache/org.bytedeco.javacpp-presets/libfreenect/jars/libfreenect-0.5.3-1.3-linux-x86_64.jar
7f8cfa779000-7f8cfa77a000 r--s 0001b000 00:13 2419176                    /home/andrey/.ivy2/cache/org.bytedeco.javacpp-presets/libfreenect/jars/libfreenect-0.5.3-1.3-linux-x86.jar
7f8cfa77a000-7f8cfa77b000 r--s 00015000 00:13 2419179                    /home/andrey/.ivy2/cache/org.bytedeco.javacpp-presets/libfreenect/jars/libfreenect-0.5.3-1.3-linux-ppc64le.jar
7f8cfa77b000-7f8cfa77d000 r--s 00011000 00:13 2419172                    /home/andrey/.ivy2/cache/org.bytedeco.javacpp-presets/libfreenect/jars/libfreenect-0.5.3-1.3-linux-armhf.jar
7f8cfa77d000-7f8cfa77f000 r--s 00004000 00:13 2419173                    /home/andrey/.ivy2/cache/org.bytedeco.javacpp-presets/libfreenect/jars/libfreenect-0.5.3-1.3.jar
7f8cfa77f000-7f8cfa780000 r--s 00000000 00:13 2419219                    /home/andrey/.ivy2/cache/org.bytedeco.javacpp-presets/libdc1394-platform/jars/libdc1394-platform-2.2.4-1.3.jar
7f8cfa780000-7f8cfa781000 r--s 0002d000 00:13 2419168                    /home/andrey/.ivy2/cache/org.bytedeco.javacpp-presets/libdc1394/jars/libdc1394-2.2.4-1.3-windows-x86_64.jar
7f8cfa781000-7f8cfa783000 r--s 00032000 00:13 2419163                    /home/andrey/.ivy2/cache/org.bytedeco.javacpp-presets/libdc1394/jars/libdc1394-2.2.4-1.3-windows-x86.jar
7f8cfa783000-7f8cfa784000 r--s 00031000 00:13 2419165                    /home/andrey/.ivy2/cache/org.bytedeco.javacpp-presets/libdc1394/jars/libdc1394-2.2.4-1.3-macosx-x86_64.jar
7f8cfa784000-7f8cfa786000 r--s 0002f000 00:13 2419164                    /home/andrey/.ivy2/cache/org.bytedeco.javacpp-presets/libdc1394/jars/libdc1394-2.2.4-1.3-linux-x86_64.jar
7f8cfa786000-7f8cfa787000 r--s 0002d000 00:13 2419167                    /home/andrey/.ivy2/cache/org.bytedeco.javacpp-presets/libdc1394/jars/libdc1394-2.2.4-1.3-linux-x86.jar
7f8cfa787000-7f8cfa788000 r--s 00034000 00:13 2419170                    /home/andrey/.ivy2/cache/org.bytedeco.javacpp-presets/libdc1394/jars/libdc1394-2.2.4-1.3-linux-ppc64le.jar
7f8cfa788000-7f8cfa789000 r--s 0001f000 00:13 2419166                    /home/andrey/.ivy2/cache/org.bytedeco.javacpp-presets/libdc1394/jars/libdc1394-2.2.4-1.3-linux-armhf.jar
7f8cfa789000-7f8cfa78b000 r--s 00006000 00:13 2419169                    /home/andrey/.ivy2/cache/org.bytedeco.javacpp-presets/libdc1394/jars/libdc1394-2.2.4-1.3.jar
7f8cfa78b000-7f8cfa78c000 r--s 00000000 00:13 2419217                    /home/andrey/.ivy2/cache/org.bytedeco.javacpp-presets/flycapture-platform/jars/flycapture-platform-2.9.3.43-1.3.jar
7f8cfa78c000-7f8cfa78d000 r--s 0003a000 00:13 2419159                    /home/andrey/.ivy2/cache/org.bytedeco.javacpp-presets/flycapture/jars/flycapture-2.9.3.43-1.3-windows-x86_64.jar
7f8cfa78d000-7f8cfa78f000 r--s 0002d000 00:13 2419161                    /home/andrey/.ivy2/cache/org.bytedeco.javacpp-presets/flycapture/jars/flycapture-2.9.3.43-1.3-windows-x86.jar
7f8cfa78f000-7f8cfa791000 r--s 0003a000 00:13 2419158                    /home/andrey/.ivy2/cache/org.bytedeco.javacpp-presets/flycapture/jars/flycapture-2.9.3.43-1.3-linux-x86_64.jar
7f8cfa791000-7f8cfa793000 r--s 00035000 00:13 2419160                    /home/andrey/.ivy2/cache/org.bytedeco.javacpp-presets/flycapture/jars/flycapture-2.9.3.43-1.3-linux-x86.jar
7f8cfa793000-7f8cfa794000 r--s 0002d000 00:13 2419157                    /home/andrey/.ivy2/cache/org.bytedeco.javacpp-presets/flycapture/jars/flycapture-2.9.3.43-1.3-linux-armhf.jar
7f8cfa794000-7f8cfa798000 r--s 0001f000 00:13 2419156                    /home/andrey/.ivy2/cache/org.bytedeco.javacpp-presets/flycapture/jars/flycapture-2.9.3.43-1.3.jar
7f8cfa798000-7f8cfa799000 r--s 00000000 00:13 2419231                    /home/andrey/.ivy2/cache/org.bytedeco.javacpp-presets/flandmark-platform/jars/flandmark-platform-1.07-1.3.jar
7f8cfa799000-7f8cfa79b000 r--s 00009000 00:13 2419213                    /home/andrey/.ivy2/cache/org.bytedeco.javacpp-presets/flandmark/jars/flandmark-1.07-1.3-windows-x86_64.jar
7f8cfa79b000-7f8cfa79d000 r--s 00007000 00:13 2419205                    /home/andrey/.ivy2/cache/org.bytedeco.javacpp-presets/flandmark/jars/flandmark-1.07-1.3-windows-x86.jar
7f8cfa79d000-7f8cfa79e000 r--s 00009000 00:13 2419206                    /home/andrey/.ivy2/cache/org.bytedeco.javacpp-presets/flandmark/jars/flandmark-1.07-1.3-macosx-x86_64.jar
7f8cfa79e000-7f8cfa7a0000 r--s 00009000 00:13 2419212                    /home/andrey/.ivy2/cache/org.bytedeco.javacpp-presets/flandmark/jars/flandmark-1.07-1.3-linux-x86_64.jar
7f8cfa7a0000-7f8cfa7a1000 r--s 00009000 00:13 2419209                    /home/andrey/.ivy2/cache/org.bytedeco.javacpp-presets/flandmark/jars/flandmark-1.07-1.3-linux-x86.jar
7f8cfa7a1000-7f8cfa7a3000 r--s 0000a000 00:13 2419204                    /home/andrey/.ivy2/cache/org.bytedeco.javacpp-presets/flandmark/jars/flandmark-1.07-1.3-linux-ppc64le.jar
7f8cfa7a3000-7f8cfa7a4000 r--s 00008000 00:13 2419210                    /home/andrey/.ivy2/cache/org.bytedeco.javacpp-presets/flandmark/jars/flandmark-1.07-1.3-linux-armhf.jar
7f8cfa7a4000-7f8cfa7a5000 r--s 0000a000 00:13 2419207                    /home/andrey/.ivy2/cache/org.bytedeco.javacpp-presets/flandmark/jars/flandmark-1.07-1.3-android-x86.jar
7f8cfa7a5000-7f8cfa7a6000 r--s 00009000 00:13 2419211                    /home/andrey/.ivy2/cache/org.bytedeco.javacpp-presets/flandmark/jars/flandmark-1.07-1.3-android-arm.jar
7f8cfa7a6000-7f8cfa7a7000 r--s 00002000 00:13 2419208                    /home/andrey/.ivy2/cache/org.bytedeco.javacpp-presets/flandmark/jars/flandmark-1.07-1.3.jar
7f8cfa7a7000-7f8cfa7a8000 r--s 00000000 00:13 2419215                    /home/andrey/.ivy2/cache/org.bytedeco.javacpp-presets/ffmpeg-platform/jars/ffmpeg-platform-3.2.1-1.3.jar
7f8cfa7a8000-7f8cfa7a9000 r--s 00bdb000 00:13 2419154                    /home/andrey/.ivy2/cache/org.bytedeco.javacpp-presets/ffmpeg/jars/ffmpeg-3.2.1-1.3-windows-x86_64.jar
7f8cfa7a9000-7f8cfa7ab000 r--s 00b6f000 00:13 2419141                    /home/andrey/.ivy2/cache/org.bytedeco.javacpp-presets/ffmpeg/jars/ffmpeg-3.2.1-1.3-windows-x86.jar
7f8cfa7ab000-7f8cfa7ac000 r--s 00a78000 00:13 2419147                    /home/andrey/.ivy2/cache/org.bytedeco.javacpp-presets/ffmpeg/jars/ffmpeg-3.2.1-1.3-macosx-x86_64.jar
7f8cfa7ac000-7f8cfa7ae000 r--s 00b72000 00:13 2419146                    /home/andrey/.ivy2/cache/org.bytedeco.javacpp-presets/ffmpeg/jars/ffmpeg-3.2.1-1.3-linux-x86_64.jar
7f8cfa7ae000-7f8cfa7b0000 r--s 00aa6000 00:13 2419151                    /home/andrey/.ivy2/cache/org.bytedeco.javacpp-presets/ffmpeg/jars/ffmpeg-3.2.1-1.3-linux-x86.jar
7f8cfa7b0000-7f8cfa7b2000 r--s 00cf7000 00:13 2419150                    /home/andrey/.ivy2/cache/org.bytedeco.javacpp-presets/ffmpeg/jars/ffmpeg-3.2.1-1.3-linux-ppc64le.jar
7f8cfa7b2000-7f8cfa7b4000 r--s 00a12000 00:13 2419149                    /home/andrey/.ivy2/cache/org.bytedeco.javacpp-presets/ffmpeg/jars/ffmpeg-3.2.1-1.3-linux-armhf.jar
7f8cfa7b4000-7f8cfa7b6000 r--s 00c3e000 00:13 2419152                    /home/andrey/.ivy2/cache/org.bytedeco.javacpp-presets/ffmpeg/jars/ffmpeg-3.2.1-1.3-android-x86.jar
7f8cfa7b6000-7f8cfa7b7000 r--s 00b15000 00:13 2419148                    /home/andrey/.ivy2/cache/org.bytedeco.javacpp-presets/ffmpeg/jars/ffmpeg-3.2.1-1.3-android-arm.jar
7f8cfa7b7000-7f8cfa7be000 r--s 00033000 00:13 2419153                    /home/andrey/.ivy2/cache/org.bytedeco.javacpp-presets/ffmpeg/jars/ffmpeg-3.2.1-1.3.jar
7f8cfa7be000-7f8cfa7bf000 r--s 00000000 00:13 2419229                    /home/andrey/.ivy2/cache/org.bytedeco.javacpp-presets/artoolkitplus-platform/jars/artoolkitplus-platform-2.3.1-1.3.jar
7f8cfa7bf000-7f8cfa7c0000 r--s 00025000 00:13 2419199                    /home/andrey/.ivy2/cache/org.bytedeco.javacpp-presets/artoolkitplus/jars/artoolkitplus-2.3.1-1.3-windows-x86_64.jar
7f8cfa7c0000-7f8cfa7c2000 r--s 0001d000 00:13 2419196                    /home/andrey/.ivy2/cache/org.bytedeco.javacpp-presets/artoolkitplus/jars/artoolkitplus-2.3.1-1.3-windows-x86.jar
7f8cfa7c2000-7f8cfa7c3000 r--s 00029000 00:13 2419197                    /home/andrey/.ivy2/cache/org.bytedeco.javacpp-presets/artoolkitplus/jars/artoolkitplus-2.3.1-1.3-macosx-x86_64.jar
7f8cfa7c3000-7f8cfa7c4000 r--s 0002a000 00:13 2419194                    /home/andrey/.ivy2/cache/org.bytedeco.javacpp-presets/artoolkitplus/jars/artoolkitplus-2.3.1-1.3-linux-x86_64.jar
7f8cfa7c4000-7f8cfa7c5000 r--s 00026000 00:13 2419202                    /home/andrey/.ivy2/cache/org.bytedeco.javacpp-presets/artoolkitplus/jars/artoolkitplus-2.3.1-1.3-linux-x86.jar
7f8cfa7c5000-7f8cfa7c7000 r--s 0002e000 00:13 2419200                    /home/andrey/.ivy2/cache/org.bytedeco.javacpp-presets/artoolkitplus/jars/artoolkitplus-2.3.1-1.3-linux-ppc64le.jar
7f8cfa7c7000-7f8cfa7c9000 r--s 00022000 00:13 2419193                    /home/andrey/.ivy2/cache/org.bytedeco.javacpp-presets/artoolkitplus/jars/artoolkitplus-2.3.1-1.3-linux-armhf.jar
7f8cfa7c9000-7f8cfa7ca000 r--s 00062000 00:13 2419201                    /home/andrey/.ivy2/cache/org.bytedeco.javacpp-presets/artoolkitplus/jars/artoolkitplus-2.3.1-1.3-android-x86.jar
7f8cfa7ca000-7f8cfa7cb000 r--s 0004d000 00:13 2419195                    /home/andrey/.ivy2/cache/org.bytedeco.javacpp-presets/artoolkitplus/jars/artoolkitplus-2.3.1-1.3-android-arm.jar
7f8cfa7cb000-7f8cfa7cc000 r--s 00005000 00:13 2419198                    /home/andrey/.ivy2/cache/org.bytedeco.javacpp-presets/artoolkitplus/jars/artoolkitplus-2.3.1-1.3.jar
7f8cfa7cc000-7f8cfa7cd000 r--s 00000000 00:13 2419138                    /home/andrey/.ivy2/cache/org.bytedeco/javacv-platform/jars/javacv-platform-1.3.2.jar
7f8cfa7cd000-7f8cfa7d2000 r--s 00049000 00:13 2419139                    /home/andrey/.ivy2/cache/org.bytedeco/javacpp/jars/javacpp-1.3.2.jar
7f8cfa7d2000-7f8cfa7e3000 r--s 000a6000 00:13 2417700                    /home/andrey/.ivy2/cache/org.bytedeco.javacpp-presets/opencv/jars/opencv-3.2.0-1.3.jar
7f8cfa7e3000-7f8cfa7e4000 ---p 00000000 00:00 0 
7f8cfa7e4000-7f8cfa9e5000 rwxp 00000000 00:00 0 
7f8cfa9e5000-7f8cfa9e6000 ---p 00000000 00:00 0 
7f8cfa9e6000-7f8cfaae6000 rwxp 00000000 00:00 0 
7f8cfaae6000-7f8cfaae7000 ---p 00000000 00:00 0 
7f8cfaae7000-7f8cfaeea000 rwxp 00000000 00:00 0 
7f8cfaeea000-7f8cfaeee000 r-xp 00000000 00:13 1620791                    /usr/lib/jvm/java-8-openjdk/jre/lib/amd64/libdt_socket.so
7f8cfaeee000-7f8cfb0ed000 ---p 00004000 00:13 1620791                    /usr/lib/jvm/java-8-openjdk/jre/lib/amd64/libdt_socket.so
7f8cfb0ed000-7f8cfb0ee000 r--p 00003000 00:13 1620791                    /usr/lib/jvm/java-8-openjdk/jre/lib/amd64/libdt_socket.so
7f8cfb0ee000-7f8cfb0ef000 rw-p 00004000 00:13 1620791                    /usr/lib/jvm/java-8-openjdk/jre/lib/amd64/libdt_socket.so
7f8cfb0ef000-7f8cfb1f0000 rwxp 00000000 00:00 0 
7f8cfb1f0000-7f8cfd000000 rw-p 00000000 00:00 0 
7f8cfd000000-7f8cfd380000 rwxp 00000000 00:00 0 
7f8cfd380000-7f8d0c000000 ---p 00000000 00:00 0 
7f8d0c000000-7f8d0dece000 rw-p 00000000 00:00 0 
7f8d0dece000-7f8d10000000 ---p 00000000 00:00 0 
7f8d10000000-7f8d10004000 r--s 0005b000 00:13 2419136                    /home/andrey/.ivy2/cache/org.bytedeco/javacv/jars/javacv-1.3.2.jar
7f8d10004000-7f8d10006000 r--s 00b87000 00:13 2417704                    /home/andrey/.ivy2/cache/org.bytedeco.javacpp-presets/opencv/jars/opencv-3.2.0-1.3-android-arm.jar
7f8d10006000-7f8d10008000 r--s 00efe000 00:13 2417706                    /home/andrey/.ivy2/cache/org.bytedeco.javacpp-presets/opencv/jars/opencv-3.2.0-1.3-android-x86.jar
7f8d10008000-7f8d1000b000 r--s 00a26000 00:13 2417696                    /home/andrey/.ivy2/cache/org.bytedeco.javacpp-presets/opencv/jars/opencv-3.2.0-1.3-linux-armhf.jar
7f8d1000b000-7f8d1000e000 r--s 00c39000 00:13 2417705                    /home/andrey/.ivy2/cache/org.bytedeco.javacpp-presets/opencv/jars/opencv-3.2.0-1.3-linux-ppc64le.jar
7f8d1000e000-7f8d10011000 r--s 00a10000 00:13 2417701                    /home/andrey/.ivy2/cache/org.bytedeco.javacpp-presets/opencv/jars/opencv-3.2.0-1.3-linux-x86.jar
7f8d10011000-7f8d10013000 r--s 00a3c000 00:13 2417697                    /home/andrey/.ivy2/cache/org.bytedeco.javacpp-presets/opencv/jars/opencv-3.2.0-1.3-linux-x86_64.jar
7f8d10013000-7f8d10015000 r--s 00aa7000 00:13 2417698                    /home/andrey/.ivy2/cache/org.bytedeco.javacpp-presets/opencv/jars/opencv-3.2.0-1.3-macosx-x86_64.jar
7f8d10015000-7f8d10017000 r--s 00a5c000 00:13 2417707                    /home/andrey/.ivy2/cache/org.bytedeco.javacpp-presets/opencv/jars/opencv-3.2.0-1.3-windows-x86.jar
7f8d10017000-7f8d1004f000 r--s 004d0000 00:13 2417162                    /home/andrey/.ivy2/cache/org.scala-lang/scala-library/jars/scala-library-2.12.1.jar
7f8d1004f000-7f8d10062000 r--s 00346000 00:13 1620724                    /usr/lib/jvm/java-8-openjdk/jre/lib/resources.jar
7f8d10062000-7f8d10066000 r--s 0009a000 00:13 1620727                    /usr/lib/jvm/java-8-openjdk/jre/lib/jsse.jar
7f8d10066000-7f8d100fc000 r--s 008d8000 00:13 1876787                    /usr/lib/jvm/java-8-openjdk/jre/lib/ext/jfxrt.jar
7f8d100fc000-7f8d102fe000 rwxp 00000000 00:00 0 
7f8d102fe000-7f8d102ff000 ---p 00000000 00:00 0 
7f8d102ff000-7f8d103ff000 rwxp 00000000 00:00 0 
7f8d103ff000-7f8d10d6b000 rw-p 00000000 00:00 0 
7f8d10d6b000-7f8d10f3a000 r--s 03c05000 00:13 1620731                    /usr/lib/jvm/java-8-openjdk/jre/lib/rt.jar
7f8d10f3a000-7f8d11991000 rw-p 00000000 00:00 0 
7f8d11991000-7f8d11992000 ---p 00000000 00:00 0 
7f8d11992000-7f8d11a92000 rwxp 00000000 00:00 0 
7f8d11a92000-7f8d11a93000 ---p 00000000 00:00 0 
7f8d11a93000-7f8d11b93000 rwxp 00000000 00:00 0 
7f8d11b93000-7f8d11ba8000 rw-p 00000000 00:00 0 
7f8d11ba8000-7f8d11cd4000 ---p 00000000 00:00 0 
7f8d11cd4000-7f8d11ce9000 rw-p 00000000 00:00 0 
7f8d11ce9000-7f8d11e14000 ---p 00000000 00:00 0 
7f8d11e14000-7f8d11e1f000 rw-p 00000000 00:00 0 
7f8d11e1f000-7f8d11eb5000 ---p 00000000 00:00 0 
7f8d11eb5000-7f8d11ec4000 rw-p 00000000 00:00 0 
7f8d11ec4000-7f8d12276000 ---p 00000000 00:00 0 
7f8d12276000-7f8d1227e000 r-xp 00000000 00:13 1620792                    /usr/lib/jvm/java-8-openjdk/jre/lib/amd64/libzip.so
7f8d1227e000-7f8d1247d000 ---p 00008000 00:13 1620792                    /usr/lib/jvm/java-8-openjdk/jre/lib/amd64/libzip.so
7f8d1247d000-7f8d1247e000 r--p 00007000 00:13 1620792                    /usr/lib/jvm/java-8-openjdk/jre/lib/amd64/libzip.so
7f8d1247e000-7f8d1247f000 rw-p 00008000 00:13 1620792                    /usr/lib/jvm/java-8-openjdk/jre/lib/amd64/libzip.so
7f8d1247f000-7f8d1248a000 r-xp 00000000 00:13 2157408                    /usr/lib/libnss_files-2.25.so
7f8d1248a000-7f8d12689000 ---p 0000b000 00:13 2157408                    /usr/lib/libnss_files-2.25.so
7f8d12689000-7f8d1268a000 r--p 0000a000 00:13 2157408                    /usr/lib/libnss_files-2.25.so
7f8d1268a000-7f8d1268b000 rw-p 0000b000 00:13 2157408                    /usr/lib/libnss_files-2.25.so
7f8d1268b000-7f8d12691000 rw-p 00000000 00:00 0 
7f8d12691000-7f8d1269c000 r-xp 00000000 00:13 2157406                    /usr/lib/libnss_nis-2.25.so
7f8d1269c000-7f8d1289b000 ---p 0000b000 00:13 2157406                    /usr/lib/libnss_nis-2.25.so
7f8d1289b000-7f8d1289c000 r--p 0000a000 00:13 2157406                    /usr/lib/libnss_nis-2.25.so
7f8d1289c000-7f8d1289d000 rw-p 0000b000 00:13 2157406                    /usr/lib/libnss_nis-2.25.so
7f8d1289d000-7f8d128b2000 r-xp 00000000 00:13 2157402                    /usr/lib/libnsl-2.25.so
7f8d128b2000-7f8d12ab1000 ---p 00015000 00:13 2157402                    /usr/lib/libnsl-2.25.so
7f8d12ab1000-7f8d12ab2000 r--p 00014000 00:13 2157402                    /usr/lib/libnsl-2.25.so
7f8d12ab2000-7f8d12ab3000 rw-p 00015000 00:13 2157402                    /usr/lib/libnsl-2.25.so
7f8d12ab3000-7f8d12ab5000 rw-p 00000000 00:00 0 
7f8d12ab5000-7f8d12abc000 r-xp 00000000 00:13 2157411                    /usr/lib/libnss_compat-2.25.so
7f8d12abc000-7f8d12cbb000 ---p 00007000 00:13 2157411                    /usr/lib/libnss_compat-2.25.so
7f8d12cbb000-7f8d12cbc000 r--p 00006000 00:13 2157411                    /usr/lib/libnss_compat-2.25.so
7f8d12cbc000-7f8d12cbd000 rw-p 00007000 00:13 2157411                    /usr/lib/libnss_compat-2.25.so
7f8d12cbd000-7f8d12f86000 r--p 00000000 00:13 2158829                    /usr/lib/locale/locale-archive
7f8d12f86000-7f8d12f88000 r-xp 00000000 00:13 1620789                    /usr/lib/jvm/java-8-openjdk/jre/lib/amd64/libnpt.so
7f8d12f88000-7f8d13188000 ---p 00002000 00:13 1620789                    /usr/lib/jvm/java-8-openjdk/jre/lib/amd64/libnpt.so
7f8d13188000-7f8d13189000 r--p 00002000 00:13 1620789                    /usr/lib/jvm/java-8-openjdk/jre/lib/amd64/libnpt.so
7f8d13189000-7f8d1318a000 rw-p 00003000 00:13 1620789                    /usr/lib/jvm/java-8-openjdk/jre/lib/amd64/libnpt.so
7f8d1318a000-7f8d131c4000 r-xp 00000000 00:13 1620766                    /usr/lib/jvm/java-8-openjdk/jre/lib/amd64/libjdwp.so
7f8d131c4000-7f8d133c3000 ---p 0003a000 00:13 1620766                    /usr/lib/jvm/java-8-openjdk/jre/lib/amd64/libjdwp.so
7f8d133c3000-7f8d133c4000 r--p 00039000 00:13 1620766                    /usr/lib/jvm/java-8-openjdk/jre/lib/amd64/libjdwp.so
7f8d133c4000-7f8d133c5000 rw-p 0003a000 00:13 1620766                    /usr/lib/jvm/java-8-openjdk/jre/lib/amd64/libjdwp.so
7f8d133c5000-7f8d133f2000 r-xp 00000000 00:13 1620788                    /usr/lib/jvm/java-8-openjdk/jre/lib/amd64/libjava.so
7f8d133f2000-7f8d135f1000 ---p 0002d000 00:13 1620788                    /usr/lib/jvm/java-8-openjdk/jre/lib/amd64/libjava.so
7f8d135f1000-7f8d135f2000 r--p 0002c000 00:13 1620788                    /usr/lib/jvm/java-8-openjdk/jre/lib/amd64/libjava.so
7f8d135f2000-7f8d135f4000 rw-p 0002d000 00:13 1620788                    /usr/lib/jvm/java-8-openjdk/jre/lib/amd64/libjava.so
7f8d135f4000-7f8d13601000 r-xp 00000000 00:13 1620771                    /usr/lib/jvm/java-8-openjdk/jre/lib/amd64/libverify.so
7f8d13601000-7f8d13800000 ---p 0000d000 00:13 1620771                    /usr/lib/jvm/java-8-openjdk/jre/lib/amd64/libverify.so
7f8d13800000-7f8d13802000 r--p 0000c000 00:13 1620771                    /usr/lib/jvm/java-8-openjdk/jre/lib/amd64/libverify.so
7f8d13802000-7f8d13803000 rw-p 0000e000 00:13 1620771                    /usr/lib/jvm/java-8-openjdk/jre/lib/amd64/libverify.so
7f8d13803000-7f8d1380a000 r-xp 00000000 00:13 2157400                    /usr/lib/librt-2.25.so
7f8d1380a000-7f8d13a09000 ---p 00007000 00:13 2157400                    /usr/lib/librt-2.25.so
7f8d13a09000-7f8d13a0a000 r--p 00006000 00:13 2157400                    /usr/lib/librt-2.25.so
7f8d13a0a000-7f8d13a0b000 rw-p 00007000 00:13 2157400                    /usr/lib/librt-2.25.so
7f8d13a0b000-7f8d13b1d000 r-xp 00000000 00:13 2157403                    /usr/lib/libm-2.25.so
7f8d13b1d000-7f8d13d1c000 ---p 00112000 00:13 2157403                    /usr/lib/libm-2.25.so
7f8d13d1c000-7f8d13d1d000 r--p 00111000 00:13 2157403                    /usr/lib/libm-2.25.so
7f8d13d1d000-7f8d13d1e000 rw-p 00112000 00:13 2157403                    /usr/lib/libm-2.25.so
7f8d13d1e000-7f8d14949000 r-xp 00000000 00:13 1620797                    /usr/lib/jvm/java-8-openjdk/jre/lib/amd64/server/libjvm.so
7f8d14949000-7f8d14b48000 ---p 00c2b000 00:13 1620797                    /usr/lib/jvm/java-8-openjdk/jre/lib/amd64/server/libjvm.so
7f8d14b48000-7f8d14bdc000 r--p 00c2a000 00:13 1620797                    /usr/lib/jvm/java-8-openjdk/jre/lib/amd64/server/libjvm.so
7f8d14bdc000-7f8d14c05000 rw-p 00cbe000 00:13 1620797                    /usr/lib/jvm/java-8-openjdk/jre/lib/amd64/server/libjvm.so
7f8d14c05000-7f8d14c35000 rw-p 00000000 00:00 0 
7f8d14c35000-7f8d14dd0000 r-xp 00000000 00:13 2157454                    /usr/lib/libc-2.25.so
7f8d14dd0000-7f8d14fcf000 ---p 0019b000 00:13 2157454                    /usr/lib/libc-2.25.so
7f8d14fcf000-7f8d14fd3000 r--p 0019a000 00:13 2157454                    /usr/lib/libc-2.25.so
7f8d14fd3000-7f8d14fd5000 rw-p 0019e000 00:13 2157454                    /usr/lib/libc-2.25.so
7f8d14fd5000-7f8d14fd9000 rw-p 00000000 00:00 0 
7f8d14fd9000-7f8d14fdc000 r-xp 00000000 00:13 2157404                    /usr/lib/libdl-2.25.so
7f8d14fdc000-7f8d151db000 ---p 00003000 00:13 2157404                    /usr/lib/libdl-2.25.so
7f8d151db000-7f8d151dc000 r--p 00002000 00:13 2157404                    /usr/lib/libdl-2.25.so
7f8d151dc000-7f8d151dd000 rw-p 00003000 00:13 2157404                    /usr/lib/libdl-2.25.so
7f8d151dd000-7f8d151ea000 r-xp 00000000 00:13 1620800                    /usr/lib/jvm/java-8-openjdk/jre/lib/amd64/jli/libjli.so
7f8d151ea000-7f8d153e9000 ---p 0000d000 00:13 1620800                    /usr/lib/jvm/java-8-openjdk/jre/lib/amd64/jli/libjli.so
7f8d153e9000-7f8d153ea000 r--p 0000c000 00:13 1620800                    /usr/lib/jvm/java-8-openjdk/jre/lib/amd64/jli/libjli.so
7f8d153ea000-7f8d153eb000 rw-p 0000d000 00:13 1620800                    /usr/lib/jvm/java-8-openjdk/jre/lib/amd64/jli/libjli.so
7f8d153eb000-7f8d15401000 r-xp 00000000 00:13 1552182                    /usr/lib/libz.so.1.2.11
7f8d15401000-7f8d15600000 ---p 00016000 00:13 1552182                    /usr/lib/libz.so.1.2.11
7f8d15600000-7f8d15601000 r--p 00015000 00:13 1552182                    /usr/lib/libz.so.1.2.11
7f8d15601000-7f8d15602000 rw-p 00016000 00:13 1552182                    /usr/lib/libz.so.1.2.11
7f8d15602000-7f8d1561b000 r-xp 00000000 00:13 2157473                    /usr/lib/libpthread-2.25.so
7f8d1561b000-7f8d1581a000 ---p 00019000 00:13 2157473                    /usr/lib/libpthread-2.25.so
7f8d1581a000-7f8d1581b000 r--p 00018000 00:13 2157473                    /usr/lib/libpthread-2.25.so
7f8d1581b000-7f8d1581c000 rw-p 00019000 00:13 2157473                    /usr/lib/libpthread-2.25.so
7f8d1581c000-7f8d15820000 rw-p 00000000 00:00 0 
7f8d15820000-7f8d15843000 r-xp 00000000 00:13 2157455                    /usr/lib/ld-2.25.so
7f8d15843000-7f8d15845000 r--s 00c6c000 00:13 2417699                    /home/andrey/.ivy2/cache/org.bytedeco.javacpp-presets/opencv/jars/opencv-3.2.0-1.3-windows-x86_64.jar
7f8d15845000-7f8d15915000 rw-p 00000000 00:00 0 
7f8d15915000-7f8d15916000 ---p 00000000 00:00 0 
7f8d15916000-7f8d15a16000 rwxp 00000000 00:00 0 
7f8d15a16000-7f8d15a18000 rw-p 00000000 00:00 0 
7f8d15a18000-7f8d15a19000 r--s 00000000 00:13 2417709                    /home/andrey/.ivy2/cache/org.bytedeco.javacpp-presets/opencv-platform/jars/opencv-platform-3.2.0-1.3.jar
7f8d15a19000-7f8d15a1a000 r--s 00000000 00:13 1620725                    /usr/lib/jvm/java-8-openjdk/jre/lib/management-agent.jar
7f8d15a1a000-7f8d15a1b000 r--s 00009000 00:13 1876771                    /usr/lib/jvm/java-8-openjdk/jre/lib/jfxswt.jar
7f8d15a1b000-7f8d15a1e000 r--s 00015000 00:13 1620722                    /usr/lib/jvm/java-8-openjdk/jre/lib/jce.jar
7f8d15a1e000-7f8d15a23000 r--s 002f9000 00:13 1620726                    /usr/lib/jvm/java-8-openjdk/jre/lib/charsets.jar
7f8d15a23000-7f8d15a36000 rw-p 00000000 00:00 0 
7f8d15a36000-7f8d15a3e000 rw-s 00000000 00:2a 345018                     /tmp/hsperfdata_andrey/17507
7f8d15a3e000-7f8d15a3f000 rw-p 00000000 00:00 0 
7f8d15a3f000-7f8d15a40000 r--p 00000000 00:00 0 
7f8d15a40000-7f8d15a42000 rw-p 00000000 00:00 0 
7f8d15a42000-7f8d15a43000 r--p 00022000 00:13 2157455                    /usr/lib/ld-2.25.so
7f8d15a43000-7f8d15a44000 rw-p 00023000 00:13 2157455                    /usr/lib/ld-2.25.so
7f8d15a44000-7f8d15a45000 rw-p 00000000 00:00 0 
7ffd7a23b000-7ffd7a25b000 rwxp 00000000 00:00 0                          [stack]
7ffd7a25b000-7ffd7a25e000 rw-p 00000000 00:00 0 
7ffd7a37c000-7ffd7a37e000 r--p 00000000 00:00 0                          [vvar]
7ffd7a37e000-7ffd7a380000 r-xp 00000000 00:00 0                          [vdso]
ffffffffff600000-ffffffffff601000 r-xp 00000000 00:00 0                  [vsyscall]

VM Arguments:
jvm_args: -agentlib:jdwp=transport=dt_socket,address=127.0.0.1:37619,suspend=y,server=n -Dfile.encoding=UTF-8 -Dawt.useSystemAAFontSettings=on -Dswing.aatext=true 
java_command: ImageTextDetectionApp
java_class_path (initial): /usr/lib/jvm/java-8-openjdk/jre/lib/charsets.jar:/usr/lib/jvm/java-8-openjdk/jre/lib/ext/cldrdata.jar:/usr/lib/jvm/java-8-openjdk/jre/lib/ext/dnsns.jar:/usr/lib/jvm/java-8-openjdk/jre/lib/ext/jaccess.jar:/usr/lib/jvm/java-8-openjdk/jre/lib/ext/jfxrt.jar:/usr/lib/jvm/java-8-openjdk/jre/lib/ext/localedata.jar:/usr/lib/jvm/java-8-openjdk/jre/lib/ext/nashorn.jar:/usr/lib/jvm/java-8-openjdk/jre/lib/ext/sunec.jar:/usr/lib/jvm/java-8-openjdk/jre/lib/ext/sunjce_provider.jar:/usr/lib/jvm/java-8-openjdk/jre/lib/ext/sunpkcs11.jar:/usr/lib/jvm/java-8-openjdk/jre/lib/ext/zipfs.jar:/usr/lib/jvm/java-8-openjdk/jre/lib/jce.jar:/usr/lib/jvm/java-8-openjdk/jre/lib/jfxswt.jar:/usr/lib/jvm/java-8-openjdk/jre/lib/jsse.jar:/usr/lib/jvm/java-8-openjdk/jre/lib/management-agent.jar:/usr/lib/jvm/java-8-openjdk/jre/lib/resources.jar:/usr/lib/jvm/java-8-openjdk/jre/lib/rt.jar:/home/andrey/IdeaProjects/scala-javacv/target/scala-2.12/classes:/home/andrey/.ivy2/cache/org.scala-lang/scala-library/jars/scala-library-2.12.1.jar:/home/andrey/.ivy2/cache/org.bytedeco.javacpp-presets/opencv-platform/jars/opencv-platform-3.2.0-1.3.jar:/home/andrey/.ivy2/cache/org.bytedeco.javacpp-presets/opencv/jars/opencv-3.2.0-1.3-windows-x86_64.jar:/home/andrey/.ivy2/cache/org.bytedeco.javacpp-presets/opencv/jars/opencv-3.2.0-1.3-windows-x86.jar:/home/andrey/.ivy2/cache/org.bytedeco.javacpp-presets/opencv/jars/opencv-3.2.0-1.3-macosx-x86_64.jar:/home/andrey/.ivy2/cache/org.bytedeco.javacpp-presets/opencv/jars/opencv-3.2.0-1.3-linux-x86_64.jar:/home/andrey/.ivy2/cache/org.bytedeco.javacpp-presets/opencv/jars/opencv-3.2.0-1.3-linux-x86.jar:/home/andrey/.ivy2/cache/org.bytedeco.javacpp-presets/opencv/jars/opencv-3.2.0-1.3-linux-ppc64le.jar:/home/andrey/.ivy2/cache/org.bytedeco.javacpp-presets/opencv/jars/opencv-3.2.0-1.3-linux-armhf.jar:/home/andrey/.ivy2/cache/org.bytedeco.javacpp-presets/opencv/jars/opencv-3.2.0-1.3-android-x86.jar:/home/andrey/.ivy2/cache/org.bytedeco.javacpp-presets/open
Launcher Type: SUN_STANDARD

Environment Variables:
_JAVA_OPTIONS=-Dawt.useSystemAAFontSettings=on -Dswing.aatext=true
PATH=/usr/local/sbin:/usr/local/bin:/usr/bin:/opt/depot_tools:/usr/lib/jvm/default/bin:/usr/bin/site_perl:/usr/bin/vendor_perl:/usr/bin/core_perl
LD_LIBRARY_PATH=/usr/share/intellijidea-ce/bin:
SHELL=/bin/bash
DISPLAY=:1

Signal Handlers:
SIGSEGV: [libjvm.so+0xa2d880], sa_mask[0]=11111111011111111101111111111110, sa_flags=SA_RESTART|SA_SIGINFO
SIGBUS: [libjvm.so+0xa2d880], sa_mask[0]=11111111011111111101111111111110, sa_flags=SA_RESTART|SA_SIGINFO
SIGFPE: [libjvm.so+0x881d40], sa_mask[0]=11111111011111111101111111111110, sa_flags=SA_RESTART|SA_SIGINFO
SIGPIPE: [libjvm.so+0x881d40], sa_mask[0]=11111111011111111101111111111110, sa_flags=SA_RESTART|SA_SIGINFO
SIGXFSZ: [libjvm.so+0x881d40], sa_mask[0]=11111111011111111101111111111110, sa_flags=SA_RESTART|SA_SIGINFO
SIGILL: [libjvm.so+0x881d40], sa_mask[0]=11111111011111111101111111111110, sa_flags=SA_RESTART|SA_SIGINFO
SIGUSR1: SIG_DFL, sa_mask[0]=00000000000000000000000000000000, sa_flags=none
SIGUSR2: [libjvm.so+0x881c10], sa_mask[0]=00100000000000000000000000000000, sa_flags=SA_RESTART|SA_SIGINFO
SIGHUP: [libjvm.so+0x882080], sa_mask[0]=11111111011111111101111111111110, sa_flags=SA_RESTART|SA_SIGINFO
SIGINT: SIG_IGN, sa_mask[0]=00000000000000000000000000000000, sa_flags=none
SIGTERM: [libjvm.so+0x882080], sa_mask[0]=11111111011111111101111111111110, sa_flags=SA_RESTART|SA_SIGINFO
SIGQUIT: [libjvm.so+0x882080], sa_mask[0]=11111111011111111101111111111110, sa_flags=SA_RESTART|SA_SIGINFO


---------------  S Y S T E M  ---------------

OS:NAME="Arch Linux"
PRETTY_NAME="Arch Linux"
ID=arch
ID_LIKE=archlinux
ANSI_COLOR="0;36"
HOME_URL="https://www.archlinux.org/"
SUPPORT_URL="https://bbs.archlinux.org/"
BUG_REPORT_URL="https://bugs.archlinux.org/"


uname:Linux 4.10.3-1-ARCH #1 SMP PREEMPT Wed Mar 15 09:17:17 CET 2017 x86_64
libc:glibc 2.25 NPTL 2.25 
rlimit: STACK 8192k, CORE infinity, NPROC 14408, NOFILE 4096, AS infinity
load average:1.92 1.87 2.04

/proc/meminfo:
MemTotal:        3935600 kB
MemFree:          230876 kB
MemAvailable:     345404 kB
Buffers:              12 kB
Cached:           402424 kB
SwapCached:       144892 kB
Active:          2823056 kB
Inactive:         735840 kB
Active(anon):    2669692 kB
Inactive(anon):   586064 kB
Active(file):     153364 kB
Inactive(file):   149776 kB
Unevictable:           4 kB
Mlocked:               4 kB
SwapTotal:       8388604 kB
SwapFree:        7903472 kB
Dirty:              1112 kB
Writeback:             0 kB
AnonPages:       3110752 kB
Mapped:           176144 kB
Shmem:             99148 kB
Slab:              61116 kB
SReclaimable:      32616 kB
SUnreclaim:        28500 kB
KernelStack:        6080 kB
PageTables:        20348 kB
NFS_Unstable:          0 kB
Bounce:                0 kB
WritebackTmp:          0 kB
CommitLimit:    10356404 kB
Committed_AS:    4943052 kB
VmallocTotal:   34359738367 kB
VmallocUsed:           0 kB
VmallocChunk:          0 kB
HardwareCorrupted:     0 kB
AnonHugePages:    776192 kB
ShmemHugePages:        0 kB
ShmemPmdMapped:        0 kB
HugePages_Total:       0
HugePages_Free:        0
HugePages_Rsvd:        0
HugePages_Surp:        0
Hugepagesize:       2048 kB
DirectMap4k:      326748 kB
DirectMap2M:     3751936 kB


CPU:total 2 (2 cores per cpu, 1 threads per core) family 6 model 55 stepping 8, cmov, cx8, fxsr, mmx, sse, sse2, sse3, ssse3, sse4.1, sse4.2, popcnt, clmul, erms, 3dnowpref, tsc, tscinvbit

/proc/cpuinfo:
processor	: 0
vendor_id	: GenuineIntel
cpu family	: 6
model		: 55
model name	: Intel(R) Celeron(R) CPU  N2830  @ 2.16GHz
stepping	: 8
microcode	: 0x815
cpu MHz		: 2415.771
cache size	: 1024 KB
physical id	: 0
siblings	: 2
core id		: 0
cpu cores	: 2
apicid		: 0
initial apicid	: 0
fpu		: yes
fpu_exception	: yes
cpuid level	: 11
wp		: yes
flags		: fpu vme de pse tsc msr pae mce cx8 apic sep mtrr pge mca cmov pat pse36 clflush dts acpi mmx fxsr sse sse2 ss ht tm pbe syscall nx rdtscp lm constant_tsc arch_perfmon pebs bts rep_good nopl xtopology tsc_reliable nonstop_tsc aperfmperf tsc_known_freq pni pclmulqdq dtes64 monitor ds_cpl vmx est tm2 ssse3 cx16 xtpr pdcm sse4_1 sse4_2 movbe popcnt tsc_deadline_timer rdrand lahf_lm 3dnowprefetch epb tpr_shadow vnmi flexpriority ept vpid tsc_adjust smep erms dtherm ida arat
bugs		:
bogomips	: 4333.08
clflush size	: 64
cache_alignment	: 64
address sizes	: 36 bits physical, 48 bits virtual
power management:

processor	: 1
vendor_id	: GenuineIntel
cpu family	: 6
model		: 55
model name	: Intel(R) Celeron(R) CPU  N2830  @ 2.16GHz
stepping	: 8
microcode	: 0x815
cpu MHz		: 2415.638
cache size	: 1024 KB
physical id	: 0
siblings	: 2
core id		: 1
cpu cores	: 2
apicid		: 2
initial apicid	: 2
fpu		: yes
fpu_exception	: yes
cpuid level	: 11
wp		: yes
flags		: fpu vme de pse tsc msr pae mce cx8 apic sep mtrr pge mca cmov pat pse36 clflush dts acpi mmx fxsr sse sse2 ss ht tm pbe syscall nx rdtscp lm constant_tsc arch_perfmon pebs bts rep_good nopl xtopology tsc_reliable nonstop_tsc aperfmperf tsc_known_freq pni pclmulqdq dtes64 monitor ds_cpl vmx est tm2 ssse3 cx16 xtpr pdcm sse4_1 sse4_2 movbe popcnt tsc_deadline_timer rdrand lahf_lm 3dnowprefetch epb tpr_shadow vnmi flexpriority ept vpid tsc_adjust smep erms dtherm ida arat
bugs		:
bogomips	: 4335.82
clflush size	: 64
cache_alignment	: 64
address sizes	: 36 bits physical, 48 bits virtual
power management:



Memory: 4k page, physical 3935600k(230876k free), swap 8388604k(7903472k free)

vm_info: OpenJDK 64-Bit Server VM (25.121-b13) for linux-amd64 JRE (1.8.0_121-b13), built on Jan 22 2017 09:22:31 by "builduser" with gcc 6.3.1 20170109

time: Sun Mar 19 14:01:02 2017
elapsed time: 115 seconds (0d 0h 1m 55s)

