#
# A fatal error has been detected by the Java Runtime Environment:
#
#  SIGSEGV (0xb) at pc=0x00007ff81e83c542, pid=11326, tid=0x00007ff860112700
#
# JRE version: OpenJDK Runtime Environment (8.0_121-b13) (build 1.8.0_121-b13)
# Java VM: OpenJDK 64-Bit Server VM (25.121-b13 mixed mode linux-amd64 compressed oops)
# Problematic frame:
# C  [libopencv_text.so.3.2+0x23542]  cv::text::ERFilterNM::er_tree_filter(cv::_InputArray const&, cv::text::ERStat*, cv::text::ERStat*, cv::text::ERStat*)+0x5f2
#
# Core dump written. Default location: /home/andrey/IdeaProjects/scala-javacv/core or core.11326
#
# If you would like to submit a bug report, please visit:
#   http://bugreport.java.com/bugreport/crash.jsp
# The crash happened outside the Java Virtual Machine in native code.
# See problematic frame for where to report the bug.
#

---------------  T H R E A D  ---------------

Current thread (0x00007ff876b20800):  JavaThread "scala-execution-context-global-12" daemon [_thread_in_native, id=11367, stack(0x00007ff860012000,0x00007ff860113000)]

siginfo: si_signo: 11 (SIGSEGV), si_code: 1 (SEGV_MAPERR), si_addr: 0x0000000000000008

Registers:
RAX=0x00007ff8601106c0, RBX=0x0000000002682640, RCX=0x0000000000000000, RDX=0x00007ff86010ffb0
RSP=0x00007ff8601101e0, RBP=0x00007ff87413f810, RSI=0x0000000000000003, RDI=0x0000000000000005
R8 =0x000000000248bd30, R9 =0x00007ff860110268, R10=0x00007ff87d2912a8, R11=0x0000000000000000
R12=0x00007ff860111110, R13=0x000000000248a6f0, R14=0x00007ff860110380, R15=0x00007ff860110260
RIP=0x00007ff81e83c542, EFLAGS=0x0000000000010202, CSGSFS=0x002b000000000033, ERR=0x0000000000000004
  TRAPNO=0x000000000000000e

Top of Stack: (sp=0x00007ff8601101e0)
0x00007ff8601101e0:   00007ff8601104a0 000000000003ff04
0x00007ff8601101f0:   401921fb54442d18 0000000000000000
0x00007ff860110200:   40a7fe0000000000 0000000000000000
0x00007ff860110210:   453ff00000000000 00007ff8601105a0
0x00007ff860110220:   00007ff8601103e0 00007ff800000b45
0x00007ff860110230:   000000000248ab40 00007ff8601106c0
0x00007ff860110240:   00007ff8601106e0 0000000002682588
0x00007ff860110250:   000000000248a6f0 00007ff860110380
0x00007ff860110260:   0000000242ff400c 0000000000000000
0x00007ff860110270:   0000000000000000 0000000000000000
0x00007ff860110280:   0000000000000000 0000000000000000
0x00007ff860110290:   0000000000000000 0000000000000000
0x00007ff8601102a0:   00007ff860110268 00007ff8601102b0
0x00007ff8601102b0:   0000000000000008 0000000000000008
0x00007ff8601102c0:   0000000242ff8000 0000000000000000
0x00007ff8601102d0:   0000000000000000 0000000000000000
0x00007ff8601102e0:   0000000000000000 0000000000000000
0x00007ff8601102f0:   0000000000000000 0000000000000000
0x00007ff860110300:   00007ff8601102c8 00007ff860110310
0x00007ff860110310:   0000000000000db2 0000000000000001
0x00007ff860110320:   0000000242ff8000 0000000000000000
0x00007ff860110330:   0000000000000000 0000000000000000
0x00007ff860110340:   0000000000000000 0000000000000000
0x00007ff860110350:   0000000000000000 0000000000000000
0x00007ff860110360:   00007ff860110328 00007ff860110370
0x00007ff860110370:   0000000000000db0 0000000000000001
0x00007ff860110380:   0000000242ff8000 0000000500000003
0x00007ff860110390:   00007ff824c9d42c 00007ff8249f7910
0x00007ff8601103a0:   00007ff8251c8cb4 00007ff8251c8cb4
0x00007ff8601103b0:   0000000000000000 00007ff8249f1bb0
0x00007ff8601103c0:   00007ff860110388 00007ff8601103d0
0x00007ff8601103d0:   0000000000000db2 0000000000000001 

Instructions: (pc=0x00007ff81e83c542)
0x00007ff81e83c522:   00 8b b4 24 7c 05 00 00 8b bc 24 78 05 00 00 4d
0x00007ff81e83c532:   8d 4f 08 48 89 44 24 58 48 89 84 24 28 04 00 00
0x00007ff81e83c542:   4c 8b 41 08 48 8b 11 4c 89 8c 24 c0 00 00 00 4d
0x00007ff81e83c552:   8d 4f 50 c7 84 24 30 04 00 00 00 00 00 00 c7 84 

Register to memory mapping:

RAX=0x00007ff8601106c0 is pointing into the stack for thread: 0x00007ff876b20800
RBX=0x0000000002682640 is an unknown value
RCX=0x0000000000000000 is an unknown value
RDX=0x00007ff86010ffb0 is pointing into the stack for thread: 0x00007ff876b20800
RSP=0x00007ff8601101e0 is pointing into the stack for thread: 0x00007ff876b20800
RBP=0x00007ff87413f810 is an unknown value
RSI=0x0000000000000003 is an unknown value
RDI=0x0000000000000005 is an unknown value
R8 =0x000000000248bd30 is an unknown value
R9 =0x00007ff860110268 is pointing into the stack for thread: 0x00007ff876b20800
R10=0x00007ff87d2912a8: <offset 0x39f2a8> in /usr/lib/libc.so.6 at 0x00007ff87cef2000
R11=0x0000000000000000 is an unknown value
R12=0x00007ff860111110 is pointing into the stack for thread: 0x00007ff876b20800
R13=0x000000000248a6f0 is an unknown value
R14=0x00007ff860110380 is pointing into the stack for thread: 0x00007ff876b20800
R15=0x00007ff860110260 is pointing into the stack for thread: 0x00007ff876b20800


Stack: [0x00007ff860012000,0x00007ff860113000],  sp=0x00007ff8601101e0,  free space=1016k
Native frames: (J=compiled Java code, j=interpreted, Vv=VM code, C=native code)
C  [libopencv_text.so.3.2+0x23542]  cv::text::ERFilterNM::er_tree_filter(cv::_InputArray const&, cv::text::ERStat*, cv::text::ERStat*, cv::text::ERStat*)+0x5f2

Java frames: (J=compiled Java code, j=interpreted, Vv=VM code)
j  org.bytedeco.javacpp.opencv_text$ERFilter.run(Lorg/bytedeco/javacpp/opencv_core$Mat;Lorg/bytedeco/javacpp/opencv_text$ERStatVector;)V+0
j  ImageTextDetectionApp$.$anonfun$new$1(LImageTextDetectionApp$;I)V+47
j  ImageTextDetectionApp$$$Lambda$11.apply$mcVI$sp(I)V+5
j  scala.collection.parallel.immutable.ParRange$ParRangeIterator.foreach(Lscala/Function1;)V+25
j  scala.collection.parallel.ParIterableLike$Foreach.leaf(Lscala/Option;)V+8
j  scala.collection.parallel.Task.$anonfun$tryLeaf$1(Lscala/collection/parallel/Task;Lscala/Option;)V+2
j  scala.collection.parallel.Task$$Lambda$18.apply$mcV$sp()V+8
j  scala.runtime.java8.JFunction0$mcV$sp.apply()Ljava/lang/Object;+1
j  scala.util.control.Breaks$$anon$1.catchBreak(Lscala/Function0;)Ljava/lang/Object;+4
j  scala.collection.parallel.Task.tryLeaf(Lscala/Option;)V+35
j  scala.collection.parallel.Task.tryLeaf$(Lscala/collection/parallel/Task;Lscala/Option;)V+2
j  scala.collection.parallel.ParIterableLike$Foreach.tryLeaf(Lscala/Option;)V+2
j  scala.collection.parallel.AdaptiveWorkStealingTasks$WrappedTask.internal()V+16
j  scala.collection.parallel.AdaptiveWorkStealingTasks$WrappedTask.internal$(Lscala/collection/parallel/AdaptiveWorkStealingTasks$WrappedTask;)V+1
j  scala.collection.parallel.AdaptiveWorkStealingForkJoinTasks$WrappedTask.internal()V+1
j  scala.collection.parallel.AdaptiveWorkStealingTasks$WrappedTask.compute()V+15
j  scala.collection.parallel.AdaptiveWorkStealingTasks$WrappedTask.compute$(Lscala/collection/parallel/AdaptiveWorkStealingTasks$WrappedTask;)V+1
j  scala.collection.parallel.AdaptiveWorkStealingForkJoinTasks$WrappedTask.compute()V+1
j  java.util.concurrent.RecursiveAction.exec()Z+1
j  java.util.concurrent.ForkJoinTask.doExec()I+10
j  java.util.concurrent.ForkJoinPool$WorkQueue.runTask(Ljava/util/concurrent/ForkJoinTask;)V+21
j  java.util.concurrent.ForkJoinPool.runWorker(Ljava/util/concurrent/ForkJoinPool$WorkQueue;)V+35
j  java.util.concurrent.ForkJoinWorkerThread.run()V+24
v  ~StubRoutines::call_stub

---------------  P R O C E S S  ---------------

Java Threads: ( => current thread )
  0x0000000002488000 JavaThread "scala-execution-context-global-13" daemon [_thread_in_native, id=11368, stack(0x00007ff81db63000,0x00007ff81dc64000)]
=>0x00007ff876b20800 JavaThread "scala-execution-context-global-12" daemon [_thread_in_native, id=11367, stack(0x00007ff860012000,0x00007ff860113000)]
  0x00007ff874f99800 JavaThread "JavaCPP Deallocator" daemon [_thread_blocked, id=11362, stack(0x00007ff860f7e000,0x00007ff86107f000)]
  0x00007ff8740da800 JavaThread "Service Thread" daemon [_thread_blocked, id=11356, stack(0x00007ff862bea000,0x00007ff862ceb000)]
  0x00007ff8740cf800 JavaThread "C1 CompilerThread1" daemon [_thread_blocked, id=11355, stack(0x00007ff862ceb000,0x00007ff862dec000)]
  0x00007ff8740cc800 JavaThread "C2 CompilerThread0" daemon [_thread_blocked, id=11354, stack(0x00007ff862dec000,0x00007ff862eed000)]
  0x00007ff848001000 JavaThread "JDWP Command Reader" daemon [_thread_in_native, id=11353, stack(0x00007ff862eed000,0x00007ff862fee000)]
  0x00007ff8740ca000 JavaThread "JDWP Event Helper Thread" daemon [_thread_blocked, id=11351, stack(0x00007ff862fee000,0x00007ff8630ef000)]
  0x00007ff8740c6800 JavaThread "JDWP Transport Listener: dt_socket" daemon [_thread_blocked, id=11350, stack(0x00007ff8630ef000,0x00007ff8631f0000)]
  0x00007ff8740b8800 JavaThread "Signal Dispatcher" daemon [_thread_blocked, id=11348, stack(0x00007ff8782b8000,0x00007ff8783b9000)]
  0x00007ff874086800 JavaThread "Finalizer" daemon [_thread_blocked, id=11337, stack(0x00007ff8783b9000,0x00007ff8784ba000)]
  0x00007ff874082000 JavaThread "Reference Handler" daemon [_thread_blocked, id=11336, stack(0x00007ff8784ba000,0x00007ff8785bb000)]
  0x00007ff874011000 JavaThread "main" [_thread_blocked, id=11329, stack(0x00007ff87dbd2000,0x00007ff87dcd3000)]

Other Threads:
  0x00007ff87407a000 VMThread [stack: 0x00007ff8785bb000,0x00007ff8786bc000] [id=11335]
  0x00007ff8740dd000 WatcherThread [stack: 0x00007ff862ae9000,0x00007ff862bea000] [id=11357]

VM state:not at safepoint (normal execution)

VM Mutex/Monitor currently owned by a thread: None

Heap:
 PSYoungGen      total 18432K, used 7816K [0x00000000ebf80000, 0x00000000ed400000, 0x0000000100000000)
  eden space 15872K, 33% used [0x00000000ebf80000,0x00000000ec4a67a8,0x00000000ecf00000)
  from space 2560K, 99% used [0x00000000ecf00000,0x00000000ed17bb20,0x00000000ed180000)
  to   space 2560K, 0% used [0x00000000ed180000,0x00000000ed180000,0x00000000ed400000)
 ParOldGen       total 42496K, used 2205K [0x00000000c3e00000, 0x00000000c6780000, 0x00000000ebf80000)
  object space 42496K, 5% used [0x00000000c3e00000,0x00000000c40275d0,0x00000000c6780000)
 Metaspace       used 12169K, capacity 12418K, committed 12544K, reserved 1060864K
  class space    used 1434K, capacity 1517K, committed 1536K, reserved 1048576K

Card table byte_map: [0x00007ff879f91000,0x00007ff87a173000] byte_map_base: 0x00007ff879972000

Marking Bits: (ParMarkBitMap*) 0x00007ff87ced5260
 Begin Bits: [0x00007ff8631f0000, 0x00007ff8640f8000)
 End Bits:   [0x00007ff8640f8000, 0x00007ff865000000)

Polling page: 0x00007ff87dcfc000

CodeCache: size=245760Kb used=3747Kb max_used=3758Kb free=242012Kb
 bounds [0x00007ff865000000, 0x00007ff8653b0000, 0x00007ff874000000]
 total_blobs=1295 nmethods=879 adapters=340
 compilation: enabled

Compilation events (10 events):
Event: 7.027 Thread 0x00007ff8740cf800 nmethod 875 0x00007ff8653a48d0 code [0x00007ff8653a4a20, 0x00007ff8653a4b70]
Event: 7.031 Thread 0x00007ff8740cf800  876       3       java.util.ArrayList::subListRangeCheck (110 bytes)
Event: 7.033 Thread 0x00007ff8740cf800 nmethod 876 0x00007ff8653a7cd0 code [0x00007ff8653a8020, 0x00007ff8653a9988]
Event: 7.033 Thread 0x00007ff8740cf800  877       3       java.util.ArrayList$SubList::<init> (46 bytes)
Event: 7.034 Thread 0x00007ff8740cf800 nmethod 877 0x00007ff8653a4310 code [0x00007ff8653a4480, 0x00007ff8653a4750]
Event: 7.048 Thread 0x00007ff8740cc800 nmethod 868 0x00007ff8653ac810 code [0x00007ff8653aca20, 0x00007ff8653ad4b0]
Event: 7.048 Thread 0x00007ff8740cc800  878   !   4       java.lang.StringCoding$StringEncoder::encode (179 bytes)
Event: 7.060 Thread 0x00007ff8740cc800 nmethod 878 0x00007ff8653a39d0 code [0x00007ff8653a3b40, 0x00007ff8653a3fc8]
Event: 7.060 Thread 0x00007ff8740cc800  879       4       java.lang.String::getBytes (27 bytes)
Event: 7.062 Thread 0x00007ff8740cc800 nmethod 879 0x00007ff8653a3650 code [0x00007ff8653a37a0, 0x00007ff8653a38a8]

GC Heap History (6 events):
Event: 2.914 GC heap before
{Heap before GC invocations=1 (full 0):
 PSYoungGen      total 18432K, used 15872K [0x00000000ebf80000, 0x00000000ed400000, 0x0000000100000000)
  eden space 15872K, 100% used [0x00000000ebf80000,0x00000000ecf00000,0x00000000ecf00000)
  from space 2560K, 0% used [0x00000000ed180000,0x00000000ed180000,0x00000000ed400000)
  to   space 2560K, 0% used [0x00000000ecf00000,0x00000000ecf00000,0x00000000ed180000)
 ParOldGen       total 42496K, used 0K [0x00000000c3e00000, 0x00000000c6780000, 0x00000000ebf80000)
  object space 42496K, 0% used [0x00000000c3e00000,0x00000000c3e00000,0x00000000c6780000)
 Metaspace       used 7584K, capacity 7768K, committed 7808K, reserved 1056768K
  class space    used 793K, capacity 858K, committed 896K, reserved 1048576K
Event: 2.929 GC heap after
Heap after GC invocations=1 (full 0):
 PSYoungGen      total 18432K, used 2553K [0x00000000ebf80000, 0x00000000ed400000, 0x0000000100000000)
  eden space 15872K, 0% used [0x00000000ebf80000,0x00000000ebf80000,0x00000000ecf00000)
  from space 2560K, 99% used [0x00000000ecf00000,0x00000000ed17e4c8,0x00000000ed180000)
  to   space 2560K, 0% used [0x00000000ed180000,0x00000000ed180000,0x00000000ed400000)
 ParOldGen       total 42496K, used 1067K [0x00000000c3e00000, 0x00000000c6780000, 0x00000000ebf80000)
  object space 42496K, 2% used [0x00000000c3e00000,0x00000000c3f0aeb0,0x00000000c6780000)
 Metaspace       used 7584K, capacity 7768K, committed 7808K, reserved 1056768K
  class space    used 793K, capacity 858K, committed 896K, reserved 1048576K
}
Event: 4.973 GC heap before
{Heap before GC invocations=2 (full 0):
 PSYoungGen      total 18432K, used 18425K [0x00000000ebf80000, 0x00000000ed400000, 0x0000000100000000)
  eden space 15872K, 100% used [0x00000000ebf80000,0x00000000ecf00000,0x00000000ecf00000)
  from space 2560K, 99% used [0x00000000ecf00000,0x00000000ed17e4c8,0x00000000ed180000)
  to   space 2560K, 0% used [0x00000000ed180000,0x00000000ed180000,0x00000000ed400000)
 ParOldGen       total 42496K, used 1067K [0x00000000c3e00000, 0x00000000c6780000, 0x00000000ebf80000)
  object space 42496K, 2% used [0x00000000c3e00000,0x00000000c3f0aeb0,0x00000000c6780000)
 Metaspace       used 9282K, capacity 9438K, committed 9600K, reserved 1058816K
  class space    used 1000K, capacity 1051K, committed 1152K, reserved 1048576K
Event: 4.990 GC heap after
Heap after GC invocations=2 (full 0):
 PSYoungGen      total 18432K, used 2559K [0x00000000ebf80000, 0x00000000ed400000, 0x0000000100000000)
  eden space 15872K, 0% used [0x00000000ebf80000,0x00000000ebf80000,0x00000000ecf00000)
  from space 2560K, 99% used [0x00000000ed180000,0x00000000ed3ffc30,0x00000000ed400000)
  to   space 2560K, 0% used [0x00000000ecf00000,0x00000000ecf00000,0x00000000ed180000)
 ParOldGen       total 42496K, used 1394K [0x00000000c3e00000, 0x00000000c6780000, 0x00000000ebf80000)
  object space 42496K, 3% used [0x00000000c3e00000,0x00000000c3f5c870,0x00000000c6780000)
 Metaspace       used 9282K, capacity 9438K, committed 9600K, reserved 1058816K
  class space    used 1000K, capacity 1051K, committed 1152K, reserved 1048576K
}
Event: 6.699 GC heap before
{Heap before GC invocations=3 (full 0):
 PSYoungGen      total 18432K, used 18431K [0x00000000ebf80000, 0x00000000ed400000, 0x0000000100000000)
  eden space 15872K, 100% used [0x00000000ebf80000,0x00000000ecf00000,0x00000000ecf00000)
  from space 2560K, 99% used [0x00000000ed180000,0x00000000ed3ffc30,0x00000000ed400000)
  to   space 2560K, 0% used [0x00000000ecf00000,0x00000000ecf00000,0x00000000ed180000)
 ParOldGen       total 42496K, used 1394K [0x00000000c3e00000, 0x00000000c6780000, 0x00000000ebf80000)
  object space 42496K, 3% used [0x00000000c3e00000,0x00000000c3f5c870,0x00000000c6780000)
 Metaspace       used 11190K, capacity 11418K, committed 11776K, reserved 1058816K
  class space    used 1343K, capacity 1409K, committed 1536K, reserved 1048576K
Event: 6.711 GC heap after
Heap after GC invocations=3 (full 0):
 PSYoungGen      total 18432K, used 2542K [0x00000000ebf80000, 0x00000000ed400000, 0x0000000100000000)
  eden space 15872K, 0% used [0x00000000ebf80000,0x00000000ebf80000,0x00000000ecf00000)
  from space 2560K, 99% used [0x00000000ecf00000,0x00000000ed17bb20,0x00000000ed180000)
  to   space 2560K, 0% used [0x00000000ed180000,0x00000000ed180000,0x00000000ed400000)
 ParOldGen       total 42496K, used 2205K [0x00000000c3e00000, 0x00000000c6780000, 0x00000000ebf80000)
  object space 42496K, 5% used [0x00000000c3e00000,0x00000000c40275d0,0x00000000c6780000)
 Metaspace       used 11190K, capacity 11418K, committed 11776K, reserved 1058816K
  class space    used 1343K, capacity 1409K, committed 1536K, reserved 1048576K
}

Deoptimization events (8 events):
Event: 0.590 Thread 0x00007ff874011000 Uncommon trap: reason=unstable_if action=reinterpret pc=0x00007ff86511a07c method=java.lang.String.hashCode()I @ 14
Event: 2.260 Thread 0x00007ff874011000 Uncommon trap: reason=unstable_if action=reinterpret pc=0x00007ff8651fa118 method=java.util.HashMap.getNode(ILjava/lang/Object;)Ljava/util/HashMap$Node; @ 62
Event: 2.305 Thread 0x00007ff874011000 Uncommon trap: reason=unstable_if action=reinterpret pc=0x00007ff8651fe89c method=java.util.HashMap.getNode(ILjava/lang/Object;)Ljava/util/HashMap$Node; @ 129
Event: 2.607 Thread 0x00007ff874011000 Uncommon trap: reason=class_check action=maybe_recompile pc=0x00007ff865246af0 method=sun.misc.URLClassPath.getLoader(I)Lsun/misc/URLClassPath$Loader; @ 94
Event: 2.659 Thread 0x00007ff874011000 Uncommon trap: reason=class_check action=maybe_recompile pc=0x00007ff865246af0 method=sun.misc.URLClassPath.getLoader(I)Lsun/misc/URLClassPath$Loader; @ 94
Event: 2.711 Thread 0x00007ff874011000 Uncommon trap: reason=class_check action=maybe_recompile pc=0x00007ff865246af0 method=sun.misc.URLClassPath.getLoader(I)Lsun/misc/URLClassPath$Loader; @ 94
Event: 2.721 Thread 0x00007ff874011000 Uncommon trap: reason=class_check action=maybe_recompile pc=0x00007ff865246af0 method=sun.misc.URLClassPath.getLoader(I)Lsun/misc/URLClassPath$Loader; @ 94
Event: 6.959 Thread 0x00007ff876b20800 Uncommon trap: reason=unstable_if action=reinterpret pc=0x00007ff865351528 method=java.lang.ThreadLocal.get()Ljava/lang/Object; @ 11

Internal exceptions (10 events):
Event: 2.730 Thread 0x00007ff874011000 Exception <a 'java/security/PrivilegedActionException'> (0x00000000ecd85db0) thrown at [/build/java8-openjdk/src/jdk8u-jdk8u121-b13/hotspot/src/share/vm/prims/jvm.cpp, line 1390]
Event: 6.959 Thread 0x00007ff876b20800 Implicit null exception at 0x00007ff8653513c1 to 0x00007ff865351509
Event: 6.966 Thread 0x00007ff876b20800 Exception <a 'java/lang/NoSuchMethodError': java.lang.Object.$anonfun$$plus$plus$eq$1(Lscala/collection/generic/Growable;Ljava/lang/Object;)Lscala/collection/generic/Growable;> (0x00000000ec25c9d0) thrown at [/build/java8-openjdk/src/jdk8u-jdk8u121-b13/ho
Event: 6.981 Thread 0x00007ff876b20800 Exception <a 'java/lang/NoSuchMethodError': java.lang.Object.$anonfun$splitWithSignalling$2$adapted(Lscala/collection/parallel/SeqSplitter;Lscala/collection/parallel/SeqSplitter;)Ljava/lang/Object;> (0x00000000ec262370) thrown at [/build/java8-openjdk/src
Event: 6.984 Thread 0x00007ff876b20800 Exception <a 'java/lang/NoSuchMethodError': java.lang.Object.$anonfun$split$1(Lscala/collection/parallel/ParIterableLike$Accessor;Lscala/collection/parallel/IterableSplitter;)Lscala/collection/parallel/ParIterableLike$Accessor;> (0x00000000ec267d30) throw
Event: 6.987 Thread 0x00007ff876b20800 Exception <a 'java/lang/NoSuchMethodError': java.lang.Object.$anonfun$map$1(Lscala/Function1;Lscala/collection/mutable/Builder;Ljava/lang/Object;)Lscala/collection/mutable/Builder;> (0x00000000ec26ede0) thrown at [/build/java8-openjdk/src/jdk8u-jdk8u121-b
Event: 6.993 Thread 0x00007ff876b20800 Exception <a 'java/lang/NoSuchMethodError': java.lang.Object.$anonfun$spawnSubtasks$1$adapted(Lscala/runtime/ObjectRef;Lscala/collection/parallel/AdaptiveWorkStealingTasks$WrappedTask;)Ljava/lang/Object;> (0x00000000ec27bf20) thrown at [/build/java8-openj
Event: 6.996 Thread 0x00007ff876b20800 Exception <a 'java/lang/NoSuchMethodError': java.lang.Object.$anonfun$tryLeaf$1(Lscala/collection/parallel/Task;Lscala/Option;)V> (0x00000000ec282c88) thrown at [/build/java8-openjdk/src/jdk8u-jdk8u121-b13/hotspot/src/share/vm/interpreter/linkResolver.cpp
Event: 7.005 Thread 0x00007ff876b20800 Exception <a 'java/lang/NoSuchMethodError': java.lang.Object.$anonfun$tryLeaf$2(Lscala/collection/parallel/Task;)V> (0x00000000ec2b0ea8) thrown at [/build/java8-openjdk/src/jdk8u-jdk8u121-b13/hotspot/src/share/vm/interpreter/linkResolver.cpp, line 582]
Event: 7.005 Thread 0x0000000002488000 Exception <a 'java/lang/NoSuchMethodError': java.lang.Object.$anonfun$tryLeaf$2(Lscala/collection/parallel/Task;)V> (0x00000000ec298a78) thrown at [/build/java8-openjdk/src/jdk8u-jdk8u121-b13/hotspot/src/share/vm/interpreter/linkResolver.cpp, line 582]

Events (10 events):
Event: 7.046 Thread 0x00007ff876b20800 DEOPT PACKING pc=0x00007ff8653a6bec sp=0x00007ff8601108d0
Event: 7.046 Thread 0x00007ff876b20800 DEOPT UNPACKING pc=0x00007ff865046f73 sp=0x00007ff8601106d0 mode 1
Event: 7.047 Thread 0x00007ff876b20800 DEOPT PACKING pc=0x00007ff8653a6bec sp=0x00007ff8601109a0
Event: 7.047 Thread 0x00007ff876b20800 DEOPT UNPACKING pc=0x00007ff865046f73 sp=0x00007ff8601107a0 mode 1
Event: 7.048 Thread 0x00007ff876b20800 DEOPT PACKING pc=0x00007ff8653a6bec sp=0x00007ff8601109a0
Event: 7.048 Thread 0x00007ff876b20800 DEOPT UNPACKING pc=0x00007ff865046f73 sp=0x00007ff8601107a0 mode 1
Event: 7.048 Thread 0x00007ff876b20800 DEOPT PACKING pc=0x00007ff865214eb4 sp=0x00007ff860110a00
Event: 7.048 Thread 0x00007ff876b20800 DEOPT UNPACKING pc=0x00007ff865046f73 sp=0x00007ff8601107b0 mode 1
Event: 7.048 Thread 0x00007ff876b20800 DEOPT PACKING pc=0x00007ff8653a6bec sp=0x00007ff8601108d0
Event: 7.048 Thread 0x00007ff876b20800 DEOPT UNPACKING pc=0x00007ff865046f73 sp=0x00007ff8601106d0 mode 1


Dynamic libraries:
00400000-00401000 r-xp 00000000 00:13 1620704                            /usr/lib/jvm/java-8-openjdk/jre/bin/java
00600000-00601000 r--p 00000000 00:13 1620704                            /usr/lib/jvm/java-8-openjdk/jre/bin/java
00601000-00602000 rw-p 00001000 00:13 1620704                            /usr/lib/jvm/java-8-openjdk/jre/bin/java
02467000-0402f000 rw-p 00000000 00:00 0                                  [heap]
c3e00000-c6780000 rw-p 00000000 00:00 0 
c6780000-ebf80000 ---p 00000000 00:00 0 
ebf80000-ed400000 rw-p 00000000 00:00 0 
ed400000-100000000 ---p 00000000 00:00 0 
100000000-100180000 rw-p 00000000 00:00 0 
100180000-140000000 ---p 00000000 00:00 0 
7ff8170e1000-7ff8178b0000 rw-p 00000000 00:00 0 
7ff81901d000-7ff81901e000 ---p 00000000 00:00 0 
7ff81901e000-7ff81981e000 rwxp 00000000 00:00 0 
7ff81af8a000-7ff81c6f7000 rw-p 00000000 00:00 0 
7ff81d362000-7ff81d363000 ---p 00000000 00:00 0 
7ff81d363000-7ff81db63000 rwxp 00000000 00:00 0 
7ff81db63000-7ff81db66000 ---p 00000000 00:00 0 
7ff81db66000-7ff81dc64000 rwxp 00000000 00:00 0 
7ff81dc64000-7ff81dd24000 rw-p 00000000 00:00 0 
7ff81dd24000-7ff81de64000 ---p 00000000 00:00 0 
7ff81de64000-7ff81ded0000 r-xp 00000000 00:13 2418409                    /home/andrey/.javacpp/cache/opencv-3.2.0-1.3-linux-x86_64.jar/org/bytedeco/javacpp/linux-x86_64/libjniopencv_text.so
7ff81ded0000-7ff81e0cf000 ---p 0006c000 00:13 2418409                    /home/andrey/.javacpp/cache/opencv-3.2.0-1.3-linux-x86_64.jar/org/bytedeco/javacpp/linux-x86_64/libjniopencv_text.so
7ff81e0cf000-7ff81e0d0000 rw-p 0006b000 00:13 2418409                    /home/andrey/.javacpp/cache/opencv-3.2.0-1.3-linux-x86_64.jar/org/bytedeco/javacpp/linux-x86_64/libjniopencv_text.so
7ff81e0d0000-7ff81e107000 r-xp 00000000 00:13 2420372                    /usr/lib/libtbb.so.2
7ff81e107000-7ff81e306000 ---p 00037000 00:13 2420372                    /usr/lib/libtbb.so.2
7ff81e306000-7ff81e308000 r--p 00036000 00:13 2420372                    /usr/lib/libtbb.so.2
7ff81e308000-7ff81e30a000 rw-p 00038000 00:13 2420372                    /usr/lib/libtbb.so.2
7ff81e30a000-7ff81e30d000 rw-p 00000000 00:00 0 
7ff81e30d000-7ff81e35e000 r-xp 00000000 00:13 2421218                    /usr/lib/libopencv_flann.so.3.2.0
7ff81e35e000-7ff81e55e000 ---p 00051000 00:13 2421218                    /usr/lib/libopencv_flann.so.3.2.0
7ff81e55e000-7ff81e560000 r--p 00051000 00:13 2421218                    /usr/lib/libopencv_flann.so.3.2.0
7ff81e560000-7ff81e561000 rw-p 00053000 00:13 2421218                    /usr/lib/libopencv_flann.so.3.2.0
7ff81e561000-7ff81e615000 r-xp 00000000 00:13 2421242                    /usr/lib/libopencv_features2d.so.3.2.0
7ff81e615000-7ff81e814000 ---p 000b4000 00:13 2421242                    /usr/lib/libopencv_features2d.so.3.2.0
7ff81e814000-7ff81e817000 r--p 000b3000 00:13 2421242                    /usr/lib/libopencv_features2d.so.3.2.0
7ff81e817000-7ff81e819000 rw-p 000b6000 00:13 2421242                    /usr/lib/libopencv_features2d.so.3.2.0
7ff81e819000-7ff81e87c000 r-xp 00000000 00:13 2418408                    /home/andrey/.javacpp/cache/opencv-3.2.0-1.3-linux-x86_64.jar/org/bytedeco/javacpp/linux-x86_64/libopencv_text.so.3.2
7ff81e87c000-7ff81ea7c000 ---p 00063000 00:13 2418408                    /home/andrey/.javacpp/cache/opencv-3.2.0-1.3-linux-x86_64.jar/org/bytedeco/javacpp/linux-x86_64/libopencv_text.so.3.2
7ff81ea7c000-7ff81ea7e000 rw-p 00063000 00:13 2418408                    /home/andrey/.javacpp/cache/opencv-3.2.0-1.3-linux-x86_64.jar/org/bytedeco/javacpp/linux-x86_64/libopencv_text.so.3.2
7ff81ea7e000-7ff81eb41000 rw-p 00000000 00:00 0 
7ff81eb41000-7ff81eb87000 r-xp 00000000 00:13 2418407                    /home/andrey/.javacpp/cache/opencv-3.2.0-1.3-linux-x86_64.jar/org/bytedeco/javacpp/linux-x86_64/libjniopencv_ml.so
7ff81eb87000-7ff81ed87000 ---p 00046000 00:13 2418407                    /home/andrey/.javacpp/cache/opencv-3.2.0-1.3-linux-x86_64.jar/org/bytedeco/javacpp/linux-x86_64/libjniopencv_ml.so
7ff81ed87000-7ff81ed88000 rw-p 00046000 00:13 2418407                    /home/andrey/.javacpp/cache/opencv-3.2.0-1.3-linux-x86_64.jar/org/bytedeco/javacpp/linux-x86_64/libjniopencv_ml.so
7ff81ed88000-7ff81ee20000 r-xp 00000000 00:13 2418406                    /home/andrey/.javacpp/cache/opencv-3.2.0-1.3-linux-x86_64.jar/org/bytedeco/javacpp/linux-x86_64/libopencv_ml.so.3.2
7ff81ee20000-7ff81f01f000 ---p 00098000 00:13 2418406                    /home/andrey/.javacpp/cache/opencv-3.2.0-1.3-linux-x86_64.jar/org/bytedeco/javacpp/linux-x86_64/libopencv_ml.so.3.2
7ff81f01f000-7ff81f023000 rw-p 00097000 00:13 2418406                    /home/andrey/.javacpp/cache/opencv-3.2.0-1.3-linux-x86_64.jar/org/bytedeco/javacpp/linux-x86_64/libopencv_ml.so.3.2
7ff81f023000-7ff81f064000 r-xp 00000000 00:13 2418405                    /home/andrey/.javacpp/cache/opencv-3.2.0-1.3-linux-x86_64.jar/org/bytedeco/javacpp/linux-x86_64/libjniopencv_highgui.so
7ff81f064000-7ff81f264000 ---p 00041000 00:13 2418405                    /home/andrey/.javacpp/cache/opencv-3.2.0-1.3-linux-x86_64.jar/org/bytedeco/javacpp/linux-x86_64/libjniopencv_highgui.so
7ff81f264000-7ff81f265000 rw-p 00041000 00:13 2418405                    /home/andrey/.javacpp/cache/opencv-3.2.0-1.3-linux-x86_64.jar/org/bytedeco/javacpp/linux-x86_64/libjniopencv_highgui.so
7ff81f265000-7ff81f270000 r-xp 00000000 00:13 2418404                    /home/andrey/.javacpp/cache/opencv-3.2.0-1.3-linux-x86_64.jar/org/bytedeco/javacpp/linux-x86_64/libopencv_highgui.so.3.2
7ff81f270000-7ff81f46f000 ---p 0000b000 00:13 2418404                    /home/andrey/.javacpp/cache/opencv-3.2.0-1.3-linux-x86_64.jar/org/bytedeco/javacpp/linux-x86_64/libopencv_highgui.so.3.2
7ff81f46f000-7ff81f470000 rw-p 0000a000 00:13 2418404                    /home/andrey/.javacpp/cache/opencv-3.2.0-1.3-linux-x86_64.jar/org/bytedeco/javacpp/linux-x86_64/libopencv_highgui.so.3.2
7ff81f470000-7ff81f485000 r-xp 00000000 00:13 2418403                    /home/andrey/.javacpp/cache/opencv-3.2.0-1.3-linux-x86_64.jar/org/bytedeco/javacpp/linux-x86_64/libjniopencv_videoio.so
7ff81f485000-7ff81f685000 ---p 00015000 00:13 2418403                    /home/andrey/.javacpp/cache/opencv-3.2.0-1.3-linux-x86_64.jar/org/bytedeco/javacpp/linux-x86_64/libjniopencv_videoio.so
7ff81f685000-7ff81f686000 rw-p 00015000 00:13 2418403                    /home/andrey/.javacpp/cache/opencv-3.2.0-1.3-linux-x86_64.jar/org/bytedeco/javacpp/linux-x86_64/libjniopencv_videoio.so
7ff81f686000-7ff81f68d000 r-xp 00000000 00:13 2026335                    /usr/lib/libdatrie.so.1.3.3
7ff81f68d000-7ff81f88c000 ---p 00007000 00:13 2026335                    /usr/lib/libdatrie.so.1.3.3
7ff81f88c000-7ff81f88d000 r--p 00006000 00:13 2026335                    /usr/lib/libdatrie.so.1.3.3
7ff81f88d000-7ff81f88e000 rw-p 00007000 00:13 2026335                    /usr/lib/libdatrie.so.1.3.3
7ff81f88e000-7ff81f89e000 r-xp 00000000 00:13 2117097                    /usr/lib/libGLX.so.0.0.0
7ff81f89e000-7ff81fa9d000 ---p 00010000 00:13 2117097                    /usr/lib/libGLX.so.0.0.0
7ff81fa9d000-7ff81fa9e000 r--p 0000f000 00:13 2117097                    /usr/lib/libGLX.so.0.0.0
7ff81fa9e000-7ff81fa9f000 rw-p 00010000 00:13 2117097                    /usr/lib/libGLX.so.0.0.0
7ff81fa9f000-7ff81fabf000 rw-p 00000000 00:00 0 
7ff81fabf000-7ff81fac4000 r-xp 00000000 00:13 42076                      /usr/lib/libXdmcp.so.6.0.0
7ff81fac4000-7ff81fcc3000 ---p 00005000 00:13 42076                      /usr/lib/libXdmcp.so.6.0.0
7ff81fcc3000-7ff81fcc4000 r--p 00004000 00:13 42076                      /usr/lib/libXdmcp.so.6.0.0
7ff81fcc4000-7ff81fcc5000 rw-p 00005000 00:13 42076                      /usr/lib/libXdmcp.so.6.0.0
7ff81fcc5000-7ff81fcc7000 r-xp 00000000 00:13 42085                      /usr/lib/libXau.so.6.0.0
7ff81fcc7000-7ff81fec7000 ---p 00002000 00:13 42085                      /usr/lib/libXau.so.6.0.0
7ff81fec7000-7ff81fec8000 r--p 00002000 00:13 42085                      /usr/lib/libXau.so.6.0.0
7ff81fec8000-7ff81fec9000 rw-p 00003000 00:13 42085                      /usr/lib/libXau.so.6.0.0
7ff81fec9000-7ff81ff37000 r-xp 00000000 00:13 2117094                    /usr/lib/libGLdispatch.so.0.0.0
7ff81ff37000-7ff820136000 ---p 0006e000 00:13 2117094                    /usr/lib/libGLdispatch.so.0.0.0
7ff820136000-7ff82015e000 r--p 0006d000 00:13 2117094                    /usr/lib/libGLdispatch.so.0.0.0
7ff82015e000-7ff82015f000 rw-p 00095000 00:13 2117094                    /usr/lib/libGLdispatch.so.0.0.0
7ff82015f000-7ff82017f000 rw-p 00000000 00:00 0 
7ff82017f000-7ff8201a9000 r-xp 00000000 00:13 586151                     /usr/lib/libgraphite2.so.3.0.1
7ff8201a9000-7ff8203a8000 ---p 0002a000 00:13 586151                     /usr/lib/libgraphite2.so.3.0.1
7ff8203a8000-7ff8203aa000 r--p 00029000 00:13 586151                     /usr/lib/libgraphite2.so.3.0.1
7ff8203aa000-7ff8203ab000 rw-p 0002b000 00:13 586151                     /usr/lib/libgraphite2.so.3.0.1
7ff8203ab000-7ff8203af000 r-xp 00000000 00:13 2024957                    /usr/lib/libuuid.so.1.3.0
7ff8203af000-7ff8205ae000 ---p 00004000 00:13 2024957                    /usr/lib/libuuid.so.1.3.0
7ff8205ae000-7ff8205af000 r--p 00003000 00:13 2024957                    /usr/lib/libuuid.so.1.3.0
7ff8205af000-7ff8205b0000 rw-p 00004000 00:13 2024957                    /usr/lib/libuuid.so.1.3.0
7ff8205b0000-7ff8205f1000 r-xp 00000000 00:13 2024958                    /usr/lib/libblkid.so.1.1.0
7ff8205f1000-7ff8207f0000 ---p 00041000 00:13 2024958                    /usr/lib/libblkid.so.1.1.0
7ff8207f0000-7ff8207f4000 r--p 00040000 00:13 2024958                    /usr/lib/libblkid.so.1.1.0
7ff8207f4000-7ff8207f5000 rw-p 00044000 00:13 2024958                    /usr/lib/libblkid.so.1.1.0
7ff8207f5000-7ff8207f6000 rw-p 00000000 00:00 0 
7ff8207f6000-7ff820868000 r-xp 00000000 00:13 1605008                    /usr/lib/libpcre.so.1.2.8
7ff820868000-7ff820a67000 ---p 00072000 00:13 1605008                    /usr/lib/libpcre.so.1.2.8
7ff820a67000-7ff820a68000 r--p 00071000 00:13 1605008                    /usr/lib/libpcre.so.1.2.8
7ff820a68000-7ff820a69000 rw-p 00072000 00:13 1605008                    /usr/lib/libpcre.so.1.2.8
7ff820a69000-7ff820a70000 r-xp 00000000 00:13 17402                      /usr/lib/libffi.so.6.0.4
7ff820a70000-7ff820c70000 ---p 00007000 00:13 17402                      /usr/lib/libffi.so.6.0.4
7ff820c70000-7ff820c71000 r--p 00007000 00:13 17402                      /usr/lib/libffi.so.6.0.4
7ff820c71000-7ff820c72000 rw-p 00008000 00:13 17402                      /usr/lib/libffi.so.6.0.4
7ff820c72000-7ff820c99000 r-xp 00000000 00:13 12033                      /usr/lib/libexpat.so.1.6.2
7ff820c99000-7ff820e99000 ---p 00027000 00:13 12033                      /usr/lib/libexpat.so.1.6.2
7ff820e99000-7ff820e9b000 r--p 00027000 00:13 12033                      /usr/lib/libexpat.so.1.6.2
7ff820e9b000-7ff820e9c000 rw-p 00029000 00:13 12033                      /usr/lib/libexpat.so.1.6.2
7ff820e9c000-7ff820eab000 r-xp 00000000 00:13 1313099                    /usr/lib/libbz2.so.1.0.6
7ff820eab000-7ff8210aa000 ---p 0000f000 00:13 1313099                    /usr/lib/libbz2.so.1.0.6
7ff8210aa000-7ff8210ab000 r--p 0000e000 00:13 1313099                    /usr/lib/libbz2.so.1.0.6
7ff8210ab000-7ff8210ac000 rw-p 0000f000 00:13 1313099                    /usr/lib/libbz2.so.1.0.6
7ff8210ac000-7ff8210b4000 r-xp 00000000 00:13 1621406                    /usr/lib/libthai.so.0.3.0
7ff8210b4000-7ff8212b4000 ---p 00008000 00:13 1621406                    /usr/lib/libthai.so.0.3.0
7ff8212b4000-7ff8212b5000 r--p 00008000 00:13 1621406                    /usr/lib/libthai.so.0.3.0
7ff8212b5000-7ff8212b6000 rw-p 00009000 00:13 1621406                    /usr/lib/libthai.so.0.3.0
7ff8212b6000-7ff821326000 r-xp 00000000 00:13 2117098                    /usr/lib/libGL.so.1.0.0
7ff821326000-7ff821525000 ---p 00070000 00:13 2117098                    /usr/lib/libGL.so.1.0.0
7ff821525000-7ff82153f000 r--p 0006f000 00:13 2117098                    /usr/lib/libGL.so.1.0.0
7ff82153f000-7ff821540000 rw-p 00089000 00:13 2117098                    /usr/lib/libGL.so.1.0.0
7ff821540000-7ff821541000 rw-p 00000000 00:00 0 
7ff821541000-7ff82154d000 r-xp 00000000 00:13 42162                      /usr/lib/libxcb-render.so.0.0.0
7ff82154d000-7ff82174d000 ---p 0000c000 00:13 42162                      /usr/lib/libxcb-render.so.0.0.0
7ff82174d000-7ff82174e000 r--p 0000c000 00:13 42162                      /usr/lib/libxcb-render.so.0.0.0
7ff82174e000-7ff82174f000 rw-p 0000d000 00:13 42162                      /usr/lib/libxcb-render.so.0.0.0
7ff82174f000-7ff821777000 r-xp 00000000 00:13 42152                      /usr/lib/libxcb.so.1.1.0
7ff821777000-7ff821976000 ---p 00028000 00:13 42152                      /usr/lib/libxcb.so.1.1.0
7ff821976000-7ff821977000 r--p 00027000 00:13 42152                      /usr/lib/libxcb.so.1.1.0
7ff821977000-7ff821978000 rw-p 00028000 00:13 42152                      /usr/lib/libxcb.so.1.1.0
7ff821978000-7ff82197a000 r-xp 00000000 00:13 42166                      /usr/lib/libxcb-shm.so.0.0.0
7ff82197a000-7ff821b7a000 ---p 00002000 00:13 42166                      /usr/lib/libxcb-shm.so.0.0.0
7ff821b7a000-7ff821b7b000 r--p 00002000 00:13 42166                      /usr/lib/libxcb-shm.so.0.0.0
7ff821b7b000-7ff821b7c000 rw-p 00003000 00:13 42166                      /usr/lib/libxcb-shm.so.0.0.0
7ff821b7c000-7ff821b8e000 r-xp 00000000 00:13 2117096                    /usr/lib/libEGL.so.1.0.0
7ff821b8e000-7ff821d8d000 ---p 00012000 00:13 2117096                    /usr/lib/libEGL.so.1.0.0
7ff821d8d000-7ff821d8e000 r--p 00011000 00:13 2117096                    /usr/lib/libEGL.so.1.0.0
7ff821d8e000-7ff821d8f000 rw-p 00012000 00:13 2117096                    /usr/lib/libEGL.so.1.0.0
7ff821d8f000-7ff821e2e000 r-xp 00000000 00:13 46386                      /usr/lib/libpixman-1.so.0.34.0
7ff821e2e000-7ff82202e000 ---p 0009f000 00:13 46386                      /usr/lib/libpixman-1.so.0.34.0
7ff82202e000-7ff822036000 r--p 0009f000 00:13 46386                      /usr/lib/libpixman-1.so.0.34.0
7ff822036000-7ff822037000 rw-p 000a7000 00:13 46386                      /usr/lib/libpixman-1.so.0.34.0
7ff822037000-7ff82206c000 r-xp 00000000 00:13 1420659                    /usr/lib/libpng16.so.16.28.0
7ff82206c000-7ff82226b000 ---p 00035000 00:13 1420659                    /usr/lib/libpng16.so.16.28.0
7ff82226b000-7ff82226c000 r--p 00034000 00:13 1420659                    /usr/lib/libpng16.so.16.28.0
7ff82226c000-7ff82226d000 rw-p 00035000 00:13 1420659                    /usr/lib/libpng16.so.16.28.0
7ff82226d000-7ff8222fb000 r-xp 00000000 00:13 2362619                    /usr/lib/libharfbuzz.so.0.10400.5
7ff8222fb000-7ff8224fa000 ---p 0008e000 00:13 2362619                    /usr/lib/libharfbuzz.so.0.10400.5
7ff8224fa000-7ff8224fc000 r--p 0008d000 00:13 2362619                    /usr/lib/libharfbuzz.so.0.10400.5
7ff8224fc000-7ff8224fd000 rw-p 0008f000 00:13 2362619                    /usr/lib/libharfbuzz.so.0.10400.5
7ff8224fd000-7ff822547000 r-xp 00000000 00:13 2024959                    /usr/lib/libmount.so.1.1.0
7ff822547000-7ff822747000 ---p 0004a000 00:13 2024959                    /usr/lib/libmount.so.1.1.0
7ff822747000-7ff822748000 r--p 0004a000 00:13 2024959                    /usr/lib/libmount.so.1.1.0
7ff822748000-7ff822749000 rw-p 0004b000 00:13 2024959                    /usr/lib/libmount.so.1.1.0
7ff822749000-7ff82274b000 rw-p 00000000 00:00 0 
7ff82274b000-7ff82275e000 r-xp 00000000 00:13 2157401                    /usr/lib/libresolv-2.25.so
7ff82275e000-7ff82295d000 ---p 00013000 00:13 2157401                    /usr/lib/libresolv-2.25.so
7ff82295d000-7ff82295e000 r--p 00012000 00:13 2157401                    /usr/lib/libresolv-2.25.so
7ff82295e000-7ff82295f000 rw-p 00013000 00:13 2157401                    /usr/lib/libresolv-2.25.so
7ff82295f000-7ff822961000 rw-p 00000000 00:00 0 
7ff822961000-7ff822972000 r-xp 00000000 00:13 45923                      /usr/lib/libXext.so.6.4.0
7ff822972000-7ff822b71000 ---p 00011000 00:13 45923                      /usr/lib/libXext.so.6.4.0
7ff822b71000-7ff822b72000 r--p 00010000 00:13 45923                      /usr/lib/libXext.so.6.4.0
7ff822b72000-7ff822b73000 rw-p 00011000 00:13 45923                      /usr/lib/libXext.so.6.4.0
7ff822b73000-7ff822b75000 r-xp 00000000 00:13 46013                      /usr/lib/libXdamage.so.1.1.0
7ff822b75000-7ff822d74000 ---p 00002000 00:13 46013                      /usr/lib/libXdamage.so.1.1.0
7ff822d74000-7ff822d75000 r--p 00001000 00:13 46013                      /usr/lib/libXdamage.so.1.1.0
7ff822d75000-7ff822d76000 rw-p 00002000 00:13 46013                      /usr/lib/libXdamage.so.1.1.0
7ff822d76000-7ff822d78000 r-xp 00000000 00:13 49664                      /usr/lib/libXcomposite.so.1.0.0
7ff822d78000-7ff822f77000 ---p 00002000 00:13 49664                      /usr/lib/libXcomposite.so.1.0.0
7ff822f77000-7ff822f78000 r--p 00001000 00:13 49664                      /usr/lib/libXcomposite.so.1.0.0
7ff822f78000-7ff822f79000 rw-p 00002000 00:13 49664                      /usr/lib/libXcomposite.so.1.0.0
7ff822f79000-7ff822f83000 r-xp 00000000 00:13 49470                      /usr/lib/libXcursor.so.1.0.2
7ff822f83000-7ff823182000 ---p 0000a000 00:13 49470                      /usr/lib/libXcursor.so.1.0.2
7ff823182000-7ff823183000 r--p 00009000 00:13 49470                      /usr/lib/libXcursor.so.1.0.2
7ff823183000-7ff823184000 rw-p 0000a000 00:13 49470                      /usr/lib/libXcursor.so.1.0.2
7ff823184000-7ff82318e000 r-xp 00000000 00:13 49332                      /usr/lib/libXrandr.so.2.2.0
7ff82318e000-7ff82338d000 ---p 0000a000 00:13 49332                      /usr/lib/libXrandr.so.2.2.0
7ff82338d000-7ff82338e000 r--p 00009000 00:13 49332                      /usr/lib/libXrandr.so.2.2.0
7ff82338e000-7ff82338f000 rw-p 0000a000 00:13 49332                      /usr/lib/libXrandr.so.2.2.0
7ff82338f000-7ff82339e000 r-xp 00000000 00:13 1621381                    /usr/lib/libXi.so.6.1.0
7ff82339e000-7ff82359e000 ---p 0000f000 00:13 1621381                    /usr/lib/libXi.so.6.1.0
7ff82359e000-7ff82359f000 r--p 0000f000 00:13 1621381                    /usr/lib/libXi.so.6.1.0
7ff82359f000-7ff8235a0000 rw-p 00010000 00:13 1621381                    /usr/lib/libXi.so.6.1.0
7ff8235a0000-7ff8235a2000 r-xp 00000000 00:13 49376                      /usr/lib/libXinerama.so.1.0.0
7ff8235a2000-7ff8237a1000 ---p 00002000 00:13 49376                      /usr/lib/libXinerama.so.1.0.0
7ff8237a1000-7ff8237a2000 r--p 00001000 00:13 49376                      /usr/lib/libXinerama.so.1.0.0
7ff8237a2000-7ff8237a3000 rw-p 00002000 00:13 49376                      /usr/lib/libXinerama.so.1.0.0
7ff8237a3000-7ff8237ac000 r-xp 00000000 00:13 49308                      /usr/lib/libXrender.so.1.3.0
7ff8237ac000-7ff8239ac000 ---p 00009000 00:13 49308                      /usr/lib/libXrender.so.1.3.0
7ff8239ac000-7ff8239ad000 r--p 00009000 00:13 49308                      /usr/lib/libXrender.so.1.3.0
7ff8239ad000-7ff8239ae000 rw-p 0000a000 00:13 49308                      /usr/lib/libXrender.so.1.3.0
7ff8239ae000-7ff823ae7000 r-xp 00000000 00:13 2117005                    /usr/lib/libX11.so.6.3.0
7ff823ae7000-7ff823ce7000 ---p 00139000 00:13 2117005                    /usr/lib/libX11.so.6.3.0
7ff823ce7000-7ff823ce8000 r--p 00139000 00:13 2117005                    /usr/lib/libX11.so.6.3.0
7ff823ce8000-7ff823ced000 rw-p 0013a000 00:13 2117005                    /usr/lib/libX11.so.6.3.0
7ff823ced000-7ff823dfe000 r-xp 00000000 00:13 1944044                    /usr/lib/libglib-2.0.so.0.5000.3
7ff823dfe000-7ff823ffd000 ---p 00111000 00:13 1944044                    /usr/lib/libglib-2.0.so.0.5000.3
7ff823ffd000-7ff823ffe000 r--p 00110000 00:13 1944044                    /usr/lib/libglib-2.0.so.0.5000.3
7ff823ffe000-7ff823fff000 rw-p 00111000 00:13 1944044                    /usr/lib/libglib-2.0.so.0.5000.3
7ff823fff000-7ff824000000 rw-p 00000000 00:00 0 
7ff824000000-7ff826088000 rw-p 00000000 00:00 0 
7ff826088000-7ff828000000 ---p 00000000 00:00 0 
7ff8280bf000-7ff8280c4000 r-xp 00000000 00:13 45985                      /usr/lib/libXfixes.so.3.1.0
7ff8280c4000-7ff8282c3000 ---p 00005000 00:13 45985                      /usr/lib/libXfixes.so.3.1.0
7ff8282c3000-7ff8282c4000 r--p 00004000 00:13 45985                      /usr/lib/libXfixes.so.3.1.0
7ff8282c4000-7ff8282c5000 rw-p 00005000 00:13 45985                      /usr/lib/libXfixes.so.3.1.0
7ff8282c5000-7ff8282c6000 r-xp 00000000 00:13 1944046                    /usr/lib/libgthread-2.0.so.0.5000.3
7ff8282c6000-7ff8284c5000 ---p 00001000 00:13 1944046                    /usr/lib/libgthread-2.0.so.0.5000.3
7ff8284c5000-7ff8284c6000 r--p 00000000 00:13 1944046                    /usr/lib/libgthread-2.0.so.0.5000.3
7ff8284c6000-7ff8284c7000 rw-p 00001000 00:13 1944046                    /usr/lib/libgthread-2.0.so.0.5000.3
7ff8284c7000-7ff8284ca000 r-xp 00000000 00:13 1944045                    /usr/lib/libgmodule-2.0.so.0.5000.3
7ff8284ca000-7ff8286c9000 ---p 00003000 00:13 1944045                    /usr/lib/libgmodule-2.0.so.0.5000.3
7ff8286c9000-7ff8286ca000 r--p 00002000 00:13 1944045                    /usr/lib/libgmodule-2.0.so.0.5000.3
7ff8286ca000-7ff8286cb000 rw-p 00003000 00:13 1944045                    /usr/lib/libgmodule-2.0.so.0.5000.3
7ff8286cb000-7ff82871c000 r-xp 00000000 00:13 1944047                    /usr/lib/libgobject-2.0.so.0.5000.3
7ff82871c000-7ff82891b000 ---p 00051000 00:13 1944047                    /usr/lib/libgobject-2.0.so.0.5000.3
7ff82891b000-7ff82891c000 r--p 00050000 00:13 1944047                    /usr/lib/libgobject-2.0.so.0.5000.3
7ff82891c000-7ff82891d000 rw-p 00051000 00:13 1944047                    /usr/lib/libgobject-2.0.so.0.5000.3
7ff82891d000-7ff82895b000 r-xp 00000000 00:13 1466723                    /usr/lib/libfontconfig.so.1.9.2
7ff82895b000-7ff828b5a000 ---p 0003e000 00:13 1466723                    /usr/lib/libfontconfig.so.1.9.2
7ff828b5a000-7ff828b5c000 r--p 0003d000 00:13 1466723                    /usr/lib/libfontconfig.so.1.9.2
7ff828b5c000-7ff828b61000 rw-p 0003f000 00:13 1466723                    /usr/lib/libfontconfig.so.1.9.2
7ff828b61000-7ff828c1b000 r-xp 00000000 00:13 1313415                    /usr/lib/libfreetype.so.6.13.0
7ff828c1b000-7ff828e1b000 ---p 000ba000 00:13 1313415                    /usr/lib/libfreetype.so.6.13.0
7ff828e1b000-7ff828e21000 r--p 000ba000 00:13 1313415                    /usr/lib/libfreetype.so.6.13.0
7ff828e21000-7ff828e22000 rw-p 000c0000 00:13 1313415                    /usr/lib/libfreetype.so.6.13.0
7ff828e22000-7ff828e6b000 r-xp 00000000 00:13 2118048                    /usr/lib/libpango-1.0.so.0.4000.4
7ff828e6b000-7ff82906b000 ---p 00049000 00:13 2118048                    /usr/lib/libpango-1.0.so.0.4000.4
7ff82906b000-7ff82906d000 r--p 00049000 00:13 2118048                    /usr/lib/libpango-1.0.so.0.4000.4
7ff82906d000-7ff82906e000 rw-p 0004b000 00:13 2118048                    /usr/lib/libpango-1.0.so.0.4000.4
7ff82906e000-7ff829197000 r-xp 00000000 00:13 953451                     /usr/lib/libcairo.so.2.11400.8
7ff829197000-7ff829396000 ---p 00129000 00:13 953451                     /usr/lib/libcairo.so.2.11400.8
7ff829396000-7ff829399000 r--p 00128000 00:13 953451                     /usr/lib/libcairo.so.2.11400.8
7ff829399000-7ff82939b000 rw-p 0012b000 00:13 953451                     /usr/lib/libcairo.so.2.11400.8
7ff82939b000-7ff82939c000 rw-p 00000000 00:00 0 
7ff82939c000-7ff8293c2000 r-xp 00000000 00:13 1944921                    /usr/lib/libgdk_pixbuf-2.0.so.0.3600.5
7ff8293c2000-7ff8295c1000 ---p 00026000 00:13 1944921                    /usr/lib/libgdk_pixbuf-2.0.so.0.3600.5
7ff8295c1000-7ff8295c2000 r--p 00025000 00:13 1944921                    /usr/lib/libgdk_pixbuf-2.0.so.0.3600.5
7ff8295c2000-7ff8295c3000 rw-p 00026000 00:13 1944921                    /usr/lib/libgdk_pixbuf-2.0.so.0.3600.5
7ff8295c3000-7ff8295cf000 r-xp 00000000 00:13 2118051                    /usr/lib/libpangocairo-1.0.so.0.4000.4
7ff8295cf000-7ff8297ce000 ---p 0000c000 00:13 2118051                    /usr/lib/libpangocairo-1.0.so.0.4000.4
7ff8297ce000-7ff8297cf000 r--p 0000b000 00:13 2118051                    /usr/lib/libpangocairo-1.0.so.0.4000.4
7ff8297cf000-7ff8297d0000 rw-p 0000c000 00:13 2118051                    /usr/lib/libpangocairo-1.0.so.0.4000.4
7ff8297d0000-7ff8297e4000 r-xp 00000000 00:13 2118049                    /usr/lib/libpangoft2-1.0.so.0.4000.4
7ff8297e4000-7ff8299e3000 ---p 00014000 00:13 2118049                    /usr/lib/libpangoft2-1.0.so.0.4000.4
7ff8299e3000-7ff8299e4000 r--p 00013000 00:13 2118049                    /usr/lib/libpangoft2-1.0.so.0.4000.4
7ff8299e4000-7ff8299e5000 rw-p 00014000 00:13 2118049                    /usr/lib/libpangoft2-1.0.so.0.4000.4
7ff8299e5000-7ff829b70000 r-xp 00000000 00:13 1944048                    /usr/lib/libgio-2.0.so.0.5000.3
7ff829b70000-7ff829d70000 ---p 0018b000 00:13 1944048                    /usr/lib/libgio-2.0.so.0.5000.3
7ff829d70000-7ff829d75000 r--p 0018b000 00:13 1944048                    /usr/lib/libgio-2.0.so.0.5000.3
7ff829d75000-7ff829d77000 rw-p 00190000 00:13 1944048                    /usr/lib/libgio-2.0.so.0.5000.3
7ff829d77000-7ff829d79000 rw-p 00000000 00:00 0 
7ff829d79000-7ff829d9c000 r-xp 00000000 00:13 2399192                    /usr/lib/libatk-1.0.so.0.22409.1
7ff829d9c000-7ff829f9b000 ---p 00023000 00:13 2399192                    /usr/lib/libatk-1.0.so.0.22409.1
7ff829f9b000-7ff829f9e000 r--p 00022000 00:13 2399192                    /usr/lib/libatk-1.0.so.0.22409.1
7ff829f9e000-7ff829f9f000 rw-p 00025000 00:13 2399192                    /usr/lib/libatk-1.0.so.0.22409.1
7ff829f9f000-7ff82a04f000 r-xp 00000000 00:13 62699                      /usr/lib/libgdk-x11-2.0.so.0.2400.31
7ff82a04f000-7ff82a24e000 ---p 000b0000 00:13 62699                      /usr/lib/libgdk-x11-2.0.so.0.2400.31
7ff82a24e000-7ff82a252000 r--p 000af000 00:13 62699                      /usr/lib/libgdk-x11-2.0.so.0.2400.31
7ff82a252000-7ff82a254000 rw-p 000b3000 00:13 62699                      /usr/lib/libgdk-x11-2.0.so.0.2400.31
7ff82a254000-7ff82a687000 r-xp 00000000 00:13 62700                      /usr/lib/libgtk-x11-2.0.so.0.2400.31
7ff82a687000-7ff82a886000 ---p 00433000 00:13 62700                      /usr/lib/libgtk-x11-2.0.so.0.2400.31
7ff82a886000-7ff82a88d000 r--p 00432000 00:13 62700                      /usr/lib/libgtk-x11-2.0.so.0.2400.31
7ff82a88d000-7ff82a891000 rw-p 00439000 00:13 62700                      /usr/lib/libgtk-x11-2.0.so.0.2400.31
7ff82a891000-7ff82c000000 rw-p 00000000 00:00 0 
7ff82c000000-7ff82c021000 rw-p 00000000 00:00 0 
7ff82c021000-7ff830000000 ---p 00000000 00:00 0 
7ff830000000-7ff830021000 rw-p 00000000 00:00 0 
7ff830021000-7ff834000000 ---p 00000000 00:00 0 
7ff834000000-7ff8348ce000 rw-p 00000000 00:00 0 
7ff8348ce000-7ff838000000 ---p 00000000 00:00 0 
7ff838000000-7ff8382df000 rw-p 00000000 00:00 0 
7ff8382df000-7ff83c000000 ---p 00000000 00:00 0 
7ff83c000000-7ff83c021000 rw-p 00000000 00:00 0 
7ff83c021000-7ff840000000 ---p 00000000 00:00 0 
7ff840000000-7ff840021000 rw-p 00000000 00:00 0 
7ff840021000-7ff844000000 ---p 00000000 00:00 0 
7ff844000000-7ff844021000 rw-p 00000000 00:00 0 
7ff844021000-7ff848000000 ---p 00000000 00:00 0 
7ff848000000-7ff848021000 rw-p 00000000 00:00 0 
7ff848021000-7ff84c000000 ---p 00000000 00:00 0 
7ff84c000000-7ff84c021000 rw-p 00000000 00:00 0 
7ff84c021000-7ff850000000 ---p 00000000 00:00 0 
7ff850000000-7ff850021000 rw-p 00000000 00:00 0 
7ff850021000-7ff854000000 ---p 00000000 00:00 0 
7ff854000000-7ff854021000 rw-p 00000000 00:00 0 
7ff854021000-7ff858000000 ---p 00000000 00:00 0 
7ff858000000-7ff858021000 rw-p 00000000 00:00 0 
7ff858021000-7ff85c000000 ---p 00000000 00:00 0 
7ff85c000000-7ff85c021000 rw-p 00000000 00:00 0 
7ff85c021000-7ff860000000 ---p 00000000 00:00 0 
7ff860012000-7ff860015000 ---p 00000000 00:00 0 
7ff860015000-7ff860113000 rwxp 00000000 00:00 0 
7ff860113000-7ff86012d000 r-xp 00000000 00:13 2418402                    /home/andrey/.javacpp/cache/opencv-3.2.0-1.3-linux-x86_64.jar/org/bytedeco/javacpp/linux-x86_64/libopencv_videoio.so.3.2
7ff86012d000-7ff86032d000 ---p 0001a000 00:13 2418402                    /home/andrey/.javacpp/cache/opencv-3.2.0-1.3-linux-x86_64.jar/org/bytedeco/javacpp/linux-x86_64/libopencv_videoio.so.3.2
7ff86032d000-7ff86032e000 rw-p 0001a000 00:13 2418402                    /home/andrey/.javacpp/cache/opencv-3.2.0-1.3-linux-x86_64.jar/org/bytedeco/javacpp/linux-x86_64/libopencv_videoio.so.3.2
7ff86032e000-7ff860531000 rw-p 00000000 00:00 0 
7ff860531000-7ff860556000 r-xp 00000000 00:13 2418401                    /home/andrey/.javacpp/cache/opencv-3.2.0-1.3-linux-x86_64.jar/org/bytedeco/javacpp/linux-x86_64/libjniopencv_imgcodecs.so
7ff860556000-7ff860755000 ---p 00025000 00:13 2418401                    /home/andrey/.javacpp/cache/opencv-3.2.0-1.3-linux-x86_64.jar/org/bytedeco/javacpp/linux-x86_64/libjniopencv_imgcodecs.so
7ff860755000-7ff860756000 rw-p 00024000 00:13 2418401                    /home/andrey/.javacpp/cache/opencv-3.2.0-1.3-linux-x86_64.jar/org/bytedeco/javacpp/linux-x86_64/libjniopencv_imgcodecs.so
7ff860756000-7ff860990000 r-xp 00000000 00:13 2418400                    /home/andrey/.javacpp/cache/opencv-3.2.0-1.3-linux-x86_64.jar/org/bytedeco/javacpp/linux-x86_64/libopencv_imgcodecs.so.3.2
7ff860990000-7ff860b90000 ---p 0023a000 00:13 2418400                    /home/andrey/.javacpp/cache/opencv-3.2.0-1.3-linux-x86_64.jar/org/bytedeco/javacpp/linux-x86_64/libopencv_imgcodecs.so.3.2
7ff860b90000-7ff860b9e000 rw-p 0023a000 00:13 2418400                    /home/andrey/.javacpp/cache/opencv-3.2.0-1.3-linux-x86_64.jar/org/bytedeco/javacpp/linux-x86_64/libopencv_imgcodecs.so.3.2
7ff860b9e000-7ff860ba9000 rw-p 00000000 00:00 0 
7ff860ba9000-7ff860cb3000 r-xp 00000000 00:13 2418399                    /home/andrey/.javacpp/cache/opencv-3.2.0-1.3-linux-x86_64.jar/org/bytedeco/javacpp/linux-x86_64/libjniopencv_imgproc.so
7ff860cb3000-7ff860eb2000 ---p 0010a000 00:13 2418399                    /home/andrey/.javacpp/cache/opencv-3.2.0-1.3-linux-x86_64.jar/org/bytedeco/javacpp/linux-x86_64/libjniopencv_imgproc.so
7ff860eb2000-7ff860eb4000 rw-p 00109000 00:13 2418399                    /home/andrey/.javacpp/cache/opencv-3.2.0-1.3-linux-x86_64.jar/org/bytedeco/javacpp/linux-x86_64/libjniopencv_imgproc.so
7ff860f7e000-7ff86107f000 rwxp 00000000 00:00 0 
7ff86107f000-7ff86130e000 r-xp 00000000 00:13 2418398                    /home/andrey/.javacpp/cache/opencv-3.2.0-1.3-linux-x86_64.jar/org/bytedeco/javacpp/linux-x86_64/libjniopencv_core.so
7ff86130e000-7ff86150d000 ---p 0028f000 00:13 2418398                    /home/andrey/.javacpp/cache/opencv-3.2.0-1.3-linux-x86_64.jar/org/bytedeco/javacpp/linux-x86_64/libjniopencv_core.so
7ff86150d000-7ff861510000 rw-p 0028e000 00:13 2418398                    /home/andrey/.javacpp/cache/opencv-3.2.0-1.3-linux-x86_64.jar/org/bytedeco/javacpp/linux-x86_64/libjniopencv_core.so
7ff861510000-7ff861511000 rw-p 00000000 00:00 0 
7ff861511000-7ff861752000 r-xp 00000000 00:13 2418397                    /home/andrey/.javacpp/cache/opencv-3.2.0-1.3-linux-x86_64.jar/org/bytedeco/javacpp/linux-x86_64/libopencv_imgproc.so.3.2
7ff861752000-7ff861952000 ---p 00241000 00:13 2418397                    /home/andrey/.javacpp/cache/opencv-3.2.0-1.3-linux-x86_64.jar/org/bytedeco/javacpp/linux-x86_64/libopencv_imgproc.so.3.2
7ff861952000-7ff861964000 rw-p 00241000 00:13 2418397                    /home/andrey/.javacpp/cache/opencv-3.2.0-1.3-linux-x86_64.jar/org/bytedeco/javacpp/linux-x86_64/libopencv_imgproc.so.3.2
7ff861964000-7ff8619f9000 rw-p 00000000 00:00 0 
7ff8619f9000-7ff861a0f000 r-xp 00000000 00:13 2159154                    /usr/lib/libgcc_s.so.1
7ff861a0f000-7ff861c0e000 ---p 00016000 00:13 2159154                    /usr/lib/libgcc_s.so.1
7ff861c0e000-7ff861c0f000 r--p 00015000 00:13 2159154                    /usr/lib/libgcc_s.so.1
7ff861c0f000-7ff861c10000 rw-p 00016000 00:13 2159154                    /usr/lib/libgcc_s.so.1
7ff861c10000-7ff861d88000 r-xp 00000000 00:13 2159122                    /usr/lib/libstdc++.so.6.0.22
7ff861d88000-7ff861f88000 ---p 00178000 00:13 2159122                    /usr/lib/libstdc++.so.6.0.22
7ff861f88000-7ff861f92000 r--p 00178000 00:13 2159122                    /usr/lib/libstdc++.so.6.0.22
7ff861f92000-7ff861f94000 rw-p 00182000 00:13 2159122                    /usr/lib/libstdc++.so.6.0.22
7ff861f94000-7ff861f98000 rw-p 00000000 00:00 0 
7ff861fc0000-7ff8621d8000 r-xp 00000000 00:13 2418396                    /home/andrey/.javacpp/cache/opencv-3.2.0-1.3-linux-x86_64.jar/org/bytedeco/javacpp/linux-x86_64/libopencv_core.so.3.2
7ff8621d8000-7ff8623d8000 ---p 00218000 00:13 2418396                    /home/andrey/.javacpp/cache/opencv-3.2.0-1.3-linux-x86_64.jar/org/bytedeco/javacpp/linux-x86_64/libopencv_core.so.3.2
7ff8623d8000-7ff8623df000 rw-p 00218000 00:13 2418396                    /home/andrey/.javacpp/cache/opencv-3.2.0-1.3-linux-x86_64.jar/org/bytedeco/javacpp/linux-x86_64/libopencv_core.so.3.2
7ff8623df000-7ff8623e1000 rw-p 00000000 00:00 0 
7ff8623e1000-7ff8623f7000 r-xp 00000000 00:13 1620790                    /usr/lib/jvm/java-8-openjdk/jre/lib/amd64/libnet.so
7ff8623f7000-7ff8625f6000 ---p 00016000 00:13 1620790                    /usr/lib/jvm/java-8-openjdk/jre/lib/amd64/libnet.so
7ff8625f6000-7ff8625f7000 r--p 00015000 00:13 1620790                    /usr/lib/jvm/java-8-openjdk/jre/lib/amd64/libnet.so
7ff8625f7000-7ff8625f8000 rw-p 00016000 00:13 1620790                    /usr/lib/jvm/java-8-openjdk/jre/lib/amd64/libnet.so
7ff8625f8000-7ff862609000 r-xp 00000000 00:13 1620779                    /usr/lib/jvm/java-8-openjdk/jre/lib/amd64/libnio.so
7ff862609000-7ff862808000 ---p 00011000 00:13 1620779                    /usr/lib/jvm/java-8-openjdk/jre/lib/amd64/libnio.so
7ff862808000-7ff862809000 r--p 00010000 00:13 1620779                    /usr/lib/jvm/java-8-openjdk/jre/lib/amd64/libnio.so
7ff862809000-7ff86280a000 rw-p 00011000 00:13 1620779                    /usr/lib/jvm/java-8-openjdk/jre/lib/amd64/libnio.so
7ff86280a000-7ff86281f000 r-xp 00000000 00:13 2418395                    /home/andrey/.javacpp/cache/opencv-3.2.0-1.3-linux-x86_64.jar/org/bytedeco/javacpp/linux-x86_64/libgomp.so.1
7ff86281f000-7ff862a1e000 ---p 00015000 00:13 2418395                    /home/andrey/.javacpp/cache/opencv-3.2.0-1.3-linux-x86_64.jar/org/bytedeco/javacpp/linux-x86_64/libgomp.so.1
7ff862a1e000-7ff862a1f000 rw-p 00014000 00:13 2418395                    /home/andrey/.javacpp/cache/opencv-3.2.0-1.3-linux-x86_64.jar/org/bytedeco/javacpp/linux-x86_64/libgomp.so.1
7ff862a1f000-7ff862a21000 r--s 00019000 00:13 2167305                    /usr/share/intellijidea-ce/lib/idea_rt.jar
7ff862a21000-7ff862a22000 r--s 00000000 00:13 2419227                    /home/andrey/.ivy2/cache/org.bytedeco.javacpp-presets/videoinput-platform/jars/videoinput-platform-0.200-1.3.jar
7ff862a22000-7ff862a23000 r--s 0000b000 00:13 2419189                    /home/andrey/.ivy2/cache/org.bytedeco.javacpp-presets/videoinput/jars/videoinput-0.200-1.3-windows-x86_64.jar
7ff862a23000-7ff862a24000 r--s 00009000 00:13 2419191                    /home/andrey/.ivy2/cache/org.bytedeco.javacpp-presets/videoinput/jars/videoinput-0.200-1.3-windows-x86.jar
7ff862a24000-7ff862a25000 r--s 00003000 00:13 2419190                    /home/andrey/.ivy2/cache/org.bytedeco.javacpp-presets/videoinput/jars/videoinput-0.200-1.3.jar
7ff862a25000-7ff862a26000 r--s 00000000 00:13 2419225                    /home/andrey/.ivy2/cache/org.bytedeco.javacpp-presets/librealsense-platform/jars/librealsense-platform-1.9.6-1.3.jar
7ff862a26000-7ff862a27000 r--s 00076000 00:13 2419186                    /home/andrey/.ivy2/cache/org.bytedeco.javacpp-presets/librealsense/jars/librealsense-1.9.6-1.3-linux-x86_64.jar
7ff862a27000-7ff862a28000 r--s 00074000 00:13 2419185                    /home/andrey/.ivy2/cache/org.bytedeco.javacpp-presets/librealsense/jars/librealsense-1.9.6-1.3-linux-x86.jar
7ff862a28000-7ff862a2b000 r--s 00009000 00:13 2419187                    /home/andrey/.ivy2/cache/org.bytedeco.javacpp-presets/librealsense/jars/librealsense-1.9.6-1.3.jar
7ff862a2b000-7ff862a2c000 r--s 00000000 00:13 2419223                    /home/andrey/.ivy2/cache/org.bytedeco.javacpp-presets/libfreenect2-platform/jars/libfreenect2-platform-0.2.0-1.3.jar
7ff862a2c000-7ff862a2d000 r--s 00061000 00:13 2419181                    /home/andrey/.ivy2/cache/org.bytedeco.javacpp-presets/libfreenect2/jars/libfreenect2-0.2.0-1.3-linux-x86_64.jar
7ff862a2d000-7ff862a2f000 r--s 00065000 00:13 2419183                    /home/andrey/.ivy2/cache/org.bytedeco.javacpp-presets/libfreenect2/jars/libfreenect2-0.2.0-1.3-linux-x86.jar
7ff862a2f000-7ff862a30000 r--s 00005000 00:13 2419182                    /home/andrey/.ivy2/cache/org.bytedeco.javacpp-presets/libfreenect2/jars/libfreenect2-0.2.0-1.3.jar
7ff862a30000-7ff862a31000 r--s 00000000 00:13 2419221                    /home/andrey/.ivy2/cache/org.bytedeco.javacpp-presets/libfreenect-platform/jars/libfreenect-platform-0.5.3-1.3.jar
7ff862a31000-7ff862a32000 r--s 0002e000 00:13 2419174                    /home/andrey/.ivy2/cache/org.bytedeco.javacpp-presets/libfreenect/jars/libfreenect-0.5.3-1.3-windows-x86_64.jar
7ff862a32000-7ff862a33000 r--s 00028000 00:13 2419177                    /home/andrey/.ivy2/cache/org.bytedeco.javacpp-presets/libfreenect/jars/libfreenect-0.5.3-1.3-windows-x86.jar
7ff862a33000-7ff862a35000 r--s 0001a000 00:13 2419178                    /home/andrey/.ivy2/cache/org.bytedeco.javacpp-presets/libfreenect/jars/libfreenect-0.5.3-1.3-macosx-x86_64.jar
7ff862a35000-7ff862a36000 r--s 0001c000 00:13 2419175                    /home/andrey/.ivy2/cache/org.bytedeco.javacpp-presets/libfreenect/jars/libfreenect-0.5.3-1.3-linux-x86_64.jar
7ff862a36000-7ff862a37000 r--s 0001b000 00:13 2419176                    /home/andrey/.ivy2/cache/org.bytedeco.javacpp-presets/libfreenect/jars/libfreenect-0.5.3-1.3-linux-x86.jar
7ff862a37000-7ff862a38000 r--s 00015000 00:13 2419179                    /home/andrey/.ivy2/cache/org.bytedeco.javacpp-presets/libfreenect/jars/libfreenect-0.5.3-1.3-linux-ppc64le.jar
7ff862a38000-7ff862a3a000 r--s 00011000 00:13 2419172                    /home/andrey/.ivy2/cache/org.bytedeco.javacpp-presets/libfreenect/jars/libfreenect-0.5.3-1.3-linux-armhf.jar
7ff862a3a000-7ff862a3c000 r--s 00004000 00:13 2419173                    /home/andrey/.ivy2/cache/org.bytedeco.javacpp-presets/libfreenect/jars/libfreenect-0.5.3-1.3.jar
7ff862a3c000-7ff862a3d000 r--s 00000000 00:13 2419219                    /home/andrey/.ivy2/cache/org.bytedeco.javacpp-presets/libdc1394-platform/jars/libdc1394-platform-2.2.4-1.3.jar
7ff862a3d000-7ff862a3e000 r--s 0002d000 00:13 2419168                    /home/andrey/.ivy2/cache/org.bytedeco.javacpp-presets/libdc1394/jars/libdc1394-2.2.4-1.3-windows-x86_64.jar
7ff862a3e000-7ff862a40000 r--s 00032000 00:13 2419163                    /home/andrey/.ivy2/cache/org.bytedeco.javacpp-presets/libdc1394/jars/libdc1394-2.2.4-1.3-windows-x86.jar
7ff862a40000-7ff862a42000 r--s 0002f000 00:13 2419164                    /home/andrey/.ivy2/cache/org.bytedeco.javacpp-presets/libdc1394/jars/libdc1394-2.2.4-1.3-linux-x86_64.jar
7ff862a42000-7ff862a46000 r--s 0005b000 00:13 2419136                    /home/andrey/.ivy2/cache/org.bytedeco/javacv/jars/javacv-1.3.2.jar
7ff862a46000-7ff862a47000 r--s 00031000 00:13 2419165                    /home/andrey/.ivy2/cache/org.bytedeco.javacpp-presets/libdc1394/jars/libdc1394-2.2.4-1.3-macosx-x86_64.jar
7ff862a47000-7ff862a48000 r--s 0002d000 00:13 2419167                    /home/andrey/.ivy2/cache/org.bytedeco.javacpp-presets/libdc1394/jars/libdc1394-2.2.4-1.3-linux-x86.jar
7ff862a48000-7ff862a49000 r--s 00034000 00:13 2419170                    /home/andrey/.ivy2/cache/org.bytedeco.javacpp-presets/libdc1394/jars/libdc1394-2.2.4-1.3-linux-ppc64le.jar
7ff862a49000-7ff862a4a000 r--s 0001f000 00:13 2419166                    /home/andrey/.ivy2/cache/org.bytedeco.javacpp-presets/libdc1394/jars/libdc1394-2.2.4-1.3-linux-armhf.jar
7ff862a4a000-7ff862a4c000 r--s 00006000 00:13 2419169                    /home/andrey/.ivy2/cache/org.bytedeco.javacpp-presets/libdc1394/jars/libdc1394-2.2.4-1.3.jar
7ff862a4c000-7ff862a4d000 r--s 00000000 00:13 2419217                    /home/andrey/.ivy2/cache/org.bytedeco.javacpp-presets/flycapture-platform/jars/flycapture-platform-2.9.3.43-1.3.jar
7ff862a4d000-7ff862a4e000 r--s 0003a000 00:13 2419159                    /home/andrey/.ivy2/cache/org.bytedeco.javacpp-presets/flycapture/jars/flycapture-2.9.3.43-1.3-windows-x86_64.jar
7ff862a4e000-7ff862a50000 r--s 0002d000 00:13 2419161                    /home/andrey/.ivy2/cache/org.bytedeco.javacpp-presets/flycapture/jars/flycapture-2.9.3.43-1.3-windows-x86.jar
7ff862a50000-7ff862a52000 r--s 0003a000 00:13 2419158                    /home/andrey/.ivy2/cache/org.bytedeco.javacpp-presets/flycapture/jars/flycapture-2.9.3.43-1.3-linux-x86_64.jar
7ff862a52000-7ff862a54000 r--s 00035000 00:13 2419160                    /home/andrey/.ivy2/cache/org.bytedeco.javacpp-presets/flycapture/jars/flycapture-2.9.3.43-1.3-linux-x86.jar
7ff862a54000-7ff862a55000 r--s 0002d000 00:13 2419157                    /home/andrey/.ivy2/cache/org.bytedeco.javacpp-presets/flycapture/jars/flycapture-2.9.3.43-1.3-linux-armhf.jar
7ff862a55000-7ff862a59000 r--s 0001f000 00:13 2419156                    /home/andrey/.ivy2/cache/org.bytedeco.javacpp-presets/flycapture/jars/flycapture-2.9.3.43-1.3.jar
7ff862a59000-7ff862a5a000 r--s 00000000 00:13 2419231                    /home/andrey/.ivy2/cache/org.bytedeco.javacpp-presets/flandmark-platform/jars/flandmark-platform-1.07-1.3.jar
7ff862a5a000-7ff862a5c000 r--s 00009000 00:13 2419213                    /home/andrey/.ivy2/cache/org.bytedeco.javacpp-presets/flandmark/jars/flandmark-1.07-1.3-windows-x86_64.jar
7ff862a5c000-7ff862a5e000 r--s 00007000 00:13 2419205                    /home/andrey/.ivy2/cache/org.bytedeco.javacpp-presets/flandmark/jars/flandmark-1.07-1.3-windows-x86.jar
7ff862a5e000-7ff862a5f000 r--s 00009000 00:13 2419206                    /home/andrey/.ivy2/cache/org.bytedeco.javacpp-presets/flandmark/jars/flandmark-1.07-1.3-macosx-x86_64.jar
7ff862a5f000-7ff862a61000 r--s 00009000 00:13 2419212                    /home/andrey/.ivy2/cache/org.bytedeco.javacpp-presets/flandmark/jars/flandmark-1.07-1.3-linux-x86_64.jar
7ff862a61000-7ff862a62000 r--s 00009000 00:13 2419209                    /home/andrey/.ivy2/cache/org.bytedeco.javacpp-presets/flandmark/jars/flandmark-1.07-1.3-linux-x86.jar
7ff862a62000-7ff862a64000 r--s 0000a000 00:13 2419204                    /home/andrey/.ivy2/cache/org.bytedeco.javacpp-presets/flandmark/jars/flandmark-1.07-1.3-linux-ppc64le.jar
7ff862a64000-7ff862a65000 r--s 00008000 00:13 2419210                    /home/andrey/.ivy2/cache/org.bytedeco.javacpp-presets/flandmark/jars/flandmark-1.07-1.3-linux-armhf.jar
7ff862a65000-7ff862a66000 r--s 0000a000 00:13 2419207                    /home/andrey/.ivy2/cache/org.bytedeco.javacpp-presets/flandmark/jars/flandmark-1.07-1.3-android-x86.jar
7ff862a66000-7ff862a67000 r--s 00009000 00:13 2419211                    /home/andrey/.ivy2/cache/org.bytedeco.javacpp-presets/flandmark/jars/flandmark-1.07-1.3-android-arm.jar
7ff862a67000-7ff862a68000 r--s 00002000 00:13 2419208                    /home/andrey/.ivy2/cache/org.bytedeco.javacpp-presets/flandmark/jars/flandmark-1.07-1.3.jar
7ff862a68000-7ff862a69000 r--s 00000000 00:13 2419215                    /home/andrey/.ivy2/cache/org.bytedeco.javacpp-presets/ffmpeg-platform/jars/ffmpeg-platform-3.2.1-1.3.jar
7ff862a69000-7ff862a6a000 r--s 00bdb000 00:13 2419154                    /home/andrey/.ivy2/cache/org.bytedeco.javacpp-presets/ffmpeg/jars/ffmpeg-3.2.1-1.3-windows-x86_64.jar
7ff862a6a000-7ff862a6c000 r--s 00b6f000 00:13 2419141                    /home/andrey/.ivy2/cache/org.bytedeco.javacpp-presets/ffmpeg/jars/ffmpeg-3.2.1-1.3-windows-x86.jar
7ff862a6c000-7ff862a6d000 r--s 00a78000 00:13 2419147                    /home/andrey/.ivy2/cache/org.bytedeco.javacpp-presets/ffmpeg/jars/ffmpeg-3.2.1-1.3-macosx-x86_64.jar
7ff862a6d000-7ff862a6f000 r--s 00b72000 00:13 2419146                    /home/andrey/.ivy2/cache/org.bytedeco.javacpp-presets/ffmpeg/jars/ffmpeg-3.2.1-1.3-linux-x86_64.jar
7ff862a6f000-7ff862a71000 r--s 00aa6000 00:13 2419151                    /home/andrey/.ivy2/cache/org.bytedeco.javacpp-presets/ffmpeg/jars/ffmpeg-3.2.1-1.3-linux-x86.jar
7ff862a71000-7ff862a73000 r--s 00cf7000 00:13 2419150                    /home/andrey/.ivy2/cache/org.bytedeco.javacpp-presets/ffmpeg/jars/ffmpeg-3.2.1-1.3-linux-ppc64le.jar
7ff862a73000-7ff862a75000 r--s 00a12000 00:13 2419149                    /home/andrey/.ivy2/cache/org.bytedeco.javacpp-presets/ffmpeg/jars/ffmpeg-3.2.1-1.3-linux-armhf.jar
7ff862a75000-7ff862a77000 r--s 00c3e000 00:13 2419152                    /home/andrey/.ivy2/cache/org.bytedeco.javacpp-presets/ffmpeg/jars/ffmpeg-3.2.1-1.3-android-x86.jar
7ff862a77000-7ff862a78000 r--s 00b15000 00:13 2419148                    /home/andrey/.ivy2/cache/org.bytedeco.javacpp-presets/ffmpeg/jars/ffmpeg-3.2.1-1.3-android-arm.jar
7ff862a78000-7ff862a7f000 r--s 00033000 00:13 2419153                    /home/andrey/.ivy2/cache/org.bytedeco.javacpp-presets/ffmpeg/jars/ffmpeg-3.2.1-1.3.jar
7ff862a7f000-7ff862a80000 r--s 00000000 00:13 2419229                    /home/andrey/.ivy2/cache/org.bytedeco.javacpp-presets/artoolkitplus-platform/jars/artoolkitplus-platform-2.3.1-1.3.jar
7ff862a80000-7ff862a81000 r--s 00025000 00:13 2419199                    /home/andrey/.ivy2/cache/org.bytedeco.javacpp-presets/artoolkitplus/jars/artoolkitplus-2.3.1-1.3-windows-x86_64.jar
7ff862a81000-7ff862a83000 r--s 0001d000 00:13 2419196                    /home/andrey/.ivy2/cache/org.bytedeco.javacpp-presets/artoolkitplus/jars/artoolkitplus-2.3.1-1.3-windows-x86.jar
7ff862a83000-7ff862a84000 r--s 00029000 00:13 2419197                    /home/andrey/.ivy2/cache/org.bytedeco.javacpp-presets/artoolkitplus/jars/artoolkitplus-2.3.1-1.3-macosx-x86_64.jar
7ff862a84000-7ff862a85000 r--s 0002a000 00:13 2419194                    /home/andrey/.ivy2/cache/org.bytedeco.javacpp-presets/artoolkitplus/jars/artoolkitplus-2.3.1-1.3-linux-x86_64.jar
7ff862a85000-7ff862a86000 r--s 00026000 00:13 2419202                    /home/andrey/.ivy2/cache/org.bytedeco.javacpp-presets/artoolkitplus/jars/artoolkitplus-2.3.1-1.3-linux-x86.jar
7ff862a86000-7ff862a88000 r--s 0002e000 00:13 2419200                    /home/andrey/.ivy2/cache/org.bytedeco.javacpp-presets/artoolkitplus/jars/artoolkitplus-2.3.1-1.3-linux-ppc64le.jar
7ff862a88000-7ff862a8a000 r--s 00022000 00:13 2419193                    /home/andrey/.ivy2/cache/org.bytedeco.javacpp-presets/artoolkitplus/jars/artoolkitplus-2.3.1-1.3-linux-armhf.jar
7ff862a8a000-7ff862a8b000 r--s 00062000 00:13 2419201                    /home/andrey/.ivy2/cache/org.bytedeco.javacpp-presets/artoolkitplus/jars/artoolkitplus-2.3.1-1.3-android-x86.jar
7ff862a8b000-7ff862a8c000 r--s 0004d000 00:13 2419195                    /home/andrey/.ivy2/cache/org.bytedeco.javacpp-presets/artoolkitplus/jars/artoolkitplus-2.3.1-1.3-android-arm.jar
7ff862a8c000-7ff862a8d000 r--s 00005000 00:13 2419198                    /home/andrey/.ivy2/cache/org.bytedeco.javacpp-presets/artoolkitplus/jars/artoolkitplus-2.3.1-1.3.jar
7ff862a8d000-7ff862a8e000 r--s 00000000 00:13 2419138                    /home/andrey/.ivy2/cache/org.bytedeco/javacv-platform/jars/javacv-platform-1.3.2.jar
7ff862a8e000-7ff862a93000 r--s 00049000 00:13 2419139                    /home/andrey/.ivy2/cache/org.bytedeco/javacpp/jars/javacpp-1.3.2.jar
7ff862a93000-7ff862aa4000 r--s 000a6000 00:13 2417700                    /home/andrey/.ivy2/cache/org.bytedeco.javacpp-presets/opencv/jars/opencv-3.2.0-1.3.jar
7ff862aa4000-7ff862aa6000 r--s 00b87000 00:13 2417704                    /home/andrey/.ivy2/cache/org.bytedeco.javacpp-presets/opencv/jars/opencv-3.2.0-1.3-android-arm.jar
7ff862aa6000-7ff862aa8000 r--s 00efe000 00:13 2417706                    /home/andrey/.ivy2/cache/org.bytedeco.javacpp-presets/opencv/jars/opencv-3.2.0-1.3-android-x86.jar
7ff862aa8000-7ff862aab000 r--s 00a26000 00:13 2417696                    /home/andrey/.ivy2/cache/org.bytedeco.javacpp-presets/opencv/jars/opencv-3.2.0-1.3-linux-armhf.jar
7ff862aab000-7ff862aae000 r--s 00c39000 00:13 2417705                    /home/andrey/.ivy2/cache/org.bytedeco.javacpp-presets/opencv/jars/opencv-3.2.0-1.3-linux-ppc64le.jar
7ff862aae000-7ff862ab1000 r--s 00a10000 00:13 2417701                    /home/andrey/.ivy2/cache/org.bytedeco.javacpp-presets/opencv/jars/opencv-3.2.0-1.3-linux-x86.jar
7ff862ab1000-7ff862ae9000 r--s 004d0000 00:13 2417162                    /home/andrey/.ivy2/cache/org.scala-lang/scala-library/jars/scala-library-2.12.1.jar
7ff862ae9000-7ff862aea000 ---p 00000000 00:00 0 
7ff862aea000-7ff862ceb000 rwxp 00000000 00:00 0 
7ff862ceb000-7ff862cec000 ---p 00000000 00:00 0 
7ff862cec000-7ff862dec000 rwxp 00000000 00:00 0 
7ff862dec000-7ff862ded000 ---p 00000000 00:00 0 
7ff862ded000-7ff8631f0000 rwxp 00000000 00:00 0 
7ff8631f0000-7ff865000000 rw-p 00000000 00:00 0 
7ff865000000-7ff8653b0000 rwxp 00000000 00:00 0 
7ff8653b0000-7ff874000000 ---p 00000000 00:00 0 
7ff874000000-7ff876b2f000 rw-p 00000000 00:00 0 
7ff876b2f000-7ff878000000 ---p 00000000 00:00 0 
7ff878000000-7ff878002000 r--s 00a3c000 00:13 2417697                    /home/andrey/.ivy2/cache/org.bytedeco.javacpp-presets/opencv/jars/opencv-3.2.0-1.3-linux-x86_64.jar
7ff878002000-7ff878004000 r--s 00aa7000 00:13 2417698                    /home/andrey/.ivy2/cache/org.bytedeco.javacpp-presets/opencv/jars/opencv-3.2.0-1.3-macosx-x86_64.jar
7ff878004000-7ff878006000 r--s 00a5c000 00:13 2417707                    /home/andrey/.ivy2/cache/org.bytedeco.javacpp-presets/opencv/jars/opencv-3.2.0-1.3-windows-x86.jar
7ff878006000-7ff878019000 r--s 00346000 00:13 1620724                    /usr/lib/jvm/java-8-openjdk/jre/lib/resources.jar
7ff878019000-7ff87801d000 r--s 0009a000 00:13 1620727                    /usr/lib/jvm/java-8-openjdk/jre/lib/jsse.jar
7ff87801d000-7ff8780b3000 r--s 008d8000 00:13 1876787                    /usr/lib/jvm/java-8-openjdk/jre/lib/ext/jfxrt.jar
7ff8780b3000-7ff8780b7000 r-xp 00000000 00:13 1620791                    /usr/lib/jvm/java-8-openjdk/jre/lib/amd64/libdt_socket.so
7ff8780b7000-7ff8782b6000 ---p 00004000 00:13 1620791                    /usr/lib/jvm/java-8-openjdk/jre/lib/amd64/libdt_socket.so
7ff8782b6000-7ff8782b7000 r--p 00003000 00:13 1620791                    /usr/lib/jvm/java-8-openjdk/jre/lib/amd64/libdt_socket.so
7ff8782b7000-7ff8782b8000 rw-p 00004000 00:13 1620791                    /usr/lib/jvm/java-8-openjdk/jre/lib/amd64/libdt_socket.so
7ff8782b8000-7ff8785bb000 rwxp 00000000 00:00 0 
7ff8785bb000-7ff8785bc000 ---p 00000000 00:00 0 
7ff8785bc000-7ff8786bc000 rwxp 00000000 00:00 0 
7ff8786bc000-7ff879028000 rw-p 00000000 00:00 0 
7ff879028000-7ff8791f7000 r--s 03c05000 00:13 1620731                    /usr/lib/jvm/java-8-openjdk/jre/lib/rt.jar
7ff8791f7000-7ff879c4e000 rw-p 00000000 00:00 0 
7ff879c4e000-7ff879c4f000 ---p 00000000 00:00 0 
7ff879c4f000-7ff879d4f000 rwxp 00000000 00:00 0 
7ff879d4f000-7ff879d50000 ---p 00000000 00:00 0 
7ff879d50000-7ff879e50000 rwxp 00000000 00:00 0 
7ff879e50000-7ff879e65000 rw-p 00000000 00:00 0 
7ff879e65000-7ff879f91000 ---p 00000000 00:00 0 
7ff879f91000-7ff879fa6000 rw-p 00000000 00:00 0 
7ff879fa6000-7ff87a0d1000 ---p 00000000 00:00 0 
7ff87a0d1000-7ff87a0dc000 rw-p 00000000 00:00 0 
7ff87a0dc000-7ff87a172000 ---p 00000000 00:00 0 
7ff87a172000-7ff87a182000 rw-p 00000000 00:00 0 
7ff87a182000-7ff87a533000 ---p 00000000 00:00 0 
7ff87a533000-7ff87a53b000 r-xp 00000000 00:13 1620792                    /usr/lib/jvm/java-8-openjdk/jre/lib/amd64/libzip.so
7ff87a53b000-7ff87a73a000 ---p 00008000 00:13 1620792                    /usr/lib/jvm/java-8-openjdk/jre/lib/amd64/libzip.so
7ff87a73a000-7ff87a73b000 r--p 00007000 00:13 1620792                    /usr/lib/jvm/java-8-openjdk/jre/lib/amd64/libzip.so
7ff87a73b000-7ff87a73c000 rw-p 00008000 00:13 1620792                    /usr/lib/jvm/java-8-openjdk/jre/lib/amd64/libzip.so
7ff87a73c000-7ff87a747000 r-xp 00000000 00:13 2157408                    /usr/lib/libnss_files-2.25.so
7ff87a747000-7ff87a946000 ---p 0000b000 00:13 2157408                    /usr/lib/libnss_files-2.25.so
7ff87a946000-7ff87a947000 r--p 0000a000 00:13 2157408                    /usr/lib/libnss_files-2.25.so
7ff87a947000-7ff87a948000 rw-p 0000b000 00:13 2157408                    /usr/lib/libnss_files-2.25.so
7ff87a948000-7ff87a94e000 rw-p 00000000 00:00 0 
7ff87a94e000-7ff87a959000 r-xp 00000000 00:13 2157406                    /usr/lib/libnss_nis-2.25.so
7ff87a959000-7ff87ab58000 ---p 0000b000 00:13 2157406                    /usr/lib/libnss_nis-2.25.so
7ff87ab58000-7ff87ab59000 r--p 0000a000 00:13 2157406                    /usr/lib/libnss_nis-2.25.so
7ff87ab59000-7ff87ab5a000 rw-p 0000b000 00:13 2157406                    /usr/lib/libnss_nis-2.25.so
7ff87ab5a000-7ff87ab6f000 r-xp 00000000 00:13 2157402                    /usr/lib/libnsl-2.25.so
7ff87ab6f000-7ff87ad6e000 ---p 00015000 00:13 2157402                    /usr/lib/libnsl-2.25.so
7ff87ad6e000-7ff87ad6f000 r--p 00014000 00:13 2157402                    /usr/lib/libnsl-2.25.so
7ff87ad6f000-7ff87ad70000 rw-p 00015000 00:13 2157402                    /usr/lib/libnsl-2.25.so
7ff87ad70000-7ff87ad72000 rw-p 00000000 00:00 0 
7ff87ad72000-7ff87ad79000 r-xp 00000000 00:13 2157411                    /usr/lib/libnss_compat-2.25.so
7ff87ad79000-7ff87af78000 ---p 00007000 00:13 2157411                    /usr/lib/libnss_compat-2.25.so
7ff87af78000-7ff87af79000 r--p 00006000 00:13 2157411                    /usr/lib/libnss_compat-2.25.so
7ff87af79000-7ff87af7a000 rw-p 00007000 00:13 2157411                    /usr/lib/libnss_compat-2.25.so
7ff87af7a000-7ff87b243000 r--p 00000000 00:13 2158829                    /usr/lib/locale/locale-archive
7ff87b243000-7ff87b245000 r-xp 00000000 00:13 1620789                    /usr/lib/jvm/java-8-openjdk/jre/lib/amd64/libnpt.so
7ff87b245000-7ff87b445000 ---p 00002000 00:13 1620789                    /usr/lib/jvm/java-8-openjdk/jre/lib/amd64/libnpt.so
7ff87b445000-7ff87b446000 r--p 00002000 00:13 1620789                    /usr/lib/jvm/java-8-openjdk/jre/lib/amd64/libnpt.so
7ff87b446000-7ff87b447000 rw-p 00003000 00:13 1620789                    /usr/lib/jvm/java-8-openjdk/jre/lib/amd64/libnpt.so
7ff87b447000-7ff87b481000 r-xp 00000000 00:13 1620766                    /usr/lib/jvm/java-8-openjdk/jre/lib/amd64/libjdwp.so
7ff87b481000-7ff87b680000 ---p 0003a000 00:13 1620766                    /usr/lib/jvm/java-8-openjdk/jre/lib/amd64/libjdwp.so
7ff87b680000-7ff87b681000 r--p 00039000 00:13 1620766                    /usr/lib/jvm/java-8-openjdk/jre/lib/amd64/libjdwp.so
7ff87b681000-7ff87b682000 rw-p 0003a000 00:13 1620766                    /usr/lib/jvm/java-8-openjdk/jre/lib/amd64/libjdwp.so
7ff87b682000-7ff87b6af000 r-xp 00000000 00:13 1620788                    /usr/lib/jvm/java-8-openjdk/jre/lib/amd64/libjava.so
7ff87b6af000-7ff87b8ae000 ---p 0002d000 00:13 1620788                    /usr/lib/jvm/java-8-openjdk/jre/lib/amd64/libjava.so
7ff87b8ae000-7ff87b8af000 r--p 0002c000 00:13 1620788                    /usr/lib/jvm/java-8-openjdk/jre/lib/amd64/libjava.so
7ff87b8af000-7ff87b8b1000 rw-p 0002d000 00:13 1620788                    /usr/lib/jvm/java-8-openjdk/jre/lib/amd64/libjava.so
7ff87b8b1000-7ff87b8be000 r-xp 00000000 00:13 1620771                    /usr/lib/jvm/java-8-openjdk/jre/lib/amd64/libverify.so
7ff87b8be000-7ff87babd000 ---p 0000d000 00:13 1620771                    /usr/lib/jvm/java-8-openjdk/jre/lib/amd64/libverify.so
7ff87babd000-7ff87babf000 r--p 0000c000 00:13 1620771                    /usr/lib/jvm/java-8-openjdk/jre/lib/amd64/libverify.so
7ff87babf000-7ff87bac0000 rw-p 0000e000 00:13 1620771                    /usr/lib/jvm/java-8-openjdk/jre/lib/amd64/libverify.so
7ff87bac0000-7ff87bac7000 r-xp 00000000 00:13 2157400                    /usr/lib/librt-2.25.so
7ff87bac7000-7ff87bcc6000 ---p 00007000 00:13 2157400                    /usr/lib/librt-2.25.so
7ff87bcc6000-7ff87bcc7000 r--p 00006000 00:13 2157400                    /usr/lib/librt-2.25.so
7ff87bcc7000-7ff87bcc8000 rw-p 00007000 00:13 2157400                    /usr/lib/librt-2.25.so
7ff87bcc8000-7ff87bdda000 r-xp 00000000 00:13 2157403                    /usr/lib/libm-2.25.so
7ff87bdda000-7ff87bfd9000 ---p 00112000 00:13 2157403                    /usr/lib/libm-2.25.so
7ff87bfd9000-7ff87bfda000 r--p 00111000 00:13 2157403                    /usr/lib/libm-2.25.so
7ff87bfda000-7ff87bfdb000 rw-p 00112000 00:13 2157403                    /usr/lib/libm-2.25.so
7ff87bfdb000-7ff87cc06000 r-xp 00000000 00:13 1620797                    /usr/lib/jvm/java-8-openjdk/jre/lib/amd64/server/libjvm.so
7ff87cc06000-7ff87ce05000 ---p 00c2b000 00:13 1620797                    /usr/lib/jvm/java-8-openjdk/jre/lib/amd64/server/libjvm.so
7ff87ce05000-7ff87ce99000 r--p 00c2a000 00:13 1620797                    /usr/lib/jvm/java-8-openjdk/jre/lib/amd64/server/libjvm.so
7ff87ce99000-7ff87cec2000 rw-p 00cbe000 00:13 1620797                    /usr/lib/jvm/java-8-openjdk/jre/lib/amd64/server/libjvm.so
7ff87cec2000-7ff87cef2000 rw-p 00000000 00:00 0 
7ff87cef2000-7ff87d08d000 r-xp 00000000 00:13 2157454                    /usr/lib/libc-2.25.so
7ff87d08d000-7ff87d28c000 ---p 0019b000 00:13 2157454                    /usr/lib/libc-2.25.so
7ff87d28c000-7ff87d290000 r--p 0019a000 00:13 2157454                    /usr/lib/libc-2.25.so
7ff87d290000-7ff87d292000 rw-p 0019e000 00:13 2157454                    /usr/lib/libc-2.25.so
7ff87d292000-7ff87d296000 rw-p 00000000 00:00 0 
7ff87d296000-7ff87d299000 r-xp 00000000 00:13 2157404                    /usr/lib/libdl-2.25.so
7ff87d299000-7ff87d498000 ---p 00003000 00:13 2157404                    /usr/lib/libdl-2.25.so
7ff87d498000-7ff87d499000 r--p 00002000 00:13 2157404                    /usr/lib/libdl-2.25.so
7ff87d499000-7ff87d49a000 rw-p 00003000 00:13 2157404                    /usr/lib/libdl-2.25.so
7ff87d49a000-7ff87d4a7000 r-xp 00000000 00:13 1620800                    /usr/lib/jvm/java-8-openjdk/jre/lib/amd64/jli/libjli.so
7ff87d4a7000-7ff87d6a6000 ---p 0000d000 00:13 1620800                    /usr/lib/jvm/java-8-openjdk/jre/lib/amd64/jli/libjli.so
7ff87d6a6000-7ff87d6a7000 r--p 0000c000 00:13 1620800                    /usr/lib/jvm/java-8-openjdk/jre/lib/amd64/jli/libjli.so
7ff87d6a7000-7ff87d6a8000 rw-p 0000d000 00:13 1620800                    /usr/lib/jvm/java-8-openjdk/jre/lib/amd64/jli/libjli.so
7ff87d6a8000-7ff87d6be000 r-xp 00000000 00:13 1552182                    /usr/lib/libz.so.1.2.11
7ff87d6be000-7ff87d8bd000 ---p 00016000 00:13 1552182                    /usr/lib/libz.so.1.2.11
7ff87d8bd000-7ff87d8be000 r--p 00015000 00:13 1552182                    /usr/lib/libz.so.1.2.11
7ff87d8be000-7ff87d8bf000 rw-p 00016000 00:13 1552182                    /usr/lib/libz.so.1.2.11
7ff87d8bf000-7ff87d8d8000 r-xp 00000000 00:13 2157473                    /usr/lib/libpthread-2.25.so
7ff87d8d8000-7ff87dad7000 ---p 00019000 00:13 2157473                    /usr/lib/libpthread-2.25.so
7ff87dad7000-7ff87dad8000 r--p 00018000 00:13 2157473                    /usr/lib/libpthread-2.25.so
7ff87dad8000-7ff87dad9000 rw-p 00019000 00:13 2157473                    /usr/lib/libpthread-2.25.so
7ff87dad9000-7ff87dadd000 rw-p 00000000 00:00 0 
7ff87dadd000-7ff87db00000 r-xp 00000000 00:13 2157455                    /usr/lib/ld-2.25.so
7ff87db00000-7ff87db02000 r--s 00c6c000 00:13 2417699                    /home/andrey/.ivy2/cache/org.bytedeco.javacpp-presets/opencv/jars/opencv-3.2.0-1.3-windows-x86_64.jar
7ff87db02000-7ff87dbd2000 rw-p 00000000 00:00 0 
7ff87dbd2000-7ff87dbd3000 ---p 00000000 00:00 0 
7ff87dbd3000-7ff87dcd3000 rwxp 00000000 00:00 0 
7ff87dcd3000-7ff87dcd5000 rw-p 00000000 00:00 0 
7ff87dcd5000-7ff87dcd6000 r--s 00000000 00:13 2417709                    /home/andrey/.ivy2/cache/org.bytedeco.javacpp-presets/opencv-platform/jars/opencv-platform-3.2.0-1.3.jar
7ff87dcd6000-7ff87dcd7000 r--s 00000000 00:13 1620725                    /usr/lib/jvm/java-8-openjdk/jre/lib/management-agent.jar
7ff87dcd7000-7ff87dcd8000 r--s 00009000 00:13 1876771                    /usr/lib/jvm/java-8-openjdk/jre/lib/jfxswt.jar
7ff87dcd8000-7ff87dcdb000 r--s 00015000 00:13 1620722                    /usr/lib/jvm/java-8-openjdk/jre/lib/jce.jar
7ff87dcdb000-7ff87dce0000 r--s 002f9000 00:13 1620726                    /usr/lib/jvm/java-8-openjdk/jre/lib/charsets.jar
7ff87dce0000-7ff87dcf3000 rw-p 00000000 00:00 0 
7ff87dcf3000-7ff87dcfb000 rw-s 00000000 00:2a 260592                     /tmp/hsperfdata_andrey/11326
7ff87dcfb000-7ff87dcfc000 rw-p 00000000 00:00 0 
7ff87dcfc000-7ff87dcfd000 r--p 00000000 00:00 0 
7ff87dcfd000-7ff87dcff000 rw-p 00000000 00:00 0 
7ff87dcff000-7ff87dd00000 r--p 00022000 00:13 2157455                    /usr/lib/ld-2.25.so
7ff87dd00000-7ff87dd01000 rw-p 00023000 00:13 2157455                    /usr/lib/ld-2.25.so
7ff87dd01000-7ff87dd02000 rw-p 00000000 00:00 0 
7ffd420b5000-7ffd420d5000 rwxp 00000000 00:00 0                          [stack]
7ffd420d5000-7ffd420d8000 rw-p 00000000 00:00 0 
7ffd4211d000-7ffd4211f000 r--p 00000000 00:00 0                          [vvar]
7ffd4211f000-7ffd42121000 r-xp 00000000 00:00 0                          [vdso]
ffffffffff600000-ffffffffff601000 r-xp 00000000 00:00 0                  [vsyscall]

VM Arguments:
jvm_args: -agentlib:jdwp=transport=dt_socket,address=127.0.0.1:37501,suspend=y,server=n -Dfile.encoding=UTF-8 -Dawt.useSystemAAFontSettings=on -Dswing.aatext=true 
java_command: ImageTextDetectionApp IMG_2090.JPG
java_class_path (initial): /usr/lib/jvm/java-8-openjdk/jre/lib/charsets.jar:/usr/lib/jvm/java-8-openjdk/jre/lib/ext/cldrdata.jar:/usr/lib/jvm/java-8-openjdk/jre/lib/ext/dnsns.jar:/usr/lib/jvm/java-8-openjdk/jre/lib/ext/jaccess.jar:/usr/lib/jvm/java-8-openjdk/jre/lib/ext/jfxrt.jar:/usr/lib/jvm/java-8-openjdk/jre/lib/ext/localedata.jar:/usr/lib/jvm/java-8-openjdk/jre/lib/ext/nashorn.jar:/usr/lib/jvm/java-8-openjdk/jre/lib/ext/sunec.jar:/usr/lib/jvm/java-8-openjdk/jre/lib/ext/sunjce_provider.jar:/usr/lib/jvm/java-8-openjdk/jre/lib/ext/sunpkcs11.jar:/usr/lib/jvm/java-8-openjdk/jre/lib/ext/zipfs.jar:/usr/lib/jvm/java-8-openjdk/jre/lib/jce.jar:/usr/lib/jvm/java-8-openjdk/jre/lib/jfxswt.jar:/usr/lib/jvm/java-8-openjdk/jre/lib/jsse.jar:/usr/lib/jvm/java-8-openjdk/jre/lib/management-agent.jar:/usr/lib/jvm/java-8-openjdk/jre/lib/resources.jar:/usr/lib/jvm/java-8-openjdk/jre/lib/rt.jar:/home/andrey/IdeaProjects/scala-javacv/target/scala-2.12/classes:/home/andrey/.ivy2/cache/org.scala-lang/scala-library/jars/scala-library-2.12.1.jar:/home/andrey/.ivy2/cache/org.bytedeco.javacpp-presets/opencv-platform/jars/opencv-platform-3.2.0-1.3.jar:/home/andrey/.ivy2/cache/org.bytedeco.javacpp-presets/opencv/jars/opencv-3.2.0-1.3-windows-x86_64.jar:/home/andrey/.ivy2/cache/org.bytedeco.javacpp-presets/opencv/jars/opencv-3.2.0-1.3-windows-x86.jar:/home/andrey/.ivy2/cache/org.bytedeco.javacpp-presets/opencv/jars/opencv-3.2.0-1.3-macosx-x86_64.jar:/home/andrey/.ivy2/cache/org.bytedeco.javacpp-presets/opencv/jars/opencv-3.2.0-1.3-linux-x86_64.jar:/home/andrey/.ivy2/cache/org.bytedeco.javacpp-presets/opencv/jars/opencv-3.2.0-1.3-linux-x86.jar:/home/andrey/.ivy2/cache/org.bytedeco.javacpp-presets/opencv/jars/opencv-3.2.0-1.3-linux-ppc64le.jar:/home/andrey/.ivy2/cache/org.bytedeco.javacpp-presets/opencv/jars/opencv-3.2.0-1.3-linux-armhf.jar:/home/andrey/.ivy2/cache/org.bytedeco.javacpp-presets/opencv/jars/opencv-3.2.0-1.3-android-x86.jar:/home/andrey/.ivy2/cache/org.bytedeco.javacpp-presets/open
Launcher Type: SUN_STANDARD

Environment Variables:
_JAVA_OPTIONS=-Dawt.useSystemAAFontSettings=on -Dswing.aatext=true
PATH=/usr/local/sbin:/usr/local/bin:/usr/bin:/opt/depot_tools:/usr/lib/jvm/default/bin:/usr/bin/site_perl:/usr/bin/vendor_perl:/usr/bin/core_perl
LD_LIBRARY_PATH=/usr/share/intellijidea-ce/bin:
SHELL=/bin/bash
DISPLAY=:1

Signal Handlers:
SIGSEGV: [libjvm.so+0xa2d880], sa_mask[0]=11111111011111111101111111111110, sa_flags=SA_RESTART|SA_SIGINFO
SIGBUS: [libjvm.so+0xa2d880], sa_mask[0]=11111111011111111101111111111110, sa_flags=SA_RESTART|SA_SIGINFO
SIGFPE: [libjvm.so+0x881d40], sa_mask[0]=11111111011111111101111111111110, sa_flags=SA_RESTART|SA_SIGINFO
SIGPIPE: [libjvm.so+0x881d40], sa_mask[0]=11111111011111111101111111111110, sa_flags=SA_RESTART|SA_SIGINFO
SIGXFSZ: [libjvm.so+0x881d40], sa_mask[0]=11111111011111111101111111111110, sa_flags=SA_RESTART|SA_SIGINFO
SIGILL: [libjvm.so+0x881d40], sa_mask[0]=11111111011111111101111111111110, sa_flags=SA_RESTART|SA_SIGINFO
SIGUSR1: SIG_DFL, sa_mask[0]=00000000000000000000000000000000, sa_flags=none
SIGUSR2: [libjvm.so+0x881c10], sa_mask[0]=00100000000000000000000000000000, sa_flags=SA_RESTART|SA_SIGINFO
SIGHUP: [libjvm.so+0x882080], sa_mask[0]=11111111011111111101111111111110, sa_flags=SA_RESTART|SA_SIGINFO
SIGINT: SIG_IGN, sa_mask[0]=00000000000000000000000000000000, sa_flags=none
SIGTERM: [libjvm.so+0x882080], sa_mask[0]=11111111011111111101111111111110, sa_flags=SA_RESTART|SA_SIGINFO
SIGQUIT: [libjvm.so+0x882080], sa_mask[0]=11111111011111111101111111111110, sa_flags=SA_RESTART|SA_SIGINFO


---------------  S Y S T E M  ---------------

OS:NAME="Arch Linux"
PRETTY_NAME="Arch Linux"
ID=arch
ID_LIKE=archlinux
ANSI_COLOR="0;36"
HOME_URL="https://www.archlinux.org/"
SUPPORT_URL="https://bbs.archlinux.org/"
BUG_REPORT_URL="https://bugs.archlinux.org/"


uname:Linux 4.10.3-1-ARCH #1 SMP PREEMPT Wed Mar 15 09:17:17 CET 2017 x86_64
libc:glibc 2.25 NPTL 2.25 
rlimit: STACK 8192k, CORE infinity, NPROC 14408, NOFILE 4096, AS infinity
load average:2.04 1.40 1.32

/proc/meminfo:
MemTotal:        3935600 kB
MemFree:          267948 kB
MemAvailable:     638204 kB
Buffers:              12 kB
Cached:           624244 kB
SwapCached:         7652 kB
Active:          2688800 kB
Inactive:         812144 kB
Active(anon):    2384916 kB
Inactive(anon):   570268 kB
Active(file):     303884 kB
Inactive(file):   241876 kB
Unevictable:           0 kB
Mlocked:               0 kB
SwapTotal:       8388604 kB
SwapFree:        8315880 kB
Dirty:             16672 kB
Writeback:             0 kB
AnonPages:       2854184 kB
Mapped:           145172 kB
Shmem:             78496 kB
Slab:              88808 kB
SReclaimable:      58832 kB
SUnreclaim:        29976 kB
KernelStack:        5456 kB
PageTables:        16444 kB
NFS_Unstable:          0 kB
Bounce:                0 kB
WritebackTmp:          0 kB
CommitLimit:    10356404 kB
Committed_AS:    3992868 kB
VmallocTotal:   34359738367 kB
VmallocUsed:           0 kB
VmallocChunk:          0 kB
HardwareCorrupted:     0 kB
AnonHugePages:    763904 kB
ShmemHugePages:        0 kB
ShmemPmdMapped:        0 kB
HugePages_Total:       0
HugePages_Free:        0
HugePages_Rsvd:        0
HugePages_Surp:        0
Hugepagesize:       2048 kB
DirectMap4k:      273500 kB
DirectMap2M:     3805184 kB


CPU:total 2 (2 cores per cpu, 1 threads per core) family 6 model 55 stepping 8, cmov, cx8, fxsr, mmx, sse, sse2, sse3, ssse3, sse4.1, sse4.2, popcnt, clmul, erms, 3dnowpref, tsc, tscinvbit

/proc/cpuinfo:
processor	: 0
vendor_id	: GenuineIntel
cpu family	: 6
model		: 55
model name	: Intel(R) Celeron(R) CPU  N2830  @ 2.16GHz
stepping	: 8
microcode	: 0x815
cpu MHz		: 2415.638
cache size	: 1024 KB
physical id	: 0
siblings	: 2
core id		: 0
cpu cores	: 2
apicid		: 0
initial apicid	: 0
fpu		: yes
fpu_exception	: yes
cpuid level	: 11
wp		: yes
flags		: fpu vme de pse tsc msr pae mce cx8 apic sep mtrr pge mca cmov pat pse36 clflush dts acpi mmx fxsr sse sse2 ss ht tm pbe syscall nx rdtscp lm constant_tsc arch_perfmon pebs bts rep_good nopl xtopology tsc_reliable nonstop_tsc aperfmperf tsc_known_freq pni pclmulqdq dtes64 monitor ds_cpl vmx est tm2 ssse3 cx16 xtpr pdcm sse4_1 sse4_2 movbe popcnt tsc_deadline_timer rdrand lahf_lm 3dnowprefetch epb tpr_shadow vnmi flexpriority ept vpid tsc_adjust smep erms dtherm ida arat
bugs		:
bogomips	: 4333.08
clflush size	: 64
cache_alignment	: 64
address sizes	: 36 bits physical, 48 bits virtual
power management:

processor	: 1
vendor_id	: GenuineIntel
cpu family	: 6
model		: 55
model name	: Intel(R) Celeron(R) CPU  N2830  @ 2.16GHz
stepping	: 8
microcode	: 0x815
cpu MHz		: 2415.638
cache size	: 1024 KB
physical id	: 0
siblings	: 2
core id		: 1
cpu cores	: 2
apicid		: 2
initial apicid	: 2
fpu		: yes
fpu_exception	: yes
cpuid level	: 11
wp		: yes
flags		: fpu vme de pse tsc msr pae mce cx8 apic sep mtrr pge mca cmov pat pse36 clflush dts acpi mmx fxsr sse sse2 ss ht tm pbe syscall nx rdtscp lm constant_tsc arch_perfmon pebs bts rep_good nopl xtopology tsc_reliable nonstop_tsc aperfmperf tsc_known_freq pni pclmulqdq dtes64 monitor ds_cpl vmx est tm2 ssse3 cx16 xtpr pdcm sse4_1 sse4_2 movbe popcnt tsc_deadline_timer rdrand lahf_lm 3dnowprefetch epb tpr_shadow vnmi flexpriority ept vpid tsc_adjust smep erms dtherm ida arat
bugs		:
bogomips	: 4335.82
clflush size	: 64
cache_alignment	: 64
address sizes	: 36 bits physical, 48 bits virtual
power management:



Memory: 4k page, physical 3935600k(267948k free), swap 8388604k(8315880k free)

vm_info: OpenJDK 64-Bit Server VM (25.121-b13) for linux-amd64 JRE (1.8.0_121-b13), built on Jan 22 2017 09:22:31 by "builduser" with gcc 6.3.1 20170109

time: Sun Mar 19 01:29:44 2017
elapsed time: 12 seconds (0d 0h 0m 12s)

