#
# A fatal error has been detected by the Java Runtime Environment:
#
#  SIGSEGV (0xb) at pc=0x00007fdaecb8378e, pid=21096, tid=0x00007fdb4be55700
#
# JRE version: OpenJDK Runtime Environment (8.0_121-b13) (build 1.8.0_121-b13)
# Java VM: OpenJDK 64-Bit Server VM (25.121-b13 mixed mode linux-amd64 compressed oops)
# Problematic frame:
# C  [libopencv_text.so.3.2+0x2478e]  cv::text::ERFilterNM::er_tree_extract(cv::_InputArray const&)+0x47e
#
# Core dump written. Default location: /home/andrey/IdeaProjects/scala-javacv/core or core.21096
#
# If you would like to submit a bug report, please visit:
#   http://bugreport.java.com/bugreport/crash.jsp
# The crash happened outside the Java Virtual Machine in native code.
# See problematic frame for where to report the bug.
#

---------------  T H R E A D  ---------------

Current thread (0x00007fdb44011000):  JavaThread "main" [_thread_in_native, id=21100, stack(0x00007fdb4bd55000,0x00007fdb4be56000)]

siginfo: si_signo: 11 (SIGSEGV), si_code: 1 (SEGV_MAPERR), si_addr: 0x0000000000000000

Registers:
RAX=0x000000000000000f, RBX=0x00007fdb44a331a0, RCX=0x0000000000000001, RDX=0x000000000000000f
RSP=0x00007fdb4be50a80, RBP=0x0000000000000000, RSI=0x0000000000000000, RDI=0x0000000000000000
R8 =0x0000000000000040, R9 =0x0000000000000010, R10=0x0000000000000000, R11=0x0000000000000001
R12=0xd37a6f4de9bd37a7, R13=0x00007fdb4be54210, R14=0x00007fdb4be54270, R15=0x0000000000000002
RIP=0x00007fdaecb8378e, EFLAGS=0x0000000000010246, CSGSFS=0x002b000000000033, ERR=0x0000000000000004
  TRAPNO=0x000000000000000e

Top of Stack: (sp=0x00007fdb4be50a80)
0x00007fdb4be50a80:   608f1beb00000000 c13ee7a0fffffffc
0x00007fdb4be50a90:   30e4207000000000 5680460c32c602b0
0x00007fdb4be50aa0:   00000aad32939070 000000000000000f
0x00007fdb4be50ab0:   0000000000000000 0000000d00000010
0x00007fdb4be50ac0:   00007fdb44a331a0 00007fdb00000586
0x00007fdb4be50ad0:   00007fdb00000002 0d007fdb329b1820
0x00007fdb4be50ae0:   0000000f00000004 0000000e0000000f
0x00007fdb4be50af0:   0000000000000daf 00007fdb4be52340
0x00007fdb4be50b00:   00007fdb4be50b40 00007fdb4be53e00
0x00007fdb4be50b10:   004bb27c004ba4cc 004b971efffff251
0x00007fdb4be50b20:   004bb27e004b971c 00007fdb4be54030
0x00007fdb4be50b30:   00007fdb4be54020 00007fdb4be54050
0x00007fdb4be50b40:   0000000000000000 0000000000000000
0x00007fdb4be50b50:   0000000000000000 0000000000000000
0x00007fdb4be50b60:   0000000000000000 0000000000000000
0x00007fdb4be50b70:   0000000000000000 0000000000000000
0x00007fdb4be50b80:   0000000000000000 0000000000000000
0x00007fdb4be50b90:   0000000000000000 0000000000000000
0x00007fdb4be50ba0:   0000000000000000 0000000000000000
0x00007fdb4be50bb0:   0000000000000000 0000000000000000
0x00007fdb4be50bc0:   0000000000000000 0000000000000000
0x00007fdb4be50bd0:   0000000000000000 0000000000000000
0x00007fdb4be50be0:   0000000000000000 0000000000000000
0x00007fdb4be50bf0:   0000000000000000 0000000000000000
0x00007fdb4be50c00:   0000000000000000 0000000000000000
0x00007fdb4be50c10:   0000000000000000 0000000000000000
0x00007fdb4be50c20:   0000000000000000 0000000000000000
0x00007fdb4be50c30:   0000000000000000 0000000000000000
0x00007fdb4be50c40:   0000000000000000 0000000000000000
0x00007fdb4be50c50:   0000000000000000 0000000000000000
0x00007fdb4be50c60:   0000000000000000 0000000000000000
0x00007fdb4be50c70:   0000000000000000 0000000000000000 

Instructions: (pc=0x00007fdaecb8378e)
0x00007fdaecb8376e:   00 48 8b 74 24 30 89 d0 c1 fa 1f b9 01 00 00 00
0x00007fdaecb8377e:   31 ed f7 7b 14 c7 84 24 ec 35 00 00 00 00 00 00
0x00007fdaecb8378e:   0f b6 36 89 74 24 3c 48 8d b4 24 b0 35 00 00 44
0x00007fdaecb8379e:   8d 68 01 48 8b 84 24 e0 34 00 00 48 83 08 01 48 

Register to memory mapping:

RAX=0x000000000000000f is an unknown value
RBX=0x00007fdb44a331a0 is an unknown value
RCX=0x0000000000000001 is an unknown value
RDX=0x000000000000000f is an unknown value
RSP=0x00007fdb4be50a80 is pointing into the stack for thread: 0x00007fdb44011000
RBP=0x0000000000000000 is an unknown value
RSI=0x0000000000000000 is an unknown value
RDI=0x0000000000000000 is an unknown value
R8 =0x0000000000000040 is an unknown value
R9 =0x0000000000000010 is an unknown value
R10=0x0000000000000000 is an unknown value
R11=0x0000000000000001 is an unknown value
R12=0xd37a6f4de9bd37a7 is an unknown value
R13=0x00007fdb4be54210 is pointing into the stack for thread: 0x00007fdb44011000
R14=0x00007fdb4be54270 is pointing into the stack for thread: 0x00007fdb44011000
R15=0x0000000000000002 is an unknown value


Stack: [0x00007fdb4bd55000,0x00007fdb4be56000],  sp=0x00007fdb4be50a80,  free space=1006k
Native frames: (J=compiled Java code, j=interpreted, Vv=VM code, C=native code)
C  [libopencv_text.so.3.2+0x2478e]  cv::text::ERFilterNM::er_tree_extract(cv::_InputArray const&)+0x47e

Java frames: (J=compiled Java code, j=interpreted, Vv=VM code)
j  org.bytedeco.javacpp.opencv_text$ERFilter.run(Lorg/bytedeco/javacpp/opencv_core$Mat;Lorg/bytedeco/javacpp/opencv_text$ERStatVector;)V+0
j  ImageTextDetectionApp$.$anonfun$new$3(LImageTextDetectionApp$;I)V+22
j  ImageTextDetectionApp$$$Lambda$12.apply$mcVI$sp(I)V+5
j  scala.collection.immutable.Range.foreach$mVc$sp(Lscala/Function1;)V+14
j  ImageTextDetectionApp$.delayedEndpoint$ImageTextDetectionApp$1()V+229
j  ImageTextDetectionApp$delayedInit$body.apply()Ljava/lang/Object;+4
j  scala.Function0.apply$mcV$sp()V+1
j  scala.Function0.apply$mcV$sp$(Lscala/Function0;)V+1
j  scala.runtime.AbstractFunction0.apply$mcV$sp()V+1
j  scala.App.$anonfun$main$1$adapted(Lscala/Function0;)Ljava/lang/Object;+1
j  scala.App$$Lambda$5.apply(Ljava/lang/Object;)Ljava/lang/Object;+4
j  scala.collection.immutable.List.foreach(Lscala/Function1;)V+14
j  scala.App.main([Ljava/lang/String;)V+33
j  scala.App.main$(Lscala/App;[Ljava/lang/String;)V+2
j  ImageTextDetectionApp$.main([Ljava/lang/String;)V+2
j  ImageTextDetectionApp.main([Ljava/lang/String;)V+4
v  ~StubRoutines::call_stub

---------------  P R O C E S S  ---------------

Java Threads: ( => current thread )
  0x00007fdb44ffa800 JavaThread "JavaCPP Deallocator" daemon [_thread_blocked, id=21130, stack(0x00007fdb30042000,0x00007fdb30143000)]
  0x00007fdb440e4800 JavaThread "Service Thread" daemon [_thread_blocked, id=21127, stack(0x00007fdb30e0d000,0x00007fdb30f0e000)]
  0x00007fdb440cf800 JavaThread "C1 CompilerThread1" daemon [_thread_blocked, id=21126, stack(0x00007fdb30f0e000,0x00007fdb3100f000)]
  0x00007fdb440cc800 JavaThread "C2 CompilerThread0" daemon [_thread_blocked, id=21125, stack(0x00007fdb3100f000,0x00007fdb31110000)]
  0x00007fdb18001000 JavaThread "JDWP Command Reader" daemon [_thread_in_native, id=21124, stack(0x00007fdb31110000,0x00007fdb31211000)]
  0x00007fdb440ca000 JavaThread "JDWP Event Helper Thread" daemon [_thread_blocked, id=21123, stack(0x00007fdb31211000,0x00007fdb31312000)]
  0x00007fdb440c6800 JavaThread "JDWP Transport Listener: dt_socket" daemon [_thread_blocked, id=21120, stack(0x00007fdb31312000,0x00007fdb31413000)]
  0x00007fdb440b8000 JavaThread "Signal Dispatcher" daemon [_thread_blocked, id=21119, stack(0x00007fdb31618000,0x00007fdb31719000)]
  0x00007fdb44086800 JavaThread "Finalizer" daemon [_thread_blocked, id=21113, stack(0x00007fdb31719000,0x00007fdb3181a000)]
  0x00007fdb44082000 JavaThread "Reference Handler" daemon [_thread_blocked, id=21112, stack(0x00007fdb3181a000,0x00007fdb3191b000)]
=>0x00007fdb44011000 JavaThread "main" [_thread_in_native, id=21100, stack(0x00007fdb4bd55000,0x00007fdb4be56000)]

Other Threads:
  0x00007fdb4407a000 VMThread [stack: 0x00007fdb3191b000,0x00007fdb31a1c000] [id=21111]
  0x00007fdb440e7000 WatcherThread [stack: 0x00007fdb30d0c000,0x00007fdb30e0d000] [id=21128]

VM state:not at safepoint (normal execution)

VM Mutex/Monitor currently owned by a thread: None

Heap:
 PSYoungGen      total 18432K, used 5841K [0x00000000ebf80000, 0x00000000ed400000, 0x0000000100000000)
  eden space 15872K, 20% used [0x00000000ebf80000,0x00000000ec2b8b80,0x00000000ecf00000)
  from space 2560K, 99% used [0x00000000ecf00000,0x00000000ed17ba70,0x00000000ed180000)
  to   space 2560K, 0% used [0x00000000ed180000,0x00000000ed180000,0x00000000ed400000)
 ParOldGen       total 42496K, used 2047K [0x00000000c3e00000, 0x00000000c6780000, 0x00000000ebf80000)
  object space 42496K, 4% used [0x00000000c3e00000,0x00000000c3fffd58,0x00000000c6780000)
 Metaspace       used 10801K, capacity 10958K, committed 11136K, reserved 1058816K
  class space    used 1332K, capacity 1381K, committed 1408K, reserved 1048576K

Card table byte_map: [0x00007fdb48114000,0x00007fdb482f6000] byte_map_base: 0x00007fdb47af5000

Marking Bits: (ParMarkBitMap*) 0x00007fdb4b058260
 Begin Bits: [0x00007fdb32fae000, 0x00007fdb33eb6000)
 End Bits:   [0x00007fdb33eb6000, 0x00007fdb34dbe000)

Polling page: 0x00007fdb4be7f000

CodeCache: size=245760Kb used=3703Kb max_used=3731Kb free=242056Kb
 bounds [0x00007fdb35000000, 0x00007fdb353b0000, 0x00007fdb44000000]
 total_blobs=1303 nmethods=894 adapters=333
 compilation: enabled

Compilation events (10 events):
Event: 8.055 Thread 0x00007fdb440cf800 nmethod 892 0x00007fdb35394050 code [0x00007fdb353941e0, 0x00007fdb35394498]
Event: 8.055 Thread 0x00007fdb440cf800  893       3       sun.nio.fs.UnixPath::getFileSystem (5 bytes)
Event: 8.056 Thread 0x00007fdb440cf800 nmethod 893 0x00007fdb35394590 code [0x00007fdb35394700, 0x00007fdb35394870]
Event: 8.056 Thread 0x00007fdb440cf800  894       3       sun.nio.fs.UnixNativeDispatcher::copyToNativeBuffer (49 bytes)
Event: 8.057 Thread 0x00007fdb440cf800 nmethod 894 0x00007fdb35394910 code [0x00007fdb35394ae0, 0x00007fdb35394f98]
Event: 8.363 Thread 0x00007fdb440cc800 nmethod 876 0x00007fdb3539d010 code [0x00007fdb3539d3c0, 0x00007fdb353a24f8]
Event: 8.363 Thread 0x00007fdb440cc800  886       4       java.lang.String::getBytes (27 bytes)
Event: 8.365 Thread 0x00007fdb440cc800 nmethod 886 0x00007fdb35399fd0 code [0x00007fdb3539a120, 0x00007fdb3539a228]
Event: 8.365 Thread 0x00007fdb440cc800  878       4       java.io.UnixFileSystem::resolve (103 bytes)
Event: 8.377 Thread 0x00007fdb440cc800 nmethod 878 0x00007fdb3539afd0 code [0x00007fdb3539b160, 0x00007fdb3539b7f8]

GC Heap History (6 events):
Event: 2.635 GC heap before
{Heap before GC invocations=1 (full 0):
 PSYoungGen      total 18432K, used 15872K [0x00000000ebf80000, 0x00000000ed400000, 0x0000000100000000)
  eden space 15872K, 100% used [0x00000000ebf80000,0x00000000ecf00000,0x00000000ecf00000)
  from space 2560K, 0% used [0x00000000ed180000,0x00000000ed180000,0x00000000ed400000)
  to   space 2560K, 0% used [0x00000000ecf00000,0x00000000ecf00000,0x00000000ed180000)
 ParOldGen       total 42496K, used 0K [0x00000000c3e00000, 0x00000000c6780000, 0x00000000ebf80000)
  object space 42496K, 0% used [0x00000000c3e00000,0x00000000c3e00000,0x00000000c6780000)
 Metaspace       used 7608K, capacity 7768K, committed 7808K, reserved 1056768K
  class space    used 795K, capacity 858K, committed 896K, reserved 1048576K
Event: 2.650 GC heap after
Heap after GC invocations=1 (full 0):
 PSYoungGen      total 18432K, used 2537K [0x00000000ebf80000, 0x00000000ed400000, 0x0000000100000000)
  eden space 15872K, 0% used [0x00000000ebf80000,0x00000000ebf80000,0x00000000ecf00000)
  from space 2560K, 99% used [0x00000000ecf00000,0x00000000ed17a498,0x00000000ed180000)
  to   space 2560K, 0% used [0x00000000ed180000,0x00000000ed180000,0x00000000ed400000)
 ParOldGen       total 42496K, used 1112K [0x00000000c3e00000, 0x00000000c6780000, 0x00000000ebf80000)
  object space 42496K, 2% used [0x00000000c3e00000,0x00000000c3f16138,0x00000000c6780000)
 Metaspace       used 7608K, capacity 7768K, committed 7808K, reserved 1056768K
  class space    used 795K, capacity 858K, committed 896K, reserved 1048576K
}
Event: 4.162 GC heap before
{Heap before GC invocations=2 (full 0):
 PSYoungGen      total 18432K, used 18409K [0x00000000ebf80000, 0x00000000ed400000, 0x0000000100000000)
  eden space 15872K, 100% used [0x00000000ebf80000,0x00000000ecf00000,0x00000000ecf00000)
  from space 2560K, 99% used [0x00000000ecf00000,0x00000000ed17a498,0x00000000ed180000)
  to   space 2560K, 0% used [0x00000000ed180000,0x00000000ed180000,0x00000000ed400000)
 ParOldGen       total 42496K, used 1112K [0x00000000c3e00000, 0x00000000c6780000, 0x00000000ebf80000)
  object space 42496K, 2% used [0x00000000c3e00000,0x00000000c3f16138,0x00000000c6780000)
 Metaspace       used 9294K, capacity 9438K, committed 9600K, reserved 1058816K
  class space    used 999K, capacity 1051K, committed 1152K, reserved 1048576K
Event: 4.175 GC heap after
Heap after GC invocations=2 (full 0):
 PSYoungGen      total 18432K, used 2559K [0x00000000ebf80000, 0x00000000ed400000, 0x0000000100000000)
  eden space 15872K, 0% used [0x00000000ebf80000,0x00000000ebf80000,0x00000000ecf00000)
  from space 2560K, 99% used [0x00000000ed180000,0x00000000ed3ffc10,0x00000000ed400000)
  to   space 2560K, 0% used [0x00000000ecf00000,0x00000000ecf00000,0x00000000ed180000)
 ParOldGen       total 42496K, used 1467K [0x00000000c3e00000, 0x00000000c6780000, 0x00000000ebf80000)
  object space 42496K, 3% used [0x00000000c3e00000,0x00000000c3f6efa0,0x00000000c6780000)
 Metaspace       used 9294K, capacity 9438K, committed 9600K, reserved 1058816K
  class space    used 999K, capacity 1051K, committed 1152K, reserved 1048576K
}
Event: 8.009 GC heap before
{Heap before GC invocations=3 (full 0):
 PSYoungGen      total 18432K, used 18431K [0x00000000ebf80000, 0x00000000ed400000, 0x0000000100000000)
  eden space 15872K, 100% used [0x00000000ebf80000,0x00000000ecf00000,0x00000000ecf00000)
  from space 2560K, 99% used [0x00000000ed180000,0x00000000ed3ffc10,0x00000000ed400000)
  to   space 2560K, 0% used [0x00000000ecf00000,0x00000000ecf00000,0x00000000ed180000)
 ParOldGen       total 42496K, used 1467K [0x00000000c3e00000, 0x00000000c6780000, 0x00000000ebf80000)
  object space 42496K, 3% used [0x00000000c3e00000,0x00000000c3f6efa0,0x00000000c6780000)
 Metaspace       used 10788K, capacity 10952K, committed 11136K, reserved 1058816K
  class space    used 1330K, capacity 1380K, committed 1408K, reserved 1048576K
Event: 8.016 GC heap after
Heap after GC invocations=3 (full 0):
 PSYoungGen      total 18432K, used 2542K [0x00000000ebf80000, 0x00000000ed400000, 0x0000000100000000)
  eden space 15872K, 0% used [0x00000000ebf80000,0x00000000ebf80000,0x00000000ecf00000)
  from space 2560K, 99% used [0x00000000ecf00000,0x00000000ed17ba70,0x00000000ed180000)
  to   space 2560K, 0% used [0x00000000ed180000,0x00000000ed180000,0x00000000ed400000)
 ParOldGen       total 42496K, used 2047K [0x00000000c3e00000, 0x00000000c6780000, 0x00000000ebf80000)
  object space 42496K, 4% used [0x00000000c3e00000,0x00000000c3fffd58,0x00000000c6780000)
 Metaspace       used 10788K, capacity 10952K, committed 11136K, reserved 1058816K
  class space    used 1330K, capacity 1380K, committed 1408K, reserved 1048576K
}

Deoptimization events (3 events):
Event: 0.647 Thread 0x00007fdb44011000 Uncommon trap: reason=unstable_if action=reinterpret pc=0x00007fdb3512173c method=java.lang.String.hashCode()I @ 14
Event: 2.141 Thread 0x00007fdb44011000 Uncommon trap: reason=unstable_if action=reinterpret pc=0x00007fdb3520b27c method=java.util.HashMap.getNode(ILjava/lang/Object;)Ljava/util/HashMap$Node; @ 116
Event: 2.217 Thread 0x00007fdb44011000 Uncommon trap: reason=unstable_if action=reinterpret pc=0x00007fdb352153b0 method=java.util.HashMap.getNode(ILjava/lang/Object;)Ljava/util/HashMap$Node; @ 129

Internal exceptions (10 events):
Event: 2.454 Thread 0x00007fdb44011000 Exception <a 'java/security/PrivilegedActionException'> (0x00000000ecd6e518) thrown at [/build/java8-openjdk/src/jdk8u-jdk8u121-b13/hotspot/src/share/vm/prims/jvm.cpp, line 1390]
Event: 2.454 Thread 0x00007fdb44011000 Exception <a 'java/security/PrivilegedActionException'> (0x00000000ecd6e910) thrown at [/build/java8-openjdk/src/jdk8u-jdk8u121-b13/hotspot/src/share/vm/prims/jvm.cpp, line 1390]
Event: 2.456 Thread 0x00007fdb44011000 Exception <a 'java/security/PrivilegedActionException'> (0x00000000ecd769b8) thrown at [/build/java8-openjdk/src/jdk8u-jdk8u121-b13/hotspot/src/share/vm/prims/jvm.cpp, line 1390]
Event: 2.456 Thread 0x00007fdb44011000 Exception <a 'java/security/PrivilegedActionException'> (0x00000000ecd76db0) thrown at [/build/java8-openjdk/src/jdk8u-jdk8u121-b13/hotspot/src/share/vm/prims/jvm.cpp, line 1390]
Event: 2.458 Thread 0x00007fdb44011000 Exception <a 'java/security/PrivilegedActionException'> (0x00000000ecd81788) thrown at [/build/java8-openjdk/src/jdk8u-jdk8u121-b13/hotspot/src/share/vm/prims/jvm.cpp, line 1390]
Event: 2.458 Thread 0x00007fdb44011000 Exception <a 'java/security/PrivilegedActionException'> (0x00000000ecd81b80) thrown at [/build/java8-openjdk/src/jdk8u-jdk8u121-b13/hotspot/src/share/vm/prims/jvm.cpp, line 1390]
Event: 2.458 Thread 0x00007fdb44011000 Exception <a 'java/security/PrivilegedActionException'> (0x00000000ecd82d20) thrown at [/build/java8-openjdk/src/jdk8u-jdk8u121-b13/hotspot/src/share/vm/prims/jvm.cpp, line 1390]
Event: 2.458 Thread 0x00007fdb44011000 Exception <a 'java/security/PrivilegedActionException'> (0x00000000ecd83118) thrown at [/build/java8-openjdk/src/jdk8u-jdk8u121-b13/hotspot/src/share/vm/prims/jvm.cpp, line 1390]
Event: 2.458 Thread 0x00007fdb44011000 Exception <a 'java/security/PrivilegedActionException'> (0x00000000ecd84300) thrown at [/build/java8-openjdk/src/jdk8u-jdk8u121-b13/hotspot/src/share/vm/prims/jvm.cpp, line 1390]
Event: 2.459 Thread 0x00007fdb44011000 Exception <a 'java/security/PrivilegedActionException'> (0x00000000ecd846f8) thrown at [/build/java8-openjdk/src/jdk8u-jdk8u121-b13/hotspot/src/share/vm/prims/jvm.cpp, line 1390]

Events (10 events):
Event: 8.060 Thread 0x00007fdb44011000 DEOPT PACKING pc=0x00007fdb3539066c sp=0x00007fdb4be53b80
Event: 8.060 Thread 0x00007fdb44011000 DEOPT UNPACKING pc=0x00007fdb35046f73 sp=0x00007fdb4be53980 mode 1
Event: 8.061 Thread 0x00007fdb44011000 DEOPT PACKING pc=0x00007fdb3539066c sp=0x00007fdb4be53c50
Event: 8.061 Thread 0x00007fdb44011000 DEOPT UNPACKING pc=0x00007fdb35046f73 sp=0x00007fdb4be53a50 mode 1
Event: 8.061 Thread 0x00007fdb44011000 DEOPT PACKING pc=0x00007fdb3539066c sp=0x00007fdb4be53c50
Event: 8.061 Thread 0x00007fdb44011000 DEOPT UNPACKING pc=0x00007fdb35046f73 sp=0x00007fdb4be53a50 mode 1
Event: 8.061 Thread 0x00007fdb44011000 DEOPT PACKING pc=0x00007fdb35227fb4 sp=0x00007fdb4be53cb0
Event: 8.061 Thread 0x00007fdb44011000 DEOPT UNPACKING pc=0x00007fdb35046f73 sp=0x00007fdb4be53a60 mode 1
Event: 8.061 Thread 0x00007fdb44011000 DEOPT PACKING pc=0x00007fdb3539066c sp=0x00007fdb4be53b80
Event: 8.061 Thread 0x00007fdb44011000 DEOPT UNPACKING pc=0x00007fdb35046f73 sp=0x00007fdb4be53980 mode 1


Dynamic libraries:
00400000-00401000 r-xp 00000000 00:13 1620704                            /usr/lib/jvm/java-8-openjdk/jre/bin/java
00600000-00601000 r--p 00000000 00:13 1620704                            /usr/lib/jvm/java-8-openjdk/jre/bin/java
00601000-00602000 rw-p 00001000 00:13 1620704                            /usr/lib/jvm/java-8-openjdk/jre/bin/java
023e8000-0281e000 rw-p 00000000 00:00 0                                  [heap]
c3e00000-c6780000 rw-p 00000000 00:00 0 
c6780000-ebf80000 ---p 00000000 00:00 0 
ebf80000-ed400000 rw-p 00000000 00:00 0 
ed400000-100000000 ---p 00000000 00:00 0 
100000000-100160000 rw-p 00000000 00:00 0 
100160000-140000000 ---p 00000000 00:00 0 
7fdae5427000-7fdae5bf6000 rw-p 00000000 00:00 0 
7fdae7363000-7fdae7364000 ---p 00000000 00:00 0 
7fdae7364000-7fdae7b64000 rwxp 00000000 00:00 0 
7fdae92d0000-7fdaeaa3d000 rw-p 00000000 00:00 0 
7fdaec1aa000-7fdaec216000 r-xp 00000000 00:13 2418409                    /home/andrey/.javacpp/cache/opencv-3.2.0-1.3-linux-x86_64.jar/org/bytedeco/javacpp/linux-x86_64/libjniopencv_text.so
7fdaec216000-7fdaec415000 ---p 0006c000 00:13 2418409                    /home/andrey/.javacpp/cache/opencv-3.2.0-1.3-linux-x86_64.jar/org/bytedeco/javacpp/linux-x86_64/libjniopencv_text.so
7fdaec415000-7fdaec416000 rw-p 0006b000 00:13 2418409                    /home/andrey/.javacpp/cache/opencv-3.2.0-1.3-linux-x86_64.jar/org/bytedeco/javacpp/linux-x86_64/libjniopencv_text.so
7fdaec416000-7fdaec44d000 r-xp 00000000 00:13 2420372                    /usr/lib/libtbb.so.2
7fdaec44d000-7fdaec64c000 ---p 00037000 00:13 2420372                    /usr/lib/libtbb.so.2
7fdaec64c000-7fdaec64e000 r--p 00036000 00:13 2420372                    /usr/lib/libtbb.so.2
7fdaec64e000-7fdaec650000 rw-p 00038000 00:13 2420372                    /usr/lib/libtbb.so.2
7fdaec650000-7fdaec653000 rw-p 00000000 00:00 0 
7fdaec653000-7fdaec6a4000 r-xp 00000000 00:13 2421218                    /usr/lib/libopencv_flann.so.3.2.0
7fdaec6a4000-7fdaec8a4000 ---p 00051000 00:13 2421218                    /usr/lib/libopencv_flann.so.3.2.0
7fdaec8a4000-7fdaec8a6000 r--p 00051000 00:13 2421218                    /usr/lib/libopencv_flann.so.3.2.0
7fdaec8a6000-7fdaec8a7000 rw-p 00053000 00:13 2421218                    /usr/lib/libopencv_flann.so.3.2.0
7fdaec8a7000-7fdaec95b000 r-xp 00000000 00:13 2421242                    /usr/lib/libopencv_features2d.so.3.2.0
7fdaec95b000-7fdaecb5a000 ---p 000b4000 00:13 2421242                    /usr/lib/libopencv_features2d.so.3.2.0
7fdaecb5a000-7fdaecb5d000 r--p 000b3000 00:13 2421242                    /usr/lib/libopencv_features2d.so.3.2.0
7fdaecb5d000-7fdaecb5f000 rw-p 000b6000 00:13 2421242                    /usr/lib/libopencv_features2d.so.3.2.0
7fdaecb5f000-7fdaecbc2000 r-xp 00000000 00:13 2418408                    /home/andrey/.javacpp/cache/opencv-3.2.0-1.3-linux-x86_64.jar/org/bytedeco/javacpp/linux-x86_64/libopencv_text.so.3.2
7fdaecbc2000-7fdaecdc2000 ---p 00063000 00:13 2418408                    /home/andrey/.javacpp/cache/opencv-3.2.0-1.3-linux-x86_64.jar/org/bytedeco/javacpp/linux-x86_64/libopencv_text.so.3.2
7fdaecdc2000-7fdaecdc4000 rw-p 00063000 00:13 2418408                    /home/andrey/.javacpp/cache/opencv-3.2.0-1.3-linux-x86_64.jar/org/bytedeco/javacpp/linux-x86_64/libopencv_text.so.3.2
7fdaecdc4000-7fdaece87000 rw-p 00000000 00:00 0 
7fdaece87000-7fdaececd000 r-xp 00000000 00:13 2418407                    /home/andrey/.javacpp/cache/opencv-3.2.0-1.3-linux-x86_64.jar/org/bytedeco/javacpp/linux-x86_64/libjniopencv_ml.so
7fdaececd000-7fdaed0cd000 ---p 00046000 00:13 2418407                    /home/andrey/.javacpp/cache/opencv-3.2.0-1.3-linux-x86_64.jar/org/bytedeco/javacpp/linux-x86_64/libjniopencv_ml.so
7fdaed0cd000-7fdaed0ce000 rw-p 00046000 00:13 2418407                    /home/andrey/.javacpp/cache/opencv-3.2.0-1.3-linux-x86_64.jar/org/bytedeco/javacpp/linux-x86_64/libjniopencv_ml.so
7fdaed0ce000-7fdaed166000 r-xp 00000000 00:13 2418406                    /home/andrey/.javacpp/cache/opencv-3.2.0-1.3-linux-x86_64.jar/org/bytedeco/javacpp/linux-x86_64/libopencv_ml.so.3.2
7fdaed166000-7fdaed365000 ---p 00098000 00:13 2418406                    /home/andrey/.javacpp/cache/opencv-3.2.0-1.3-linux-x86_64.jar/org/bytedeco/javacpp/linux-x86_64/libopencv_ml.so.3.2
7fdaed365000-7fdaed369000 rw-p 00097000 00:13 2418406                    /home/andrey/.javacpp/cache/opencv-3.2.0-1.3-linux-x86_64.jar/org/bytedeco/javacpp/linux-x86_64/libopencv_ml.so.3.2
7fdaed369000-7fdaed3aa000 r-xp 00000000 00:13 2418405                    /home/andrey/.javacpp/cache/opencv-3.2.0-1.3-linux-x86_64.jar/org/bytedeco/javacpp/linux-x86_64/libjniopencv_highgui.so
7fdaed3aa000-7fdaed5aa000 ---p 00041000 00:13 2418405                    /home/andrey/.javacpp/cache/opencv-3.2.0-1.3-linux-x86_64.jar/org/bytedeco/javacpp/linux-x86_64/libjniopencv_highgui.so
7fdaed5aa000-7fdaed5ab000 rw-p 00041000 00:13 2418405                    /home/andrey/.javacpp/cache/opencv-3.2.0-1.3-linux-x86_64.jar/org/bytedeco/javacpp/linux-x86_64/libjniopencv_highgui.so
7fdaed5ab000-7fdaed5b6000 r-xp 00000000 00:13 2418404                    /home/andrey/.javacpp/cache/opencv-3.2.0-1.3-linux-x86_64.jar/org/bytedeco/javacpp/linux-x86_64/libopencv_highgui.so.3.2
7fdaed5b6000-7fdaed7b5000 ---p 0000b000 00:13 2418404                    /home/andrey/.javacpp/cache/opencv-3.2.0-1.3-linux-x86_64.jar/org/bytedeco/javacpp/linux-x86_64/libopencv_highgui.so.3.2
7fdaed7b5000-7fdaed7b6000 rw-p 0000a000 00:13 2418404                    /home/andrey/.javacpp/cache/opencv-3.2.0-1.3-linux-x86_64.jar/org/bytedeco/javacpp/linux-x86_64/libopencv_highgui.so.3.2
7fdaed7b6000-7fdaed7cb000 r-xp 00000000 00:13 2418403                    /home/andrey/.javacpp/cache/opencv-3.2.0-1.3-linux-x86_64.jar/org/bytedeco/javacpp/linux-x86_64/libjniopencv_videoio.so
7fdaed7cb000-7fdaed9cb000 ---p 00015000 00:13 2418403                    /home/andrey/.javacpp/cache/opencv-3.2.0-1.3-linux-x86_64.jar/org/bytedeco/javacpp/linux-x86_64/libjniopencv_videoio.so
7fdaed9cb000-7fdaed9cc000 rw-p 00015000 00:13 2418403                    /home/andrey/.javacpp/cache/opencv-3.2.0-1.3-linux-x86_64.jar/org/bytedeco/javacpp/linux-x86_64/libjniopencv_videoio.so
7fdaed9cc000-7fdaed9d3000 r-xp 00000000 00:13 2026335                    /usr/lib/libdatrie.so.1.3.3
7fdaed9d3000-7fdaedbd2000 ---p 00007000 00:13 2026335                    /usr/lib/libdatrie.so.1.3.3
7fdaedbd2000-7fdaedbd3000 r--p 00006000 00:13 2026335                    /usr/lib/libdatrie.so.1.3.3
7fdaedbd3000-7fdaedbd4000 rw-p 00007000 00:13 2026335                    /usr/lib/libdatrie.so.1.3.3
7fdaedbd4000-7fdaedbe4000 r-xp 00000000 00:13 2117097                    /usr/lib/libGLX.so.0.0.0
7fdaedbe4000-7fdaedde3000 ---p 00010000 00:13 2117097                    /usr/lib/libGLX.so.0.0.0
7fdaedde3000-7fdaedde4000 r--p 0000f000 00:13 2117097                    /usr/lib/libGLX.so.0.0.0
7fdaedde4000-7fdaedde5000 rw-p 00010000 00:13 2117097                    /usr/lib/libGLX.so.0.0.0
7fdaedde5000-7fdaede05000 rw-p 00000000 00:00 0 
7fdaede05000-7fdaede0a000 r-xp 00000000 00:13 42076                      /usr/lib/libXdmcp.so.6.0.0
7fdaede0a000-7fdaee009000 ---p 00005000 00:13 42076                      /usr/lib/libXdmcp.so.6.0.0
7fdaee009000-7fdaee00a000 r--p 00004000 00:13 42076                      /usr/lib/libXdmcp.so.6.0.0
7fdaee00a000-7fdaee00b000 rw-p 00005000 00:13 42076                      /usr/lib/libXdmcp.so.6.0.0
7fdaee00b000-7fdaee00d000 r-xp 00000000 00:13 42085                      /usr/lib/libXau.so.6.0.0
7fdaee00d000-7fdaee20d000 ---p 00002000 00:13 42085                      /usr/lib/libXau.so.6.0.0
7fdaee20d000-7fdaee20e000 r--p 00002000 00:13 42085                      /usr/lib/libXau.so.6.0.0
7fdaee20e000-7fdaee20f000 rw-p 00003000 00:13 42085                      /usr/lib/libXau.so.6.0.0
7fdaee20f000-7fdaee27d000 r-xp 00000000 00:13 2117094                    /usr/lib/libGLdispatch.so.0.0.0
7fdaee27d000-7fdaee47c000 ---p 0006e000 00:13 2117094                    /usr/lib/libGLdispatch.so.0.0.0
7fdaee47c000-7fdaee4a4000 r--p 0006d000 00:13 2117094                    /usr/lib/libGLdispatch.so.0.0.0
7fdaee4a4000-7fdaee4a5000 rw-p 00095000 00:13 2117094                    /usr/lib/libGLdispatch.so.0.0.0
7fdaee4a5000-7fdaee4c5000 rw-p 00000000 00:00 0 
7fdaee4c5000-7fdaee4ef000 r-xp 00000000 00:13 586151                     /usr/lib/libgraphite2.so.3.0.1
7fdaee4ef000-7fdaee6ee000 ---p 0002a000 00:13 586151                     /usr/lib/libgraphite2.so.3.0.1
7fdaee6ee000-7fdaee6f0000 r--p 00029000 00:13 586151                     /usr/lib/libgraphite2.so.3.0.1
7fdaee6f0000-7fdaee6f1000 rw-p 0002b000 00:13 586151                     /usr/lib/libgraphite2.so.3.0.1
7fdaee6f1000-7fdaee6f5000 r-xp 00000000 00:13 2024957                    /usr/lib/libuuid.so.1.3.0
7fdaee6f5000-7fdaee8f4000 ---p 00004000 00:13 2024957                    /usr/lib/libuuid.so.1.3.0
7fdaee8f4000-7fdaee8f5000 r--p 00003000 00:13 2024957                    /usr/lib/libuuid.so.1.3.0
7fdaee8f5000-7fdaee8f6000 rw-p 00004000 00:13 2024957                    /usr/lib/libuuid.so.1.3.0
7fdaee8f6000-7fdaee937000 r-xp 00000000 00:13 2024958                    /usr/lib/libblkid.so.1.1.0
7fdaee937000-7fdaeeb36000 ---p 00041000 00:13 2024958                    /usr/lib/libblkid.so.1.1.0
7fdaeeb36000-7fdaeeb3a000 r--p 00040000 00:13 2024958                    /usr/lib/libblkid.so.1.1.0
7fdaeeb3a000-7fdaeeb3b000 rw-p 00044000 00:13 2024958                    /usr/lib/libblkid.so.1.1.0
7fdaeeb3b000-7fdaeeb3c000 rw-p 00000000 00:00 0 
7fdaeeb3c000-7fdaeebae000 r-xp 00000000 00:13 1605008                    /usr/lib/libpcre.so.1.2.8
7fdaeebae000-7fdaeedad000 ---p 00072000 00:13 1605008                    /usr/lib/libpcre.so.1.2.8
7fdaeedad000-7fdaeedae000 r--p 00071000 00:13 1605008                    /usr/lib/libpcre.so.1.2.8
7fdaeedae000-7fdaeedaf000 rw-p 00072000 00:13 1605008                    /usr/lib/libpcre.so.1.2.8
7fdaeedaf000-7fdaeedb6000 r-xp 00000000 00:13 17402                      /usr/lib/libffi.so.6.0.4
7fdaeedb6000-7fdaeefb6000 ---p 00007000 00:13 17402                      /usr/lib/libffi.so.6.0.4
7fdaeefb6000-7fdaeefb7000 r--p 00007000 00:13 17402                      /usr/lib/libffi.so.6.0.4
7fdaeefb7000-7fdaeefb8000 rw-p 00008000 00:13 17402                      /usr/lib/libffi.so.6.0.4
7fdaeefb8000-7fdaeefdf000 r-xp 00000000 00:13 12033                      /usr/lib/libexpat.so.1.6.2
7fdaeefdf000-7fdaef1df000 ---p 00027000 00:13 12033                      /usr/lib/libexpat.so.1.6.2
7fdaef1df000-7fdaef1e1000 r--p 00027000 00:13 12033                      /usr/lib/libexpat.so.1.6.2
7fdaef1e1000-7fdaef1e2000 rw-p 00029000 00:13 12033                      /usr/lib/libexpat.so.1.6.2
7fdaef1e2000-7fdaef1f1000 r-xp 00000000 00:13 1313099                    /usr/lib/libbz2.so.1.0.6
7fdaef1f1000-7fdaef3f0000 ---p 0000f000 00:13 1313099                    /usr/lib/libbz2.so.1.0.6
7fdaef3f0000-7fdaef3f1000 r--p 0000e000 00:13 1313099                    /usr/lib/libbz2.so.1.0.6
7fdaef3f1000-7fdaef3f2000 rw-p 0000f000 00:13 1313099                    /usr/lib/libbz2.so.1.0.6
7fdaef3f2000-7fdaef3fa000 r-xp 00000000 00:13 1621406                    /usr/lib/libthai.so.0.3.0
7fdaef3fa000-7fdaef5fa000 ---p 00008000 00:13 1621406                    /usr/lib/libthai.so.0.3.0
7fdaef5fa000-7fdaef5fb000 r--p 00008000 00:13 1621406                    /usr/lib/libthai.so.0.3.0
7fdaef5fb000-7fdaef5fc000 rw-p 00009000 00:13 1621406                    /usr/lib/libthai.so.0.3.0
7fdaef5fc000-7fdaef66c000 r-xp 00000000 00:13 2117098                    /usr/lib/libGL.so.1.0.0
7fdaef66c000-7fdaef86b000 ---p 00070000 00:13 2117098                    /usr/lib/libGL.so.1.0.0
7fdaef86b000-7fdaef885000 r--p 0006f000 00:13 2117098                    /usr/lib/libGL.so.1.0.0
7fdaef885000-7fdaef886000 rw-p 00089000 00:13 2117098                    /usr/lib/libGL.so.1.0.0
7fdaef886000-7fdaef887000 rw-p 00000000 00:00 0 
7fdaef887000-7fdaef893000 r-xp 00000000 00:13 42162                      /usr/lib/libxcb-render.so.0.0.0
7fdaef893000-7fdaefa93000 ---p 0000c000 00:13 42162                      /usr/lib/libxcb-render.so.0.0.0
7fdaefa93000-7fdaefa94000 r--p 0000c000 00:13 42162                      /usr/lib/libxcb-render.so.0.0.0
7fdaefa94000-7fdaefa95000 rw-p 0000d000 00:13 42162                      /usr/lib/libxcb-render.so.0.0.0
7fdaefa95000-7fdaefabd000 r-xp 00000000 00:13 42152                      /usr/lib/libxcb.so.1.1.0
7fdaefabd000-7fdaefcbc000 ---p 00028000 00:13 42152                      /usr/lib/libxcb.so.1.1.0
7fdaefcbc000-7fdaefcbd000 r--p 00027000 00:13 42152                      /usr/lib/libxcb.so.1.1.0
7fdaefcbd000-7fdaefcbe000 rw-p 00028000 00:13 42152                      /usr/lib/libxcb.so.1.1.0
7fdaefcbe000-7fdaefcc0000 r-xp 00000000 00:13 42166                      /usr/lib/libxcb-shm.so.0.0.0
7fdaefcc0000-7fdaefec0000 ---p 00002000 00:13 42166                      /usr/lib/libxcb-shm.so.0.0.0
7fdaefec0000-7fdaefec1000 r--p 00002000 00:13 42166                      /usr/lib/libxcb-shm.so.0.0.0
7fdaefec1000-7fdaefec2000 rw-p 00003000 00:13 42166                      /usr/lib/libxcb-shm.so.0.0.0
7fdaefec2000-7fdaefed4000 r-xp 00000000 00:13 2117096                    /usr/lib/libEGL.so.1.0.0
7fdaefed4000-7fdaf00d3000 ---p 00012000 00:13 2117096                    /usr/lib/libEGL.so.1.0.0
7fdaf00d3000-7fdaf00d4000 r--p 00011000 00:13 2117096                    /usr/lib/libEGL.so.1.0.0
7fdaf00d4000-7fdaf00d5000 rw-p 00012000 00:13 2117096                    /usr/lib/libEGL.so.1.0.0
7fdaf00d5000-7fdaf0174000 r-xp 00000000 00:13 46386                      /usr/lib/libpixman-1.so.0.34.0
7fdaf0174000-7fdaf0374000 ---p 0009f000 00:13 46386                      /usr/lib/libpixman-1.so.0.34.0
7fdaf0374000-7fdaf037c000 r--p 0009f000 00:13 46386                      /usr/lib/libpixman-1.so.0.34.0
7fdaf037c000-7fdaf037d000 rw-p 000a7000 00:13 46386                      /usr/lib/libpixman-1.so.0.34.0
7fdaf037d000-7fdaf03b2000 r-xp 00000000 00:13 1420659                    /usr/lib/libpng16.so.16.28.0
7fdaf03b2000-7fdaf05b1000 ---p 00035000 00:13 1420659                    /usr/lib/libpng16.so.16.28.0
7fdaf05b1000-7fdaf05b2000 r--p 00034000 00:13 1420659                    /usr/lib/libpng16.so.16.28.0
7fdaf05b2000-7fdaf05b3000 rw-p 00035000 00:13 1420659                    /usr/lib/libpng16.so.16.28.0
7fdaf05b3000-7fdaf0641000 r-xp 00000000 00:13 2362619                    /usr/lib/libharfbuzz.so.0.10400.5
7fdaf0641000-7fdaf0840000 ---p 0008e000 00:13 2362619                    /usr/lib/libharfbuzz.so.0.10400.5
7fdaf0840000-7fdaf0842000 r--p 0008d000 00:13 2362619                    /usr/lib/libharfbuzz.so.0.10400.5
7fdaf0842000-7fdaf0843000 rw-p 0008f000 00:13 2362619                    /usr/lib/libharfbuzz.so.0.10400.5
7fdaf0843000-7fdaf088d000 r-xp 00000000 00:13 2024959                    /usr/lib/libmount.so.1.1.0
7fdaf088d000-7fdaf0a8d000 ---p 0004a000 00:13 2024959                    /usr/lib/libmount.so.1.1.0
7fdaf0a8d000-7fdaf0a8e000 r--p 0004a000 00:13 2024959                    /usr/lib/libmount.so.1.1.0
7fdaf0a8e000-7fdaf0a8f000 rw-p 0004b000 00:13 2024959                    /usr/lib/libmount.so.1.1.0
7fdaf0a8f000-7fdaf0a91000 rw-p 00000000 00:00 0 
7fdaf0a91000-7fdaf0aa4000 r-xp 00000000 00:13 2157401                    /usr/lib/libresolv-2.25.so
7fdaf0aa4000-7fdaf0ca3000 ---p 00013000 00:13 2157401                    /usr/lib/libresolv-2.25.so
7fdaf0ca3000-7fdaf0ca4000 r--p 00012000 00:13 2157401                    /usr/lib/libresolv-2.25.so
7fdaf0ca4000-7fdaf0ca5000 rw-p 00013000 00:13 2157401                    /usr/lib/libresolv-2.25.so
7fdaf0ca5000-7fdaf0ca7000 rw-p 00000000 00:00 0 
7fdaf0ca7000-7fdaf0cb8000 r-xp 00000000 00:13 45923                      /usr/lib/libXext.so.6.4.0
7fdaf0cb8000-7fdaf0eb7000 ---p 00011000 00:13 45923                      /usr/lib/libXext.so.6.4.0
7fdaf0eb7000-7fdaf0eb8000 r--p 00010000 00:13 45923                      /usr/lib/libXext.so.6.4.0
7fdaf0eb8000-7fdaf0eb9000 rw-p 00011000 00:13 45923                      /usr/lib/libXext.so.6.4.0
7fdaf0eb9000-7fdaf0ebb000 r-xp 00000000 00:13 46013                      /usr/lib/libXdamage.so.1.1.0
7fdaf0ebb000-7fdaf10ba000 ---p 00002000 00:13 46013                      /usr/lib/libXdamage.so.1.1.0
7fdaf10ba000-7fdaf10bb000 r--p 00001000 00:13 46013                      /usr/lib/libXdamage.so.1.1.0
7fdaf10bb000-7fdaf10bc000 rw-p 00002000 00:13 46013                      /usr/lib/libXdamage.so.1.1.0
7fdaf10bc000-7fdaf10be000 r-xp 00000000 00:13 49664                      /usr/lib/libXcomposite.so.1.0.0
7fdaf10be000-7fdaf12bd000 ---p 00002000 00:13 49664                      /usr/lib/libXcomposite.so.1.0.0
7fdaf12bd000-7fdaf12be000 r--p 00001000 00:13 49664                      /usr/lib/libXcomposite.so.1.0.0
7fdaf12be000-7fdaf12bf000 rw-p 00002000 00:13 49664                      /usr/lib/libXcomposite.so.1.0.0
7fdaf12bf000-7fdaf12c9000 r-xp 00000000 00:13 49470                      /usr/lib/libXcursor.so.1.0.2
7fdaf12c9000-7fdaf14c8000 ---p 0000a000 00:13 49470                      /usr/lib/libXcursor.so.1.0.2
7fdaf14c8000-7fdaf14c9000 r--p 00009000 00:13 49470                      /usr/lib/libXcursor.so.1.0.2
7fdaf14c9000-7fdaf14ca000 rw-p 0000a000 00:13 49470                      /usr/lib/libXcursor.so.1.0.2
7fdaf14ca000-7fdaf14d4000 r-xp 00000000 00:13 49332                      /usr/lib/libXrandr.so.2.2.0
7fdaf14d4000-7fdaf16d3000 ---p 0000a000 00:13 49332                      /usr/lib/libXrandr.so.2.2.0
7fdaf16d3000-7fdaf16d4000 r--p 00009000 00:13 49332                      /usr/lib/libXrandr.so.2.2.0
7fdaf16d4000-7fdaf16d5000 rw-p 0000a000 00:13 49332                      /usr/lib/libXrandr.so.2.2.0
7fdaf16d5000-7fdaf16e4000 r-xp 00000000 00:13 1621381                    /usr/lib/libXi.so.6.1.0
7fdaf16e4000-7fdaf18e4000 ---p 0000f000 00:13 1621381                    /usr/lib/libXi.so.6.1.0
7fdaf18e4000-7fdaf18e5000 r--p 0000f000 00:13 1621381                    /usr/lib/libXi.so.6.1.0
7fdaf18e5000-7fdaf18e6000 rw-p 00010000 00:13 1621381                    /usr/lib/libXi.so.6.1.0
7fdaf18e6000-7fdaf18e8000 r-xp 00000000 00:13 49376                      /usr/lib/libXinerama.so.1.0.0
7fdaf18e8000-7fdaf1ae7000 ---p 00002000 00:13 49376                      /usr/lib/libXinerama.so.1.0.0
7fdaf1ae7000-7fdaf1ae8000 r--p 00001000 00:13 49376                      /usr/lib/libXinerama.so.1.0.0
7fdaf1ae8000-7fdaf1ae9000 rw-p 00002000 00:13 49376                      /usr/lib/libXinerama.so.1.0.0
7fdaf1ae9000-7fdaf1af2000 r-xp 00000000 00:13 49308                      /usr/lib/libXrender.so.1.3.0
7fdaf1af2000-7fdaf1cf2000 ---p 00009000 00:13 49308                      /usr/lib/libXrender.so.1.3.0
7fdaf1cf2000-7fdaf1cf3000 r--p 00009000 00:13 49308                      /usr/lib/libXrender.so.1.3.0
7fdaf1cf3000-7fdaf1cf4000 rw-p 0000a000 00:13 49308                      /usr/lib/libXrender.so.1.3.0
7fdaf1cf4000-7fdaf1cf9000 r-xp 00000000 00:13 45985                      /usr/lib/libXfixes.so.3.1.0
7fdaf1cf9000-7fdaf1ef8000 ---p 00005000 00:13 45985                      /usr/lib/libXfixes.so.3.1.0
7fdaf1ef8000-7fdaf1ef9000 r--p 00004000 00:13 45985                      /usr/lib/libXfixes.so.3.1.0
7fdaf1ef9000-7fdaf1efa000 rw-p 00005000 00:13 45985                      /usr/lib/libXfixes.so.3.1.0
7fdaf1efa000-7fdaf2033000 r-xp 00000000 00:13 2117005                    /usr/lib/libX11.so.6.3.0
7fdaf2033000-7fdaf2233000 ---p 00139000 00:13 2117005                    /usr/lib/libX11.so.6.3.0
7fdaf2233000-7fdaf2234000 r--p 00139000 00:13 2117005                    /usr/lib/libX11.so.6.3.0
7fdaf2234000-7fdaf2239000 rw-p 0013a000 00:13 2117005                    /usr/lib/libX11.so.6.3.0
7fdaf2239000-7fdaf234a000 r-xp 00000000 00:13 1944044                    /usr/lib/libglib-2.0.so.0.5000.3
7fdaf234a000-7fdaf2549000 ---p 00111000 00:13 1944044                    /usr/lib/libglib-2.0.so.0.5000.3
7fdaf2549000-7fdaf254a000 r--p 00110000 00:13 1944044                    /usr/lib/libglib-2.0.so.0.5000.3
7fdaf254a000-7fdaf254b000 rw-p 00111000 00:13 1944044                    /usr/lib/libglib-2.0.so.0.5000.3
7fdaf254b000-7fdaf254c000 rw-p 00000000 00:00 0 
7fdaf254c000-7fdaf254d000 r-xp 00000000 00:13 1944046                    /usr/lib/libgthread-2.0.so.0.5000.3
7fdaf254d000-7fdaf274c000 ---p 00001000 00:13 1944046                    /usr/lib/libgthread-2.0.so.0.5000.3
7fdaf274c000-7fdaf274d000 r--p 00000000 00:13 1944046                    /usr/lib/libgthread-2.0.so.0.5000.3
7fdaf274d000-7fdaf274e000 rw-p 00001000 00:13 1944046                    /usr/lib/libgthread-2.0.so.0.5000.3
7fdaf274e000-7fdaf2751000 r-xp 00000000 00:13 1944045                    /usr/lib/libgmodule-2.0.so.0.5000.3
7fdaf2751000-7fdaf2950000 ---p 00003000 00:13 1944045                    /usr/lib/libgmodule-2.0.so.0.5000.3
7fdaf2950000-7fdaf2951000 r--p 00002000 00:13 1944045                    /usr/lib/libgmodule-2.0.so.0.5000.3
7fdaf2951000-7fdaf2952000 rw-p 00003000 00:13 1944045                    /usr/lib/libgmodule-2.0.so.0.5000.3
7fdaf2952000-7fdaf29a3000 r-xp 00000000 00:13 1944047                    /usr/lib/libgobject-2.0.so.0.5000.3
7fdaf29a3000-7fdaf2ba2000 ---p 00051000 00:13 1944047                    /usr/lib/libgobject-2.0.so.0.5000.3
7fdaf2ba2000-7fdaf2ba3000 r--p 00050000 00:13 1944047                    /usr/lib/libgobject-2.0.so.0.5000.3
7fdaf2ba3000-7fdaf2ba4000 rw-p 00051000 00:13 1944047                    /usr/lib/libgobject-2.0.so.0.5000.3
7fdaf2ba4000-7fdaf2be2000 r-xp 00000000 00:13 1466723                    /usr/lib/libfontconfig.so.1.9.2
7fdaf2be2000-7fdaf2de1000 ---p 0003e000 00:13 1466723                    /usr/lib/libfontconfig.so.1.9.2
7fdaf2de1000-7fdaf2de3000 r--p 0003d000 00:13 1466723                    /usr/lib/libfontconfig.so.1.9.2
7fdaf2de3000-7fdaf2de8000 rw-p 0003f000 00:13 1466723                    /usr/lib/libfontconfig.so.1.9.2
7fdaf2de8000-7fdaf2ea2000 r-xp 00000000 00:13 1313415                    /usr/lib/libfreetype.so.6.13.0
7fdaf2ea2000-7fdaf30a2000 ---p 000ba000 00:13 1313415                    /usr/lib/libfreetype.so.6.13.0
7fdaf30a2000-7fdaf30a8000 r--p 000ba000 00:13 1313415                    /usr/lib/libfreetype.so.6.13.0
7fdaf30a8000-7fdaf30a9000 rw-p 000c0000 00:13 1313415                    /usr/lib/libfreetype.so.6.13.0
7fdaf30a9000-7fdaf30f2000 r-xp 00000000 00:13 2118048                    /usr/lib/libpango-1.0.so.0.4000.4
7fdaf30f2000-7fdaf32f2000 ---p 00049000 00:13 2118048                    /usr/lib/libpango-1.0.so.0.4000.4
7fdaf32f2000-7fdaf32f4000 r--p 00049000 00:13 2118048                    /usr/lib/libpango-1.0.so.0.4000.4
7fdaf32f4000-7fdaf32f5000 rw-p 0004b000 00:13 2118048                    /usr/lib/libpango-1.0.so.0.4000.4
7fdaf32f5000-7fdaf341e000 r-xp 00000000 00:13 953451                     /usr/lib/libcairo.so.2.11400.8
7fdaf341e000-7fdaf361d000 ---p 00129000 00:13 953451                     /usr/lib/libcairo.so.2.11400.8
7fdaf361d000-7fdaf3620000 r--p 00128000 00:13 953451                     /usr/lib/libcairo.so.2.11400.8
7fdaf3620000-7fdaf3622000 rw-p 0012b000 00:13 953451                     /usr/lib/libcairo.so.2.11400.8
7fdaf3622000-7fdaf3623000 rw-p 00000000 00:00 0 
7fdaf3623000-7fdaf3649000 r-xp 00000000 00:13 1944921                    /usr/lib/libgdk_pixbuf-2.0.so.0.3600.5
7fdaf3649000-7fdaf3848000 ---p 00026000 00:13 1944921                    /usr/lib/libgdk_pixbuf-2.0.so.0.3600.5
7fdaf3848000-7fdaf3849000 r--p 00025000 00:13 1944921                    /usr/lib/libgdk_pixbuf-2.0.so.0.3600.5
7fdaf3849000-7fdaf384a000 rw-p 00026000 00:13 1944921                    /usr/lib/libgdk_pixbuf-2.0.so.0.3600.5
7fdaf384a000-7fdaf3856000 r-xp 00000000 00:13 2118051                    /usr/lib/libpangocairo-1.0.so.0.4000.4
7fdaf3856000-7fdaf3a55000 ---p 0000c000 00:13 2118051                    /usr/lib/libpangocairo-1.0.so.0.4000.4
7fdaf3a55000-7fdaf3a56000 r--p 0000b000 00:13 2118051                    /usr/lib/libpangocairo-1.0.so.0.4000.4
7fdaf3a56000-7fdaf3a57000 rw-p 0000c000 00:13 2118051                    /usr/lib/libpangocairo-1.0.so.0.4000.4
7fdaf3a57000-7fdaf3a6b000 r-xp 00000000 00:13 2118049                    /usr/lib/libpangoft2-1.0.so.0.4000.4
7fdaf3a6b000-7fdaf3c6a000 ---p 00014000 00:13 2118049                    /usr/lib/libpangoft2-1.0.so.0.4000.4
7fdaf3c6a000-7fdaf3c6b000 r--p 00013000 00:13 2118049                    /usr/lib/libpangoft2-1.0.so.0.4000.4
7fdaf3c6b000-7fdaf3c6c000 rw-p 00014000 00:13 2118049                    /usr/lib/libpangoft2-1.0.so.0.4000.4
7fdaf3c6c000-7fdaf3df7000 r-xp 00000000 00:13 1944048                    /usr/lib/libgio-2.0.so.0.5000.3
7fdaf3df7000-7fdaf3ff7000 ---p 0018b000 00:13 1944048                    /usr/lib/libgio-2.0.so.0.5000.3
7fdaf3ff7000-7fdaf3ffc000 r--p 0018b000 00:13 1944048                    /usr/lib/libgio-2.0.so.0.5000.3
7fdaf3ffc000-7fdaf3ffe000 rw-p 00190000 00:13 1944048                    /usr/lib/libgio-2.0.so.0.5000.3
7fdaf3ffe000-7fdaf4000000 rw-p 00000000 00:00 0 
7fdaf4000000-7fdaf4021000 rw-p 00000000 00:00 0 
7fdaf4021000-7fdaf8000000 ---p 00000000 00:00 0 
7fdaf80bf000-7fdaf80e2000 r-xp 00000000 00:13 2399192                    /usr/lib/libatk-1.0.so.0.22409.1
7fdaf80e2000-7fdaf82e1000 ---p 00023000 00:13 2399192                    /usr/lib/libatk-1.0.so.0.22409.1
7fdaf82e1000-7fdaf82e4000 r--p 00022000 00:13 2399192                    /usr/lib/libatk-1.0.so.0.22409.1
7fdaf82e4000-7fdaf82e5000 rw-p 00025000 00:13 2399192                    /usr/lib/libatk-1.0.so.0.22409.1
7fdaf82e5000-7fdaf8395000 r-xp 00000000 00:13 62699                      /usr/lib/libgdk-x11-2.0.so.0.2400.31
7fdaf8395000-7fdaf8594000 ---p 000b0000 00:13 62699                      /usr/lib/libgdk-x11-2.0.so.0.2400.31
7fdaf8594000-7fdaf8598000 r--p 000af000 00:13 62699                      /usr/lib/libgdk-x11-2.0.so.0.2400.31
7fdaf8598000-7fdaf859a000 rw-p 000b3000 00:13 62699                      /usr/lib/libgdk-x11-2.0.so.0.2400.31
7fdaf859a000-7fdaf89cd000 r-xp 00000000 00:13 62700                      /usr/lib/libgtk-x11-2.0.so.0.2400.31
7fdaf89cd000-7fdaf8bcc000 ---p 00433000 00:13 62700                      /usr/lib/libgtk-x11-2.0.so.0.2400.31
7fdaf8bcc000-7fdaf8bd3000 r--p 00432000 00:13 62700                      /usr/lib/libgtk-x11-2.0.so.0.2400.31
7fdaf8bd3000-7fdaf8bd7000 rw-p 00439000 00:13 62700                      /usr/lib/libgtk-x11-2.0.so.0.2400.31
7fdaf8bd7000-7fdaf8bda000 rw-p 00000000 00:00 0 
7fdaf8bda000-7fdaf8bf4000 r-xp 00000000 00:13 2418402                    /home/andrey/.javacpp/cache/opencv-3.2.0-1.3-linux-x86_64.jar/org/bytedeco/javacpp/linux-x86_64/libopencv_videoio.so.3.2
7fdaf8bf4000-7fdaf8df4000 ---p 0001a000 00:13 2418402                    /home/andrey/.javacpp/cache/opencv-3.2.0-1.3-linux-x86_64.jar/org/bytedeco/javacpp/linux-x86_64/libopencv_videoio.so.3.2
7fdaf8df4000-7fdaf8df5000 rw-p 0001a000 00:13 2418402                    /home/andrey/.javacpp/cache/opencv-3.2.0-1.3-linux-x86_64.jar/org/bytedeco/javacpp/linux-x86_64/libopencv_videoio.so.3.2
7fdaf8df5000-7fdaf8f78000 rw-p 00000000 00:00 0 
7fdaf8f78000-7fdaf8ff8000 ---p 00000000 00:00 0 
7fdaf8ff8000-7fdafa764000 rw-p 00000000 00:00 0 
7fdafa764000-7fdafa789000 r-xp 00000000 00:13 2418401                    /home/andrey/.javacpp/cache/opencv-3.2.0-1.3-linux-x86_64.jar/org/bytedeco/javacpp/linux-x86_64/libjniopencv_imgcodecs.so
7fdafa789000-7fdafa988000 ---p 00025000 00:13 2418401                    /home/andrey/.javacpp/cache/opencv-3.2.0-1.3-linux-x86_64.jar/org/bytedeco/javacpp/linux-x86_64/libjniopencv_imgcodecs.so
7fdafa988000-7fdafa989000 rw-p 00024000 00:13 2418401                    /home/andrey/.javacpp/cache/opencv-3.2.0-1.3-linux-x86_64.jar/org/bytedeco/javacpp/linux-x86_64/libjniopencv_imgcodecs.so
7fdafa989000-7fdafabc3000 r-xp 00000000 00:13 2418400                    /home/andrey/.javacpp/cache/opencv-3.2.0-1.3-linux-x86_64.jar/org/bytedeco/javacpp/linux-x86_64/libopencv_imgcodecs.so.3.2
7fdafabc3000-7fdafadc3000 ---p 0023a000 00:13 2418400                    /home/andrey/.javacpp/cache/opencv-3.2.0-1.3-linux-x86_64.jar/org/bytedeco/javacpp/linux-x86_64/libopencv_imgcodecs.so.3.2
7fdafadc3000-7fdafadd1000 rw-p 0023a000 00:13 2418400                    /home/andrey/.javacpp/cache/opencv-3.2.0-1.3-linux-x86_64.jar/org/bytedeco/javacpp/linux-x86_64/libopencv_imgcodecs.so.3.2
7fdafadd1000-7fdafaddc000 rw-p 00000000 00:00 0 
7fdafaddc000-7fdafaee6000 r-xp 00000000 00:13 2418399                    /home/andrey/.javacpp/cache/opencv-3.2.0-1.3-linux-x86_64.jar/org/bytedeco/javacpp/linux-x86_64/libjniopencv_imgproc.so
7fdafaee6000-7fdafb0e5000 ---p 0010a000 00:13 2418399                    /home/andrey/.javacpp/cache/opencv-3.2.0-1.3-linux-x86_64.jar/org/bytedeco/javacpp/linux-x86_64/libjniopencv_imgproc.so
7fdafb0e5000-7fdafb0e7000 rw-p 00109000 00:13 2418399                    /home/andrey/.javacpp/cache/opencv-3.2.0-1.3-linux-x86_64.jar/org/bytedeco/javacpp/linux-x86_64/libjniopencv_imgproc.so
7fdafb0e7000-7fdafb376000 r-xp 00000000 00:13 2418398                    /home/andrey/.javacpp/cache/opencv-3.2.0-1.3-linux-x86_64.jar/org/bytedeco/javacpp/linux-x86_64/libjniopencv_core.so
7fdafb376000-7fdafb575000 ---p 0028f000 00:13 2418398                    /home/andrey/.javacpp/cache/opencv-3.2.0-1.3-linux-x86_64.jar/org/bytedeco/javacpp/linux-x86_64/libjniopencv_core.so
7fdafb575000-7fdafb578000 rw-p 0028e000 00:13 2418398                    /home/andrey/.javacpp/cache/opencv-3.2.0-1.3-linux-x86_64.jar/org/bytedeco/javacpp/linux-x86_64/libjniopencv_core.so
7fdafb578000-7fdafb579000 rw-p 00000000 00:00 0 
7fdafb579000-7fdafb7ba000 r-xp 00000000 00:13 2418397                    /home/andrey/.javacpp/cache/opencv-3.2.0-1.3-linux-x86_64.jar/org/bytedeco/javacpp/linux-x86_64/libopencv_imgproc.so.3.2
7fdafb7ba000-7fdafb9ba000 ---p 00241000 00:13 2418397                    /home/andrey/.javacpp/cache/opencv-3.2.0-1.3-linux-x86_64.jar/org/bytedeco/javacpp/linux-x86_64/libopencv_imgproc.so.3.2
7fdafb9ba000-7fdafb9cc000 rw-p 00241000 00:13 2418397                    /home/andrey/.javacpp/cache/opencv-3.2.0-1.3-linux-x86_64.jar/org/bytedeco/javacpp/linux-x86_64/libopencv_imgproc.so.3.2
7fdafb9cc000-7fdafba61000 rw-p 00000000 00:00 0 
7fdafba61000-7fdafba77000 r-xp 00000000 00:13 2159154                    /usr/lib/libgcc_s.so.1
7fdafba77000-7fdafbc76000 ---p 00016000 00:13 2159154                    /usr/lib/libgcc_s.so.1
7fdafbc76000-7fdafbc77000 r--p 00015000 00:13 2159154                    /usr/lib/libgcc_s.so.1
7fdafbc77000-7fdafbc78000 rw-p 00016000 00:13 2159154                    /usr/lib/libgcc_s.so.1
7fdafbc78000-7fdafbdf0000 r-xp 00000000 00:13 2159122                    /usr/lib/libstdc++.so.6.0.22
7fdafbdf0000-7fdafbff0000 ---p 00178000 00:13 2159122                    /usr/lib/libstdc++.so.6.0.22
7fdafbff0000-7fdafbffa000 r--p 00178000 00:13 2159122                    /usr/lib/libstdc++.so.6.0.22
7fdafbffa000-7fdafbffc000 rw-p 00182000 00:13 2159122                    /usr/lib/libstdc++.so.6.0.22
7fdafbffc000-7fdafc000000 rw-p 00000000 00:00 0 
7fdafc000000-7fdafc021000 rw-p 00000000 00:00 0 
7fdafc021000-7fdb00000000 ---p 00000000 00:00 0 
7fdb00000000-7fdb00021000 rw-p 00000000 00:00 0 
7fdb00021000-7fdb04000000 ---p 00000000 00:00 0 
7fdb04000000-7fdb0463d000 rw-p 00000000 00:00 0 
7fdb0463d000-7fdb08000000 ---p 00000000 00:00 0 
7fdb08000000-7fdb08246000 rw-p 00000000 00:00 0 
7fdb08246000-7fdb0c000000 ---p 00000000 00:00 0 
7fdb0c000000-7fdb0c021000 rw-p 00000000 00:00 0 
7fdb0c021000-7fdb10000000 ---p 00000000 00:00 0 
7fdb10000000-7fdb10021000 rw-p 00000000 00:00 0 
7fdb10021000-7fdb14000000 ---p 00000000 00:00 0 
7fdb14000000-7fdb14021000 rw-p 00000000 00:00 0 
7fdb14021000-7fdb18000000 ---p 00000000 00:00 0 
7fdb18000000-7fdb18021000 rw-p 00000000 00:00 0 
7fdb18021000-7fdb1c000000 ---p 00000000 00:00 0 
7fdb1c000000-7fdb1c021000 rw-p 00000000 00:00 0 
7fdb1c021000-7fdb20000000 ---p 00000000 00:00 0 
7fdb20000000-7fdb20021000 rw-p 00000000 00:00 0 
7fdb20021000-7fdb24000000 ---p 00000000 00:00 0 
7fdb24000000-7fdb24021000 rw-p 00000000 00:00 0 
7fdb24021000-7fdb28000000 ---p 00000000 00:00 0 
7fdb28000000-7fdb28021000 rw-p 00000000 00:00 0 
7fdb28021000-7fdb2c000000 ---p 00000000 00:00 0 
7fdb2c000000-7fdb2c021000 rw-p 00000000 00:00 0 
7fdb2c021000-7fdb30000000 ---p 00000000 00:00 0 
7fdb30042000-7fdb30143000 rwxp 00000000 00:00 0 
7fdb30143000-7fdb3035b000 r-xp 00000000 00:13 2418396                    /home/andrey/.javacpp/cache/opencv-3.2.0-1.3-linux-x86_64.jar/org/bytedeco/javacpp/linux-x86_64/libopencv_core.so.3.2
7fdb3035b000-7fdb3055b000 ---p 00218000 00:13 2418396                    /home/andrey/.javacpp/cache/opencv-3.2.0-1.3-linux-x86_64.jar/org/bytedeco/javacpp/linux-x86_64/libopencv_core.so.3.2
7fdb3055b000-7fdb30562000 rw-p 00218000 00:13 2418396                    /home/andrey/.javacpp/cache/opencv-3.2.0-1.3-linux-x86_64.jar/org/bytedeco/javacpp/linux-x86_64/libopencv_core.so.3.2
7fdb30562000-7fdb30564000 rw-p 00000000 00:00 0 
7fdb30564000-7fdb3057a000 r-xp 00000000 00:13 1620790                    /usr/lib/jvm/java-8-openjdk/jre/lib/amd64/libnet.so
7fdb3057a000-7fdb30779000 ---p 00016000 00:13 1620790                    /usr/lib/jvm/java-8-openjdk/jre/lib/amd64/libnet.so
7fdb30779000-7fdb3077a000 r--p 00015000 00:13 1620790                    /usr/lib/jvm/java-8-openjdk/jre/lib/amd64/libnet.so
7fdb3077a000-7fdb3077b000 rw-p 00016000 00:13 1620790                    /usr/lib/jvm/java-8-openjdk/jre/lib/amd64/libnet.so
7fdb3077b000-7fdb3078c000 r-xp 00000000 00:13 1620779                    /usr/lib/jvm/java-8-openjdk/jre/lib/amd64/libnio.so
7fdb3078c000-7fdb3098b000 ---p 00011000 00:13 1620779                    /usr/lib/jvm/java-8-openjdk/jre/lib/amd64/libnio.so
7fdb3098b000-7fdb3098c000 r--p 00010000 00:13 1620779                    /usr/lib/jvm/java-8-openjdk/jre/lib/amd64/libnio.so
7fdb3098c000-7fdb3098d000 rw-p 00011000 00:13 1620779                    /usr/lib/jvm/java-8-openjdk/jre/lib/amd64/libnio.so
7fdb3098d000-7fdb309a2000 r-xp 00000000 00:13 2418395                    /home/andrey/.javacpp/cache/opencv-3.2.0-1.3-linux-x86_64.jar/org/bytedeco/javacpp/linux-x86_64/libgomp.so.1
7fdb309a2000-7fdb30ba1000 ---p 00015000 00:13 2418395                    /home/andrey/.javacpp/cache/opencv-3.2.0-1.3-linux-x86_64.jar/org/bytedeco/javacpp/linux-x86_64/libgomp.so.1
7fdb30ba1000-7fdb30ba2000 rw-p 00014000 00:13 2418395                    /home/andrey/.javacpp/cache/opencv-3.2.0-1.3-linux-x86_64.jar/org/bytedeco/javacpp/linux-x86_64/libgomp.so.1
7fdb30ba2000-7fdb30ba4000 r--s 00019000 00:13 2167305                    /usr/share/intellijidea-ce/lib/idea_rt.jar
7fdb30ba4000-7fdb30ba5000 r--s 00000000 00:13 2419227                    /home/andrey/.ivy2/cache/org.bytedeco.javacpp-presets/videoinput-platform/jars/videoinput-platform-0.200-1.3.jar
7fdb30ba5000-7fdb30ba6000 r--s 0000b000 00:13 2419189                    /home/andrey/.ivy2/cache/org.bytedeco.javacpp-presets/videoinput/jars/videoinput-0.200-1.3-windows-x86_64.jar
7fdb30ba6000-7fdb30ba7000 r--s 00009000 00:13 2419191                    /home/andrey/.ivy2/cache/org.bytedeco.javacpp-presets/videoinput/jars/videoinput-0.200-1.3-windows-x86.jar
7fdb30ba7000-7fdb30ba8000 r--s 00003000 00:13 2419190                    /home/andrey/.ivy2/cache/org.bytedeco.javacpp-presets/videoinput/jars/videoinput-0.200-1.3.jar
7fdb30ba8000-7fdb30ba9000 r--s 00000000 00:13 2419225                    /home/andrey/.ivy2/cache/org.bytedeco.javacpp-presets/librealsense-platform/jars/librealsense-platform-1.9.6-1.3.jar
7fdb30ba9000-7fdb30baa000 r--s 00076000 00:13 2419186                    /home/andrey/.ivy2/cache/org.bytedeco.javacpp-presets/librealsense/jars/librealsense-1.9.6-1.3-linux-x86_64.jar
7fdb30baa000-7fdb30bab000 r--s 00074000 00:13 2419185                    /home/andrey/.ivy2/cache/org.bytedeco.javacpp-presets/librealsense/jars/librealsense-1.9.6-1.3-linux-x86.jar
7fdb30bab000-7fdb30bae000 r--s 00009000 00:13 2419187                    /home/andrey/.ivy2/cache/org.bytedeco.javacpp-presets/librealsense/jars/librealsense-1.9.6-1.3.jar
7fdb30bae000-7fdb30baf000 r--s 00000000 00:13 2419223                    /home/andrey/.ivy2/cache/org.bytedeco.javacpp-presets/libfreenect2-platform/jars/libfreenect2-platform-0.2.0-1.3.jar
7fdb30baf000-7fdb30bb0000 r--s 00061000 00:13 2419181                    /home/andrey/.ivy2/cache/org.bytedeco.javacpp-presets/libfreenect2/jars/libfreenect2-0.2.0-1.3-linux-x86_64.jar
7fdb30bb0000-7fdb30bb2000 r--s 00065000 00:13 2419183                    /home/andrey/.ivy2/cache/org.bytedeco.javacpp-presets/libfreenect2/jars/libfreenect2-0.2.0-1.3-linux-x86.jar
7fdb30bb2000-7fdb30bb3000 r--s 00005000 00:13 2419182                    /home/andrey/.ivy2/cache/org.bytedeco.javacpp-presets/libfreenect2/jars/libfreenect2-0.2.0-1.3.jar
7fdb30bb3000-7fdb30bb4000 r--s 00000000 00:13 2419221                    /home/andrey/.ivy2/cache/org.bytedeco.javacpp-presets/libfreenect-platform/jars/libfreenect-platform-0.5.3-1.3.jar
7fdb30bb4000-7fdb30bb5000 r--s 0002e000 00:13 2419174                    /home/andrey/.ivy2/cache/org.bytedeco.javacpp-presets/libfreenect/jars/libfreenect-0.5.3-1.3-windows-x86_64.jar
7fdb30bb5000-7fdb30bb6000 r--s 00028000 00:13 2419177                    /home/andrey/.ivy2/cache/org.bytedeco.javacpp-presets/libfreenect/jars/libfreenect-0.5.3-1.3-windows-x86.jar
7fdb30bb6000-7fdb30bb8000 r--s 0001a000 00:13 2419178                    /home/andrey/.ivy2/cache/org.bytedeco.javacpp-presets/libfreenect/jars/libfreenect-0.5.3-1.3-macosx-x86_64.jar
7fdb30bb8000-7fdb30bb9000 r--s 0001c000 00:13 2419175                    /home/andrey/.ivy2/cache/org.bytedeco.javacpp-presets/libfreenect/jars/libfreenect-0.5.3-1.3-linux-x86_64.jar
7fdb30bb9000-7fdb30bba000 r--s 0001b000 00:13 2419176                    /home/andrey/.ivy2/cache/org.bytedeco.javacpp-presets/libfreenect/jars/libfreenect-0.5.3-1.3-linux-x86.jar
7fdb30bba000-7fdb30bbb000 r--s 00015000 00:13 2419179                    /home/andrey/.ivy2/cache/org.bytedeco.javacpp-presets/libfreenect/jars/libfreenect-0.5.3-1.3-linux-ppc64le.jar
7fdb30bbb000-7fdb30bbd000 r--s 00011000 00:13 2419172                    /home/andrey/.ivy2/cache/org.bytedeco.javacpp-presets/libfreenect/jars/libfreenect-0.5.3-1.3-linux-armhf.jar
7fdb30bbd000-7fdb30bbf000 r--s 00004000 00:13 2419173                    /home/andrey/.ivy2/cache/org.bytedeco.javacpp-presets/libfreenect/jars/libfreenect-0.5.3-1.3.jar
7fdb30bbf000-7fdb30bc0000 r--s 00026000 00:13 2419202                    /home/andrey/.ivy2/cache/org.bytedeco.javacpp-presets/artoolkitplus/jars/artoolkitplus-2.3.1-1.3-linux-x86.jar
7fdb30bc0000-7fdb30bc1000 r--s 00000000 00:13 2419219                    /home/andrey/.ivy2/cache/org.bytedeco.javacpp-presets/libdc1394-platform/jars/libdc1394-platform-2.2.4-1.3.jar
7fdb30bc1000-7fdb30bc2000 r--s 0002d000 00:13 2419168                    /home/andrey/.ivy2/cache/org.bytedeco.javacpp-presets/libdc1394/jars/libdc1394-2.2.4-1.3-windows-x86_64.jar
7fdb30bc2000-7fdb30bc4000 r--s 00032000 00:13 2419163                    /home/andrey/.ivy2/cache/org.bytedeco.javacpp-presets/libdc1394/jars/libdc1394-2.2.4-1.3-windows-x86.jar
7fdb30bc4000-7fdb30bc5000 r--s 00031000 00:13 2419165                    /home/andrey/.ivy2/cache/org.bytedeco.javacpp-presets/libdc1394/jars/libdc1394-2.2.4-1.3-macosx-x86_64.jar
7fdb30bc5000-7fdb30bc7000 r--s 0002f000 00:13 2419164                    /home/andrey/.ivy2/cache/org.bytedeco.javacpp-presets/libdc1394/jars/libdc1394-2.2.4-1.3-linux-x86_64.jar
7fdb30bc7000-7fdb30bc8000 r--s 0002d000 00:13 2419167                    /home/andrey/.ivy2/cache/org.bytedeco.javacpp-presets/libdc1394/jars/libdc1394-2.2.4-1.3-linux-x86.jar
7fdb30bc8000-7fdb30bc9000 r--s 00034000 00:13 2419170                    /home/andrey/.ivy2/cache/org.bytedeco.javacpp-presets/libdc1394/jars/libdc1394-2.2.4-1.3-linux-ppc64le.jar
7fdb30bc9000-7fdb30bca000 r--s 0001f000 00:13 2419166                    /home/andrey/.ivy2/cache/org.bytedeco.javacpp-presets/libdc1394/jars/libdc1394-2.2.4-1.3-linux-armhf.jar
7fdb30bca000-7fdb30bcc000 r--s 00006000 00:13 2419169                    /home/andrey/.ivy2/cache/org.bytedeco.javacpp-presets/libdc1394/jars/libdc1394-2.2.4-1.3.jar
7fdb30bcc000-7fdb30bcd000 r--s 00000000 00:13 2419217                    /home/andrey/.ivy2/cache/org.bytedeco.javacpp-presets/flycapture-platform/jars/flycapture-platform-2.9.3.43-1.3.jar
7fdb30bcd000-7fdb30bce000 r--s 0003a000 00:13 2419159                    /home/andrey/.ivy2/cache/org.bytedeco.javacpp-presets/flycapture/jars/flycapture-2.9.3.43-1.3-windows-x86_64.jar
7fdb30bce000-7fdb30bd0000 r--s 0002d000 00:13 2419161                    /home/andrey/.ivy2/cache/org.bytedeco.javacpp-presets/flycapture/jars/flycapture-2.9.3.43-1.3-windows-x86.jar
7fdb30bd0000-7fdb30bd2000 r--s 0003a000 00:13 2419158                    /home/andrey/.ivy2/cache/org.bytedeco.javacpp-presets/flycapture/jars/flycapture-2.9.3.43-1.3-linux-x86_64.jar
7fdb30bd2000-7fdb30bd4000 r--s 00035000 00:13 2419160                    /home/andrey/.ivy2/cache/org.bytedeco.javacpp-presets/flycapture/jars/flycapture-2.9.3.43-1.3-linux-x86.jar
7fdb30bd4000-7fdb30bd5000 r--s 0002d000 00:13 2419157                    /home/andrey/.ivy2/cache/org.bytedeco.javacpp-presets/flycapture/jars/flycapture-2.9.3.43-1.3-linux-armhf.jar
7fdb30bd5000-7fdb30bd9000 r--s 0001f000 00:13 2419156                    /home/andrey/.ivy2/cache/org.bytedeco.javacpp-presets/flycapture/jars/flycapture-2.9.3.43-1.3.jar
7fdb30bd9000-7fdb30bda000 r--s 00000000 00:13 2419231                    /home/andrey/.ivy2/cache/org.bytedeco.javacpp-presets/flandmark-platform/jars/flandmark-platform-1.07-1.3.jar
7fdb30bda000-7fdb30bdc000 r--s 00009000 00:13 2419213                    /home/andrey/.ivy2/cache/org.bytedeco.javacpp-presets/flandmark/jars/flandmark-1.07-1.3-windows-x86_64.jar
7fdb30bdc000-7fdb30bde000 r--s 00007000 00:13 2419205                    /home/andrey/.ivy2/cache/org.bytedeco.javacpp-presets/flandmark/jars/flandmark-1.07-1.3-windows-x86.jar
7fdb30bde000-7fdb30bdf000 r--s 00009000 00:13 2419206                    /home/andrey/.ivy2/cache/org.bytedeco.javacpp-presets/flandmark/jars/flandmark-1.07-1.3-macosx-x86_64.jar
7fdb30bdf000-7fdb30be1000 r--s 00009000 00:13 2419212                    /home/andrey/.ivy2/cache/org.bytedeco.javacpp-presets/flandmark/jars/flandmark-1.07-1.3-linux-x86_64.jar
7fdb30be1000-7fdb30be2000 r--s 00009000 00:13 2419209                    /home/andrey/.ivy2/cache/org.bytedeco.javacpp-presets/flandmark/jars/flandmark-1.07-1.3-linux-x86.jar
7fdb30be2000-7fdb30be4000 r--s 0000a000 00:13 2419204                    /home/andrey/.ivy2/cache/org.bytedeco.javacpp-presets/flandmark/jars/flandmark-1.07-1.3-linux-ppc64le.jar
7fdb30be4000-7fdb30be5000 r--s 00008000 00:13 2419210                    /home/andrey/.ivy2/cache/org.bytedeco.javacpp-presets/flandmark/jars/flandmark-1.07-1.3-linux-armhf.jar
7fdb30be5000-7fdb30be6000 r--s 0000a000 00:13 2419207                    /home/andrey/.ivy2/cache/org.bytedeco.javacpp-presets/flandmark/jars/flandmark-1.07-1.3-android-x86.jar
7fdb30be6000-7fdb30be7000 r--s 00009000 00:13 2419211                    /home/andrey/.ivy2/cache/org.bytedeco.javacpp-presets/flandmark/jars/flandmark-1.07-1.3-android-arm.jar
7fdb30be7000-7fdb30be8000 r--s 00002000 00:13 2419208                    /home/andrey/.ivy2/cache/org.bytedeco.javacpp-presets/flandmark/jars/flandmark-1.07-1.3.jar
7fdb30be8000-7fdb30be9000 r--s 00000000 00:13 2419215                    /home/andrey/.ivy2/cache/org.bytedeco.javacpp-presets/ffmpeg-platform/jars/ffmpeg-platform-3.2.1-1.3.jar
7fdb30be9000-7fdb30bea000 r--s 00bdb000 00:13 2419154                    /home/andrey/.ivy2/cache/org.bytedeco.javacpp-presets/ffmpeg/jars/ffmpeg-3.2.1-1.3-windows-x86_64.jar
7fdb30bea000-7fdb30bec000 r--s 00b6f000 00:13 2419141                    /home/andrey/.ivy2/cache/org.bytedeco.javacpp-presets/ffmpeg/jars/ffmpeg-3.2.1-1.3-windows-x86.jar
7fdb30bec000-7fdb30bed000 r--s 00a78000 00:13 2419147                    /home/andrey/.ivy2/cache/org.bytedeco.javacpp-presets/ffmpeg/jars/ffmpeg-3.2.1-1.3-macosx-x86_64.jar
7fdb30bed000-7fdb30bef000 r--s 00b72000 00:13 2419146                    /home/andrey/.ivy2/cache/org.bytedeco.javacpp-presets/ffmpeg/jars/ffmpeg-3.2.1-1.3-linux-x86_64.jar
7fdb30bef000-7fdb30bf1000 r--s 00aa6000 00:13 2419151                    /home/andrey/.ivy2/cache/org.bytedeco.javacpp-presets/ffmpeg/jars/ffmpeg-3.2.1-1.3-linux-x86.jar
7fdb30bf1000-7fdb30bf3000 r--s 00cf7000 00:13 2419150                    /home/andrey/.ivy2/cache/org.bytedeco.javacpp-presets/ffmpeg/jars/ffmpeg-3.2.1-1.3-linux-ppc64le.jar
7fdb30bf3000-7fdb30bf5000 r--s 00a12000 00:13 2419149                    /home/andrey/.ivy2/cache/org.bytedeco.javacpp-presets/ffmpeg/jars/ffmpeg-3.2.1-1.3-linux-armhf.jar
7fdb30bf5000-7fdb30bf7000 r--s 00c3e000 00:13 2419152                    /home/andrey/.ivy2/cache/org.bytedeco.javacpp-presets/ffmpeg/jars/ffmpeg-3.2.1-1.3-android-x86.jar
7fdb30bf7000-7fdb30bf8000 r--s 00b15000 00:13 2419148                    /home/andrey/.ivy2/cache/org.bytedeco.javacpp-presets/ffmpeg/jars/ffmpeg-3.2.1-1.3-android-arm.jar
7fdb30bf8000-7fdb30bff000 r--s 00033000 00:13 2419153                    /home/andrey/.ivy2/cache/org.bytedeco.javacpp-presets/ffmpeg/jars/ffmpeg-3.2.1-1.3.jar
7fdb30bff000-7fdb30c00000 r--s 00000000 00:13 2419229                    /home/andrey/.ivy2/cache/org.bytedeco.javacpp-presets/artoolkitplus-platform/jars/artoolkitplus-platform-2.3.1-1.3.jar
7fdb30c00000-7fdb30c01000 r--s 00025000 00:13 2419199                    /home/andrey/.ivy2/cache/org.bytedeco.javacpp-presets/artoolkitplus/jars/artoolkitplus-2.3.1-1.3-windows-x86_64.jar
7fdb30c01000-7fdb30c03000 r--s 0001d000 00:13 2419196                    /home/andrey/.ivy2/cache/org.bytedeco.javacpp-presets/artoolkitplus/jars/artoolkitplus-2.3.1-1.3-windows-x86.jar
7fdb30c03000-7fdb30c04000 r--s 00029000 00:13 2419197                    /home/andrey/.ivy2/cache/org.bytedeco.javacpp-presets/artoolkitplus/jars/artoolkitplus-2.3.1-1.3-macosx-x86_64.jar
7fdb30c04000-7fdb30c05000 r--s 0002a000 00:13 2419194                    /home/andrey/.ivy2/cache/org.bytedeco.javacpp-presets/artoolkitplus/jars/artoolkitplus-2.3.1-1.3-linux-x86_64.jar
7fdb30c05000-7fdb30c07000 r--s 0002e000 00:13 2419200                    /home/andrey/.ivy2/cache/org.bytedeco.javacpp-presets/artoolkitplus/jars/artoolkitplus-2.3.1-1.3-linux-ppc64le.jar
7fdb30c07000-7fdb30c09000 r--s 00022000 00:13 2419193                    /home/andrey/.ivy2/cache/org.bytedeco.javacpp-presets/artoolkitplus/jars/artoolkitplus-2.3.1-1.3-linux-armhf.jar
7fdb30c09000-7fdb30c0a000 r--s 00062000 00:13 2419201                    /home/andrey/.ivy2/cache/org.bytedeco.javacpp-presets/artoolkitplus/jars/artoolkitplus-2.3.1-1.3-android-x86.jar
7fdb30c0a000-7fdb30c0b000 r--s 0004d000 00:13 2419195                    /home/andrey/.ivy2/cache/org.bytedeco.javacpp-presets/artoolkitplus/jars/artoolkitplus-2.3.1-1.3-android-arm.jar
7fdb30c0b000-7fdb30c0c000 r--s 00005000 00:13 2419198                    /home/andrey/.ivy2/cache/org.bytedeco.javacpp-presets/artoolkitplus/jars/artoolkitplus-2.3.1-1.3.jar
7fdb30c0c000-7fdb30c0d000 r--s 00000000 00:13 2419138                    /home/andrey/.ivy2/cache/org.bytedeco/javacv-platform/jars/javacv-platform-1.3.2.jar
7fdb30c0d000-7fdb30c11000 r--s 0005b000 00:13 2419136                    /home/andrey/.ivy2/cache/org.bytedeco/javacv/jars/javacv-1.3.2.jar
7fdb30c11000-7fdb30c16000 r--s 00049000 00:13 2419139                    /home/andrey/.ivy2/cache/org.bytedeco/javacpp/jars/javacpp-1.3.2.jar
7fdb30c16000-7fdb30c27000 r--s 000a6000 00:13 2417700                    /home/andrey/.ivy2/cache/org.bytedeco.javacpp-presets/opencv/jars/opencv-3.2.0-1.3.jar
7fdb30c27000-7fdb30c29000 r--s 00b87000 00:13 2417704                    /home/andrey/.ivy2/cache/org.bytedeco.javacpp-presets/opencv/jars/opencv-3.2.0-1.3-android-arm.jar
7fdb30c29000-7fdb30c2b000 r--s 00efe000 00:13 2417706                    /home/andrey/.ivy2/cache/org.bytedeco.javacpp-presets/opencv/jars/opencv-3.2.0-1.3-android-x86.jar
7fdb30c2b000-7fdb30c63000 r--s 004d0000 00:13 2417162                    /home/andrey/.ivy2/cache/org.scala-lang/scala-library/jars/scala-library-2.12.1.jar
7fdb30c63000-7fdb30c76000 r--s 00346000 00:13 1620724                    /usr/lib/jvm/java-8-openjdk/jre/lib/resources.jar
7fdb30c76000-7fdb30d0c000 r--s 008d8000 00:13 1876787                    /usr/lib/jvm/java-8-openjdk/jre/lib/ext/jfxrt.jar
7fdb30d0c000-7fdb30d0d000 ---p 00000000 00:00 0 
7fdb30d0d000-7fdb30f0e000 rwxp 00000000 00:00 0 
7fdb30f0e000-7fdb30f0f000 ---p 00000000 00:00 0 
7fdb30f0f000-7fdb3100f000 rwxp 00000000 00:00 0 
7fdb3100f000-7fdb31010000 ---p 00000000 00:00 0 
7fdb31010000-7fdb31413000 rwxp 00000000 00:00 0 
7fdb31413000-7fdb31417000 r-xp 00000000 00:13 1620791                    /usr/lib/jvm/java-8-openjdk/jre/lib/amd64/libdt_socket.so
7fdb31417000-7fdb31616000 ---p 00004000 00:13 1620791                    /usr/lib/jvm/java-8-openjdk/jre/lib/amd64/libdt_socket.so
7fdb31616000-7fdb31617000 r--p 00003000 00:13 1620791                    /usr/lib/jvm/java-8-openjdk/jre/lib/amd64/libdt_socket.so
7fdb31617000-7fdb31618000 rw-p 00004000 00:13 1620791                    /usr/lib/jvm/java-8-openjdk/jre/lib/amd64/libdt_socket.so
7fdb31618000-7fdb3191b000 rwxp 00000000 00:00 0 
7fdb3191b000-7fdb3191c000 ---p 00000000 00:00 0 
7fdb3191c000-7fdb31a1c000 rwxp 00000000 00:00 0 
7fdb31a1c000-7fdb32388000 rw-p 00000000 00:00 0 
7fdb32388000-7fdb32557000 r--s 03c05000 00:13 1620731                    /usr/lib/jvm/java-8-openjdk/jre/lib/rt.jar
7fdb32557000-7fdb34dbe000 rw-p 00000000 00:00 0 
7fdb34dbe000-7fdb34dbf000 ---p 00000000 00:00 0 
7fdb34dbf000-7fdb34ebf000 rwxp 00000000 00:00 0 
7fdb34ebf000-7fdb34ed4000 rw-p 00000000 00:00 0 
7fdb34ed4000-7fdb35000000 ---p 00000000 00:00 0 
7fdb35000000-7fdb353b0000 rwxp 00000000 00:00 0 
7fdb353b0000-7fdb44000000 ---p 00000000 00:00 0 
7fdb44000000-7fdb47fbe000 rw-p 00000000 00:00 0 
7fdb47fbe000-7fdb48000000 ---p 00000000 00:00 0 
7fdb48000000-7fdb48003000 r--s 00a26000 00:13 2417696                    /home/andrey/.ivy2/cache/org.bytedeco.javacpp-presets/opencv/jars/opencv-3.2.0-1.3-linux-armhf.jar
7fdb48003000-7fdb48006000 r--s 00c39000 00:13 2417705                    /home/andrey/.ivy2/cache/org.bytedeco.javacpp-presets/opencv/jars/opencv-3.2.0-1.3-linux-ppc64le.jar
7fdb48006000-7fdb48009000 r--s 00a10000 00:13 2417701                    /home/andrey/.ivy2/cache/org.bytedeco.javacpp-presets/opencv/jars/opencv-3.2.0-1.3-linux-x86.jar
7fdb48009000-7fdb4800b000 r--s 00a3c000 00:13 2417697                    /home/andrey/.ivy2/cache/org.bytedeco.javacpp-presets/opencv/jars/opencv-3.2.0-1.3-linux-x86_64.jar
7fdb4800b000-7fdb4800d000 r--s 00aa7000 00:13 2417698                    /home/andrey/.ivy2/cache/org.bytedeco.javacpp-presets/opencv/jars/opencv-3.2.0-1.3-macosx-x86_64.jar
7fdb4800d000-7fdb4800f000 r--s 00a5c000 00:13 2417707                    /home/andrey/.ivy2/cache/org.bytedeco.javacpp-presets/opencv/jars/opencv-3.2.0-1.3-windows-x86.jar
7fdb4800f000-7fdb48013000 r--s 0009a000 00:13 1620727                    /usr/lib/jvm/java-8-openjdk/jre/lib/jsse.jar
7fdb48013000-7fdb48014000 ---p 00000000 00:00 0 
7fdb48014000-7fdb48114000 rwxp 00000000 00:00 0 
7fdb48114000-7fdb48129000 rw-p 00000000 00:00 0 
7fdb48129000-7fdb48254000 ---p 00000000 00:00 0 
7fdb48254000-7fdb4825f000 rw-p 00000000 00:00 0 
7fdb4825f000-7fdb482f5000 ---p 00000000 00:00 0 
7fdb482f5000-7fdb48305000 rw-p 00000000 00:00 0 
7fdb48305000-7fdb486b6000 ---p 00000000 00:00 0 
7fdb486b6000-7fdb486be000 r-xp 00000000 00:13 1620792                    /usr/lib/jvm/java-8-openjdk/jre/lib/amd64/libzip.so
7fdb486be000-7fdb488bd000 ---p 00008000 00:13 1620792                    /usr/lib/jvm/java-8-openjdk/jre/lib/amd64/libzip.so
7fdb488bd000-7fdb488be000 r--p 00007000 00:13 1620792                    /usr/lib/jvm/java-8-openjdk/jre/lib/amd64/libzip.so
7fdb488be000-7fdb488bf000 rw-p 00008000 00:13 1620792                    /usr/lib/jvm/java-8-openjdk/jre/lib/amd64/libzip.so
7fdb488bf000-7fdb488ca000 r-xp 00000000 00:13 2157408                    /usr/lib/libnss_files-2.25.so
7fdb488ca000-7fdb48ac9000 ---p 0000b000 00:13 2157408                    /usr/lib/libnss_files-2.25.so
7fdb48ac9000-7fdb48aca000 r--p 0000a000 00:13 2157408                    /usr/lib/libnss_files-2.25.so
7fdb48aca000-7fdb48acb000 rw-p 0000b000 00:13 2157408                    /usr/lib/libnss_files-2.25.so
7fdb48acb000-7fdb48ad1000 rw-p 00000000 00:00 0 
7fdb48ad1000-7fdb48adc000 r-xp 00000000 00:13 2157406                    /usr/lib/libnss_nis-2.25.so
7fdb48adc000-7fdb48cdb000 ---p 0000b000 00:13 2157406                    /usr/lib/libnss_nis-2.25.so
7fdb48cdb000-7fdb48cdc000 r--p 0000a000 00:13 2157406                    /usr/lib/libnss_nis-2.25.so
7fdb48cdc000-7fdb48cdd000 rw-p 0000b000 00:13 2157406                    /usr/lib/libnss_nis-2.25.so
7fdb48cdd000-7fdb48cf2000 r-xp 00000000 00:13 2157402                    /usr/lib/libnsl-2.25.so
7fdb48cf2000-7fdb48ef1000 ---p 00015000 00:13 2157402                    /usr/lib/libnsl-2.25.so
7fdb48ef1000-7fdb48ef2000 r--p 00014000 00:13 2157402                    /usr/lib/libnsl-2.25.so
7fdb48ef2000-7fdb48ef3000 rw-p 00015000 00:13 2157402                    /usr/lib/libnsl-2.25.so
7fdb48ef3000-7fdb48ef5000 rw-p 00000000 00:00 0 
7fdb48ef5000-7fdb48efc000 r-xp 00000000 00:13 2157411                    /usr/lib/libnss_compat-2.25.so
7fdb48efc000-7fdb490fb000 ---p 00007000 00:13 2157411                    /usr/lib/libnss_compat-2.25.so
7fdb490fb000-7fdb490fc000 r--p 00006000 00:13 2157411                    /usr/lib/libnss_compat-2.25.so
7fdb490fc000-7fdb490fd000 rw-p 00007000 00:13 2157411                    /usr/lib/libnss_compat-2.25.so
7fdb490fd000-7fdb493c6000 r--p 00000000 00:13 2158829                    /usr/lib/locale/locale-archive
7fdb493c6000-7fdb493c8000 r-xp 00000000 00:13 1620789                    /usr/lib/jvm/java-8-openjdk/jre/lib/amd64/libnpt.so
7fdb493c8000-7fdb495c8000 ---p 00002000 00:13 1620789                    /usr/lib/jvm/java-8-openjdk/jre/lib/amd64/libnpt.so
7fdb495c8000-7fdb495c9000 r--p 00002000 00:13 1620789                    /usr/lib/jvm/java-8-openjdk/jre/lib/amd64/libnpt.so
7fdb495c9000-7fdb495ca000 rw-p 00003000 00:13 1620789                    /usr/lib/jvm/java-8-openjdk/jre/lib/amd64/libnpt.so
7fdb495ca000-7fdb49604000 r-xp 00000000 00:13 1620766                    /usr/lib/jvm/java-8-openjdk/jre/lib/amd64/libjdwp.so
7fdb49604000-7fdb49803000 ---p 0003a000 00:13 1620766                    /usr/lib/jvm/java-8-openjdk/jre/lib/amd64/libjdwp.so
7fdb49803000-7fdb49804000 r--p 00039000 00:13 1620766                    /usr/lib/jvm/java-8-openjdk/jre/lib/amd64/libjdwp.so
7fdb49804000-7fdb49805000 rw-p 0003a000 00:13 1620766                    /usr/lib/jvm/java-8-openjdk/jre/lib/amd64/libjdwp.so
7fdb49805000-7fdb49832000 r-xp 00000000 00:13 1620788                    /usr/lib/jvm/java-8-openjdk/jre/lib/amd64/libjava.so
7fdb49832000-7fdb49a31000 ---p 0002d000 00:13 1620788                    /usr/lib/jvm/java-8-openjdk/jre/lib/amd64/libjava.so
7fdb49a31000-7fdb49a32000 r--p 0002c000 00:13 1620788                    /usr/lib/jvm/java-8-openjdk/jre/lib/amd64/libjava.so
7fdb49a32000-7fdb49a34000 rw-p 0002d000 00:13 1620788                    /usr/lib/jvm/java-8-openjdk/jre/lib/amd64/libjava.so
7fdb49a34000-7fdb49a41000 r-xp 00000000 00:13 1620771                    /usr/lib/jvm/java-8-openjdk/jre/lib/amd64/libverify.so
7fdb49a41000-7fdb49c40000 ---p 0000d000 00:13 1620771                    /usr/lib/jvm/java-8-openjdk/jre/lib/amd64/libverify.so
7fdb49c40000-7fdb49c42000 r--p 0000c000 00:13 1620771                    /usr/lib/jvm/java-8-openjdk/jre/lib/amd64/libverify.so
7fdb49c42000-7fdb49c43000 rw-p 0000e000 00:13 1620771                    /usr/lib/jvm/java-8-openjdk/jre/lib/amd64/libverify.so
7fdb49c43000-7fdb49c4a000 r-xp 00000000 00:13 2157400                    /usr/lib/librt-2.25.so
7fdb49c4a000-7fdb49e49000 ---p 00007000 00:13 2157400                    /usr/lib/librt-2.25.so
7fdb49e49000-7fdb49e4a000 r--p 00006000 00:13 2157400                    /usr/lib/librt-2.25.so
7fdb49e4a000-7fdb49e4b000 rw-p 00007000 00:13 2157400                    /usr/lib/librt-2.25.so
7fdb49e4b000-7fdb49f5d000 r-xp 00000000 00:13 2157403                    /usr/lib/libm-2.25.so
7fdb49f5d000-7fdb4a15c000 ---p 00112000 00:13 2157403                    /usr/lib/libm-2.25.so
7fdb4a15c000-7fdb4a15d000 r--p 00111000 00:13 2157403                    /usr/lib/libm-2.25.so
7fdb4a15d000-7fdb4a15e000 rw-p 00112000 00:13 2157403                    /usr/lib/libm-2.25.so
7fdb4a15e000-7fdb4ad89000 r-xp 00000000 00:13 1620797                    /usr/lib/jvm/java-8-openjdk/jre/lib/amd64/server/libjvm.so
7fdb4ad89000-7fdb4af88000 ---p 00c2b000 00:13 1620797                    /usr/lib/jvm/java-8-openjdk/jre/lib/amd64/server/libjvm.so
7fdb4af88000-7fdb4b01c000 r--p 00c2a000 00:13 1620797                    /usr/lib/jvm/java-8-openjdk/jre/lib/amd64/server/libjvm.so
7fdb4b01c000-7fdb4b045000 rw-p 00cbe000 00:13 1620797                    /usr/lib/jvm/java-8-openjdk/jre/lib/amd64/server/libjvm.so
7fdb4b045000-7fdb4b075000 rw-p 00000000 00:00 0 
7fdb4b075000-7fdb4b210000 r-xp 00000000 00:13 2157454                    /usr/lib/libc-2.25.so
7fdb4b210000-7fdb4b40f000 ---p 0019b000 00:13 2157454                    /usr/lib/libc-2.25.so
7fdb4b40f000-7fdb4b413000 r--p 0019a000 00:13 2157454                    /usr/lib/libc-2.25.so
7fdb4b413000-7fdb4b415000 rw-p 0019e000 00:13 2157454                    /usr/lib/libc-2.25.so
7fdb4b415000-7fdb4b419000 rw-p 00000000 00:00 0 
7fdb4b419000-7fdb4b41c000 r-xp 00000000 00:13 2157404                    /usr/lib/libdl-2.25.so
7fdb4b41c000-7fdb4b61b000 ---p 00003000 00:13 2157404                    /usr/lib/libdl-2.25.so
7fdb4b61b000-7fdb4b61c000 r--p 00002000 00:13 2157404                    /usr/lib/libdl-2.25.so
7fdb4b61c000-7fdb4b61d000 rw-p 00003000 00:13 2157404                    /usr/lib/libdl-2.25.so
7fdb4b61d000-7fdb4b62a000 r-xp 00000000 00:13 1620800                    /usr/lib/jvm/java-8-openjdk/jre/lib/amd64/jli/libjli.so
7fdb4b62a000-7fdb4b829000 ---p 0000d000 00:13 1620800                    /usr/lib/jvm/java-8-openjdk/jre/lib/amd64/jli/libjli.so
7fdb4b829000-7fdb4b82a000 r--p 0000c000 00:13 1620800                    /usr/lib/jvm/java-8-openjdk/jre/lib/amd64/jli/libjli.so
7fdb4b82a000-7fdb4b82b000 rw-p 0000d000 00:13 1620800                    /usr/lib/jvm/java-8-openjdk/jre/lib/amd64/jli/libjli.so
7fdb4b82b000-7fdb4b841000 r-xp 00000000 00:13 1552182                    /usr/lib/libz.so.1.2.11
7fdb4b841000-7fdb4ba40000 ---p 00016000 00:13 1552182                    /usr/lib/libz.so.1.2.11
7fdb4ba40000-7fdb4ba41000 r--p 00015000 00:13 1552182                    /usr/lib/libz.so.1.2.11
7fdb4ba41000-7fdb4ba42000 rw-p 00016000 00:13 1552182                    /usr/lib/libz.so.1.2.11
7fdb4ba42000-7fdb4ba5b000 r-xp 00000000 00:13 2157473                    /usr/lib/libpthread-2.25.so
7fdb4ba5b000-7fdb4bc5a000 ---p 00019000 00:13 2157473                    /usr/lib/libpthread-2.25.so
7fdb4bc5a000-7fdb4bc5b000 r--p 00018000 00:13 2157473                    /usr/lib/libpthread-2.25.so
7fdb4bc5b000-7fdb4bc5c000 rw-p 00019000 00:13 2157473                    /usr/lib/libpthread-2.25.so
7fdb4bc5c000-7fdb4bc60000 rw-p 00000000 00:00 0 
7fdb4bc60000-7fdb4bc83000 r-xp 00000000 00:13 2157455                    /usr/lib/ld-2.25.so
7fdb4bc83000-7fdb4bc85000 r--s 00c6c000 00:13 2417699                    /home/andrey/.ivy2/cache/org.bytedeco.javacpp-presets/opencv/jars/opencv-3.2.0-1.3-windows-x86_64.jar
7fdb4bc85000-7fdb4bd55000 rw-p 00000000 00:00 0 
7fdb4bd55000-7fdb4bd56000 ---p 00000000 00:00 0 
7fdb4bd56000-7fdb4be56000 rwxp 00000000 00:00 0 
7fdb4be56000-7fdb4be58000 rw-p 00000000 00:00 0 
7fdb4be58000-7fdb4be59000 r--s 00000000 00:13 2417709                    /home/andrey/.ivy2/cache/org.bytedeco.javacpp-presets/opencv-platform/jars/opencv-platform-3.2.0-1.3.jar
7fdb4be59000-7fdb4be5a000 r--s 00000000 00:13 1620725                    /usr/lib/jvm/java-8-openjdk/jre/lib/management-agent.jar
7fdb4be5a000-7fdb4be5b000 r--s 00009000 00:13 1876771                    /usr/lib/jvm/java-8-openjdk/jre/lib/jfxswt.jar
7fdb4be5b000-7fdb4be5e000 r--s 00015000 00:13 1620722                    /usr/lib/jvm/java-8-openjdk/jre/lib/jce.jar
7fdb4be5e000-7fdb4be63000 r--s 002f9000 00:13 1620726                    /usr/lib/jvm/java-8-openjdk/jre/lib/charsets.jar
7fdb4be63000-7fdb4be76000 rw-p 00000000 00:00 0 
7fdb4be76000-7fdb4be7e000 rw-s 00000000 00:2a 88431                      /tmp/hsperfdata_andrey/21096
7fdb4be7e000-7fdb4be7f000 rw-p 00000000 00:00 0 
7fdb4be7f000-7fdb4be80000 r--p 00000000 00:00 0 
7fdb4be80000-7fdb4be82000 rw-p 00000000 00:00 0 
7fdb4be82000-7fdb4be83000 r--p 00022000 00:13 2157455                    /usr/lib/ld-2.25.so
7fdb4be83000-7fdb4be84000 rw-p 00023000 00:13 2157455                    /usr/lib/ld-2.25.so
7fdb4be84000-7fdb4be85000 rw-p 00000000 00:00 0 
7ffd7f5d6000-7ffd7f5f6000 rwxp 00000000 00:00 0                          [stack]
7ffd7f5f6000-7ffd7f5f9000 rw-p 00000000 00:00 0 
7ffd7f5f9000-7ffd7f5fb000 r--p 00000000 00:00 0                          [vvar]
7ffd7f5fb000-7ffd7f5fd000 r-xp 00000000 00:00 0                          [vdso]
ffffffffff600000-ffffffffff601000 r-xp 00000000 00:00 0                  [vsyscall]

VM Arguments:
jvm_args: -agentlib:jdwp=transport=dt_socket,address=127.0.0.1:46555,suspend=y,server=n -Dfile.encoding=UTF-8 -Dawt.useSystemAAFontSettings=on -Dswing.aatext=true 
java_command: ImageTextDetectionApp
java_class_path (initial): /usr/lib/jvm/java-8-openjdk/jre/lib/charsets.jar:/usr/lib/jvm/java-8-openjdk/jre/lib/ext/cldrdata.jar:/usr/lib/jvm/java-8-openjdk/jre/lib/ext/dnsns.jar:/usr/lib/jvm/java-8-openjdk/jre/lib/ext/jaccess.jar:/usr/lib/jvm/java-8-openjdk/jre/lib/ext/jfxrt.jar:/usr/lib/jvm/java-8-openjdk/jre/lib/ext/localedata.jar:/usr/lib/jvm/java-8-openjdk/jre/lib/ext/nashorn.jar:/usr/lib/jvm/java-8-openjdk/jre/lib/ext/sunec.jar:/usr/lib/jvm/java-8-openjdk/jre/lib/ext/sunjce_provider.jar:/usr/lib/jvm/java-8-openjdk/jre/lib/ext/sunpkcs11.jar:/usr/lib/jvm/java-8-openjdk/jre/lib/ext/zipfs.jar:/usr/lib/jvm/java-8-openjdk/jre/lib/jce.jar:/usr/lib/jvm/java-8-openjdk/jre/lib/jfxswt.jar:/usr/lib/jvm/java-8-openjdk/jre/lib/jsse.jar:/usr/lib/jvm/java-8-openjdk/jre/lib/management-agent.jar:/usr/lib/jvm/java-8-openjdk/jre/lib/resources.jar:/usr/lib/jvm/java-8-openjdk/jre/lib/rt.jar:/home/andrey/IdeaProjects/scala-javacv/target/scala-2.12/classes:/home/andrey/.ivy2/cache/org.scala-lang/scala-library/jars/scala-library-2.12.1.jar:/home/andrey/.ivy2/cache/org.bytedeco.javacpp-presets/opencv-platform/jars/opencv-platform-3.2.0-1.3.jar:/home/andrey/.ivy2/cache/org.bytedeco.javacpp-presets/opencv/jars/opencv-3.2.0-1.3-windows-x86_64.jar:/home/andrey/.ivy2/cache/org.bytedeco.javacpp-presets/opencv/jars/opencv-3.2.0-1.3-windows-x86.jar:/home/andrey/.ivy2/cache/org.bytedeco.javacpp-presets/opencv/jars/opencv-3.2.0-1.3-macosx-x86_64.jar:/home/andrey/.ivy2/cache/org.bytedeco.javacpp-presets/opencv/jars/opencv-3.2.0-1.3-linux-x86_64.jar:/home/andrey/.ivy2/cache/org.bytedeco.javacpp-presets/opencv/jars/opencv-3.2.0-1.3-linux-x86.jar:/home/andrey/.ivy2/cache/org.bytedeco.javacpp-presets/opencv/jars/opencv-3.2.0-1.3-linux-ppc64le.jar:/home/andrey/.ivy2/cache/org.bytedeco.javacpp-presets/opencv/jars/opencv-3.2.0-1.3-linux-armhf.jar:/home/andrey/.ivy2/cache/org.bytedeco.javacpp-presets/opencv/jars/opencv-3.2.0-1.3-android-x86.jar:/home/andrey/.ivy2/cache/org.bytedeco.javacpp-presets/open
Launcher Type: SUN_STANDARD

Environment Variables:
_JAVA_OPTIONS=-Dawt.useSystemAAFontSettings=on -Dswing.aatext=true
PATH=/usr/local/sbin:/usr/local/bin:/usr/bin:/opt/depot_tools:/usr/lib/jvm/default/bin:/usr/bin/site_perl:/usr/bin/vendor_perl:/usr/bin/core_perl
LD_LIBRARY_PATH=/usr/share/intellijidea-ce/bin:
SHELL=/bin/bash
DISPLAY=:0

Signal Handlers:
SIGSEGV: [libjvm.so+0xa2d880], sa_mask[0]=11111111011111111101111111111110, sa_flags=SA_RESTART|SA_SIGINFO
SIGBUS: [libjvm.so+0xa2d880], sa_mask[0]=11111111011111111101111111111110, sa_flags=SA_RESTART|SA_SIGINFO
SIGFPE: [libjvm.so+0x881d40], sa_mask[0]=11111111011111111101111111111110, sa_flags=SA_RESTART|SA_SIGINFO
SIGPIPE: [libjvm.so+0x881d40], sa_mask[0]=11111111011111111101111111111110, sa_flags=SA_RESTART|SA_SIGINFO
SIGXFSZ: [libjvm.so+0x881d40], sa_mask[0]=11111111011111111101111111111110, sa_flags=SA_RESTART|SA_SIGINFO
SIGILL: [libjvm.so+0x881d40], sa_mask[0]=11111111011111111101111111111110, sa_flags=SA_RESTART|SA_SIGINFO
SIGUSR1: SIG_DFL, sa_mask[0]=00000000000000000000000000000000, sa_flags=none
SIGUSR2: [libjvm.so+0x881c10], sa_mask[0]=00100000000000000000000000000000, sa_flags=SA_RESTART|SA_SIGINFO
SIGHUP: [libjvm.so+0x882080], sa_mask[0]=11111111011111111101111111111110, sa_flags=SA_RESTART|SA_SIGINFO
SIGINT: SIG_IGN, sa_mask[0]=00000000000000000000000000000000, sa_flags=none
SIGTERM: [libjvm.so+0x882080], sa_mask[0]=11111111011111111101111111111110, sa_flags=SA_RESTART|SA_SIGINFO
SIGQUIT: [libjvm.so+0x882080], sa_mask[0]=11111111011111111101111111111110, sa_flags=SA_RESTART|SA_SIGINFO


---------------  S Y S T E M  ---------------

OS:NAME="Arch Linux"
PRETTY_NAME="Arch Linux"
ID=arch
ID_LIKE=archlinux
ANSI_COLOR="0;36"
HOME_URL="https://www.archlinux.org/"
SUPPORT_URL="https://bbs.archlinux.org/"
BUG_REPORT_URL="https://bugs.archlinux.org/"


uname:Linux 4.10.4-1-ARCH #1 SMP PREEMPT Sat Mar 18 19:39:18 CET 2017 x86_64
libc:glibc 2.25 NPTL 2.25 
rlimit: STACK 8192k, CORE infinity, NPROC 14408, NOFILE 4096, AS infinity
load average:2.50 1.64 1.04

/proc/meminfo:
MemTotal:        3935600 kB
MemFree:          246124 kB
MemAvailable:     715436 kB
Buffers:              24 kB
Cached:           725188 kB
SwapCached:         4304 kB
Active:          2590860 kB
Inactive:         925676 kB
Active(anon):    2275132 kB
Inactive(anon):   600844 kB
Active(file):     315728 kB
Inactive(file):   324832 kB
Unevictable:           0 kB
Mlocked:               0 kB
SwapTotal:       8388604 kB
SwapFree:        8365692 kB
Dirty:             17024 kB
Writeback:             0 kB
AnonPages:       2744968 kB
Mapped:           177256 kB
Shmem:             84652 kB
Slab:              96312 kB
SReclaimable:      67380 kB
SUnreclaim:        28932 kB
KernelStack:        5280 kB
PageTables:        16228 kB
NFS_Unstable:          0 kB
Bounce:                0 kB
WritebackTmp:          0 kB
CommitLimit:    10356404 kB
Committed_AS:    3879940 kB
VmallocTotal:   34359738367 kB
VmallocUsed:           0 kB
VmallocChunk:          0 kB
HardwareCorrupted:     0 kB
AnonHugePages:   1241088 kB
ShmemHugePages:        0 kB
ShmemPmdMapped:        0 kB
HugePages_Total:       0
HugePages_Free:        0
HugePages_Rsvd:        0
HugePages_Surp:        0
Hugepagesize:       2048 kB
DirectMap4k:      148572 kB
DirectMap2M:     3930112 kB


CPU:total 2 (2 cores per cpu, 1 threads per core) family 6 model 55 stepping 8, cmov, cx8, fxsr, mmx, sse, sse2, sse3, ssse3, sse4.1, sse4.2, popcnt, clmul, erms, 3dnowpref, tsc, tscinvbit

/proc/cpuinfo:
processor	: 0
vendor_id	: GenuineIntel
cpu family	: 6
model		: 55
model name	: Intel(R) Celeron(R) CPU  N2830  @ 2.16GHz
stepping	: 8
microcode	: 0x815
cpu MHz		: 2415.638
cache size	: 1024 KB
physical id	: 0
siblings	: 2
core id		: 0
cpu cores	: 2
apicid		: 0
initial apicid	: 0
fpu		: yes
fpu_exception	: yes
cpuid level	: 11
wp		: yes
flags		: fpu vme de pse tsc msr pae mce cx8 apic sep mtrr pge mca cmov pat pse36 clflush dts acpi mmx fxsr sse sse2 ss ht tm pbe syscall nx rdtscp lm constant_tsc arch_perfmon pebs bts rep_good nopl xtopology tsc_reliable nonstop_tsc aperfmperf tsc_known_freq pni pclmulqdq dtes64 monitor ds_cpl vmx est tm2 ssse3 cx16 xtpr pdcm sse4_1 sse4_2 movbe popcnt tsc_deadline_timer rdrand lahf_lm 3dnowprefetch epb tpr_shadow vnmi flexpriority ept vpid tsc_adjust smep erms dtherm ida arat
bugs		:
bogomips	: 4333.08
clflush size	: 64
cache_alignment	: 64
address sizes	: 36 bits physical, 48 bits virtual
power management:

processor	: 1
vendor_id	: GenuineIntel
cpu family	: 6
model		: 55
model name	: Intel(R) Celeron(R) CPU  N2830  @ 2.16GHz
stepping	: 8
microcode	: 0x815
cpu MHz		: 2415.638
cache size	: 1024 KB
physical id	: 0
siblings	: 2
core id		: 1
cpu cores	: 2
apicid		: 2
initial apicid	: 2
fpu		: yes
fpu_exception	: yes
cpuid level	: 11
wp		: yes
flags		: fpu vme de pse tsc msr pae mce cx8 apic sep mtrr pge mca cmov pat pse36 clflush dts acpi mmx fxsr sse sse2 ss ht tm pbe syscall nx rdtscp lm constant_tsc arch_perfmon pebs bts rep_good nopl xtopology tsc_reliable nonstop_tsc aperfmperf tsc_known_freq pni pclmulqdq dtes64 monitor ds_cpl vmx est tm2 ssse3 cx16 xtpr pdcm sse4_1 sse4_2 movbe popcnt tsc_deadline_timer rdrand lahf_lm 3dnowprefetch epb tpr_shadow vnmi flexpriority ept vpid tsc_adjust smep erms dtherm ida arat
bugs		:
bogomips	: 4336.90
clflush size	: 64
cache_alignment	: 64
address sizes	: 36 bits physical, 48 bits virtual
power management:



Memory: 4k page, physical 3935600k(246124k free), swap 8388604k(8365692k free)

vm_info: OpenJDK 64-Bit Server VM (25.121-b13) for linux-amd64 JRE (1.8.0_121-b13), built on Jan 22 2017 09:22:31 by "builduser" with gcc 6.3.1 20170109

time: Mon Mar 20 00:08:15 2017
elapsed time: 30 seconds (0d 0h 0m 30s)

