#
# A fatal error has been detected by the Java Runtime Environment:
#
#  SIGSEGV (0xb) at pc=0x00007f053309a78e, pid=21167, tid=0x00007f0589de7700
#
# JRE version: OpenJDK Runtime Environment (8.0_121-b13) (build 1.8.0_121-b13)
# Java VM: OpenJDK 64-Bit Server VM (25.121-b13 mixed mode linux-amd64 compressed oops)
# Problematic frame:
# C  [libopencv_text.so.3.2+0x2478e]  cv::text::ERFilterNM::er_tree_extract(cv::_InputArray const&)+0x47e
#
# Core dump written. Default location: /home/andrey/IdeaProjects/scala-javacv/core or core.21167
#
# If you would like to submit a bug report, please visit:
#   http://bugreport.java.com/bugreport/crash.jsp
# The crash happened outside the Java Virtual Machine in native code.
# See problematic frame for where to report the bug.
#

---------------  T H R E A D  ---------------

Current thread (0x00007f058000e800):  JavaThread "main" [_thread_in_native, id=21171, stack(0x00007f0589ce7000,0x00007f0589de8000)]

siginfo: si_signo: 11 (SIGSEGV), si_code: 1 (SEGV_MAPERR), si_addr: 0x0000000000000000

Registers:
RAX=0x000000000000000f, RBX=0x00007f05806138a0, RCX=0x0000000000000001, RDX=0x000000000000000f
RSP=0x00007f0589de23c0, RBP=0x0000000000000000, RSI=0x0000000000000000, RDI=0x0000000000000000
R8 =0x00000000000000c0, R9 =0x0000000000000010, R10=0x0000000000000000, R11=0x0000000000000001
R12=0xd37a6f4de9bd37a7, R13=0x00007f0589de5b50, R14=0x00007f0589de5bb0, R15=0x0000000000000002
RIP=0x00007f053309a78e, EFLAGS=0x0000000000010246, CSGSFS=0x002b000000000033, ERR=0x0000000000000004
  TRAPNO=0x000000000000000e

Top of Stack: (sp=0x00007f0589de23c0)
0x00007f0589de23c0:   43953edf00000000 862494cffffffffc
0x00007f0589de23d0:   0ff71ac800000000 0a40c2f470eb0d60
0x00007f0589de23e0:   00000aad70b9a9a8 000000000000000f
0x00007f0589de23f0:   0000000000000000 0000000d00000010
0x00007f0589de2400:   00007f05806138a0 00007f0500000586
0x00007f0589de2410:   00007f0500000002 0d3bc07270e6e158
0x00007f0589de2420:   0000000f00000004 0000000e0000000f
0x00007f0589de2430:   0000000000000daf 00007f0589de3c80
0x00007f0589de2440:   00007f0589de2480 00007f0589de5740
0x00007f0589de2450:   004bb27c004ba4cc 004b971efffff251
0x00007f0589de2460:   004bb27e004b971c 00007f0589de5970
0x00007f0589de2470:   00007f0589de5960 00007f0589de5990
0x00007f0589de2480:   0000000000000000 0000000000000000
0x00007f0589de2490:   0000000000000000 0000000000000000
0x00007f0589de24a0:   0000000000000000 0000000000000000
0x00007f0589de24b0:   0000000000000000 0000000000000000
0x00007f0589de24c0:   0000000000000000 0000000000000000
0x00007f0589de24d0:   0000000000000000 0000000000000000
0x00007f0589de24e0:   0000000000000000 0000000000000000
0x00007f0589de24f0:   0000000000000000 0000000000000000
0x00007f0589de2500:   0000000000000000 0000000000000000
0x00007f0589de2510:   0000000000000000 0000000000000000
0x00007f0589de2520:   0000000000000000 0000000000000000
0x00007f0589de2530:   0000000000000000 0000000000000000
0x00007f0589de2540:   0000000000000000 0000000000000000
0x00007f0589de2550:   0000000000000000 0000000000000000
0x00007f0589de2560:   0000000000000000 0000000000000000
0x00007f0589de2570:   0000000000000000 0000000000000000
0x00007f0589de2580:   0000000000000000 0000000000000000
0x00007f0589de2590:   0000000000000000 0000000000000000
0x00007f0589de25a0:   0000000000000000 0000000000000000
0x00007f0589de25b0:   0000000000000000 0000000000000000 

Instructions: (pc=0x00007f053309a78e)
0x00007f053309a76e:   00 48 8b 74 24 30 89 d0 c1 fa 1f b9 01 00 00 00
0x00007f053309a77e:   31 ed f7 7b 14 c7 84 24 ec 35 00 00 00 00 00 00
0x00007f053309a78e:   0f b6 36 89 74 24 3c 48 8d b4 24 b0 35 00 00 44
0x00007f053309a79e:   8d 68 01 48 8b 84 24 e0 34 00 00 48 83 08 01 48 

Register to memory mapping:

RAX=0x000000000000000f is an unknown value
RBX=0x00007f05806138a0 is an unknown value
RCX=0x0000000000000001 is an unknown value
RDX=0x000000000000000f is an unknown value
RSP=0x00007f0589de23c0 is pointing into the stack for thread: 0x00007f058000e800
RBP=0x0000000000000000 is an unknown value
RSI=0x0000000000000000 is an unknown value
RDI=0x0000000000000000 is an unknown value
R8 =0x00000000000000c0 is an unknown value
R9 =0x0000000000000010 is an unknown value
R10=0x0000000000000000 is an unknown value
R11=0x0000000000000001 is an unknown value
R12=0xd37a6f4de9bd37a7 is an unknown value
R13=0x00007f0589de5b50 is pointing into the stack for thread: 0x00007f058000e800
R14=0x00007f0589de5bb0 is pointing into the stack for thread: 0x00007f058000e800
R15=0x0000000000000002 is an unknown value


Stack: [0x00007f0589ce7000,0x00007f0589de8000],  sp=0x00007f0589de23c0,  free space=1004k
Native frames: (J=compiled Java code, j=interpreted, Vv=VM code, C=native code)
C  [libopencv_text.so.3.2+0x2478e]  cv::text::ERFilterNM::er_tree_extract(cv::_InputArray const&)+0x47e

Java frames: (J=compiled Java code, j=interpreted, Vv=VM code)
j  org.bytedeco.javacpp.opencv_text$ERFilter.run(Lorg/bytedeco/javacpp/opencv_core$Mat;Lorg/bytedeco/javacpp/opencv_text$ERStatVector;)V+0
j  ImageTextDetectionApp$.$anonfun$new$3(LImageTextDetectionApp$;I)V+22
j  ImageTextDetectionApp$$$Lambda$12.apply$mcVI$sp(I)V+5
j  scala.collection.immutable.Range.foreach$mVc$sp(Lscala/Function1;)V+14
j  ImageTextDetectionApp$.delayedEndpoint$ImageTextDetectionApp$1()V+229
j  ImageTextDetectionApp$delayedInit$body.apply()Ljava/lang/Object;+4
j  scala.Function0.apply$mcV$sp()V+1
j  scala.Function0.apply$mcV$sp$(Lscala/Function0;)V+1
j  scala.runtime.AbstractFunction0.apply$mcV$sp()V+1
j  scala.App.$anonfun$main$1$adapted(Lscala/Function0;)Ljava/lang/Object;+1
j  scala.App$$Lambda$5.apply(Ljava/lang/Object;)Ljava/lang/Object;+4
j  scala.collection.immutable.List.foreach(Lscala/Function1;)V+14
j  scala.App.main([Ljava/lang/String;)V+33
j  scala.App.main$(Lscala/App;[Ljava/lang/String;)V+2
j  ImageTextDetectionApp$.main([Ljava/lang/String;)V+2
j  ImageTextDetectionApp.main([Ljava/lang/String;)V+4
v  ~StubRoutines::call_stub
j  sun.reflect.NativeMethodAccessorImpl.invoke0(Ljava/lang/reflect/Method;Ljava/lang/Object;[Ljava/lang/Object;)Ljava/lang/Object;+0
j  sun.reflect.NativeMethodAccessorImpl.invoke(Ljava/lang/Object;[Ljava/lang/Object;)Ljava/lang/Object;+100
j  sun.reflect.DelegatingMethodAccessorImpl.invoke(Ljava/lang/Object;[Ljava/lang/Object;)Ljava/lang/Object;+6
j  java.lang.reflect.Method.invoke(Ljava/lang/Object;[Ljava/lang/Object;)Ljava/lang/Object;+56
j  com.intellij.rt.execution.application.AppMain.main([Ljava/lang/String;)V+170
v  ~StubRoutines::call_stub

---------------  P R O C E S S  ---------------

Java Threads: ( => current thread )
  0x00007f0580ef2800 JavaThread "JavaCPP Deallocator" daemon [_thread_blocked, id=21192, stack(0x00007f05696a6000,0x00007f05697a7000)]
  0x00007f05804a4800 JavaThread "Monitor Ctrl-Break" daemon [_thread_in_native, id=21190, stack(0x00007f056b178000,0x00007f056b279000)]
  0x00007f05800d0000 JavaThread "Service Thread" daemon [_thread_blocked, id=21183, stack(0x00007f056b630000,0x00007f056b731000)]
  0x00007f05800bb800 JavaThread "C1 CompilerThread1" daemon [_thread_blocked, id=21182, stack(0x00007f056b731000,0x00007f056b832000)]
  0x00007f05800b8800 JavaThread "C2 CompilerThread0" daemon [_thread_blocked, id=21181, stack(0x00007f056b832000,0x00007f056b933000)]
  0x00007f05800b7000 JavaThread "Signal Dispatcher" daemon [_thread_blocked, id=21180, stack(0x00007f056b933000,0x00007f056ba34000)]
  0x00007f0580084000 JavaThread "Finalizer" daemon [_thread_blocked, id=21177, stack(0x00007f056bcfd000,0x00007f056bdfe000)]
  0x00007f058007f800 JavaThread "Reference Handler" daemon [_thread_blocked, id=21176, stack(0x00007f056bdfe000,0x00007f056beff000)]
=>0x00007f058000e800 JavaThread "main" [_thread_in_native, id=21171, stack(0x00007f0589ce7000,0x00007f0589de8000)]

Other Threads:
  0x00007f0580078000 VMThread [stack: 0x00007f056beff000,0x00007f056c000000] [id=21175]
  0x00007f05800d3000 WatcherThread [stack: 0x00007f056b52f000,0x00007f056b630000] [id=21184]

VM state:not at safepoint (normal execution)

VM Mutex/Monitor currently owned by a thread: None

Heap:
 PSYoungGen      total 18432K, used 5865K [0x00000000ebf80000, 0x00000000ed400000, 0x0000000100000000)
  eden space 15872K, 21% used [0x00000000ebf80000,0x00000000ec2c1d90,0x00000000ecf00000)
  from space 2560K, 98% used [0x00000000ecf00000,0x00000000ed178770,0x00000000ed180000)
  to   space 2560K, 0% used [0x00000000ed180000,0x00000000ed180000,0x00000000ed400000)
 ParOldGen       total 42496K, used 1980K [0x00000000c3e00000, 0x00000000c6780000, 0x00000000ebf80000)
  object space 42496K, 4% used [0x00000000c3e00000,0x00000000c3fef070,0x00000000c6780000)
 Metaspace       used 10874K, capacity 11054K, committed 11264K, reserved 1058816K
  class space    used 1351K, capacity 1413K, committed 1536K, reserved 1048576K

Card table byte_map: [0x00007f05867ae000,0x00007f0586990000] byte_map_base: 0x00007f058618f000

Marking Bits: (ParMarkBitMap*) 0x00007f0588fea260
 Begin Bits: [0x00007f058465b000, 0x00007f0585563000)
 End Bits:   [0x00007f0585563000, 0x00007f058646b000)

Polling page: 0x00007f0589e11000

CodeCache: size=245760Kb used=3662Kb max_used=3684Kb free=242097Kb
 bounds [0x00007f0571000000, 0x00007f05713a0000, 0x00007f0580000000]
 total_blobs=1300 nmethods=879 adapters=337
 compilation: enabled

Compilation events (10 events):
Event: 7.274 Thread 0x00007f05800b8800  874       4       java.net.URLStreamHandler::parseURL (1193 bytes)
Event: 7.285 Thread 0x00007f05800bb800  875       3       java.nio.file.Files::provider (10 bytes)
Event: 7.285 Thread 0x00007f05800bb800 nmethod 875 0x00007f057138c1d0 code [0x00007f057138c360, 0x00007f057138c618]
Event: 7.285 Thread 0x00007f05800bb800  876       3       sun.nio.fs.UnixPath::getFileSystem (5 bytes)
Event: 7.285 Thread 0x00007f05800bb800 nmethod 876 0x00007f057138c710 code [0x00007f057138c880, 0x00007f057138c9f0]
Event: 7.285 Thread 0x00007f05800bb800  877       3       sun.nio.fs.NativeBuffers::getNativeBufferFromCache (51 bytes)
Event: 7.286 Thread 0x00007f05800bb800 nmethod 877 0x00007f057138ca90 code [0x00007f057138cc40, 0x00007f057138d1e8]
Event: 7.524 Thread 0x00007f05800b8800 nmethod 874 0x00007f0571393910 code [0x00007f0571393c40, 0x00007f05713970f8]
Event: 7.524 Thread 0x00007f05800b8800  878       4       java.net.URI::quote (208 bytes)
Event: 7.533 Thread 0x00007f05800b8800 nmethod 878 0x00007f05713900d0 code [0x00007f0571390240, 0x00007f0571390638]

GC Heap History (6 events):
Event: 2.133 GC heap before
{Heap before GC invocations=1 (full 0):
 PSYoungGen      total 18432K, used 15872K [0x00000000ebf80000, 0x00000000ed400000, 0x0000000100000000)
  eden space 15872K, 100% used [0x00000000ebf80000,0x00000000ecf00000,0x00000000ecf00000)
  from space 2560K, 0% used [0x00000000ed180000,0x00000000ed180000,0x00000000ed400000)
  to   space 2560K, 0% used [0x00000000ecf00000,0x00000000ecf00000,0x00000000ed180000)
 ParOldGen       total 42496K, used 0K [0x00000000c3e00000, 0x00000000c6780000, 0x00000000ebf80000)
  object space 42496K, 0% used [0x00000000c3e00000,0x00000000c3e00000,0x00000000c6780000)
 Metaspace       used 7687K, capacity 7864K, committed 8064K, reserved 1056768K
  class space    used 814K, capacity 890K, committed 896K, reserved 1048576K
Event: 2.147 GC heap after
Heap after GC invocations=1 (full 0):
 PSYoungGen      total 18432K, used 2552K [0x00000000ebf80000, 0x00000000ed400000, 0x0000000100000000)
  eden space 15872K, 0% used [0x00000000ebf80000,0x00000000ebf80000,0x00000000ecf00000)
  from space 2560K, 99% used [0x00000000ecf00000,0x00000000ed17e058,0x00000000ed180000)
  to   space 2560K, 0% used [0x00000000ed180000,0x00000000ed180000,0x00000000ed400000)
 ParOldGen       total 42496K, used 1026K [0x00000000c3e00000, 0x00000000c6780000, 0x00000000ebf80000)
  object space 42496K, 2% used [0x00000000c3e00000,0x00000000c3f009e0,0x00000000c6780000)
 Metaspace       used 7687K, capacity 7864K, committed 8064K, reserved 1056768K
  class space    used 814K, capacity 890K, committed 896K, reserved 1048576K
}
Event: 3.675 GC heap before
{Heap before GC invocations=2 (full 0):
 PSYoungGen      total 18432K, used 18424K [0x00000000ebf80000, 0x00000000ed400000, 0x0000000100000000)
  eden space 15872K, 100% used [0x00000000ebf80000,0x00000000ecf00000,0x00000000ecf00000)
  from space 2560K, 99% used [0x00000000ecf00000,0x00000000ed17e058,0x00000000ed180000)
  to   space 2560K, 0% used [0x00000000ed180000,0x00000000ed180000,0x00000000ed400000)
 ParOldGen       total 42496K, used 1026K [0x00000000c3e00000, 0x00000000c6780000, 0x00000000ebf80000)
  object space 42496K, 2% used [0x00000000c3e00000,0x00000000c3f009e0,0x00000000c6780000)
 Metaspace       used 9377K, capacity 9598K, committed 9856K, reserved 1058816K
  class space    used 1021K, capacity 1083K, committed 1152K, reserved 1048576K
Event: 3.684 GC heap after
Heap after GC invocations=2 (full 0):
 PSYoungGen      total 18432K, used 2543K [0x00000000ebf80000, 0x00000000ed400000, 0x0000000100000000)
  eden space 15872K, 0% used [0x00000000ebf80000,0x00000000ebf80000,0x00000000ecf00000)
  from space 2560K, 99% used [0x00000000ed180000,0x00000000ed3fbc20,0x00000000ed400000)
  to   space 2560K, 0% used [0x00000000ecf00000,0x00000000ecf00000,0x00000000ed180000)
 ParOldGen       total 42496K, used 1400K [0x00000000c3e00000, 0x00000000c6780000, 0x00000000ebf80000)
  object space 42496K, 3% used [0x00000000c3e00000,0x00000000c3f5e3a0,0x00000000c6780000)
 Metaspace       used 9377K, capacity 9598K, committed 9856K, reserved 1058816K
  class space    used 1021K, capacity 1083K, committed 1152K, reserved 1048576K
}
Event: 7.245 GC heap before
{Heap before GC invocations=3 (full 0):
 PSYoungGen      total 18432K, used 18415K [0x00000000ebf80000, 0x00000000ed400000, 0x0000000100000000)
  eden space 15872K, 100% used [0x00000000ebf80000,0x00000000ecf00000,0x00000000ecf00000)
  from space 2560K, 99% used [0x00000000ed180000,0x00000000ed3fbc20,0x00000000ed400000)
  to   space 2560K, 0% used [0x00000000ecf00000,0x00000000ecf00000,0x00000000ed180000)
 ParOldGen       total 42496K, used 1400K [0x00000000c3e00000, 0x00000000c6780000, 0x00000000ebf80000)
  object space 42496K, 3% used [0x00000000c3e00000,0x00000000c3f5e3a0,0x00000000c6780000)
 Metaspace       used 10859K, capacity 11048K, committed 11264K, reserved 1058816K
  class space    used 1350K, capacity 1412K, committed 1536K, reserved 1048576K
Event: 7.254 GC heap after
Heap after GC invocations=3 (full 0):
 PSYoungGen      total 18432K, used 2529K [0x00000000ebf80000, 0x00000000ed400000, 0x0000000100000000)
  eden space 15872K, 0% used [0x00000000ebf80000,0x00000000ebf80000,0x00000000ecf00000)
  from space 2560K, 98% used [0x00000000ecf00000,0x00000000ed178770,0x00000000ed180000)
  to   space 2560K, 0% used [0x00000000ed180000,0x00000000ed180000,0x00000000ed400000)
 ParOldGen       total 42496K, used 1980K [0x00000000c3e00000, 0x00000000c6780000, 0x00000000ebf80000)
  object space 42496K, 4% used [0x00000000c3e00000,0x00000000c3fef070,0x00000000c6780000)
 Metaspace       used 10859K, capacity 11048K, committed 11264K, reserved 1058816K
  class space    used 1350K, capacity 1412K, committed 1536K, reserved 1048576K
}

Deoptimization events (2 events):
Event: 0.633 Thread 0x00007f058000e800 Uncommon trap: reason=unstable_if action=reinterpret pc=0x00007f0571113d34 method=java.lang.String.hashCode()I @ 14
Event: 1.793 Thread 0x00007f058000e800 Uncommon trap: reason=unstable_if action=reinterpret pc=0x00007f05712040dc method=java.util.HashMap.getNode(ILjava/lang/Object;)Ljava/util/HashMap$Node; @ 62

Internal exceptions (10 events):
Event: 0.909 Thread 0x00007f058000e800 Exception <a 'java/security/PrivilegedActionException'> (0x00000000ec6ff350) thrown at [/build/java8-openjdk/src/jdk8u-jdk8u121-b13/hotspot/src/share/vm/prims/jvm.cpp, line 1390]
Event: 0.909 Thread 0x00007f058000e800 Exception <a 'java/security/PrivilegedActionException'> (0x00000000ec6fff98) thrown at [/build/java8-openjdk/src/jdk8u-jdk8u121-b13/hotspot/src/share/vm/prims/jvm.cpp, line 1390]
Event: 0.909 Thread 0x00007f058000e800 Exception <a 'java/security/PrivilegedActionException'> (0x00000000ec700390) thrown at [/build/java8-openjdk/src/jdk8u-jdk8u121-b13/hotspot/src/share/vm/prims/jvm.cpp, line 1390]
Event: 1.197 Thread 0x00007f058000e800 Exception <a 'java/lang/NoSuchFieldError': method resolution failed> (0x00000000ec8c2c98) thrown at [/build/java8-openjdk/src/jdk8u-jdk8u121-b13/hotspot/src/share/vm/prims/methodHandles.cpp, line 1146]
Event: 1.208 Thread 0x00007f058000e800 Exception <a 'java/lang/NoSuchFieldError': method resolution failed> (0x00000000ec8d0468) thrown at [/build/java8-openjdk/src/jdk8u-jdk8u121-b13/hotspot/src/share/vm/prims/methodHandles.cpp, line 1146]
Event: 1.258 Thread 0x00007f058000e800 Exception <a 'java/lang/NoSuchMethodError': java.lang.Object.$anonfun$releaseVersion$1$adapted(Ljava/lang/String;)Ljava/lang/Object;> (0x00000000ec8f7368) thrown at [/build/java8-openjdk/src/jdk8u-jdk8u121-b13/hotspot/src/share/vm/interpreter/linkResolver
Event: 1.298 Thread 0x00007f058000e800 Exception <a 'java/lang/NoSuchMethodError': java.lang.Object.$anonfun$releaseVersion$2(Ljava/lang/String;)Ljava/lang/String;> (0x00000000ec918c30) thrown at [/build/java8-openjdk/src/jdk8u-jdk8u121-b13/hotspot/src/share/vm/interpreter/linkResolver.cpp, li
Event: 1.306 Thread 0x00007f058000e800 Exception <a 'java/lang/NoSuchMethodError': java.lang.Object.$anonfun$developmentVersion$1$adapted(Ljava/lang/String;)Ljava/lang/Object;> (0x00000000ec92a048) thrown at [/build/java8-openjdk/src/jdk8u-jdk8u121-b13/hotspot/src/share/vm/interpreter/linkReso
Event: 1.308 Thread 0x00007f058000e800 Exception <a 'java/lang/NoSuchMethodError': java.lang.Object.$anonfun$developmentVersion$2(Lscala/util/PropertiesTrait;Ljava/lang/String;)Lscala/Option;> (0x00000000ec92d798) thrown at [/build/java8-openjdk/src/jdk8u-jdk8u121-b13/hotspot/src/share/vm/inte
Event: 1.711 Thread 0x00007f058000e800 Exception <a 'java/lang/NoSuchMethodError': java.lang.Object.$anonfun$main$1$adapted(Lscala/Function0;)Ljava/lang/Object;> (0x00000000ecbeced0) thrown at [/build/java8-openjdk/src/jdk8u-jdk8u121-b13/hotspot/src/share/vm/interpreter/linkResolver.cpp, line 

Events (10 events):
Event: 5.419 loading class scala/runtime/java8/JFunction1$mcZI$sp
Event: 5.419 loading class scala/runtime/java8/JFunction1$mcZI$sp done
Event: 7.245 Executing VM operation: ParallelGCFailedAllocation
Event: 7.254 Executing VM operation: ParallelGCFailedAllocation done
Event: 7.267 loading class ImageTextDetectionApp$
Event: 7.267 loading class ImageTextDetectionApp$ done
Event: 7.267 loading class ImageTextDetectionApp$
Event: 7.267 loading class ImageTextDetectionApp$ done
Event: 7.267 loading class scala/runtime/java8/JFunction1$mcVI$sp
Event: 7.267 loading class scala/runtime/java8/JFunction1$mcVI$sp done


Dynamic libraries:
00400000-00401000 r-xp 00000000 00:13 1620704                            /usr/lib/jvm/java-8-openjdk/jre/bin/java
00600000-00601000 r--p 00000000 00:13 1620704                            /usr/lib/jvm/java-8-openjdk/jre/bin/java
00601000-00602000 rw-p 00001000 00:13 1620704                            /usr/lib/jvm/java-8-openjdk/jre/bin/java
00fe8000-0141e000 rw-p 00000000 00:00 0                                  [heap]
c3e00000-c6780000 rw-p 00000000 00:00 0 
c6780000-ebf80000 ---p 00000000 00:00 0 
ebf80000-ed400000 rw-p 00000000 00:00 0 
ed400000-100000000 ---p 00000000 00:00 0 
100000000-100180000 rw-p 00000000 00:00 0 
100180000-140000000 ---p 00000000 00:00 0 
7f052b93e000-7f052c10d000 rw-p 00000000 00:00 0 
7f052d87a000-7f052d87b000 ---p 00000000 00:00 0 
7f052d87b000-7f052e07b000 rwxp 00000000 00:00 0 
7f052f7e7000-7f0530f54000 rw-p 00000000 00:00 0 
7f05326c1000-7f053272d000 r-xp 00000000 00:13 2418409                    /home/andrey/.javacpp/cache/opencv-3.2.0-1.3-linux-x86_64.jar/org/bytedeco/javacpp/linux-x86_64/libjniopencv_text.so
7f053272d000-7f053292c000 ---p 0006c000 00:13 2418409                    /home/andrey/.javacpp/cache/opencv-3.2.0-1.3-linux-x86_64.jar/org/bytedeco/javacpp/linux-x86_64/libjniopencv_text.so
7f053292c000-7f053292d000 rw-p 0006b000 00:13 2418409                    /home/andrey/.javacpp/cache/opencv-3.2.0-1.3-linux-x86_64.jar/org/bytedeco/javacpp/linux-x86_64/libjniopencv_text.so
7f053292d000-7f0532964000 r-xp 00000000 00:13 2420372                    /usr/lib/libtbb.so.2
7f0532964000-7f0532b63000 ---p 00037000 00:13 2420372                    /usr/lib/libtbb.so.2
7f0532b63000-7f0532b65000 r--p 00036000 00:13 2420372                    /usr/lib/libtbb.so.2
7f0532b65000-7f0532b67000 rw-p 00038000 00:13 2420372                    /usr/lib/libtbb.so.2
7f0532b67000-7f0532b6a000 rw-p 00000000 00:00 0 
7f0532b6a000-7f0532bbb000 r-xp 00000000 00:13 2421218                    /usr/lib/libopencv_flann.so.3.2.0
7f0532bbb000-7f0532dbb000 ---p 00051000 00:13 2421218                    /usr/lib/libopencv_flann.so.3.2.0
7f0532dbb000-7f0532dbd000 r--p 00051000 00:13 2421218                    /usr/lib/libopencv_flann.so.3.2.0
7f0532dbd000-7f0532dbe000 rw-p 00053000 00:13 2421218                    /usr/lib/libopencv_flann.so.3.2.0
7f0532dbe000-7f0532e72000 r-xp 00000000 00:13 2421242                    /usr/lib/libopencv_features2d.so.3.2.0
7f0532e72000-7f0533071000 ---p 000b4000 00:13 2421242                    /usr/lib/libopencv_features2d.so.3.2.0
7f0533071000-7f0533074000 r--p 000b3000 00:13 2421242                    /usr/lib/libopencv_features2d.so.3.2.0
7f0533074000-7f0533076000 rw-p 000b6000 00:13 2421242                    /usr/lib/libopencv_features2d.so.3.2.0
7f0533076000-7f05330d9000 r-xp 00000000 00:13 2418408                    /home/andrey/.javacpp/cache/opencv-3.2.0-1.3-linux-x86_64.jar/org/bytedeco/javacpp/linux-x86_64/libopencv_text.so.3.2
7f05330d9000-7f05332d9000 ---p 00063000 00:13 2418408                    /home/andrey/.javacpp/cache/opencv-3.2.0-1.3-linux-x86_64.jar/org/bytedeco/javacpp/linux-x86_64/libopencv_text.so.3.2
7f05332d9000-7f05332db000 rw-p 00063000 00:13 2418408                    /home/andrey/.javacpp/cache/opencv-3.2.0-1.3-linux-x86_64.jar/org/bytedeco/javacpp/linux-x86_64/libopencv_text.so.3.2
7f05332db000-7f053339e000 rw-p 00000000 00:00 0 
7f053339e000-7f05333e4000 r-xp 00000000 00:13 2418407                    /home/andrey/.javacpp/cache/opencv-3.2.0-1.3-linux-x86_64.jar/org/bytedeco/javacpp/linux-x86_64/libjniopencv_ml.so
7f05333e4000-7f05335e4000 ---p 00046000 00:13 2418407                    /home/andrey/.javacpp/cache/opencv-3.2.0-1.3-linux-x86_64.jar/org/bytedeco/javacpp/linux-x86_64/libjniopencv_ml.so
7f05335e4000-7f05335e5000 rw-p 00046000 00:13 2418407                    /home/andrey/.javacpp/cache/opencv-3.2.0-1.3-linux-x86_64.jar/org/bytedeco/javacpp/linux-x86_64/libjniopencv_ml.so
7f05335e5000-7f053367d000 r-xp 00000000 00:13 2418406                    /home/andrey/.javacpp/cache/opencv-3.2.0-1.3-linux-x86_64.jar/org/bytedeco/javacpp/linux-x86_64/libopencv_ml.so.3.2
7f053367d000-7f053387c000 ---p 00098000 00:13 2418406                    /home/andrey/.javacpp/cache/opencv-3.2.0-1.3-linux-x86_64.jar/org/bytedeco/javacpp/linux-x86_64/libopencv_ml.so.3.2
7f053387c000-7f0533880000 rw-p 00097000 00:13 2418406                    /home/andrey/.javacpp/cache/opencv-3.2.0-1.3-linux-x86_64.jar/org/bytedeco/javacpp/linux-x86_64/libopencv_ml.so.3.2
7f0533880000-7f05338c1000 r-xp 00000000 00:13 2418405                    /home/andrey/.javacpp/cache/opencv-3.2.0-1.3-linux-x86_64.jar/org/bytedeco/javacpp/linux-x86_64/libjniopencv_highgui.so
7f05338c1000-7f0533ac1000 ---p 00041000 00:13 2418405                    /home/andrey/.javacpp/cache/opencv-3.2.0-1.3-linux-x86_64.jar/org/bytedeco/javacpp/linux-x86_64/libjniopencv_highgui.so
7f0533ac1000-7f0533ac2000 rw-p 00041000 00:13 2418405                    /home/andrey/.javacpp/cache/opencv-3.2.0-1.3-linux-x86_64.jar/org/bytedeco/javacpp/linux-x86_64/libjniopencv_highgui.so
7f0533ac2000-7f0533acd000 r-xp 00000000 00:13 2418404                    /home/andrey/.javacpp/cache/opencv-3.2.0-1.3-linux-x86_64.jar/org/bytedeco/javacpp/linux-x86_64/libopencv_highgui.so.3.2
7f0533acd000-7f0533ccc000 ---p 0000b000 00:13 2418404                    /home/andrey/.javacpp/cache/opencv-3.2.0-1.3-linux-x86_64.jar/org/bytedeco/javacpp/linux-x86_64/libopencv_highgui.so.3.2
7f0533ccc000-7f0533ccd000 rw-p 0000a000 00:13 2418404                    /home/andrey/.javacpp/cache/opencv-3.2.0-1.3-linux-x86_64.jar/org/bytedeco/javacpp/linux-x86_64/libopencv_highgui.so.3.2
7f0533ccd000-7f0533ce2000 r-xp 00000000 00:13 2418403                    /home/andrey/.javacpp/cache/opencv-3.2.0-1.3-linux-x86_64.jar/org/bytedeco/javacpp/linux-x86_64/libjniopencv_videoio.so
7f0533ce2000-7f0533ee2000 ---p 00015000 00:13 2418403                    /home/andrey/.javacpp/cache/opencv-3.2.0-1.3-linux-x86_64.jar/org/bytedeco/javacpp/linux-x86_64/libjniopencv_videoio.so
7f0533ee2000-7f0533ee3000 rw-p 00015000 00:13 2418403                    /home/andrey/.javacpp/cache/opencv-3.2.0-1.3-linux-x86_64.jar/org/bytedeco/javacpp/linux-x86_64/libjniopencv_videoio.so
7f0533ee3000-7f0533eea000 r-xp 00000000 00:13 2026335                    /usr/lib/libdatrie.so.1.3.3
7f0533eea000-7f05340e9000 ---p 00007000 00:13 2026335                    /usr/lib/libdatrie.so.1.3.3
7f05340e9000-7f05340ea000 r--p 00006000 00:13 2026335                    /usr/lib/libdatrie.so.1.3.3
7f05340ea000-7f05340eb000 rw-p 00007000 00:13 2026335                    /usr/lib/libdatrie.so.1.3.3
7f05340eb000-7f05340fb000 r-xp 00000000 00:13 2117097                    /usr/lib/libGLX.so.0.0.0
7f05340fb000-7f05342fa000 ---p 00010000 00:13 2117097                    /usr/lib/libGLX.so.0.0.0
7f05342fa000-7f05342fb000 r--p 0000f000 00:13 2117097                    /usr/lib/libGLX.so.0.0.0
7f05342fb000-7f05342fc000 rw-p 00010000 00:13 2117097                    /usr/lib/libGLX.so.0.0.0
7f05342fc000-7f053431c000 rw-p 00000000 00:00 0 
7f053431c000-7f0534321000 r-xp 00000000 00:13 42076                      /usr/lib/libXdmcp.so.6.0.0
7f0534321000-7f0534520000 ---p 00005000 00:13 42076                      /usr/lib/libXdmcp.so.6.0.0
7f0534520000-7f0534521000 r--p 00004000 00:13 42076                      /usr/lib/libXdmcp.so.6.0.0
7f0534521000-7f0534522000 rw-p 00005000 00:13 42076                      /usr/lib/libXdmcp.so.6.0.0
7f0534522000-7f0534524000 r-xp 00000000 00:13 42085                      /usr/lib/libXau.so.6.0.0
7f0534524000-7f0534724000 ---p 00002000 00:13 42085                      /usr/lib/libXau.so.6.0.0
7f0534724000-7f0534725000 r--p 00002000 00:13 42085                      /usr/lib/libXau.so.6.0.0
7f0534725000-7f0534726000 rw-p 00003000 00:13 42085                      /usr/lib/libXau.so.6.0.0
7f0534726000-7f0534794000 r-xp 00000000 00:13 2117094                    /usr/lib/libGLdispatch.so.0.0.0
7f0534794000-7f0534993000 ---p 0006e000 00:13 2117094                    /usr/lib/libGLdispatch.so.0.0.0
7f0534993000-7f05349bb000 r--p 0006d000 00:13 2117094                    /usr/lib/libGLdispatch.so.0.0.0
7f05349bb000-7f05349bc000 rw-p 00095000 00:13 2117094                    /usr/lib/libGLdispatch.so.0.0.0
7f05349bc000-7f05349dc000 rw-p 00000000 00:00 0 
7f05349dc000-7f0534a06000 r-xp 00000000 00:13 586151                     /usr/lib/libgraphite2.so.3.0.1
7f0534a06000-7f0534c05000 ---p 0002a000 00:13 586151                     /usr/lib/libgraphite2.so.3.0.1
7f0534c05000-7f0534c07000 r--p 00029000 00:13 586151                     /usr/lib/libgraphite2.so.3.0.1
7f0534c07000-7f0534c08000 rw-p 0002b000 00:13 586151                     /usr/lib/libgraphite2.so.3.0.1
7f0534c08000-7f0534c0c000 r-xp 00000000 00:13 2024957                    /usr/lib/libuuid.so.1.3.0
7f0534c0c000-7f0534e0b000 ---p 00004000 00:13 2024957                    /usr/lib/libuuid.so.1.3.0
7f0534e0b000-7f0534e0c000 r--p 00003000 00:13 2024957                    /usr/lib/libuuid.so.1.3.0
7f0534e0c000-7f0534e0d000 rw-p 00004000 00:13 2024957                    /usr/lib/libuuid.so.1.3.0
7f0534e0d000-7f0534e4e000 r-xp 00000000 00:13 2024958                    /usr/lib/libblkid.so.1.1.0
7f0534e4e000-7f053504d000 ---p 00041000 00:13 2024958                    /usr/lib/libblkid.so.1.1.0
7f053504d000-7f0535051000 r--p 00040000 00:13 2024958                    /usr/lib/libblkid.so.1.1.0
7f0535051000-7f0535052000 rw-p 00044000 00:13 2024958                    /usr/lib/libblkid.so.1.1.0
7f0535052000-7f0535053000 rw-p 00000000 00:00 0 
7f0535053000-7f05350c5000 r-xp 00000000 00:13 1605008                    /usr/lib/libpcre.so.1.2.8
7f05350c5000-7f05352c4000 ---p 00072000 00:13 1605008                    /usr/lib/libpcre.so.1.2.8
7f05352c4000-7f05352c5000 r--p 00071000 00:13 1605008                    /usr/lib/libpcre.so.1.2.8
7f05352c5000-7f05352c6000 rw-p 00072000 00:13 1605008                    /usr/lib/libpcre.so.1.2.8
7f05352c6000-7f05352cd000 r-xp 00000000 00:13 17402                      /usr/lib/libffi.so.6.0.4
7f05352cd000-7f05354cd000 ---p 00007000 00:13 17402                      /usr/lib/libffi.so.6.0.4
7f05354cd000-7f05354ce000 r--p 00007000 00:13 17402                      /usr/lib/libffi.so.6.0.4
7f05354ce000-7f05354cf000 rw-p 00008000 00:13 17402                      /usr/lib/libffi.so.6.0.4
7f05354cf000-7f05354f6000 r-xp 00000000 00:13 12033                      /usr/lib/libexpat.so.1.6.2
7f05354f6000-7f05356f6000 ---p 00027000 00:13 12033                      /usr/lib/libexpat.so.1.6.2
7f05356f6000-7f05356f8000 r--p 00027000 00:13 12033                      /usr/lib/libexpat.so.1.6.2
7f05356f8000-7f05356f9000 rw-p 00029000 00:13 12033                      /usr/lib/libexpat.so.1.6.2
7f05356f9000-7f0535708000 r-xp 00000000 00:13 1313099                    /usr/lib/libbz2.so.1.0.6
7f0535708000-7f0535907000 ---p 0000f000 00:13 1313099                    /usr/lib/libbz2.so.1.0.6
7f0535907000-7f0535908000 r--p 0000e000 00:13 1313099                    /usr/lib/libbz2.so.1.0.6
7f0535908000-7f0535909000 rw-p 0000f000 00:13 1313099                    /usr/lib/libbz2.so.1.0.6
7f0535909000-7f0535911000 r-xp 00000000 00:13 1621406                    /usr/lib/libthai.so.0.3.0
7f0535911000-7f0535b11000 ---p 00008000 00:13 1621406                    /usr/lib/libthai.so.0.3.0
7f0535b11000-7f0535b12000 r--p 00008000 00:13 1621406                    /usr/lib/libthai.so.0.3.0
7f0535b12000-7f0535b13000 rw-p 00009000 00:13 1621406                    /usr/lib/libthai.so.0.3.0
7f0535b13000-7f0535b83000 r-xp 00000000 00:13 2117098                    /usr/lib/libGL.so.1.0.0
7f0535b83000-7f0535d82000 ---p 00070000 00:13 2117098                    /usr/lib/libGL.so.1.0.0
7f0535d82000-7f0535d9c000 r--p 0006f000 00:13 2117098                    /usr/lib/libGL.so.1.0.0
7f0535d9c000-7f0535d9d000 rw-p 00089000 00:13 2117098                    /usr/lib/libGL.so.1.0.0
7f0535d9d000-7f0535d9e000 rw-p 00000000 00:00 0 
7f0535d9e000-7f0535daa000 r-xp 00000000 00:13 42162                      /usr/lib/libxcb-render.so.0.0.0
7f0535daa000-7f0535faa000 ---p 0000c000 00:13 42162                      /usr/lib/libxcb-render.so.0.0.0
7f0535faa000-7f0535fab000 r--p 0000c000 00:13 42162                      /usr/lib/libxcb-render.so.0.0.0
7f0535fab000-7f0535fac000 rw-p 0000d000 00:13 42162                      /usr/lib/libxcb-render.so.0.0.0
7f0535fac000-7f0535fd4000 r-xp 00000000 00:13 42152                      /usr/lib/libxcb.so.1.1.0
7f0535fd4000-7f05361d3000 ---p 00028000 00:13 42152                      /usr/lib/libxcb.so.1.1.0
7f05361d3000-7f05361d4000 r--p 00027000 00:13 42152                      /usr/lib/libxcb.so.1.1.0
7f05361d4000-7f05361d5000 rw-p 00028000 00:13 42152                      /usr/lib/libxcb.so.1.1.0
7f05361d5000-7f05361d7000 r-xp 00000000 00:13 42166                      /usr/lib/libxcb-shm.so.0.0.0
7f05361d7000-7f05363d7000 ---p 00002000 00:13 42166                      /usr/lib/libxcb-shm.so.0.0.0
7f05363d7000-7f05363d8000 r--p 00002000 00:13 42166                      /usr/lib/libxcb-shm.so.0.0.0
7f05363d8000-7f05363d9000 rw-p 00003000 00:13 42166                      /usr/lib/libxcb-shm.so.0.0.0
7f05363d9000-7f05363eb000 r-xp 00000000 00:13 2117096                    /usr/lib/libEGL.so.1.0.0
7f05363eb000-7f05365ea000 ---p 00012000 00:13 2117096                    /usr/lib/libEGL.so.1.0.0
7f05365ea000-7f05365eb000 r--p 00011000 00:13 2117096                    /usr/lib/libEGL.so.1.0.0
7f05365eb000-7f05365ec000 rw-p 00012000 00:13 2117096                    /usr/lib/libEGL.so.1.0.0
7f05365ec000-7f053668b000 r-xp 00000000 00:13 46386                      /usr/lib/libpixman-1.so.0.34.0
7f053668b000-7f053688b000 ---p 0009f000 00:13 46386                      /usr/lib/libpixman-1.so.0.34.0
7f053688b000-7f0536893000 r--p 0009f000 00:13 46386                      /usr/lib/libpixman-1.so.0.34.0
7f0536893000-7f0536894000 rw-p 000a7000 00:13 46386                      /usr/lib/libpixman-1.so.0.34.0
7f0536894000-7f05368c9000 r-xp 00000000 00:13 1420659                    /usr/lib/libpng16.so.16.28.0
7f05368c9000-7f0536ac8000 ---p 00035000 00:13 1420659                    /usr/lib/libpng16.so.16.28.0
7f0536ac8000-7f0536ac9000 r--p 00034000 00:13 1420659                    /usr/lib/libpng16.so.16.28.0
7f0536ac9000-7f0536aca000 rw-p 00035000 00:13 1420659                    /usr/lib/libpng16.so.16.28.0
7f0536aca000-7f0536b58000 r-xp 00000000 00:13 2362619                    /usr/lib/libharfbuzz.so.0.10400.5
7f0536b58000-7f0536d57000 ---p 0008e000 00:13 2362619                    /usr/lib/libharfbuzz.so.0.10400.5
7f0536d57000-7f0536d59000 r--p 0008d000 00:13 2362619                    /usr/lib/libharfbuzz.so.0.10400.5
7f0536d59000-7f0536d5a000 rw-p 0008f000 00:13 2362619                    /usr/lib/libharfbuzz.so.0.10400.5
7f0536d5a000-7f0536da4000 r-xp 00000000 00:13 2024959                    /usr/lib/libmount.so.1.1.0
7f0536da4000-7f0536fa4000 ---p 0004a000 00:13 2024959                    /usr/lib/libmount.so.1.1.0
7f0536fa4000-7f0536fa5000 r--p 0004a000 00:13 2024959                    /usr/lib/libmount.so.1.1.0
7f0536fa5000-7f0536fa6000 rw-p 0004b000 00:13 2024959                    /usr/lib/libmount.so.1.1.0
7f0536fa6000-7f0536fa8000 rw-p 00000000 00:00 0 
7f0536fa8000-7f0536fbb000 r-xp 00000000 00:13 2157401                    /usr/lib/libresolv-2.25.so
7f0536fbb000-7f05371ba000 ---p 00013000 00:13 2157401                    /usr/lib/libresolv-2.25.so
7f05371ba000-7f05371bb000 r--p 00012000 00:13 2157401                    /usr/lib/libresolv-2.25.so
7f05371bb000-7f05371bc000 rw-p 00013000 00:13 2157401                    /usr/lib/libresolv-2.25.so
7f05371bc000-7f05371be000 rw-p 00000000 00:00 0 
7f05371be000-7f05371cf000 r-xp 00000000 00:13 45923                      /usr/lib/libXext.so.6.4.0
7f05371cf000-7f05373ce000 ---p 00011000 00:13 45923                      /usr/lib/libXext.so.6.4.0
7f05373ce000-7f05373cf000 r--p 00010000 00:13 45923                      /usr/lib/libXext.so.6.4.0
7f05373cf000-7f05373d0000 rw-p 00011000 00:13 45923                      /usr/lib/libXext.so.6.4.0
7f05373d0000-7f05373d2000 r-xp 00000000 00:13 46013                      /usr/lib/libXdamage.so.1.1.0
7f05373d2000-7f05375d1000 ---p 00002000 00:13 46013                      /usr/lib/libXdamage.so.1.1.0
7f05375d1000-7f05375d2000 r--p 00001000 00:13 46013                      /usr/lib/libXdamage.so.1.1.0
7f05375d2000-7f05375d3000 rw-p 00002000 00:13 46013                      /usr/lib/libXdamage.so.1.1.0
7f05375d3000-7f05375d5000 r-xp 00000000 00:13 49664                      /usr/lib/libXcomposite.so.1.0.0
7f05375d5000-7f05377d4000 ---p 00002000 00:13 49664                      /usr/lib/libXcomposite.so.1.0.0
7f05377d4000-7f05377d5000 r--p 00001000 00:13 49664                      /usr/lib/libXcomposite.so.1.0.0
7f05377d5000-7f05377d6000 rw-p 00002000 00:13 49664                      /usr/lib/libXcomposite.so.1.0.0
7f05377d6000-7f05377e0000 r-xp 00000000 00:13 49470                      /usr/lib/libXcursor.so.1.0.2
7f05377e0000-7f05379df000 ---p 0000a000 00:13 49470                      /usr/lib/libXcursor.so.1.0.2
7f05379df000-7f05379e0000 r--p 00009000 00:13 49470                      /usr/lib/libXcursor.so.1.0.2
7f05379e0000-7f05379e1000 rw-p 0000a000 00:13 49470                      /usr/lib/libXcursor.so.1.0.2
7f05379e1000-7f05379eb000 r-xp 00000000 00:13 49332                      /usr/lib/libXrandr.so.2.2.0
7f05379eb000-7f0537bea000 ---p 0000a000 00:13 49332                      /usr/lib/libXrandr.so.2.2.0
7f0537bea000-7f0537beb000 r--p 00009000 00:13 49332                      /usr/lib/libXrandr.so.2.2.0
7f0537beb000-7f0537bec000 rw-p 0000a000 00:13 49332                      /usr/lib/libXrandr.so.2.2.0
7f0537bec000-7f0537bfb000 r-xp 00000000 00:13 1621381                    /usr/lib/libXi.so.6.1.0
7f0537bfb000-7f0537dfb000 ---p 0000f000 00:13 1621381                    /usr/lib/libXi.so.6.1.0
7f0537dfb000-7f0537dfc000 r--p 0000f000 00:13 1621381                    /usr/lib/libXi.so.6.1.0
7f0537dfc000-7f0537dfd000 rw-p 00010000 00:13 1621381                    /usr/lib/libXi.so.6.1.0
7f0537dfd000-7f0537dff000 r-xp 00000000 00:13 49376                      /usr/lib/libXinerama.so.1.0.0
7f0537dff000-7f0537ffe000 ---p 00002000 00:13 49376                      /usr/lib/libXinerama.so.1.0.0
7f0537ffe000-7f0537fff000 r--p 00001000 00:13 49376                      /usr/lib/libXinerama.so.1.0.0
7f0537fff000-7f0538000000 rw-p 00002000 00:13 49376                      /usr/lib/libXinerama.so.1.0.0
7f0538000000-7f0538021000 rw-p 00000000 00:00 0 
7f0538021000-7f053c000000 ---p 00000000 00:00 0 
7f053c157000-7f053c160000 r-xp 00000000 00:13 49308                      /usr/lib/libXrender.so.1.3.0
7f053c160000-7f053c360000 ---p 00009000 00:13 49308                      /usr/lib/libXrender.so.1.3.0
7f053c360000-7f053c361000 r--p 00009000 00:13 49308                      /usr/lib/libXrender.so.1.3.0
7f053c361000-7f053c362000 rw-p 0000a000 00:13 49308                      /usr/lib/libXrender.so.1.3.0
7f053c362000-7f053c367000 r-xp 00000000 00:13 45985                      /usr/lib/libXfixes.so.3.1.0
7f053c367000-7f053c566000 ---p 00005000 00:13 45985                      /usr/lib/libXfixes.so.3.1.0
7f053c566000-7f053c567000 r--p 00004000 00:13 45985                      /usr/lib/libXfixes.so.3.1.0
7f053c567000-7f053c568000 rw-p 00005000 00:13 45985                      /usr/lib/libXfixes.so.3.1.0
7f053c568000-7f053c6a1000 r-xp 00000000 00:13 2117005                    /usr/lib/libX11.so.6.3.0
7f053c6a1000-7f053c8a1000 ---p 00139000 00:13 2117005                    /usr/lib/libX11.so.6.3.0
7f053c8a1000-7f053c8a2000 r--p 00139000 00:13 2117005                    /usr/lib/libX11.so.6.3.0
7f053c8a2000-7f053c8a7000 rw-p 0013a000 00:13 2117005                    /usr/lib/libX11.so.6.3.0
7f053c8a7000-7f053c9b8000 r-xp 00000000 00:13 1944044                    /usr/lib/libglib-2.0.so.0.5000.3
7f053c9b8000-7f053cbb7000 ---p 00111000 00:13 1944044                    /usr/lib/libglib-2.0.so.0.5000.3
7f053cbb7000-7f053cbb8000 r--p 00110000 00:13 1944044                    /usr/lib/libglib-2.0.so.0.5000.3
7f053cbb8000-7f053cbb9000 rw-p 00111000 00:13 1944044                    /usr/lib/libglib-2.0.so.0.5000.3
7f053cbb9000-7f053cbba000 rw-p 00000000 00:00 0 
7f053cbba000-7f053cbbb000 r-xp 00000000 00:13 1944046                    /usr/lib/libgthread-2.0.so.0.5000.3
7f053cbbb000-7f053cdba000 ---p 00001000 00:13 1944046                    /usr/lib/libgthread-2.0.so.0.5000.3
7f053cdba000-7f053cdbb000 r--p 00000000 00:13 1944046                    /usr/lib/libgthread-2.0.so.0.5000.3
7f053cdbb000-7f053cdbc000 rw-p 00001000 00:13 1944046                    /usr/lib/libgthread-2.0.so.0.5000.3
7f053cdbc000-7f053cdbf000 r-xp 00000000 00:13 1944045                    /usr/lib/libgmodule-2.0.so.0.5000.3
7f053cdbf000-7f053cfbe000 ---p 00003000 00:13 1944045                    /usr/lib/libgmodule-2.0.so.0.5000.3
7f053cfbe000-7f053cfbf000 r--p 00002000 00:13 1944045                    /usr/lib/libgmodule-2.0.so.0.5000.3
7f053cfbf000-7f053cfc0000 rw-p 00003000 00:13 1944045                    /usr/lib/libgmodule-2.0.so.0.5000.3
7f053cfc0000-7f053d011000 r-xp 00000000 00:13 1944047                    /usr/lib/libgobject-2.0.so.0.5000.3
7f053d011000-7f053d210000 ---p 00051000 00:13 1944047                    /usr/lib/libgobject-2.0.so.0.5000.3
7f053d210000-7f053d211000 r--p 00050000 00:13 1944047                    /usr/lib/libgobject-2.0.so.0.5000.3
7f053d211000-7f053d212000 rw-p 00051000 00:13 1944047                    /usr/lib/libgobject-2.0.so.0.5000.3
7f053d212000-7f053d250000 r-xp 00000000 00:13 1466723                    /usr/lib/libfontconfig.so.1.9.2
7f053d250000-7f053d44f000 ---p 0003e000 00:13 1466723                    /usr/lib/libfontconfig.so.1.9.2
7f053d44f000-7f053d451000 r--p 0003d000 00:13 1466723                    /usr/lib/libfontconfig.so.1.9.2
7f053d451000-7f053d456000 rw-p 0003f000 00:13 1466723                    /usr/lib/libfontconfig.so.1.9.2
7f053d456000-7f053d510000 r-xp 00000000 00:13 1313415                    /usr/lib/libfreetype.so.6.13.0
7f053d510000-7f053d710000 ---p 000ba000 00:13 1313415                    /usr/lib/libfreetype.so.6.13.0
7f053d710000-7f053d716000 r--p 000ba000 00:13 1313415                    /usr/lib/libfreetype.so.6.13.0
7f053d716000-7f053d717000 rw-p 000c0000 00:13 1313415                    /usr/lib/libfreetype.so.6.13.0
7f053d717000-7f053d760000 r-xp 00000000 00:13 2118048                    /usr/lib/libpango-1.0.so.0.4000.4
7f053d760000-7f053d960000 ---p 00049000 00:13 2118048                    /usr/lib/libpango-1.0.so.0.4000.4
7f053d960000-7f053d962000 r--p 00049000 00:13 2118048                    /usr/lib/libpango-1.0.so.0.4000.4
7f053d962000-7f053d963000 rw-p 0004b000 00:13 2118048                    /usr/lib/libpango-1.0.so.0.4000.4
7f053d963000-7f053da8c000 r-xp 00000000 00:13 953451                     /usr/lib/libcairo.so.2.11400.8
7f053da8c000-7f053dc8b000 ---p 00129000 00:13 953451                     /usr/lib/libcairo.so.2.11400.8
7f053dc8b000-7f053dc8e000 r--p 00128000 00:13 953451                     /usr/lib/libcairo.so.2.11400.8
7f053dc8e000-7f053dc90000 rw-p 0012b000 00:13 953451                     /usr/lib/libcairo.so.2.11400.8
7f053dc90000-7f053dc91000 rw-p 00000000 00:00 0 
7f053dc91000-7f053dcb7000 r-xp 00000000 00:13 1944921                    /usr/lib/libgdk_pixbuf-2.0.so.0.3600.5
7f053dcb7000-7f053deb6000 ---p 00026000 00:13 1944921                    /usr/lib/libgdk_pixbuf-2.0.so.0.3600.5
7f053deb6000-7f053deb7000 r--p 00025000 00:13 1944921                    /usr/lib/libgdk_pixbuf-2.0.so.0.3600.5
7f053deb7000-7f053deb8000 rw-p 00026000 00:13 1944921                    /usr/lib/libgdk_pixbuf-2.0.so.0.3600.5
7f053deb8000-7f053dec4000 r-xp 00000000 00:13 2118051                    /usr/lib/libpangocairo-1.0.so.0.4000.4
7f053dec4000-7f053e0c3000 ---p 0000c000 00:13 2118051                    /usr/lib/libpangocairo-1.0.so.0.4000.4
7f053e0c3000-7f053e0c4000 r--p 0000b000 00:13 2118051                    /usr/lib/libpangocairo-1.0.so.0.4000.4
7f053e0c4000-7f053e0c5000 rw-p 0000c000 00:13 2118051                    /usr/lib/libpangocairo-1.0.so.0.4000.4
7f053e0c5000-7f053e0d9000 r-xp 00000000 00:13 2118049                    /usr/lib/libpangoft2-1.0.so.0.4000.4
7f053e0d9000-7f053e2d8000 ---p 00014000 00:13 2118049                    /usr/lib/libpangoft2-1.0.so.0.4000.4
7f053e2d8000-7f053e2d9000 r--p 00013000 00:13 2118049                    /usr/lib/libpangoft2-1.0.so.0.4000.4
7f053e2d9000-7f053e2da000 rw-p 00014000 00:13 2118049                    /usr/lib/libpangoft2-1.0.so.0.4000.4
7f053e2da000-7f053e465000 r-xp 00000000 00:13 1944048                    /usr/lib/libgio-2.0.so.0.5000.3
7f053e465000-7f053e665000 ---p 0018b000 00:13 1944048                    /usr/lib/libgio-2.0.so.0.5000.3
7f053e665000-7f053e66a000 r--p 0018b000 00:13 1944048                    /usr/lib/libgio-2.0.so.0.5000.3
7f053e66a000-7f053e66c000 rw-p 00190000 00:13 1944048                    /usr/lib/libgio-2.0.so.0.5000.3
7f053e66c000-7f053e66e000 rw-p 00000000 00:00 0 
7f053e66e000-7f053e691000 r-xp 00000000 00:13 2399192                    /usr/lib/libatk-1.0.so.0.22409.1
7f053e691000-7f053e890000 ---p 00023000 00:13 2399192                    /usr/lib/libatk-1.0.so.0.22409.1
7f053e890000-7f053e893000 r--p 00022000 00:13 2399192                    /usr/lib/libatk-1.0.so.0.22409.1
7f053e893000-7f053e894000 rw-p 00025000 00:13 2399192                    /usr/lib/libatk-1.0.so.0.22409.1
7f053e894000-7f0540000000 rw-p 00000000 00:00 0 
7f0540000000-7f0540021000 rw-p 00000000 00:00 0 
7f0540021000-7f0544000000 ---p 00000000 00:00 0 
7f0544000000-7f0544021000 rw-p 00000000 00:00 0 
7f0544021000-7f0548000000 ---p 00000000 00:00 0 
7f0548000000-7f05481ce000 rw-p 00000000 00:00 0 
7f05481ce000-7f054c000000 ---p 00000000 00:00 0 
7f054c000000-7f054c021000 rw-p 00000000 00:00 0 
7f054c021000-7f0550000000 ---p 00000000 00:00 0 
7f0550000000-7f0550021000 rw-p 00000000 00:00 0 
7f0550021000-7f0554000000 ---p 00000000 00:00 0 
7f0554000000-7f05543da000 rw-p 00000000 00:00 0 
7f05543da000-7f0558000000 ---p 00000000 00:00 0 
7f0558000000-7f0558021000 rw-p 00000000 00:00 0 
7f0558021000-7f055c000000 ---p 00000000 00:00 0 
7f055c000000-7f055c021000 rw-p 00000000 00:00 0 
7f055c021000-7f0560000000 ---p 00000000 00:00 0 
7f0560000000-7f0560021000 rw-p 00000000 00:00 0 
7f0560021000-7f0564000000 ---p 00000000 00:00 0 
7f0564000000-7f0564021000 rw-p 00000000 00:00 0 
7f0564021000-7f0568000000 ---p 00000000 00:00 0 
7f0568010000-7f05680c0000 r-xp 00000000 00:13 62699                      /usr/lib/libgdk-x11-2.0.so.0.2400.31
7f05680c0000-7f05682bf000 ---p 000b0000 00:13 62699                      /usr/lib/libgdk-x11-2.0.so.0.2400.31
7f05682bf000-7f05682c3000 r--p 000af000 00:13 62699                      /usr/lib/libgdk-x11-2.0.so.0.2400.31
7f05682c3000-7f05682c5000 rw-p 000b3000 00:13 62699                      /usr/lib/libgdk-x11-2.0.so.0.2400.31
7f05682c5000-7f05686f8000 r-xp 00000000 00:13 62700                      /usr/lib/libgtk-x11-2.0.so.0.2400.31
7f05686f8000-7f05688f7000 ---p 00433000 00:13 62700                      /usr/lib/libgtk-x11-2.0.so.0.2400.31
7f05688f7000-7f05688fe000 r--p 00432000 00:13 62700                      /usr/lib/libgtk-x11-2.0.so.0.2400.31
7f05688fe000-7f0568902000 rw-p 00439000 00:13 62700                      /usr/lib/libgtk-x11-2.0.so.0.2400.31
7f0568902000-7f0568905000 rw-p 00000000 00:00 0 
7f0568905000-7f056891f000 r-xp 00000000 00:13 2418402                    /home/andrey/.javacpp/cache/opencv-3.2.0-1.3-linux-x86_64.jar/org/bytedeco/javacpp/linux-x86_64/libopencv_videoio.so.3.2
7f056891f000-7f0568b1f000 ---p 0001a000 00:13 2418402                    /home/andrey/.javacpp/cache/opencv-3.2.0-1.3-linux-x86_64.jar/org/bytedeco/javacpp/linux-x86_64/libopencv_videoio.so.3.2
7f0568b1f000-7f0568b20000 rw-p 0001a000 00:13 2418402                    /home/andrey/.javacpp/cache/opencv-3.2.0-1.3-linux-x86_64.jar/org/bytedeco/javacpp/linux-x86_64/libopencv_videoio.so.3.2
7f0568b20000-7f0568ca3000 rw-p 00000000 00:00 0 
7f0568ca3000-7f0568d23000 ---p 00000000 00:00 0 
7f0568d23000-7f0568d48000 r-xp 00000000 00:13 2418401                    /home/andrey/.javacpp/cache/opencv-3.2.0-1.3-linux-x86_64.jar/org/bytedeco/javacpp/linux-x86_64/libjniopencv_imgcodecs.so
7f0568d48000-7f0568f47000 ---p 00025000 00:13 2418401                    /home/andrey/.javacpp/cache/opencv-3.2.0-1.3-linux-x86_64.jar/org/bytedeco/javacpp/linux-x86_64/libjniopencv_imgcodecs.so
7f0568f47000-7f0568f48000 rw-p 00024000 00:13 2418401                    /home/andrey/.javacpp/cache/opencv-3.2.0-1.3-linux-x86_64.jar/org/bytedeco/javacpp/linux-x86_64/libjniopencv_imgcodecs.so
7f0568f48000-7f0569182000 r-xp 00000000 00:13 2418400                    /home/andrey/.javacpp/cache/opencv-3.2.0-1.3-linux-x86_64.jar/org/bytedeco/javacpp/linux-x86_64/libopencv_imgcodecs.so.3.2
7f0569182000-7f0569382000 ---p 0023a000 00:13 2418400                    /home/andrey/.javacpp/cache/opencv-3.2.0-1.3-linux-x86_64.jar/org/bytedeco/javacpp/linux-x86_64/libopencv_imgcodecs.so.3.2
7f0569382000-7f0569390000 rw-p 0023a000 00:13 2418400                    /home/andrey/.javacpp/cache/opencv-3.2.0-1.3-linux-x86_64.jar/org/bytedeco/javacpp/linux-x86_64/libopencv_imgcodecs.so.3.2
7f0569390000-7f056939b000 rw-p 00000000 00:00 0 
7f056939b000-7f05694a5000 r-xp 00000000 00:13 2418399                    /home/andrey/.javacpp/cache/opencv-3.2.0-1.3-linux-x86_64.jar/org/bytedeco/javacpp/linux-x86_64/libjniopencv_imgproc.so
7f05694a5000-7f05696a4000 ---p 0010a000 00:13 2418399                    /home/andrey/.javacpp/cache/opencv-3.2.0-1.3-linux-x86_64.jar/org/bytedeco/javacpp/linux-x86_64/libjniopencv_imgproc.so
7f05696a4000-7f05696a6000 rw-p 00109000 00:13 2418399                    /home/andrey/.javacpp/cache/opencv-3.2.0-1.3-linux-x86_64.jar/org/bytedeco/javacpp/linux-x86_64/libjniopencv_imgproc.so
7f05696a6000-7f05697a7000 rwxp 00000000 00:00 0 
7f05697a7000-7f0569a36000 r-xp 00000000 00:13 2418398                    /home/andrey/.javacpp/cache/opencv-3.2.0-1.3-linux-x86_64.jar/org/bytedeco/javacpp/linux-x86_64/libjniopencv_core.so
7f0569a36000-7f0569c35000 ---p 0028f000 00:13 2418398                    /home/andrey/.javacpp/cache/opencv-3.2.0-1.3-linux-x86_64.jar/org/bytedeco/javacpp/linux-x86_64/libjniopencv_core.so
7f0569c35000-7f0569c38000 rw-p 0028e000 00:13 2418398                    /home/andrey/.javacpp/cache/opencv-3.2.0-1.3-linux-x86_64.jar/org/bytedeco/javacpp/linux-x86_64/libjniopencv_core.so
7f0569c38000-7f0569c39000 rw-p 00000000 00:00 0 
7f0569c39000-7f0569e7a000 r-xp 00000000 00:13 2418397                    /home/andrey/.javacpp/cache/opencv-3.2.0-1.3-linux-x86_64.jar/org/bytedeco/javacpp/linux-x86_64/libopencv_imgproc.so.3.2
7f0569e7a000-7f056a07a000 ---p 00241000 00:13 2418397                    /home/andrey/.javacpp/cache/opencv-3.2.0-1.3-linux-x86_64.jar/org/bytedeco/javacpp/linux-x86_64/libopencv_imgproc.so.3.2
7f056a07a000-7f056a08c000 rw-p 00241000 00:13 2418397                    /home/andrey/.javacpp/cache/opencv-3.2.0-1.3-linux-x86_64.jar/org/bytedeco/javacpp/linux-x86_64/libopencv_imgproc.so.3.2
7f056a08c000-7f056a121000 rw-p 00000000 00:00 0 
7f056a121000-7f056a137000 r-xp 00000000 00:13 2159154                    /usr/lib/libgcc_s.so.1
7f056a137000-7f056a336000 ---p 00016000 00:13 2159154                    /usr/lib/libgcc_s.so.1
7f056a336000-7f056a337000 r--p 00015000 00:13 2159154                    /usr/lib/libgcc_s.so.1
7f056a337000-7f056a338000 rw-p 00016000 00:13 2159154                    /usr/lib/libgcc_s.so.1
7f056a338000-7f056a4b0000 r-xp 00000000 00:13 2159122                    /usr/lib/libstdc++.so.6.0.22
7f056a4b0000-7f056a6b0000 ---p 00178000 00:13 2159122                    /usr/lib/libstdc++.so.6.0.22
7f056a6b0000-7f056a6ba000 r--p 00178000 00:13 2159122                    /usr/lib/libstdc++.so.6.0.22
7f056a6ba000-7f056a6bc000 rw-p 00182000 00:13 2159122                    /usr/lib/libstdc++.so.6.0.22
7f056a6bc000-7f056a6c0000 rw-p 00000000 00:00 0 
7f056a6e8000-7f056a900000 r-xp 00000000 00:13 2418396                    /home/andrey/.javacpp/cache/opencv-3.2.0-1.3-linux-x86_64.jar/org/bytedeco/javacpp/linux-x86_64/libopencv_core.so.3.2
7f056a900000-7f056ab00000 ---p 00218000 00:13 2418396                    /home/andrey/.javacpp/cache/opencv-3.2.0-1.3-linux-x86_64.jar/org/bytedeco/javacpp/linux-x86_64/libopencv_core.so.3.2
7f056ab00000-7f056ab07000 rw-p 00218000 00:13 2418396                    /home/andrey/.javacpp/cache/opencv-3.2.0-1.3-linux-x86_64.jar/org/bytedeco/javacpp/linux-x86_64/libopencv_core.so.3.2
7f056ab07000-7f056ab09000 rw-p 00000000 00:00 0 
7f056ab09000-7f056ab1a000 r-xp 00000000 00:13 1620779                    /usr/lib/jvm/java-8-openjdk/jre/lib/amd64/libnio.so
7f056ab1a000-7f056ad19000 ---p 00011000 00:13 1620779                    /usr/lib/jvm/java-8-openjdk/jre/lib/amd64/libnio.so
7f056ad19000-7f056ad1a000 r--p 00010000 00:13 1620779                    /usr/lib/jvm/java-8-openjdk/jre/lib/amd64/libnio.so
7f056ad1a000-7f056ad1b000 rw-p 00011000 00:13 1620779                    /usr/lib/jvm/java-8-openjdk/jre/lib/amd64/libnio.so
7f056ad1b000-7f056ad30000 r-xp 00000000 00:13 2418395                    /home/andrey/.javacpp/cache/opencv-3.2.0-1.3-linux-x86_64.jar/org/bytedeco/javacpp/linux-x86_64/libgomp.so.1
7f056ad30000-7f056af2f000 ---p 00015000 00:13 2418395                    /home/andrey/.javacpp/cache/opencv-3.2.0-1.3-linux-x86_64.jar/org/bytedeco/javacpp/linux-x86_64/libgomp.so.1
7f056af2f000-7f056af30000 rw-p 00014000 00:13 2418395                    /home/andrey/.javacpp/cache/opencv-3.2.0-1.3-linux-x86_64.jar/org/bytedeco/javacpp/linux-x86_64/libgomp.so.1
7f056af30000-7f056af61000 rw-p 00000000 00:00 0 
7f056af61000-7f056af77000 r-xp 00000000 00:13 1620790                    /usr/lib/jvm/java-8-openjdk/jre/lib/amd64/libnet.so
7f056af77000-7f056b176000 ---p 00016000 00:13 1620790                    /usr/lib/jvm/java-8-openjdk/jre/lib/amd64/libnet.so
7f056b176000-7f056b177000 r--p 00015000 00:13 1620790                    /usr/lib/jvm/java-8-openjdk/jre/lib/amd64/libnet.so
7f056b177000-7f056b178000 rw-p 00016000 00:13 1620790                    /usr/lib/jvm/java-8-openjdk/jre/lib/amd64/libnet.so
7f056b178000-7f056b279000 rwxp 00000000 00:00 0 
7f056b279000-7f056b27a000 r-xp 00000000 00:13 2167217                    /usr/share/intellijidea-ce/bin/libbreakgen64.so
7f056b27a000-7f056b479000 ---p 00001000 00:13 2167217                    /usr/share/intellijidea-ce/bin/libbreakgen64.so
7f056b479000-7f056b47a000 r--p 00000000 00:13 2167217                    /usr/share/intellijidea-ce/bin/libbreakgen64.so
7f056b47a000-7f056b47b000 rw-p 00001000 00:13 2167217                    /usr/share/intellijidea-ce/bin/libbreakgen64.so
7f056b47b000-7f056b47d000 r--s 00019000 00:13 2167305                    /usr/share/intellijidea-ce/lib/idea_rt.jar
7f056b47d000-7f056b47e000 r--s 00000000 00:13 2419227                    /home/andrey/.ivy2/cache/org.bytedeco.javacpp-presets/videoinput-platform/jars/videoinput-platform-0.200-1.3.jar
7f056b47e000-7f056b47f000 r--s 0000b000 00:13 2419189                    /home/andrey/.ivy2/cache/org.bytedeco.javacpp-presets/videoinput/jars/videoinput-0.200-1.3-windows-x86_64.jar
7f056b47f000-7f056b480000 r--s 00009000 00:13 2419191                    /home/andrey/.ivy2/cache/org.bytedeco.javacpp-presets/videoinput/jars/videoinput-0.200-1.3-windows-x86.jar
7f056b480000-7f056b481000 r--s 00003000 00:13 2419190                    /home/andrey/.ivy2/cache/org.bytedeco.javacpp-presets/videoinput/jars/videoinput-0.200-1.3.jar
7f056b481000-7f056b482000 r--s 00000000 00:13 2419225                    /home/andrey/.ivy2/cache/org.bytedeco.javacpp-presets/librealsense-platform/jars/librealsense-platform-1.9.6-1.3.jar
7f056b482000-7f056b483000 r--s 00076000 00:13 2419186                    /home/andrey/.ivy2/cache/org.bytedeco.javacpp-presets/librealsense/jars/librealsense-1.9.6-1.3-linux-x86_64.jar
7f056b483000-7f056b484000 r--s 00074000 00:13 2419185                    /home/andrey/.ivy2/cache/org.bytedeco.javacpp-presets/librealsense/jars/librealsense-1.9.6-1.3-linux-x86.jar
7f056b484000-7f056b487000 r--s 00009000 00:13 2419187                    /home/andrey/.ivy2/cache/org.bytedeco.javacpp-presets/librealsense/jars/librealsense-1.9.6-1.3.jar
7f056b487000-7f056b488000 r--s 00000000 00:13 2419223                    /home/andrey/.ivy2/cache/org.bytedeco.javacpp-presets/libfreenect2-platform/jars/libfreenect2-platform-0.2.0-1.3.jar
7f056b488000-7f056b489000 r--s 00061000 00:13 2419181                    /home/andrey/.ivy2/cache/org.bytedeco.javacpp-presets/libfreenect2/jars/libfreenect2-0.2.0-1.3-linux-x86_64.jar
7f056b489000-7f056b48b000 r--s 00065000 00:13 2419183                    /home/andrey/.ivy2/cache/org.bytedeco.javacpp-presets/libfreenect2/jars/libfreenect2-0.2.0-1.3-linux-x86.jar
7f056b48b000-7f056b48c000 r--s 00005000 00:13 2419182                    /home/andrey/.ivy2/cache/org.bytedeco.javacpp-presets/libfreenect2/jars/libfreenect2-0.2.0-1.3.jar
7f056b48c000-7f056b48d000 r--s 00000000 00:13 2419221                    /home/andrey/.ivy2/cache/org.bytedeco.javacpp-presets/libfreenect-platform/jars/libfreenect-platform-0.5.3-1.3.jar
7f056b48d000-7f056b48e000 r--s 0002e000 00:13 2419174                    /home/andrey/.ivy2/cache/org.bytedeco.javacpp-presets/libfreenect/jars/libfreenect-0.5.3-1.3-windows-x86_64.jar
7f056b48e000-7f056b48f000 r--s 00028000 00:13 2419177                    /home/andrey/.ivy2/cache/org.bytedeco.javacpp-presets/libfreenect/jars/libfreenect-0.5.3-1.3-windows-x86.jar
7f056b48f000-7f056b491000 r--s 0001a000 00:13 2419178                    /home/andrey/.ivy2/cache/org.bytedeco.javacpp-presets/libfreenect/jars/libfreenect-0.5.3-1.3-macosx-x86_64.jar
7f056b491000-7f056b492000 r--s 0001c000 00:13 2419175                    /home/andrey/.ivy2/cache/org.bytedeco.javacpp-presets/libfreenect/jars/libfreenect-0.5.3-1.3-linux-x86_64.jar
7f056b492000-7f056b493000 r--s 0001b000 00:13 2419176                    /home/andrey/.ivy2/cache/org.bytedeco.javacpp-presets/libfreenect/jars/libfreenect-0.5.3-1.3-linux-x86.jar
7f056b493000-7f056b494000 r--s 00015000 00:13 2419179                    /home/andrey/.ivy2/cache/org.bytedeco.javacpp-presets/libfreenect/jars/libfreenect-0.5.3-1.3-linux-ppc64le.jar
7f056b494000-7f056b496000 r--s 00011000 00:13 2419172                    /home/andrey/.ivy2/cache/org.bytedeco.javacpp-presets/libfreenect/jars/libfreenect-0.5.3-1.3-linux-armhf.jar
7f056b496000-7f056b498000 r--s 00004000 00:13 2419173                    /home/andrey/.ivy2/cache/org.bytedeco.javacpp-presets/libfreenect/jars/libfreenect-0.5.3-1.3.jar
7f056b498000-7f056b499000 r--s 00000000 00:13 2419219                    /home/andrey/.ivy2/cache/org.bytedeco.javacpp-presets/libdc1394-platform/jars/libdc1394-platform-2.2.4-1.3.jar
7f056b499000-7f056b49a000 r--s 0002d000 00:13 2419168                    /home/andrey/.ivy2/cache/org.bytedeco.javacpp-presets/libdc1394/jars/libdc1394-2.2.4-1.3-windows-x86_64.jar
7f056b49a000-7f056b49c000 r--s 00032000 00:13 2419163                    /home/andrey/.ivy2/cache/org.bytedeco.javacpp-presets/libdc1394/jars/libdc1394-2.2.4-1.3-windows-x86.jar
7f056b49c000-7f056b49d000 r--s 00031000 00:13 2419165                    /home/andrey/.ivy2/cache/org.bytedeco.javacpp-presets/libdc1394/jars/libdc1394-2.2.4-1.3-macosx-x86_64.jar
7f056b49d000-7f056b49f000 r--s 0002f000 00:13 2419164                    /home/andrey/.ivy2/cache/org.bytedeco.javacpp-presets/libdc1394/jars/libdc1394-2.2.4-1.3-linux-x86_64.jar
7f056b49f000-7f056b4a0000 r--s 0002d000 00:13 2419167                    /home/andrey/.ivy2/cache/org.bytedeco.javacpp-presets/libdc1394/jars/libdc1394-2.2.4-1.3-linux-x86.jar
7f056b4a0000-7f056b4a1000 r--s 00034000 00:13 2419170                    /home/andrey/.ivy2/cache/org.bytedeco.javacpp-presets/libdc1394/jars/libdc1394-2.2.4-1.3-linux-ppc64le.jar
7f056b4a1000-7f056b4a2000 r--s 0001f000 00:13 2419166                    /home/andrey/.ivy2/cache/org.bytedeco.javacpp-presets/libdc1394/jars/libdc1394-2.2.4-1.3-linux-armhf.jar
7f056b4a2000-7f056b4a4000 r--s 00006000 00:13 2419169                    /home/andrey/.ivy2/cache/org.bytedeco.javacpp-presets/libdc1394/jars/libdc1394-2.2.4-1.3.jar
7f056b4a4000-7f056b4a5000 r--s 00000000 00:13 2419217                    /home/andrey/.ivy2/cache/org.bytedeco.javacpp-presets/flycapture-platform/jars/flycapture-platform-2.9.3.43-1.3.jar
7f056b4a5000-7f056b4a6000 r--s 0003a000 00:13 2419159                    /home/andrey/.ivy2/cache/org.bytedeco.javacpp-presets/flycapture/jars/flycapture-2.9.3.43-1.3-windows-x86_64.jar
7f056b4a6000-7f056b4a8000 r--s 0002d000 00:13 2419161                    /home/andrey/.ivy2/cache/org.bytedeco.javacpp-presets/flycapture/jars/flycapture-2.9.3.43-1.3-windows-x86.jar
7f056b4a8000-7f056b4aa000 r--s 0003a000 00:13 2419158                    /home/andrey/.ivy2/cache/org.bytedeco.javacpp-presets/flycapture/jars/flycapture-2.9.3.43-1.3-linux-x86_64.jar
7f056b4aa000-7f056b4ac000 r--s 00035000 00:13 2419160                    /home/andrey/.ivy2/cache/org.bytedeco.javacpp-presets/flycapture/jars/flycapture-2.9.3.43-1.3-linux-x86.jar
7f056b4ac000-7f056b4ad000 r--s 0002d000 00:13 2419157                    /home/andrey/.ivy2/cache/org.bytedeco.javacpp-presets/flycapture/jars/flycapture-2.9.3.43-1.3-linux-armhf.jar
7f056b4ad000-7f056b4b1000 r--s 0001f000 00:13 2419156                    /home/andrey/.ivy2/cache/org.bytedeco.javacpp-presets/flycapture/jars/flycapture-2.9.3.43-1.3.jar
7f056b4b1000-7f056b4b2000 r--s 00000000 00:13 2419231                    /home/andrey/.ivy2/cache/org.bytedeco.javacpp-presets/flandmark-platform/jars/flandmark-platform-1.07-1.3.jar
7f056b4b2000-7f056b4b4000 r--s 00009000 00:13 2419213                    /home/andrey/.ivy2/cache/org.bytedeco.javacpp-presets/flandmark/jars/flandmark-1.07-1.3-windows-x86_64.jar
7f056b4b4000-7f056b4b6000 r--s 00007000 00:13 2419205                    /home/andrey/.ivy2/cache/org.bytedeco.javacpp-presets/flandmark/jars/flandmark-1.07-1.3-windows-x86.jar
7f056b4b6000-7f056b4b7000 r--s 00009000 00:13 2419206                    /home/andrey/.ivy2/cache/org.bytedeco.javacpp-presets/flandmark/jars/flandmark-1.07-1.3-macosx-x86_64.jar
7f056b4b7000-7f056b4b9000 r--s 00009000 00:13 2419212                    /home/andrey/.ivy2/cache/org.bytedeco.javacpp-presets/flandmark/jars/flandmark-1.07-1.3-linux-x86_64.jar
7f056b4b9000-7f056b4ba000 r--s 00009000 00:13 2419209                    /home/andrey/.ivy2/cache/org.bytedeco.javacpp-presets/flandmark/jars/flandmark-1.07-1.3-linux-x86.jar
7f056b4ba000-7f056b4bc000 r--s 0000a000 00:13 2419204                    /home/andrey/.ivy2/cache/org.bytedeco.javacpp-presets/flandmark/jars/flandmark-1.07-1.3-linux-ppc64le.jar
7f056b4bc000-7f056b4bd000 r--s 00008000 00:13 2419210                    /home/andrey/.ivy2/cache/org.bytedeco.javacpp-presets/flandmark/jars/flandmark-1.07-1.3-linux-armhf.jar
7f056b4bd000-7f056b4be000 r--s 0000a000 00:13 2419207                    /home/andrey/.ivy2/cache/org.bytedeco.javacpp-presets/flandmark/jars/flandmark-1.07-1.3-android-x86.jar
7f056b4be000-7f056b4bf000 r--s 00009000 00:13 2419211                    /home/andrey/.ivy2/cache/org.bytedeco.javacpp-presets/flandmark/jars/flandmark-1.07-1.3-android-arm.jar
7f056b4bf000-7f056b4c0000 r--s 00002000 00:13 2419208                    /home/andrey/.ivy2/cache/org.bytedeco.javacpp-presets/flandmark/jars/flandmark-1.07-1.3.jar
7f056b4c0000-7f056b4c1000 r--s 00000000 00:13 2419215                    /home/andrey/.ivy2/cache/org.bytedeco.javacpp-presets/ffmpeg-platform/jars/ffmpeg-platform-3.2.1-1.3.jar
7f056b4c1000-7f056b4c2000 r--s 00bdb000 00:13 2419154                    /home/andrey/.ivy2/cache/org.bytedeco.javacpp-presets/ffmpeg/jars/ffmpeg-3.2.1-1.3-windows-x86_64.jar
7f056b4c2000-7f056b4c4000 r--s 00b6f000 00:13 2419141                    /home/andrey/.ivy2/cache/org.bytedeco.javacpp-presets/ffmpeg/jars/ffmpeg-3.2.1-1.3-windows-x86.jar
7f056b4c4000-7f056b4c5000 r--s 00a78000 00:13 2419147                    /home/andrey/.ivy2/cache/org.bytedeco.javacpp-presets/ffmpeg/jars/ffmpeg-3.2.1-1.3-macosx-x86_64.jar
7f056b4c5000-7f056b4c7000 r--s 00b72000 00:13 2419146                    /home/andrey/.ivy2/cache/org.bytedeco.javacpp-presets/ffmpeg/jars/ffmpeg-3.2.1-1.3-linux-x86_64.jar
7f056b4c7000-7f056b4c9000 r--s 00aa6000 00:13 2419151                    /home/andrey/.ivy2/cache/org.bytedeco.javacpp-presets/ffmpeg/jars/ffmpeg-3.2.1-1.3-linux-x86.jar
7f056b4c9000-7f056b4cb000 r--s 00cf7000 00:13 2419150                    /home/andrey/.ivy2/cache/org.bytedeco.javacpp-presets/ffmpeg/jars/ffmpeg-3.2.1-1.3-linux-ppc64le.jar
7f056b4cb000-7f056b4cd000 r--s 00a12000 00:13 2419149                    /home/andrey/.ivy2/cache/org.bytedeco.javacpp-presets/ffmpeg/jars/ffmpeg-3.2.1-1.3-linux-armhf.jar
7f056b4cd000-7f056b4cf000 r--s 00c3e000 00:13 2419152                    /home/andrey/.ivy2/cache/org.bytedeco.javacpp-presets/ffmpeg/jars/ffmpeg-3.2.1-1.3-android-x86.jar
7f056b4cf000-7f056b4d0000 r--s 00b15000 00:13 2419148                    /home/andrey/.ivy2/cache/org.bytedeco.javacpp-presets/ffmpeg/jars/ffmpeg-3.2.1-1.3-android-arm.jar
7f056b4d0000-7f056b4d7000 r--s 00033000 00:13 2419153                    /home/andrey/.ivy2/cache/org.bytedeco.javacpp-presets/ffmpeg/jars/ffmpeg-3.2.1-1.3.jar
7f056b4d7000-7f056b4d8000 r--s 00000000 00:13 2419229                    /home/andrey/.ivy2/cache/org.bytedeco.javacpp-presets/artoolkitplus-platform/jars/artoolkitplus-platform-2.3.1-1.3.jar
7f056b4d8000-7f056b4d9000 r--s 00025000 00:13 2419199                    /home/andrey/.ivy2/cache/org.bytedeco.javacpp-presets/artoolkitplus/jars/artoolkitplus-2.3.1-1.3-windows-x86_64.jar
7f056b4d9000-7f056b4db000 r--s 0001d000 00:13 2419196                    /home/andrey/.ivy2/cache/org.bytedeco.javacpp-presets/artoolkitplus/jars/artoolkitplus-2.3.1-1.3-windows-x86.jar
7f056b4db000-7f056b4dc000 r--s 00029000 00:13 2419197                    /home/andrey/.ivy2/cache/org.bytedeco.javacpp-presets/artoolkitplus/jars/artoolkitplus-2.3.1-1.3-macosx-x86_64.jar
7f056b4dc000-7f056b4dd000 r--s 0002a000 00:13 2419194                    /home/andrey/.ivy2/cache/org.bytedeco.javacpp-presets/artoolkitplus/jars/artoolkitplus-2.3.1-1.3-linux-x86_64.jar
7f056b4dd000-7f056b4de000 r--s 00026000 00:13 2419202                    /home/andrey/.ivy2/cache/org.bytedeco.javacpp-presets/artoolkitplus/jars/artoolkitplus-2.3.1-1.3-linux-x86.jar
7f056b4de000-7f056b4e0000 r--s 0002e000 00:13 2419200                    /home/andrey/.ivy2/cache/org.bytedeco.javacpp-presets/artoolkitplus/jars/artoolkitplus-2.3.1-1.3-linux-ppc64le.jar
7f056b4e0000-7f056b4e2000 r--s 00022000 00:13 2419193                    /home/andrey/.ivy2/cache/org.bytedeco.javacpp-presets/artoolkitplus/jars/artoolkitplus-2.3.1-1.3-linux-armhf.jar
7f056b4e2000-7f056b4e3000 r--s 00062000 00:13 2419201                    /home/andrey/.ivy2/cache/org.bytedeco.javacpp-presets/artoolkitplus/jars/artoolkitplus-2.3.1-1.3-android-x86.jar
7f056b4e3000-7f056b4e4000 r--s 0004d000 00:13 2419195                    /home/andrey/.ivy2/cache/org.bytedeco.javacpp-presets/artoolkitplus/jars/artoolkitplus-2.3.1-1.3-android-arm.jar
7f056b4e4000-7f056b4e5000 r--s 00005000 00:13 2419198                    /home/andrey/.ivy2/cache/org.bytedeco.javacpp-presets/artoolkitplus/jars/artoolkitplus-2.3.1-1.3.jar
7f056b4e5000-7f056b4e6000 r--s 00000000 00:13 2419138                    /home/andrey/.ivy2/cache/org.bytedeco/javacv-platform/jars/javacv-platform-1.3.2.jar
7f056b4e6000-7f056b4f7000 r--s 000a6000 00:13 2417700                    /home/andrey/.ivy2/cache/org.bytedeco.javacpp-presets/opencv/jars/opencv-3.2.0-1.3.jar
7f056b4f7000-7f056b52f000 r--s 004d0000 00:13 2417162                    /home/andrey/.ivy2/cache/org.scala-lang/scala-library/jars/scala-library-2.12.1.jar
7f056b52f000-7f056b530000 ---p 00000000 00:00 0 
7f056b530000-7f056b731000 rwxp 00000000 00:00 0 
7f056b731000-7f056b732000 ---p 00000000 00:00 0 
7f056b732000-7f056b832000 rwxp 00000000 00:00 0 
7f056b832000-7f056b833000 ---p 00000000 00:00 0 
7f056b833000-7f056ba34000 rwxp 00000000 00:00 0 
7f056ba34000-7f056bcfd000 r--p 00000000 00:13 2158829                    /usr/lib/locale/locale-archive
7f056bcfd000-7f056beff000 rwxp 00000000 00:00 0 
7f056beff000-7f056bf00000 ---p 00000000 00:00 0 
7f056bf00000-7f056c000000 rwxp 00000000 00:00 0 
7f056c000000-7f056c021000 rw-p 00000000 00:00 0 
7f056c021000-7f0570000000 ---p 00000000 00:00 0 
7f0570000000-7f0570004000 r--s 0005b000 00:13 2419136                    /home/andrey/.ivy2/cache/org.bytedeco/javacv/jars/javacv-1.3.2.jar
7f0570004000-7f0570009000 r--s 00049000 00:13 2419139                    /home/andrey/.ivy2/cache/org.bytedeco/javacpp/jars/javacpp-1.3.2.jar
7f0570009000-7f057000b000 r--s 00b87000 00:13 2417704                    /home/andrey/.ivy2/cache/org.bytedeco.javacpp-presets/opencv/jars/opencv-3.2.0-1.3-android-arm.jar
7f057000b000-7f057000e000 r--s 00a26000 00:13 2417696                    /home/andrey/.ivy2/cache/org.bytedeco.javacpp-presets/opencv/jars/opencv-3.2.0-1.3-linux-armhf.jar
7f057000e000-7f0570021000 r--s 00346000 00:13 1620724                    /usr/lib/jvm/java-8-openjdk/jre/lib/resources.jar
7f0570021000-7f05700b7000 r--s 008d8000 00:13 1876787                    /usr/lib/jvm/java-8-openjdk/jre/lib/ext/jfxrt.jar
7f05700b7000-7f0571000000 rw-p 00000000 00:00 0 
7f0571000000-7f05713a0000 rwxp 00000000 00:00 0 
7f05713a0000-7f0580000000 ---p 00000000 00:00 0 
7f0580000000-7f0583eb3000 rw-p 00000000 00:00 0 
7f0583eb3000-7f0584000000 ---p 00000000 00:00 0 
7f0584000000-7f0584002000 r--s 00efe000 00:13 2417706                    /home/andrey/.ivy2/cache/org.bytedeco.javacpp-presets/opencv/jars/opencv-3.2.0-1.3-android-x86.jar
7f0584002000-7f0584005000 r--s 00c39000 00:13 2417705                    /home/andrey/.ivy2/cache/org.bytedeco.javacpp-presets/opencv/jars/opencv-3.2.0-1.3-linux-ppc64le.jar
7f0584005000-7f0584008000 r--s 00a10000 00:13 2417701                    /home/andrey/.ivy2/cache/org.bytedeco.javacpp-presets/opencv/jars/opencv-3.2.0-1.3-linux-x86.jar
7f0584008000-7f058400a000 r--s 00a3c000 00:13 2417697                    /home/andrey/.ivy2/cache/org.bytedeco.javacpp-presets/opencv/jars/opencv-3.2.0-1.3-linux-x86_64.jar
7f058400a000-7f058400c000 r--s 00aa7000 00:13 2417698                    /home/andrey/.ivy2/cache/org.bytedeco.javacpp-presets/opencv/jars/opencv-3.2.0-1.3-macosx-x86_64.jar
7f058400c000-7f058400e000 r--s 00a5c000 00:13 2417707                    /home/andrey/.ivy2/cache/org.bytedeco.javacpp-presets/opencv/jars/opencv-3.2.0-1.3-windows-x86.jar
7f058400e000-7f0584012000 r--s 0009a000 00:13 1620727                    /usr/lib/jvm/java-8-openjdk/jre/lib/jsse.jar
7f0584012000-7f0584235000 rw-p 00000000 00:00 0 
7f0584235000-7f0584404000 r--s 03c05000 00:13 1620731                    /usr/lib/jvm/java-8-openjdk/jre/lib/rt.jar
7f0584404000-7f058646b000 rw-p 00000000 00:00 0 
7f058646b000-7f058646c000 ---p 00000000 00:00 0 
7f058646c000-7f058656c000 rwxp 00000000 00:00 0 
7f058656c000-7f058656d000 ---p 00000000 00:00 0 
7f058656d000-7f058666d000 rwxp 00000000 00:00 0 
7f058666d000-7f0586682000 rw-p 00000000 00:00 0 
7f0586682000-7f05867ae000 ---p 00000000 00:00 0 
7f05867ae000-7f05867c3000 rw-p 00000000 00:00 0 
7f05867c3000-7f05868ee000 ---p 00000000 00:00 0 
7f05868ee000-7f05868f9000 rw-p 00000000 00:00 0 
7f05868f9000-7f058698f000 ---p 00000000 00:00 0 
7f058698f000-7f058699f000 rw-p 00000000 00:00 0 
7f058699f000-7f0586d50000 ---p 00000000 00:00 0 
7f0586d50000-7f0586d58000 r-xp 00000000 00:13 1620792                    /usr/lib/jvm/java-8-openjdk/jre/lib/amd64/libzip.so
7f0586d58000-7f0586f57000 ---p 00008000 00:13 1620792                    /usr/lib/jvm/java-8-openjdk/jre/lib/amd64/libzip.so
7f0586f57000-7f0586f58000 r--p 00007000 00:13 1620792                    /usr/lib/jvm/java-8-openjdk/jre/lib/amd64/libzip.so
7f0586f58000-7f0586f59000 rw-p 00008000 00:13 1620792                    /usr/lib/jvm/java-8-openjdk/jre/lib/amd64/libzip.so
7f0586f59000-7f0586f64000 r-xp 00000000 00:13 2157408                    /usr/lib/libnss_files-2.25.so
7f0586f64000-7f0587163000 ---p 0000b000 00:13 2157408                    /usr/lib/libnss_files-2.25.so
7f0587163000-7f0587164000 r--p 0000a000 00:13 2157408                    /usr/lib/libnss_files-2.25.so
7f0587164000-7f0587165000 rw-p 0000b000 00:13 2157408                    /usr/lib/libnss_files-2.25.so
7f0587165000-7f058716b000 rw-p 00000000 00:00 0 
7f058716b000-7f0587176000 r-xp 00000000 00:13 2157406                    /usr/lib/libnss_nis-2.25.so
7f0587176000-7f0587375000 ---p 0000b000 00:13 2157406                    /usr/lib/libnss_nis-2.25.so
7f0587375000-7f0587376000 r--p 0000a000 00:13 2157406                    /usr/lib/libnss_nis-2.25.so
7f0587376000-7f0587377000 rw-p 0000b000 00:13 2157406                    /usr/lib/libnss_nis-2.25.so
7f0587377000-7f058738c000 r-xp 00000000 00:13 2157402                    /usr/lib/libnsl-2.25.so
7f058738c000-7f058758b000 ---p 00015000 00:13 2157402                    /usr/lib/libnsl-2.25.so
7f058758b000-7f058758c000 r--p 00014000 00:13 2157402                    /usr/lib/libnsl-2.25.so
7f058758c000-7f058758d000 rw-p 00015000 00:13 2157402                    /usr/lib/libnsl-2.25.so
7f058758d000-7f058758f000 rw-p 00000000 00:00 0 
7f058758f000-7f0587596000 r-xp 00000000 00:13 2157411                    /usr/lib/libnss_compat-2.25.so
7f0587596000-7f0587795000 ---p 00007000 00:13 2157411                    /usr/lib/libnss_compat-2.25.so
7f0587795000-7f0587796000 r--p 00006000 00:13 2157411                    /usr/lib/libnss_compat-2.25.so
7f0587796000-7f0587797000 rw-p 00007000 00:13 2157411                    /usr/lib/libnss_compat-2.25.so
7f0587797000-7f05877c4000 r-xp 00000000 00:13 1620788                    /usr/lib/jvm/java-8-openjdk/jre/lib/amd64/libjava.so
7f05877c4000-7f05879c3000 ---p 0002d000 00:13 1620788                    /usr/lib/jvm/java-8-openjdk/jre/lib/amd64/libjava.so
7f05879c3000-7f05879c4000 r--p 0002c000 00:13 1620788                    /usr/lib/jvm/java-8-openjdk/jre/lib/amd64/libjava.so
7f05879c4000-7f05879c6000 rw-p 0002d000 00:13 1620788                    /usr/lib/jvm/java-8-openjdk/jre/lib/amd64/libjava.so
7f05879c6000-7f05879d3000 r-xp 00000000 00:13 1620771                    /usr/lib/jvm/java-8-openjdk/jre/lib/amd64/libverify.so
7f05879d3000-7f0587bd2000 ---p 0000d000 00:13 1620771                    /usr/lib/jvm/java-8-openjdk/jre/lib/amd64/libverify.so
7f0587bd2000-7f0587bd4000 r--p 0000c000 00:13 1620771                    /usr/lib/jvm/java-8-openjdk/jre/lib/amd64/libverify.so
7f0587bd4000-7f0587bd5000 rw-p 0000e000 00:13 1620771                    /usr/lib/jvm/java-8-openjdk/jre/lib/amd64/libverify.so
7f0587bd5000-7f0587bdc000 r-xp 00000000 00:13 2157400                    /usr/lib/librt-2.25.so
7f0587bdc000-7f0587ddb000 ---p 00007000 00:13 2157400                    /usr/lib/librt-2.25.so
7f0587ddb000-7f0587ddc000 r--p 00006000 00:13 2157400                    /usr/lib/librt-2.25.so
7f0587ddc000-7f0587ddd000 rw-p 00007000 00:13 2157400                    /usr/lib/librt-2.25.so
7f0587ddd000-7f0587eef000 r-xp 00000000 00:13 2157403                    /usr/lib/libm-2.25.so
7f0587eef000-7f05880ee000 ---p 00112000 00:13 2157403                    /usr/lib/libm-2.25.so
7f05880ee000-7f05880ef000 r--p 00111000 00:13 2157403                    /usr/lib/libm-2.25.so
7f05880ef000-7f05880f0000 rw-p 00112000 00:13 2157403                    /usr/lib/libm-2.25.so
7f05880f0000-7f0588d1b000 r-xp 00000000 00:13 1620797                    /usr/lib/jvm/java-8-openjdk/jre/lib/amd64/server/libjvm.so
7f0588d1b000-7f0588f1a000 ---p 00c2b000 00:13 1620797                    /usr/lib/jvm/java-8-openjdk/jre/lib/amd64/server/libjvm.so
7f0588f1a000-7f0588fae000 r--p 00c2a000 00:13 1620797                    /usr/lib/jvm/java-8-openjdk/jre/lib/amd64/server/libjvm.so
7f0588fae000-7f0588fd7000 rw-p 00cbe000 00:13 1620797                    /usr/lib/jvm/java-8-openjdk/jre/lib/amd64/server/libjvm.so
7f0588fd7000-7f0589007000 rw-p 00000000 00:00 0 
7f0589007000-7f05891a2000 r-xp 00000000 00:13 2157454                    /usr/lib/libc-2.25.so
7f05891a2000-7f05893a1000 ---p 0019b000 00:13 2157454                    /usr/lib/libc-2.25.so
7f05893a1000-7f05893a5000 r--p 0019a000 00:13 2157454                    /usr/lib/libc-2.25.so
7f05893a5000-7f05893a7000 rw-p 0019e000 00:13 2157454                    /usr/lib/libc-2.25.so
7f05893a7000-7f05893ab000 rw-p 00000000 00:00 0 
7f05893ab000-7f05893ae000 r-xp 00000000 00:13 2157404                    /usr/lib/libdl-2.25.so
7f05893ae000-7f05895ad000 ---p 00003000 00:13 2157404                    /usr/lib/libdl-2.25.so
7f05895ad000-7f05895ae000 r--p 00002000 00:13 2157404                    /usr/lib/libdl-2.25.so
7f05895ae000-7f05895af000 rw-p 00003000 00:13 2157404                    /usr/lib/libdl-2.25.so
7f05895af000-7f05895bc000 r-xp 00000000 00:13 1620800                    /usr/lib/jvm/java-8-openjdk/jre/lib/amd64/jli/libjli.so
7f05895bc000-7f05897bb000 ---p 0000d000 00:13 1620800                    /usr/lib/jvm/java-8-openjdk/jre/lib/amd64/jli/libjli.so
7f05897bb000-7f05897bc000 r--p 0000c000 00:13 1620800                    /usr/lib/jvm/java-8-openjdk/jre/lib/amd64/jli/libjli.so
7f05897bc000-7f05897bd000 rw-p 0000d000 00:13 1620800                    /usr/lib/jvm/java-8-openjdk/jre/lib/amd64/jli/libjli.so
7f05897bd000-7f05897d3000 r-xp 00000000 00:13 1552182                    /usr/lib/libz.so.1.2.11
7f05897d3000-7f05899d2000 ---p 00016000 00:13 1552182                    /usr/lib/libz.so.1.2.11
7f05899d2000-7f05899d3000 r--p 00015000 00:13 1552182                    /usr/lib/libz.so.1.2.11
7f05899d3000-7f05899d4000 rw-p 00016000 00:13 1552182                    /usr/lib/libz.so.1.2.11
7f05899d4000-7f05899ed000 r-xp 00000000 00:13 2157473                    /usr/lib/libpthread-2.25.so
7f05899ed000-7f0589bec000 ---p 00019000 00:13 2157473                    /usr/lib/libpthread-2.25.so
7f0589bec000-7f0589bed000 r--p 00018000 00:13 2157473                    /usr/lib/libpthread-2.25.so
7f0589bed000-7f0589bee000 rw-p 00019000 00:13 2157473                    /usr/lib/libpthread-2.25.so
7f0589bee000-7f0589bf2000 rw-p 00000000 00:00 0 
7f0589bf2000-7f0589c15000 r-xp 00000000 00:13 2157455                    /usr/lib/ld-2.25.so
7f0589c15000-7f0589c17000 r--s 00c6c000 00:13 2417699                    /home/andrey/.ivy2/cache/org.bytedeco.javacpp-presets/opencv/jars/opencv-3.2.0-1.3-windows-x86_64.jar
7f0589c17000-7f0589ce7000 rw-p 00000000 00:00 0 
7f0589ce7000-7f0589ce8000 ---p 00000000 00:00 0 
7f0589ce8000-7f0589de8000 rwxp 00000000 00:00 0 
7f0589de8000-7f0589dea000 rw-p 00000000 00:00 0 
7f0589dea000-7f0589deb000 r--s 00000000 00:13 2417709                    /home/andrey/.ivy2/cache/org.bytedeco.javacpp-presets/opencv-platform/jars/opencv-platform-3.2.0-1.3.jar
7f0589deb000-7f0589dec000 r--s 00000000 00:13 1620725                    /usr/lib/jvm/java-8-openjdk/jre/lib/management-agent.jar
7f0589dec000-7f0589ded000 r--s 00009000 00:13 1876771                    /usr/lib/jvm/java-8-openjdk/jre/lib/jfxswt.jar
7f0589ded000-7f0589df0000 r--s 00015000 00:13 1620722                    /usr/lib/jvm/java-8-openjdk/jre/lib/jce.jar
7f0589df0000-7f0589df5000 r--s 002f9000 00:13 1620726                    /usr/lib/jvm/java-8-openjdk/jre/lib/charsets.jar
7f0589df5000-7f0589e08000 rw-p 00000000 00:00 0 
7f0589e08000-7f0589e10000 rw-s 00000000 00:2a 89399                      /tmp/hsperfdata_andrey/21167
7f0589e10000-7f0589e11000 rw-p 00000000 00:00 0 
7f0589e11000-7f0589e12000 r--p 00000000 00:00 0 
7f0589e12000-7f0589e14000 rw-p 00000000 00:00 0 
7f0589e14000-7f0589e15000 r--p 00022000 00:13 2157455                    /usr/lib/ld-2.25.so
7f0589e15000-7f0589e16000 rw-p 00023000 00:13 2157455                    /usr/lib/ld-2.25.so
7f0589e16000-7f0589e17000 rw-p 00000000 00:00 0 
7ffde39e1000-7ffde3a01000 rwxp 00000000 00:00 0                          [stack]
7ffde3a01000-7ffde3a04000 rw-p 00000000 00:00 0 
7ffde3bb4000-7ffde3bb6000 r--p 00000000 00:00 0                          [vvar]
7ffde3bb6000-7ffde3bb8000 r-xp 00000000 00:00 0                          [vdso]
ffffffffff600000-ffffffffff601000 r-xp 00000000 00:00 0                  [vsyscall]

VM Arguments:
jvm_args: -Didea.launcher.port=7533 -Didea.launcher.bin.path=/usr/share/intellijidea-ce/bin -Dfile.encoding=UTF-8 -Dawt.useSystemAAFontSettings=on -Dswing.aatext=true 
java_command: com.intellij.rt.execution.application.AppMain ImageTextDetectionApp
java_class_path (initial): /usr/lib/jvm/java-8-openjdk/jre/lib/charsets.jar:/usr/lib/jvm/java-8-openjdk/jre/lib/ext/cldrdata.jar:/usr/lib/jvm/java-8-openjdk/jre/lib/ext/dnsns.jar:/usr/lib/jvm/java-8-openjdk/jre/lib/ext/jaccess.jar:/usr/lib/jvm/java-8-openjdk/jre/lib/ext/jfxrt.jar:/usr/lib/jvm/java-8-openjdk/jre/lib/ext/localedata.jar:/usr/lib/jvm/java-8-openjdk/jre/lib/ext/nashorn.jar:/usr/lib/jvm/java-8-openjdk/jre/lib/ext/sunec.jar:/usr/lib/jvm/java-8-openjdk/jre/lib/ext/sunjce_provider.jar:/usr/lib/jvm/java-8-openjdk/jre/lib/ext/sunpkcs11.jar:/usr/lib/jvm/java-8-openjdk/jre/lib/ext/zipfs.jar:/usr/lib/jvm/java-8-openjdk/jre/lib/jce.jar:/usr/lib/jvm/java-8-openjdk/jre/lib/jfxswt.jar:/usr/lib/jvm/java-8-openjdk/jre/lib/jsse.jar:/usr/lib/jvm/java-8-openjdk/jre/lib/management-agent.jar:/usr/lib/jvm/java-8-openjdk/jre/lib/resources.jar:/usr/lib/jvm/java-8-openjdk/jre/lib/rt.jar:/home/andrey/IdeaProjects/scala-javacv/target/scala-2.12/classes:/home/andrey/.ivy2/cache/org.scala-lang/scala-library/jars/scala-library-2.12.1.jar:/home/andrey/.ivy2/cache/org.bytedeco.javacpp-presets/opencv-platform/jars/opencv-platform-3.2.0-1.3.jar:/home/andrey/.ivy2/cache/org.bytedeco.javacpp-presets/opencv/jars/opencv-3.2.0-1.3-windows-x86_64.jar:/home/andrey/.ivy2/cache/org.bytedeco.javacpp-presets/opencv/jars/opencv-3.2.0-1.3-windows-x86.jar:/home/andrey/.ivy2/cache/org.bytedeco.javacpp-presets/opencv/jars/opencv-3.2.0-1.3-macosx-x86_64.jar:/home/andrey/.ivy2/cache/org.bytedeco.javacpp-presets/opencv/jars/opencv-3.2.0-1.3-linux-x86_64.jar:/home/andrey/.ivy2/cache/org.bytedeco.javacpp-presets/opencv/jars/opencv-3.2.0-1.3-linux-x86.jar:/home/andrey/.ivy2/cache/org.bytedeco.javacpp-presets/opencv/jars/opencv-3.2.0-1.3-linux-ppc64le.jar:/home/andrey/.ivy2/cache/org.bytedeco.javacpp-presets/opencv/jars/opencv-3.2.0-1.3-linux-armhf.jar:/home/andrey/.ivy2/cache/org.bytedeco.javacpp-presets/opencv/jars/opencv-3.2.0-1.3-android-x86.jar:/home/andrey/.ivy2/cache/org.bytedeco.javacpp-presets/open
Launcher Type: SUN_STANDARD

Environment Variables:
_JAVA_OPTIONS=-Dawt.useSystemAAFontSettings=on -Dswing.aatext=true
PATH=/usr/local/sbin:/usr/local/bin:/usr/bin:/opt/depot_tools:/usr/lib/jvm/default/bin:/usr/bin/site_perl:/usr/bin/vendor_perl:/usr/bin/core_perl
LD_LIBRARY_PATH=/usr/share/intellijidea-ce/bin:
SHELL=/bin/bash
DISPLAY=:0

Signal Handlers:
SIGSEGV: [libjvm.so+0xa2d880], sa_mask[0]=11111111011111111101111111111110, sa_flags=SA_RESTART|SA_SIGINFO
SIGBUS: [libjvm.so+0xa2d880], sa_mask[0]=11111111011111111101111111111110, sa_flags=SA_RESTART|SA_SIGINFO
SIGFPE: [libjvm.so+0x881d40], sa_mask[0]=11111111011111111101111111111110, sa_flags=SA_RESTART|SA_SIGINFO
SIGPIPE: [libjvm.so+0x881d40], sa_mask[0]=11111111011111111101111111111110, sa_flags=SA_RESTART|SA_SIGINFO
SIGXFSZ: [libjvm.so+0x881d40], sa_mask[0]=11111111011111111101111111111110, sa_flags=SA_RESTART|SA_SIGINFO
SIGILL: [libjvm.so+0x881d40], sa_mask[0]=11111111011111111101111111111110, sa_flags=SA_RESTART|SA_SIGINFO
SIGUSR1: SIG_DFL, sa_mask[0]=00000000000000000000000000000000, sa_flags=none
SIGUSR2: [libjvm.so+0x881c10], sa_mask[0]=00100000000000000000000000000000, sa_flags=SA_RESTART|SA_SIGINFO
SIGHUP: [libjvm.so+0x882080], sa_mask[0]=11111111011111111101111111111110, sa_flags=SA_RESTART|SA_SIGINFO
SIGINT: SIG_IGN, sa_mask[0]=00000000000000000000000000000000, sa_flags=none
SIGTERM: [libjvm.so+0x882080], sa_mask[0]=11111111011111111101111111111110, sa_flags=SA_RESTART|SA_SIGINFO
SIGQUIT: [libjvm.so+0x882080], sa_mask[0]=11111111011111111101111111111110, sa_flags=SA_RESTART|SA_SIGINFO


---------------  S Y S T E M  ---------------

OS:NAME="Arch Linux"
PRETTY_NAME="Arch Linux"
ID=arch
ID_LIKE=archlinux
ANSI_COLOR="0;36"
HOME_URL="https://www.archlinux.org/"
SUPPORT_URL="https://bbs.archlinux.org/"
BUG_REPORT_URL="https://bugs.archlinux.org/"


uname:Linux 4.10.4-1-ARCH #1 SMP PREEMPT Sat Mar 18 19:39:18 CET 2017 x86_64
libc:glibc 2.25 NPTL 2.25 
rlimit: STACK 8192k, CORE infinity, NPROC 14408, NOFILE 4096, AS infinity
load average:2.71 1.92 1.17

/proc/meminfo:
MemTotal:        3935600 kB
MemFree:          346012 kB
MemAvailable:     712452 kB
Buffers:              24 kB
Cached:           619836 kB
SwapCached:         2320 kB
Active:          2625764 kB
Inactive:         792284 kB
Active(anon):    2283924 kB
Inactive(anon):   595720 kB
Active(file):     341840 kB
Inactive(file):   196564 kB
Unevictable:           0 kB
Mlocked:               0 kB
SwapTotal:       8388604 kB
SwapFree:        8365444 kB
Dirty:             20612 kB
Writeback:             0 kB
AnonPages:       2754816 kB
Mapped:           156572 kB
Shmem:             81456 kB
Slab:              94844 kB
SReclaimable:      65952 kB
SUnreclaim:        28892 kB
KernelStack:        5264 kB
PageTables:        16240 kB
NFS_Unstable:          0 kB
Bounce:                0 kB
WritebackTmp:          0 kB
CommitLimit:    10356404 kB
Committed_AS:    3889248 kB
VmallocTotal:   34359738367 kB
VmallocUsed:           0 kB
VmallocChunk:          0 kB
HardwareCorrupted:     0 kB
AnonHugePages:   1241088 kB
ShmemHugePages:        0 kB
ShmemPmdMapped:        0 kB
HugePages_Total:       0
HugePages_Free:        0
HugePages_Rsvd:        0
HugePages_Surp:        0
Hugepagesize:       2048 kB
DirectMap4k:      148572 kB
DirectMap2M:     3930112 kB


CPU:total 2 (2 cores per cpu, 1 threads per core) family 6 model 55 stepping 8, cmov, cx8, fxsr, mmx, sse, sse2, sse3, ssse3, sse4.1, sse4.2, popcnt, clmul, erms, 3dnowpref, tsc, tscinvbit

/proc/cpuinfo:
processor	: 0
vendor_id	: GenuineIntel
cpu family	: 6
model		: 55
model name	: Intel(R) Celeron(R) CPU  N2830  @ 2.16GHz
stepping	: 8
microcode	: 0x815
cpu MHz		: 2415.638
cache size	: 1024 KB
physical id	: 0
siblings	: 2
core id		: 0
cpu cores	: 2
apicid		: 0
initial apicid	: 0
fpu		: yes
fpu_exception	: yes
cpuid level	: 11
wp		: yes
flags		: fpu vme de pse tsc msr pae mce cx8 apic sep mtrr pge mca cmov pat pse36 clflush dts acpi mmx fxsr sse sse2 ss ht tm pbe syscall nx rdtscp lm constant_tsc arch_perfmon pebs bts rep_good nopl xtopology tsc_reliable nonstop_tsc aperfmperf tsc_known_freq pni pclmulqdq dtes64 monitor ds_cpl vmx est tm2 ssse3 cx16 xtpr pdcm sse4_1 sse4_2 movbe popcnt tsc_deadline_timer rdrand lahf_lm 3dnowprefetch epb tpr_shadow vnmi flexpriority ept vpid tsc_adjust smep erms dtherm ida arat
bugs		:
bogomips	: 4333.08
clflush size	: 64
cache_alignment	: 64
address sizes	: 36 bits physical, 48 bits virtual
power management:

processor	: 1
vendor_id	: GenuineIntel
cpu family	: 6
model		: 55
model name	: Intel(R) Celeron(R) CPU  N2830  @ 2.16GHz
stepping	: 8
microcode	: 0x815
cpu MHz		: 2416.167
cache size	: 1024 KB
physical id	: 0
siblings	: 2
core id		: 1
cpu cores	: 2
apicid		: 2
initial apicid	: 2
fpu		: yes
fpu_exception	: yes
cpuid level	: 11
wp		: yes
flags		: fpu vme de pse tsc msr pae mce cx8 apic sep mtrr pge mca cmov pat pse36 clflush dts acpi mmx fxsr sse sse2 ss ht tm pbe syscall nx rdtscp lm constant_tsc arch_perfmon pebs bts rep_good nopl xtopology tsc_reliable nonstop_tsc aperfmperf tsc_known_freq pni pclmulqdq dtes64 monitor ds_cpl vmx est tm2 ssse3 cx16 xtpr pdcm sse4_1 sse4_2 movbe popcnt tsc_deadline_timer rdrand lahf_lm 3dnowprefetch epb tpr_shadow vnmi flexpriority ept vpid tsc_adjust smep erms dtherm ida arat
bugs		:
bogomips	: 4336.90
clflush size	: 64
cache_alignment	: 64
address sizes	: 36 bits physical, 48 bits virtual
power management:



Memory: 4k page, physical 3935600k(346012k free), swap 8388604k(8365444k free)

vm_info: OpenJDK 64-Bit Server VM (25.121-b13) for linux-amd64 JRE (1.8.0_121-b13), built on Jan 22 2017 09:22:31 by "builduser" with gcc 6.3.1 20170109

time: Mon Mar 20 00:09:04 2017
elapsed time: 29 seconds (0d 0h 0m 29s)

